[0.024s] Invoking command in '/home/hp/marscar_ws/build/mascar_cartographer': CMAKE_PREFIX_PATH=${CMAKE_PREFIX_PATH}:/home/hp/marscar_ws/install/mediapipe_ros2:/opt/ros/humble /usr/bin/cmake --build /home/hp/marscar_ws/build/mascar_cartographer -- -j20 -l20
[0.240s] Invoked command in '/home/hp/marscar_ws/build/mascar_cartographer' returned '0': CMAKE_PREFIX_PATH=${CMAKE_PREFIX_PATH}:/home/hp/marscar_ws/install/mediapipe_ros2:/opt/ros/humble /usr/bin/cmake --build /home/hp/marscar_ws/build/mascar_cartographer -- -j20 -l20
[0.262s] Invoking command in '/home/hp/marscar_ws/build/mascar_cartographer': CMAKE_PREFIX_PATH=${CMAKE_PREFIX_PATH}:/home/hp/marscar_ws/install/mediapipe_ros2:/opt/ros/humble /usr/bin/cmake --install /home/hp/marscar_ws/build/mascar_cartographer
[0.273s] -- Install configuration: ""
[0.275s] -- Up-to-date: /home/hp/marscar_ws/install/mascar_cartographer/share/mascar_cartographer/config
[0.275s] -- Up-to-date: /home/hp/marscar_ws/install/mascar_cartographer/share/mascar_cartographer/config/mascar_lds_2d.lua
[0.275s] -- Up-to-date: /home/hp/marscar_ws/install/mascar_cartographer/share/mascar_cartographer/launch
[0.275s] -- Up-to-date: /home/hp/marscar_ws/install/mascar_cartographer/share/mascar_cartographer/launch/cartographer.launch.py
[0.275s] -- Up-to-date: /home/hp/marscar_ws/install/mascar_cartographer/share/mascar_cartographer/launch/occupancy_grid.launch.py
[0.275s] -- Up-to-date: /home/hp/marscar_ws/install/mascar_cartographer/share/mascar_cartographer/rviz
[0.275s] -- Up-to-date: /home/hp/marscar_ws/install/mascar_cartographer/share/mascar_cartographer/rviz/mascar_cartographer.rviz
[0.275s] -- Up-to-date: /home/hp/marscar_ws/install/mascar_cartographer/share/ament_index/resource_index/package_run_dependencies/mascar_cartographer
[0.276s] -- Up-to-date: /home/hp/marscar_ws/install/mascar_cartographer/share/ament_index/resource_index/parent_prefix_path/mascar_cartographer
[0.277s] -- Up-to-date: /home/hp/marscar_ws/install/mascar_cartographer/share/mascar_cartographer/environment/ament_prefix_path.sh
[0.277s] -- Up-to-date: /home/hp/marscar_ws/install/mascar_cartographer/share/mascar_cartographer/environment/ament_prefix_path.dsv
[0.278s] -- Up-to-date: /home/hp/marscar_ws/install/mascar_cartographer/share/mascar_cartographer/environment/path.sh
[0.278s] -- Up-to-date: /home/hp/marscar_ws/install/mascar_cartographer/share/mascar_cartographer/environment/path.dsv
[0.278s] -- Up-to-date: /home/hp/marscar_ws/install/mascar_cartographer/share/mascar_cartographer/local_setup.bash
[0.278s] -- Up-to-date: /home/hp/marscar_ws/install/mascar_cartographer/share/mascar_cartographer/local_setup.sh
[0.278s] -- Up-to-date: /home/hp/marscar_ws/install/mascar_cartographer/share/mascar_cartographer/local_setup.zsh
[0.278s] -- Up-to-date: /home/hp/marscar_ws/install/mascar_cartographer/share/mascar_cartographer/local_setup.dsv
[0.278s] -- Installing: /home/hp/marscar_ws/install/mascar_cartographer/share/mascar_cartographer/package.dsv
[0.278s] -- Up-to-date: /home/hp/marscar_ws/install/mascar_cartographer/share/ament_index/resource_index/packages/mascar_cartographer
[0.279s] -- Up-to-date: /home/hp/marscar_ws/install/mascar_cartographer/share/mascar_cartographer/cmake/mascar_cartographerConfig.cmake
[0.279s] -- Up-to-date: /home/hp/marscar_ws/install/mascar_cartographer/share/mascar_cartographer/cmake/mascar_cartographerConfig-version.cmake
[0.279s] -- Up-to-date: /home/hp/marscar_ws/install/mascar_cartographer/share/mascar_cartographer/package.xml
[0.298s] Invoked command in '/home/hp/marscar_ws/build/mascar_cartographer' returned '0': CMAKE_PREFIX_PATH=${CMAKE_PREFIX_PATH}:/home/hp/marscar_ws/install/mediapipe_ros2:/opt/ros/humble /usr/bin/cmake --install /home/hp/marscar_ws/build/mascar_cartographer
