-- Install configuration: ""
-- Up-to-date: /home/hp/mars_car_ws/install/marscar_navigation2/share/marscar_navigation2/launch
-- Up-to-date: /home/hp/mars_car_ws/install/marscar_navigation2/share/marscar_navigation2/launch/navigation2.launch.py
-- Up-to-date: /home/hp/mars_car_ws/install/marscar_navigation2/share/marscar_navigation2/map
-- Up-to-date: /home/hp/mars_car_ws/install/marscar_navigation2/share/marscar_navigation2/map/map.yaml
-- Up-to-date: /home/hp/mars_car_ws/install/marscar_navigation2/share/marscar_navigation2/map/map_1669312051.yaml
-- Up-to-date: /home/hp/mars_car_ws/install/marscar_navigation2/share/marscar_navigation2/map/map_1669312051.pgm
-- Up-to-date: /home/hp/mars_car_ws/install/marscar_navigation2/share/marscar_navigation2/map/map.pgm
-- Up-to-date: /home/hp/mars_car_ws/install/marscar_navigation2/share/marscar_navigation2/param
-- Up-to-date: /home/hp/mars_car_ws/install/marscar_navigation2/share/marscar_navigation2/param/marscar.yaml
-- Up-to-date: /home/hp/mars_car_ws/install/marscar_navigation2/share/marscar_navigation2/param/nav2_params.yaml
-- Up-to-date: /home/hp/mars_car_ws/install/marscar_navigation2/share/marscar_navigation2/rviz
-- Up-to-date: /home/hp/mars_car_ws/install/marscar_navigation2/share/marscar_navigation2/rviz/marscar_navigation2.rviz
-- Up-to-date: /home/hp/mars_car_ws/install/marscar_navigation2/share/ament_index/resource_index/package_run_dependencies/marscar_navigation2
-- Up-to-date: /home/hp/mars_car_ws/install/marscar_navigation2/share/ament_index/resource_index/parent_prefix_path/marscar_navigation2
-- Up-to-date: /home/hp/mars_car_ws/install/marscar_navigation2/share/marscar_navigation2/environment/ament_prefix_path.sh
-- Up-to-date: /home/hp/mars_car_ws/install/marscar_navigation2/share/marscar_navigation2/environment/ament_prefix_path.dsv
-- Up-to-date: /home/hp/mars_car_ws/install/marscar_navigation2/share/marscar_navigation2/environment/path.sh
-- Up-to-date: /home/hp/mars_car_ws/install/marscar_navigation2/share/marscar_navigation2/environment/path.dsv
-- Up-to-date: /home/hp/mars_car_ws/install/marscar_navigation2/share/marscar_navigation2/local_setup.bash
-- Up-to-date: /home/hp/mars_car_ws/install/marscar_navigation2/share/marscar_navigation2/local_setup.sh
-- Up-to-date: /home/hp/mars_car_ws/install/marscar_navigation2/share/marscar_navigation2/local_setup.zsh
-- Up-to-date: /home/hp/mars_car_ws/install/marscar_navigation2/share/marscar_navigation2/local_setup.dsv
-- Installing: /home/hp/mars_car_ws/install/marscar_navigation2/share/marscar_navigation2/package.dsv
-- Up-to-date: /home/hp/mars_car_ws/install/marscar_navigation2/share/ament_index/resource_index/packages/marscar_navigation2
-- Up-to-date: /home/hp/mars_car_ws/install/marscar_navigation2/share/marscar_navigation2/cmake/marscar_navigation2Config.cmake
-- Up-to-date: /home/hp/mars_car_ws/install/marscar_navigation2/share/marscar_navigation2/cmake/marscar_navigation2Config-version.cmake
-- Up-to-date: /home/hp/mars_car_ws/install/marscar_navigation2/share/marscar_navigation2/package.xml
