[0.212s] DEBUG:colcon:Command line arguments: ['/usr/bin/colcon', 'build']
[0.212s] DEBUG:colcon:Parsed command line arguments: Namespace(log_base=None, log_level=None, verb_name='build', build_base='build', install_base='install', merge_install=False, symlink_install=False, test_result_base=None, continue_on_error=False, executor='parallel', parallel_workers=20, event_handlers=None, ignore_user_meta=False, metas=['./colcon.meta'], base_paths=['.'], packages_ignore=None, packages_ignore_regex=None, paths=None, packages_up_to=None, packages_up_to_regex=None, packages_above=None, packages_above_and_dependencies=None, packages_above_depth=None, packages_select_by_dep=None, packages_skip_by_dep=None, packages_skip_up_to=None, packages_select_build_failed=False, packages_skip_build_finished=False, packages_select_test_failures=False, packages_skip_test_passed=False, packages_select=None, packages_skip=None, packages_select_regex=None, packages_skip_regex=None, packages_start=None, packages_end=None, allow_overriding=[], cmake_args=None, cmake_target=None, cmake_target_skip_unavailable=False, cmake_clean_cache=False, cmake_clean_first=False, cmake_force_configure=False, ament_cmake_args=None, catkin_cmake_args=None, catkin_skip_building_tests=False, verb_parser=<colcon_defaults.argument_parser.defaults.DefaultArgumentsDecorator object at 0x7f9573aefc40>, verb_extension=<colcon_core.verb.build.BuildVerb object at 0x7f95742cf5e0>, main=<bound method BuildVerb.main of <colcon_core.verb.build.BuildVerb object at 0x7f95742cf5e0>>)
[0.228s] Level 1:colcon.colcon_core.package_discovery:discover_packages(colcon_meta) check parameters
[0.228s] Level 1:colcon.colcon_core.package_discovery:discover_packages(recursive) check parameters
[0.228s] Level 1:colcon.colcon_core.package_discovery:discover_packages(ignore) check parameters
[0.228s] Level 1:colcon.colcon_core.package_discovery:discover_packages(path) check parameters
[0.228s] Level 1:colcon.colcon_core.package_discovery:discover_packages(colcon_meta) discover
[0.228s] Level 1:colcon.colcon_core.package_discovery:discover_packages(recursive) discover
[0.228s] INFO:colcon.colcon_core.package_discovery:Crawling recursively for packages in '/home/hp/marscar_ws'
[0.228s] Level 1:colcon.colcon_core.package_identification:_identify(.) by extensions ['ignore', 'ignore_ament_install']
[0.228s] Level 1:colcon.colcon_core.package_identification:_identify(.) by extension 'ignore'
[0.228s] Level 1:colcon.colcon_core.package_identification:_identify(.) by extension 'ignore_ament_install'
[0.228s] Level 1:colcon.colcon_core.package_identification:_identify(.) by extensions ['colcon_pkg']
[0.228s] Level 1:colcon.colcon_core.package_identification:_identify(.) by extension 'colcon_pkg'
[0.228s] Level 1:colcon.colcon_core.package_identification:_identify(.) by extensions ['colcon_meta']
[0.228s] Level 1:colcon.colcon_core.package_identification:_identify(.) by extension 'colcon_meta'
[0.228s] Level 1:colcon.colcon_core.package_identification:_identify(.) by extensions ['ros']
[0.228s] Level 1:colcon.colcon_core.package_identification:_identify(.) by extension 'ros'
[0.236s] Level 1:colcon.colcon_core.package_identification:_identify(.) by extensions ['cmake', 'python']
[0.236s] Level 1:colcon.colcon_core.package_identification:_identify(.) by extension 'cmake'
[0.236s] Level 1:colcon.colcon_core.package_identification:_identify(.) by extension 'python'
[0.236s] Level 1:colcon.colcon_core.package_identification:_identify(.) by extensions ['python_setup_py']
[0.236s] Level 1:colcon.colcon_core.package_identification:_identify(.) by extension 'python_setup_py'
[0.236s] Level 1:colcon.colcon_core.package_identification:_identify(build) by extensions ['ignore', 'ignore_ament_install']
[0.236s] Level 1:colcon.colcon_core.package_identification:_identify(build) by extension 'ignore'
[0.236s] Level 1:colcon.colcon_core.package_identification:_identify(build) ignored
[0.236s] Level 1:colcon.colcon_core.package_identification:_identify(install) by extensions ['ignore', 'ignore_ament_install']
[0.236s] Level 1:colcon.colcon_core.package_identification:_identify(install) by extension 'ignore'
[0.236s] Level 1:colcon.colcon_core.package_identification:_identify(install) ignored
[0.236s] Level 1:colcon.colcon_core.package_identification:_identify(log) by extensions ['ignore', 'ignore_ament_install']
[0.236s] Level 1:colcon.colcon_core.package_identification:_identify(log) by extension 'ignore'
[0.236s] Level 1:colcon.colcon_core.package_identification:_identify(log) ignored
[0.237s] Level 1:colcon.colcon_core.package_identification:_identify(src) by extensions ['ignore', 'ignore_ament_install']
[0.237s] Level 1:colcon.colcon_core.package_identification:_identify(src) by extension 'ignore'
[0.237s] Level 1:colcon.colcon_core.package_identification:_identify(src) by extension 'ignore_ament_install'
[0.237s] Level 1:colcon.colcon_core.package_identification:_identify(src) by extensions ['colcon_pkg']
[0.237s] Level 1:colcon.colcon_core.package_identification:_identify(src) by extension 'colcon_pkg'
[0.237s] Level 1:colcon.colcon_core.package_identification:_identify(src) by extensions ['colcon_meta']
[0.237s] Level 1:colcon.colcon_core.package_identification:_identify(src) by extension 'colcon_meta'
[0.237s] Level 1:colcon.colcon_core.package_identification:_identify(src) by extensions ['ros']
[0.237s] Level 1:colcon.colcon_core.package_identification:_identify(src) by extension 'ros'
[0.237s] Level 1:colcon.colcon_core.package_identification:_identify(src) by extensions ['cmake', 'python']
[0.237s] Level 1:colcon.colcon_core.package_identification:_identify(src) by extension 'cmake'
[0.237s] Level 1:colcon.colcon_core.package_identification:_identify(src) by extension 'python'
[0.237s] Level 1:colcon.colcon_core.package_identification:_identify(src) by extensions ['python_setup_py']
[0.237s] Level 1:colcon.colcon_core.package_identification:_identify(src) by extension 'python_setup_py'
[0.237s] Level 1:colcon.colcon_core.package_identification:_identify(src/LIO-SAM-ros2) by extensions ['ignore', 'ignore_ament_install']
[0.237s] Level 1:colcon.colcon_core.package_identification:_identify(src/LIO-SAM-ros2) by extension 'ignore'
[0.237s] Level 1:colcon.colcon_core.package_identification:_identify(src/LIO-SAM-ros2) by extension 'ignore_ament_install'
[0.237s] Level 1:colcon.colcon_core.package_identification:_identify(src/LIO-SAM-ros2) by extensions ['colcon_pkg']
[0.237s] Level 1:colcon.colcon_core.package_identification:_identify(src/LIO-SAM-ros2) by extension 'colcon_pkg'
[0.237s] Level 1:colcon.colcon_core.package_identification:_identify(src/LIO-SAM-ros2) by extensions ['colcon_meta']
[0.237s] Level 1:colcon.colcon_core.package_identification:_identify(src/LIO-SAM-ros2) by extension 'colcon_meta'
[0.237s] Level 1:colcon.colcon_core.package_identification:_identify(src/LIO-SAM-ros2) by extensions ['ros']
[0.237s] Level 1:colcon.colcon_core.package_identification:_identify(src/LIO-SAM-ros2) by extension 'ros'
[0.239s] DEBUG:colcon.colcon_core.package_identification:Package 'src/LIO-SAM-ros2' with type 'ros.ament_cmake' and name 'lio_sam'
[0.239s] Level 1:colcon.colcon_core.package_identification:_identify(src/ORB_SLAM3_ROS2-humble) by extensions ['ignore', 'ignore_ament_install']
[0.239s] Level 1:colcon.colcon_core.package_identification:_identify(src/ORB_SLAM3_ROS2-humble) by extension 'ignore'
[0.239s] Level 1:colcon.colcon_core.package_identification:_identify(src/ORB_SLAM3_ROS2-humble) by extension 'ignore_ament_install'
[0.239s] Level 1:colcon.colcon_core.package_identification:_identify(src/ORB_SLAM3_ROS2-humble) by extensions ['colcon_pkg']
[0.239s] Level 1:colcon.colcon_core.package_identification:_identify(src/ORB_SLAM3_ROS2-humble) by extension 'colcon_pkg'
[0.239s] Level 1:colcon.colcon_core.package_identification:_identify(src/ORB_SLAM3_ROS2-humble) by extensions ['colcon_meta']
[0.239s] Level 1:colcon.colcon_core.package_identification:_identify(src/ORB_SLAM3_ROS2-humble) by extension 'colcon_meta'
[0.239s] Level 1:colcon.colcon_core.package_identification:_identify(src/ORB_SLAM3_ROS2-humble) by extensions ['ros']
[0.239s] Level 1:colcon.colcon_core.package_identification:_identify(src/ORB_SLAM3_ROS2-humble) by extension 'ros'
[0.240s] DEBUG:colcon.colcon_core.package_identification:Package 'src/ORB_SLAM3_ROS2-humble' with type 'ros.ament_cmake' and name 'orbslam3'
[0.240s] Level 1:colcon.colcon_core.package_identification:_identify(src/gazebo_plugins_mode) by extensions ['ignore', 'ignore_ament_install']
[0.240s] Level 1:colcon.colcon_core.package_identification:_identify(src/gazebo_plugins_mode) by extension 'ignore'
[0.240s] Level 1:colcon.colcon_core.package_identification:_identify(src/gazebo_plugins_mode) by extension 'ignore_ament_install'
[0.240s] Level 1:colcon.colcon_core.package_identification:_identify(src/gazebo_plugins_mode) by extensions ['colcon_pkg']
[0.240s] Level 1:colcon.colcon_core.package_identification:_identify(src/gazebo_plugins_mode) by extension 'colcon_pkg'
[0.240s] Level 1:colcon.colcon_core.package_identification:_identify(src/gazebo_plugins_mode) by extensions ['colcon_meta']
[0.240s] Level 1:colcon.colcon_core.package_identification:_identify(src/gazebo_plugins_mode) by extension 'colcon_meta'
[0.240s] Level 1:colcon.colcon_core.package_identification:_identify(src/gazebo_plugins_mode) by extensions ['ros']
[0.240s] Level 1:colcon.colcon_core.package_identification:_identify(src/gazebo_plugins_mode) by extension 'ros'
[0.241s] DEBUG:colcon.colcon_core.package_identification:Package 'src/gazebo_plugins_mode' with type 'ros.ament_cmake' and name 'gazebo_plugins_mode'
[0.241s] Level 1:colcon.colcon_core.package_identification:_identify(src/marscar_gazebo_ros2) by extensions ['ignore', 'ignore_ament_install']
[0.241s] Level 1:colcon.colcon_core.package_identification:_identify(src/marscar_gazebo_ros2) by extension 'ignore'
[0.241s] Level 1:colcon.colcon_core.package_identification:_identify(src/marscar_gazebo_ros2) by extension 'ignore_ament_install'
[0.241s] Level 1:colcon.colcon_core.package_identification:_identify(src/marscar_gazebo_ros2) by extensions ['colcon_pkg']
[0.241s] Level 1:colcon.colcon_core.package_identification:_identify(src/marscar_gazebo_ros2) by extension 'colcon_pkg'
[0.241s] Level 1:colcon.colcon_core.package_identification:_identify(src/marscar_gazebo_ros2) by extensions ['colcon_meta']
[0.241s] Level 1:colcon.colcon_core.package_identification:_identify(src/marscar_gazebo_ros2) by extension 'colcon_meta'
[0.241s] Level 1:colcon.colcon_core.package_identification:_identify(src/marscar_gazebo_ros2) by extensions ['ros']
[0.241s] Level 1:colcon.colcon_core.package_identification:_identify(src/marscar_gazebo_ros2) by extension 'ros'
[0.242s] DEBUG:colcon.colcon_core.package_identification:Package 'src/marscar_gazebo_ros2' with type 'ros.ament_cmake' and name 'marscar_gazebo_ros2'
[0.242s] Level 1:colcon.colcon_core.package_identification:_identify(src/marscar_navigation2) by extensions ['ignore', 'ignore_ament_install']
[0.242s] Level 1:colcon.colcon_core.package_identification:_identify(src/marscar_navigation2) by extension 'ignore'
[0.242s] Level 1:colcon.colcon_core.package_identification:_identify(src/marscar_navigation2) by extension 'ignore_ament_install'
[0.242s] Level 1:colcon.colcon_core.package_identification:_identify(src/marscar_navigation2) by extensions ['colcon_pkg']
[0.242s] Level 1:colcon.colcon_core.package_identification:_identify(src/marscar_navigation2) by extension 'colcon_pkg'
[0.242s] Level 1:colcon.colcon_core.package_identification:_identify(src/marscar_navigation2) by extensions ['colcon_meta']
[0.242s] Level 1:colcon.colcon_core.package_identification:_identify(src/marscar_navigation2) by extension 'colcon_meta'
[0.242s] Level 1:colcon.colcon_core.package_identification:_identify(src/marscar_navigation2) by extensions ['ros']
[0.242s] Level 1:colcon.colcon_core.package_identification:_identify(src/marscar_navigation2) by extension 'ros'
[0.243s] DEBUG:colcon.colcon_core.package_identification:Package 'src/marscar_navigation2' with type 'ros.ament_cmake' and name 'marscar_navigation2'
[0.243s] Level 1:colcon.colcon_core.package_identification:_identify(src/mascar_cartographer) by extensions ['ignore', 'ignore_ament_install']
[0.243s] Level 1:colcon.colcon_core.package_identification:_identify(src/mascar_cartographer) by extension 'ignore'
[0.243s] Level 1:colcon.colcon_core.package_identification:_identify(src/mascar_cartographer) by extension 'ignore_ament_install'
[0.243s] Level 1:colcon.colcon_core.package_identification:_identify(src/mascar_cartographer) by extensions ['colcon_pkg']
[0.243s] Level 1:colcon.colcon_core.package_identification:_identify(src/mascar_cartographer) by extension 'colcon_pkg'
[0.243s] Level 1:colcon.colcon_core.package_identification:_identify(src/mascar_cartographer) by extensions ['colcon_meta']
[0.243s] Level 1:colcon.colcon_core.package_identification:_identify(src/mascar_cartographer) by extension 'colcon_meta'
[0.243s] Level 1:colcon.colcon_core.package_identification:_identify(src/mascar_cartographer) by extensions ['ros']
[0.243s] Level 1:colcon.colcon_core.package_identification:_identify(src/mascar_cartographer) by extension 'ros'
[0.243s] DEBUG:colcon.colcon_core.package_identification:Package 'src/mascar_cartographer' with type 'ros.ament_cmake' and name 'mascar_cartographer'
[0.243s] Level 1:colcon.colcon_core.package_identification:_identify(src/mediapipe_ros2) by extensions ['ignore', 'ignore_ament_install']
[0.243s] Level 1:colcon.colcon_core.package_identification:_identify(src/mediapipe_ros2) by extension 'ignore'
[0.243s] Level 1:colcon.colcon_core.package_identification:_identify(src/mediapipe_ros2) by extension 'ignore_ament_install'
[0.243s] Level 1:colcon.colcon_core.package_identification:_identify(src/mediapipe_ros2) by extensions ['colcon_pkg']
[0.243s] Level 1:colcon.colcon_core.package_identification:_identify(src/mediapipe_ros2) by extension 'colcon_pkg'
[0.243s] Level 1:colcon.colcon_core.package_identification:_identify(src/mediapipe_ros2) by extensions ['colcon_meta']
[0.243s] Level 1:colcon.colcon_core.package_identification:_identify(src/mediapipe_ros2) by extension 'colcon_meta'
[0.243s] Level 1:colcon.colcon_core.package_identification:_identify(src/mediapipe_ros2) by extensions ['ros']
[0.243s] Level 1:colcon.colcon_core.package_identification:_identify(src/mediapipe_ros2) by extension 'ros'
[0.244s] DEBUG:colcon.colcon_core.package_identification:Package 'src/mediapipe_ros2' with type 'ros.ament_python' and name 'mediapipe_ros2'
[0.244s] Level 1:colcon.colcon_core.package_discovery:discover_packages(recursive) using defaults
[0.244s] Level 1:colcon.colcon_core.package_discovery:discover_packages(ignore) discover
[0.244s] Level 1:colcon.colcon_core.package_discovery:discover_packages(ignore) using defaults
[0.244s] Level 1:colcon.colcon_core.package_discovery:discover_packages(path) discover
[0.244s] Level 1:colcon.colcon_core.package_discovery:discover_packages(path) using defaults
[0.259s] Level 1:colcon.colcon_core.package_discovery:discover_packages(prefix_path) check parameters
[0.259s] Level 1:colcon.colcon_core.package_discovery:discover_packages(prefix_path) discover
[0.261s] DEBUG:colcon.colcon_installed_package_information.package_discovery:Found 7 installed packages in /home/hp/marscar_ws/install
[0.262s] DEBUG:colcon.colcon_installed_package_information.package_discovery:Found 387 installed packages in /opt/ros/humble
[0.264s] Level 1:colcon.colcon_core.package_discovery:discover_packages(prefix_path) using defaults
[0.306s] Level 5:colcon.colcon_core.verb:set package 'gazebo_plugins_mode' build argument 'cmake_args' from command line to 'None'
[0.306s] Level 5:colcon.colcon_core.verb:set package 'gazebo_plugins_mode' build argument 'cmake_target' from command line to 'None'
[0.306s] Level 5:colcon.colcon_core.verb:set package 'gazebo_plugins_mode' build argument 'cmake_target_skip_unavailable' from command line to 'False'
[0.306s] Level 5:colcon.colcon_core.verb:set package 'gazebo_plugins_mode' build argument 'cmake_clean_cache' from command line to 'False'
[0.306s] Level 5:colcon.colcon_core.verb:set package 'gazebo_plugins_mode' build argument 'cmake_clean_first' from command line to 'False'
[0.306s] Level 5:colcon.colcon_core.verb:set package 'gazebo_plugins_mode' build argument 'cmake_force_configure' from command line to 'False'
[0.306s] Level 5:colcon.colcon_core.verb:set package 'gazebo_plugins_mode' build argument 'ament_cmake_args' from command line to 'None'
[0.306s] Level 5:colcon.colcon_core.verb:set package 'gazebo_plugins_mode' build argument 'catkin_cmake_args' from command line to 'None'
[0.306s] Level 5:colcon.colcon_core.verb:set package 'gazebo_plugins_mode' build argument 'catkin_skip_building_tests' from command line to 'False'
[0.306s] DEBUG:colcon.colcon_core.verb:Building package 'gazebo_plugins_mode' with the following arguments: {'ament_cmake_args': None, 'build_base': '/home/hp/marscar_ws/build/gazebo_plugins_mode', 'catkin_cmake_args': None, 'catkin_skip_building_tests': False, 'cmake_args': None, 'cmake_clean_cache': False, 'cmake_clean_first': False, 'cmake_force_configure': False, 'cmake_target': None, 'cmake_target_skip_unavailable': False, 'install_base': '/home/hp/marscar_ws/install/gazebo_plugins_mode', 'merge_install': False, 'path': '/home/hp/marscar_ws/src/gazebo_plugins_mode', 'symlink_install': False, 'test_result_base': None}
[0.307s] Level 5:colcon.colcon_core.verb:set package 'lio_sam' build argument 'cmake_args' from command line to 'None'
[0.307s] Level 5:colcon.colcon_core.verb:set package 'lio_sam' build argument 'cmake_target' from command line to 'None'
[0.307s] Level 5:colcon.colcon_core.verb:set package 'lio_sam' build argument 'cmake_target_skip_unavailable' from command line to 'False'
[0.307s] Level 5:colcon.colcon_core.verb:set package 'lio_sam' build argument 'cmake_clean_cache' from command line to 'False'
[0.307s] Level 5:colcon.colcon_core.verb:set package 'lio_sam' build argument 'cmake_clean_first' from command line to 'False'
[0.307s] Level 5:colcon.colcon_core.verb:set package 'lio_sam' build argument 'cmake_force_configure' from command line to 'False'
[0.307s] Level 5:colcon.colcon_core.verb:set package 'lio_sam' build argument 'ament_cmake_args' from command line to 'None'
[0.307s] Level 5:colcon.colcon_core.verb:set package 'lio_sam' build argument 'catkin_cmake_args' from command line to 'None'
[0.307s] Level 5:colcon.colcon_core.verb:set package 'lio_sam' build argument 'catkin_skip_building_tests' from command line to 'False'
[0.307s] DEBUG:colcon.colcon_core.verb:Building package 'lio_sam' with the following arguments: {'ament_cmake_args': None, 'build_base': '/home/hp/marscar_ws/build/lio_sam', 'catkin_cmake_args': None, 'catkin_skip_building_tests': False, 'cmake_args': None, 'cmake_clean_cache': False, 'cmake_clean_first': False, 'cmake_force_configure': False, 'cmake_target': None, 'cmake_target_skip_unavailable': False, 'install_base': '/home/hp/marscar_ws/install/lio_sam', 'merge_install': False, 'path': '/home/hp/marscar_ws/src/LIO-SAM-ros2', 'symlink_install': False, 'test_result_base': None}
[0.307s] Level 5:colcon.colcon_core.verb:set package 'marscar_gazebo_ros2' build argument 'cmake_args' from command line to 'None'
[0.307s] Level 5:colcon.colcon_core.verb:set package 'marscar_gazebo_ros2' build argument 'cmake_target' from command line to 'None'
[0.307s] Level 5:colcon.colcon_core.verb:set package 'marscar_gazebo_ros2' build argument 'cmake_target_skip_unavailable' from command line to 'False'
[0.307s] Level 5:colcon.colcon_core.verb:set package 'marscar_gazebo_ros2' build argument 'cmake_clean_cache' from command line to 'False'
[0.308s] Level 5:colcon.colcon_core.verb:set package 'marscar_gazebo_ros2' build argument 'cmake_clean_first' from command line to 'False'
[0.308s] Level 5:colcon.colcon_core.verb:set package 'marscar_gazebo_ros2' build argument 'cmake_force_configure' from command line to 'False'
[0.308s] Level 5:colcon.colcon_core.verb:set package 'marscar_gazebo_ros2' build argument 'ament_cmake_args' from command line to 'None'
[0.308s] Level 5:colcon.colcon_core.verb:set package 'marscar_gazebo_ros2' build argument 'catkin_cmake_args' from command line to 'None'
[0.308s] Level 5:colcon.colcon_core.verb:set package 'marscar_gazebo_ros2' build argument 'catkin_skip_building_tests' from command line to 'False'
[0.308s] DEBUG:colcon.colcon_core.verb:Building package 'marscar_gazebo_ros2' with the following arguments: {'ament_cmake_args': None, 'build_base': '/home/hp/marscar_ws/build/marscar_gazebo_ros2', 'catkin_cmake_args': None, 'catkin_skip_building_tests': False, 'cmake_args': None, 'cmake_clean_cache': False, 'cmake_clean_first': False, 'cmake_force_configure': False, 'cmake_target': None, 'cmake_target_skip_unavailable': False, 'install_base': '/home/hp/marscar_ws/install/marscar_gazebo_ros2', 'merge_install': False, 'path': '/home/hp/marscar_ws/src/marscar_gazebo_ros2', 'symlink_install': False, 'test_result_base': None}
[0.308s] Level 5:colcon.colcon_core.verb:set package 'marscar_navigation2' build argument 'cmake_args' from command line to 'None'
[0.308s] Level 5:colcon.colcon_core.verb:set package 'marscar_navigation2' build argument 'cmake_target' from command line to 'None'
[0.308s] Level 5:colcon.colcon_core.verb:set package 'marscar_navigation2' build argument 'cmake_target_skip_unavailable' from command line to 'False'
[0.308s] Level 5:colcon.colcon_core.verb:set package 'marscar_navigation2' build argument 'cmake_clean_cache' from command line to 'False'
[0.308s] Level 5:colcon.colcon_core.verb:set package 'marscar_navigation2' build argument 'cmake_clean_first' from command line to 'False'
[0.308s] Level 5:colcon.colcon_core.verb:set package 'marscar_navigation2' build argument 'cmake_force_configure' from command line to 'False'
[0.308s] Level 5:colcon.colcon_core.verb:set package 'marscar_navigation2' build argument 'ament_cmake_args' from command line to 'None'
[0.308s] Level 5:colcon.colcon_core.verb:set package 'marscar_navigation2' build argument 'catkin_cmake_args' from command line to 'None'
[0.308s] Level 5:colcon.colcon_core.verb:set package 'marscar_navigation2' build argument 'catkin_skip_building_tests' from command line to 'False'
[0.308s] DEBUG:colcon.colcon_core.verb:Building package 'marscar_navigation2' with the following arguments: {'ament_cmake_args': None, 'build_base': '/home/hp/marscar_ws/build/marscar_navigation2', 'catkin_cmake_args': None, 'catkin_skip_building_tests': False, 'cmake_args': None, 'cmake_clean_cache': False, 'cmake_clean_first': False, 'cmake_force_configure': False, 'cmake_target': None, 'cmake_target_skip_unavailable': False, 'install_base': '/home/hp/marscar_ws/install/marscar_navigation2', 'merge_install': False, 'path': '/home/hp/marscar_ws/src/marscar_navigation2', 'symlink_install': False, 'test_result_base': None}
[0.309s] Level 5:colcon.colcon_core.verb:set package 'mascar_cartographer' build argument 'cmake_args' from command line to 'None'
[0.309s] Level 5:colcon.colcon_core.verb:set package 'mascar_cartographer' build argument 'cmake_target' from command line to 'None'
[0.309s] Level 5:colcon.colcon_core.verb:set package 'mascar_cartographer' build argument 'cmake_target_skip_unavailable' from command line to 'False'
[0.309s] Level 5:colcon.colcon_core.verb:set package 'mascar_cartographer' build argument 'cmake_clean_cache' from command line to 'False'
[0.309s] Level 5:colcon.colcon_core.verb:set package 'mascar_cartographer' build argument 'cmake_clean_first' from command line to 'False'
[0.309s] Level 5:colcon.colcon_core.verb:set package 'mascar_cartographer' build argument 'cmake_force_configure' from command line to 'False'
[0.309s] Level 5:colcon.colcon_core.verb:set package 'mascar_cartographer' build argument 'ament_cmake_args' from command line to 'None'
[0.309s] Level 5:colcon.colcon_core.verb:set package 'mascar_cartographer' build argument 'catkin_cmake_args' from command line to 'None'
[0.309s] Level 5:colcon.colcon_core.verb:set package 'mascar_cartographer' build argument 'catkin_skip_building_tests' from command line to 'False'
[0.309s] DEBUG:colcon.colcon_core.verb:Building package 'mascar_cartographer' with the following arguments: {'ament_cmake_args': None, 'build_base': '/home/hp/marscar_ws/build/mascar_cartographer', 'catkin_cmake_args': None, 'catkin_skip_building_tests': False, 'cmake_args': None, 'cmake_clean_cache': False, 'cmake_clean_first': False, 'cmake_force_configure': False, 'cmake_target': None, 'cmake_target_skip_unavailable': False, 'install_base': '/home/hp/marscar_ws/install/mascar_cartographer', 'merge_install': False, 'path': '/home/hp/marscar_ws/src/mascar_cartographer', 'symlink_install': False, 'test_result_base': None}
[0.310s] Level 5:colcon.colcon_core.verb:set package 'mediapipe_ros2' build argument 'cmake_args' from command line to 'None'
[0.310s] Level 5:colcon.colcon_core.verb:set package 'mediapipe_ros2' build argument 'cmake_target' from command line to 'None'
[0.310s] Level 5:colcon.colcon_core.verb:set package 'mediapipe_ros2' build argument 'cmake_target_skip_unavailable' from command line to 'False'
[0.310s] Level 5:colcon.colcon_core.verb:set package 'mediapipe_ros2' build argument 'cmake_clean_cache' from command line to 'False'
[0.310s] Level 5:colcon.colcon_core.verb:set package 'mediapipe_ros2' build argument 'cmake_clean_first' from command line to 'False'
[0.310s] Level 5:colcon.colcon_core.verb:set package 'mediapipe_ros2' build argument 'cmake_force_configure' from command line to 'False'
[0.310s] Level 5:colcon.colcon_core.verb:set package 'mediapipe_ros2' build argument 'ament_cmake_args' from command line to 'None'
[0.310s] Level 5:colcon.colcon_core.verb:set package 'mediapipe_ros2' build argument 'catkin_cmake_args' from command line to 'None'
[0.310s] Level 5:colcon.colcon_core.verb:set package 'mediapipe_ros2' build argument 'catkin_skip_building_tests' from command line to 'False'
[0.310s] DEBUG:colcon.colcon_core.verb:Building package 'mediapipe_ros2' with the following arguments: {'ament_cmake_args': None, 'build_base': '/home/hp/marscar_ws/build/mediapipe_ros2', 'catkin_cmake_args': None, 'catkin_skip_building_tests': False, 'cmake_args': None, 'cmake_clean_cache': False, 'cmake_clean_first': False, 'cmake_force_configure': False, 'cmake_target': None, 'cmake_target_skip_unavailable': False, 'install_base': '/home/hp/marscar_ws/install/mediapipe_ros2', 'merge_install': False, 'path': '/home/hp/marscar_ws/src/mediapipe_ros2', 'symlink_install': False, 'test_result_base': None}
[0.310s] Level 5:colcon.colcon_core.verb:set package 'orbslam3' build argument 'cmake_args' from command line to 'None'
[0.310s] Level 5:colcon.colcon_core.verb:set package 'orbslam3' build argument 'cmake_target' from command line to 'None'
[0.310s] Level 5:colcon.colcon_core.verb:set package 'orbslam3' build argument 'cmake_target_skip_unavailable' from command line to 'False'
[0.310s] Level 5:colcon.colcon_core.verb:set package 'orbslam3' build argument 'cmake_clean_cache' from command line to 'False'
[0.310s] Level 5:colcon.colcon_core.verb:set package 'orbslam3' build argument 'cmake_clean_first' from command line to 'False'
[0.310s] Level 5:colcon.colcon_core.verb:set package 'orbslam3' build argument 'cmake_force_configure' from command line to 'False'
[0.310s] Level 5:colcon.colcon_core.verb:set package 'orbslam3' build argument 'ament_cmake_args' from command line to 'None'
[0.310s] Level 5:colcon.colcon_core.verb:set package 'orbslam3' build argument 'catkin_cmake_args' from command line to 'None'
[0.310s] Level 5:colcon.colcon_core.verb:set package 'orbslam3' build argument 'catkin_skip_building_tests' from command line to 'False'
[0.310s] DEBUG:colcon.colcon_core.verb:Building package 'orbslam3' with the following arguments: {'ament_cmake_args': None, 'build_base': '/home/hp/marscar_ws/build/orbslam3', 'catkin_cmake_args': None, 'catkin_skip_building_tests': False, 'cmake_args': None, 'cmake_clean_cache': False, 'cmake_clean_first': False, 'cmake_force_configure': False, 'cmake_target': None, 'cmake_target_skip_unavailable': False, 'install_base': '/home/hp/marscar_ws/install/orbslam3', 'merge_install': False, 'path': '/home/hp/marscar_ws/src/ORB_SLAM3_ROS2-humble', 'symlink_install': False, 'test_result_base': None}
[0.311s] INFO:colcon.colcon_core.executor:Executing jobs using 'parallel' executor
[0.313s] DEBUG:colcon.colcon_parallel_executor.executor.parallel:run_until_complete
[0.313s] INFO:colcon.colcon_ros.task.ament_cmake.build:Building ROS package in '/home/hp/marscar_ws/src/gazebo_plugins_mode' with build type 'ament_cmake'
[0.313s] INFO:colcon.colcon_cmake.task.cmake.build:Building CMake package in '/home/hp/marscar_ws/src/gazebo_plugins_mode'
[0.316s] INFO:colcon.colcon_core.plugin_system:Skipping extension 'colcon_core.shell.bat': Not used on non-Windows systems
[0.316s] INFO:colcon.colcon_core.shell:Skip shell extension 'powershell' for command environment: Not usable outside of PowerShell
[0.316s] DEBUG:colcon.colcon_core.shell:Skip shell extension 'dsv' for command environment
[0.319s] INFO:colcon.colcon_ros.task.ament_cmake.build:Building ROS package in '/home/hp/marscar_ws/src/LIO-SAM-ros2' with build type 'ament_cmake'
[0.320s] INFO:colcon.colcon_cmake.task.cmake.build:Building CMake package in '/home/hp/marscar_ws/src/LIO-SAM-ros2'
[0.320s] INFO:colcon.colcon_core.shell:Skip shell extension 'powershell' for command environment: Not usable outside of PowerShell
[0.320s] DEBUG:colcon.colcon_core.shell:Skip shell extension 'dsv' for command environment
[0.323s] INFO:colcon.colcon_ros.task.ament_cmake.build:Building ROS package in '/home/hp/marscar_ws/src/marscar_gazebo_ros2' with build type 'ament_cmake'
[0.323s] INFO:colcon.colcon_cmake.task.cmake.build:Building CMake package in '/home/hp/marscar_ws/src/marscar_gazebo_ros2'
[0.324s] INFO:colcon.colcon_core.shell:Skip shell extension 'powershell' for command environment: Not usable outside of PowerShell
[0.324s] DEBUG:colcon.colcon_core.shell:Skip shell extension 'dsv' for command environment
[0.327s] INFO:colcon.colcon_ros.task.ament_cmake.build:Building ROS package in '/home/hp/marscar_ws/src/marscar_navigation2' with build type 'ament_cmake'
[0.327s] INFO:colcon.colcon_cmake.task.cmake.build:Building CMake package in '/home/hp/marscar_ws/src/marscar_navigation2'
[0.328s] INFO:colcon.colcon_core.shell:Skip shell extension 'powershell' for command environment: Not usable outside of PowerShell
[0.328s] DEBUG:colcon.colcon_core.shell:Skip shell extension 'dsv' for command environment
[0.331s] INFO:colcon.colcon_ros.task.ament_cmake.build:Building ROS package in '/home/hp/marscar_ws/src/mascar_cartographer' with build type 'ament_cmake'
[0.331s] INFO:colcon.colcon_cmake.task.cmake.build:Building CMake package in '/home/hp/marscar_ws/src/mascar_cartographer'
[0.332s] INFO:colcon.colcon_core.shell:Skip shell extension 'powershell' for command environment: Not usable outside of PowerShell
[0.332s] DEBUG:colcon.colcon_core.shell:Skip shell extension 'dsv' for command environment
[0.335s] INFO:colcon.colcon_ros.task.ament_python.build:Building ROS package in '/home/hp/marscar_ws/src/mediapipe_ros2' with build type 'ament_python'
[0.335s] Level 1:colcon.colcon_core.shell:create_environment_hook('mediapipe_ros2', 'ament_prefix_path')
[0.335s] INFO:colcon.colcon_core.shell:Creating environment hook '/home/hp/marscar_ws/install/mediapipe_ros2/share/mediapipe_ros2/hook/ament_prefix_path.ps1'
[0.336s] INFO:colcon.colcon_core.shell:Creating environment descriptor '/home/hp/marscar_ws/install/mediapipe_ros2/share/mediapipe_ros2/hook/ament_prefix_path.dsv'
[0.336s] INFO:colcon.colcon_core.shell:Creating environment hook '/home/hp/marscar_ws/install/mediapipe_ros2/share/mediapipe_ros2/hook/ament_prefix_path.sh'
[0.337s] INFO:colcon.colcon_core.shell:Skip shell extension 'powershell' for command environment: Not usable outside of PowerShell
[0.337s] DEBUG:colcon.colcon_core.shell:Skip shell extension 'dsv' for command environment
[0.340s] INFO:colcon.colcon_ros.task.ament_cmake.build:Building ROS package in '/home/hp/marscar_ws/src/ORB_SLAM3_ROS2-humble' with build type 'ament_cmake'
[0.340s] INFO:colcon.colcon_cmake.task.cmake.build:Building CMake package in '/home/hp/marscar_ws/src/ORB_SLAM3_ROS2-humble'
[0.341s] INFO:colcon.colcon_core.shell:Skip shell extension 'powershell' for command environment: Not usable outside of PowerShell
[0.341s] DEBUG:colcon.colcon_core.shell:Skip shell extension 'dsv' for command environment
[0.348s] DEBUG:colcon.colcon_core.event_handler.log_command:Invoking command in '/home/hp/marscar_ws/build/gazebo_plugins_mode': CMAKE_PREFIX_PATH=${CMAKE_PREFIX_PATH}:/home/hp/marscar_ws/install/mediapipe_ros2:/opt/ros/humble /usr/bin/cmake --build /home/hp/marscar_ws/build/gazebo_plugins_mode -- -j20 -l20
[0.350s] DEBUG:colcon.colcon_core.event_handler.log_command:Invoking command in '/home/hp/marscar_ws/build/lio_sam': CMAKE_PREFIX_PATH=${CMAKE_PREFIX_PATH}:/home/hp/marscar_ws/install/mediapipe_ros2:/opt/ros/humble /usr/bin/cmake --build /home/hp/marscar_ws/build/lio_sam -- -j20 -l20
[0.352s] DEBUG:colcon.colcon_core.event_handler.log_command:Invoking command in '/home/hp/marscar_ws/build/marscar_gazebo_ros2': CMAKE_PREFIX_PATH=${CMAKE_PREFIX_PATH}:/home/hp/marscar_ws/install/mediapipe_ros2:/opt/ros/humble /usr/bin/cmake --build /home/hp/marscar_ws/build/marscar_gazebo_ros2 -- -j20 -l20
[0.354s] DEBUG:colcon.colcon_core.event_handler.log_command:Invoking command in '/home/hp/marscar_ws/build/marscar_navigation2': CMAKE_PREFIX_PATH=${CMAKE_PREFIX_PATH}:/home/hp/marscar_ws/install/mediapipe_ros2:/opt/ros/humble /usr/bin/cmake --build /home/hp/marscar_ws/build/marscar_navigation2 -- -j20 -l20
[0.356s] DEBUG:colcon.colcon_core.event_handler.log_command:Invoking command in '/home/hp/marscar_ws/build/mascar_cartographer': CMAKE_PREFIX_PATH=${CMAKE_PREFIX_PATH}:/home/hp/marscar_ws/install/mediapipe_ros2:/opt/ros/humble /usr/bin/cmake --build /home/hp/marscar_ws/build/mascar_cartographer -- -j20 -l20
[0.570s] WARNING:colcon.colcon_ros.task.ament_python.build:Package 'mediapipe_ros2' doesn't explicitly install a marker in the package index (colcon-ros currently does it implicitly but that fallback will be removed in the future)
[0.571s] INFO:colcon.colcon_core.task.python.build:Building Python package in '/home/hp/marscar_ws/src/mediapipe_ros2'
[0.573s] INFO:colcon.colcon_core.shell:Skip shell extension 'powershell' for command environment: Not usable outside of PowerShell
[0.573s] DEBUG:colcon.colcon_core.shell:Skip shell extension 'dsv' for command environment
[0.585s] DEBUG:colcon.colcon_core.event_handler.log_command:Invoking command in '/home/hp/marscar_ws/build/orbslam3': CMAKE_PREFIX_PATH=${CMAKE_PREFIX_PATH}:/home/hp/marscar_ws/install/mediapipe_ros2:/opt/ros/humble /usr/bin/cmake --build /home/hp/marscar_ws/build/orbslam3 -- -j20 -l20
[0.586s] DEBUG:colcon.colcon_core.event_handler.log_command:Invoked command in '/home/hp/marscar_ws/build/mascar_cartographer' returned '0': CMAKE_PREFIX_PATH=${CMAKE_PREFIX_PATH}:/home/hp/marscar_ws/install/mediapipe_ros2:/opt/ros/humble /usr/bin/cmake --build /home/hp/marscar_ws/build/mascar_cartographer -- -j20 -l20
[0.587s] DEBUG:colcon.colcon_core.event_handler.log_command:Invoked command in '/home/hp/marscar_ws/build/marscar_navigation2' returned '0': CMAKE_PREFIX_PATH=${CMAKE_PREFIX_PATH}:/home/hp/marscar_ws/install/mediapipe_ros2:/opt/ros/humble /usr/bin/cmake --build /home/hp/marscar_ws/build/marscar_navigation2 -- -j20 -l20
[0.588s] DEBUG:colcon.colcon_core.event_handler.log_command:Invoked command in '/home/hp/marscar_ws/build/gazebo_plugins_mode' returned '0': CMAKE_PREFIX_PATH=${CMAKE_PREFIX_PATH}:/home/hp/marscar_ws/install/mediapipe_ros2:/opt/ros/humble /usr/bin/cmake --build /home/hp/marscar_ws/build/gazebo_plugins_mode -- -j20 -l20
[0.608s] DEBUG:colcon.colcon_core.event_handler.log_command:Invoking command in '/home/hp/marscar_ws/build/mascar_cartographer': CMAKE_PREFIX_PATH=${CMAKE_PREFIX_PATH}:/home/hp/marscar_ws/install/mediapipe_ros2:/opt/ros/humble /usr/bin/cmake --install /home/hp/marscar_ws/build/mascar_cartographer
[0.610s] DEBUG:colcon.colcon_core.event_handler.log_command:Invoking command in '/home/hp/marscar_ws/build/marscar_navigation2': CMAKE_PREFIX_PATH=${CMAKE_PREFIX_PATH}:/home/hp/marscar_ws/install/mediapipe_ros2:/opt/ros/humble /usr/bin/cmake --install /home/hp/marscar_ws/build/marscar_navigation2
[0.611s] DEBUG:colcon.colcon_core.event_handler.log_command:Invoked command in '/home/hp/marscar_ws/build/marscar_gazebo_ros2' returned '0': CMAKE_PREFIX_PATH=${CMAKE_PREFIX_PATH}:/home/hp/marscar_ws/install/mediapipe_ros2:/opt/ros/humble /usr/bin/cmake --build /home/hp/marscar_ws/build/marscar_gazebo_ros2 -- -j20 -l20
[0.615s] Level 1:colcon.colcon_core.environment:create_environment_scripts_only(mascar_cartographer)
[0.617s] DEBUG:colcon.colcon_core.event_handler.log_command:Invoked command in '/home/hp/marscar_ws/build/mascar_cartographer' returned '0': CMAKE_PREFIX_PATH=${CMAKE_PREFIX_PATH}:/home/hp/marscar_ws/install/mediapipe_ros2:/opt/ros/humble /usr/bin/cmake --install /home/hp/marscar_ws/build/mascar_cartographer
[0.625s] Level 1:colcon.colcon_core.environment:checking '/home/hp/marscar_ws/install/mascar_cartographer' for CMake module files
[0.626s] Level 1:colcon.colcon_core.environment:checking '/home/hp/marscar_ws/install/mascar_cartographer' for CMake config files
[0.626s] Level 1:colcon.colcon_core.shell:create_environment_hook('mascar_cartographer', 'cmake_prefix_path')
[0.628s] INFO:colcon.colcon_core.shell:Creating environment hook '/home/hp/marscar_ws/install/mascar_cartographer/share/mascar_cartographer/hook/cmake_prefix_path.ps1'
[0.628s] INFO:colcon.colcon_core.shell:Creating environment descriptor '/home/hp/marscar_ws/install/mascar_cartographer/share/mascar_cartographer/hook/cmake_prefix_path.dsv'
[0.629s] INFO:colcon.colcon_core.shell:Creating environment hook '/home/hp/marscar_ws/install/mascar_cartographer/share/mascar_cartographer/hook/cmake_prefix_path.sh'
[0.630s] Level 1:colcon.colcon_core.environment:checking '/home/hp/marscar_ws/install/mascar_cartographer/bin'
[0.630s] Level 1:colcon.colcon_core.environment:checking '/home/hp/marscar_ws/install/mascar_cartographer/lib/pkgconfig/mascar_cartographer.pc'
[0.630s] Level 1:colcon.colcon_core.environment:checking '/home/hp/marscar_ws/install/mascar_cartographer/lib/python3.10/site-packages'
[0.631s] Level 1:colcon.colcon_core.environment:checking '/home/hp/marscar_ws/install/mascar_cartographer/bin'
[0.632s] INFO:colcon.colcon_core.shell:Creating package script '/home/hp/marscar_ws/install/mascar_cartographer/share/mascar_cartographer/package.ps1'
[0.634s] INFO:colcon.colcon_core.shell:Creating package descriptor '/home/hp/marscar_ws/install/mascar_cartographer/share/mascar_cartographer/package.dsv'
[0.634s] INFO:colcon.colcon_core.shell:Creating package script '/home/hp/marscar_ws/install/mascar_cartographer/share/mascar_cartographer/package.sh'
[0.635s] INFO:colcon.colcon_core.shell:Creating package script '/home/hp/marscar_ws/install/mascar_cartographer/share/mascar_cartographer/package.bash'
[0.636s] INFO:colcon.colcon_core.shell:Creating package script '/home/hp/marscar_ws/install/mascar_cartographer/share/mascar_cartographer/package.zsh'
[0.637s] Level 1:colcon.colcon_core.environment:create_file_with_runtime_dependencies(/home/hp/marscar_ws/install/mascar_cartographer/share/colcon-core/packages/mascar_cartographer)
[0.641s] DEBUG:colcon.colcon_core.event_handler.log_command:Invoking command in '/home/hp/marscar_ws/build/gazebo_plugins_mode': CMAKE_PREFIX_PATH=${CMAKE_PREFIX_PATH}:/home/hp/marscar_ws/install/mediapipe_ros2:/opt/ros/humble /usr/bin/cmake --install /home/hp/marscar_ws/build/gazebo_plugins_mode
[0.642s] DEBUG:colcon.colcon_core.event_handler.log_command:Invoked command in '/home/hp/marscar_ws/build/lio_sam' returned '0': CMAKE_PREFIX_PATH=${CMAKE_PREFIX_PATH}:/home/hp/marscar_ws/install/mediapipe_ros2:/opt/ros/humble /usr/bin/cmake --build /home/hp/marscar_ws/build/lio_sam -- -j20 -l20
[0.643s] Level 1:colcon.colcon_core.environment:create_environment_scripts_only(marscar_navigation2)
[0.646s] Level 1:colcon.colcon_core.environment:checking '/home/hp/marscar_ws/install/marscar_navigation2' for CMake module files
[0.646s] DEBUG:colcon.colcon_core.event_handler.log_command:Invoked command in '/home/hp/marscar_ws/build/marscar_navigation2' returned '0': CMAKE_PREFIX_PATH=${CMAKE_PREFIX_PATH}:/home/hp/marscar_ws/install/mediapipe_ros2:/opt/ros/humble /usr/bin/cmake --install /home/hp/marscar_ws/build/marscar_navigation2
[0.649s] Level 1:colcon.colcon_core.environment:checking '/home/hp/marscar_ws/install/marscar_navigation2' for CMake config files
[0.650s] Level 1:colcon.colcon_core.shell:create_environment_hook('marscar_navigation2', 'cmake_prefix_path')
[0.651s] INFO:colcon.colcon_core.shell:Creating environment hook '/home/hp/marscar_ws/install/marscar_navigation2/share/marscar_navigation2/hook/cmake_prefix_path.ps1'
[0.651s] INFO:colcon.colcon_core.shell:Creating environment descriptor '/home/hp/marscar_ws/install/marscar_navigation2/share/marscar_navigation2/hook/cmake_prefix_path.dsv'
[0.651s] INFO:colcon.colcon_core.shell:Creating environment hook '/home/hp/marscar_ws/install/marscar_navigation2/share/marscar_navigation2/hook/cmake_prefix_path.sh'
[0.652s] Level 1:colcon.colcon_core.environment:checking '/home/hp/marscar_ws/install/marscar_navigation2/bin'
[0.652s] Level 1:colcon.colcon_core.environment:checking '/home/hp/marscar_ws/install/marscar_navigation2/lib/pkgconfig/marscar_navigation2.pc'
[0.652s] Level 1:colcon.colcon_core.environment:checking '/home/hp/marscar_ws/install/marscar_navigation2/lib/python3.10/site-packages'
[0.652s] Level 1:colcon.colcon_core.environment:checking '/home/hp/marscar_ws/install/marscar_navigation2/bin'
[0.653s] INFO:colcon.colcon_core.shell:Creating package script '/home/hp/marscar_ws/install/marscar_navigation2/share/marscar_navigation2/package.ps1'
[0.654s] INFO:colcon.colcon_core.shell:Creating package descriptor '/home/hp/marscar_ws/install/marscar_navigation2/share/marscar_navigation2/package.dsv'
[0.654s] INFO:colcon.colcon_core.shell:Creating package script '/home/hp/marscar_ws/install/marscar_navigation2/share/marscar_navigation2/package.sh'
[0.654s] INFO:colcon.colcon_core.shell:Creating package script '/home/hp/marscar_ws/install/marscar_navigation2/share/marscar_navigation2/package.bash'
[0.654s] INFO:colcon.colcon_core.shell:Creating package script '/home/hp/marscar_ws/install/marscar_navigation2/share/marscar_navigation2/package.zsh'
[0.655s] Level 1:colcon.colcon_core.environment:create_file_with_runtime_dependencies(/home/hp/marscar_ws/install/marscar_navigation2/share/colcon-core/packages/marscar_navigation2)
[0.657s] Level 1:colcon.colcon_core.environment:create_environment_scripts_only(mascar_cartographer)
[0.659s] Level 1:colcon.colcon_core.environment:checking '/home/hp/marscar_ws/install/mascar_cartographer' for CMake module files
[0.659s] Level 1:colcon.colcon_core.environment:checking '/home/hp/marscar_ws/install/mascar_cartographer' for CMake config files
[0.659s] Level 1:colcon.colcon_core.shell:create_environment_hook('mascar_cartographer', 'cmake_prefix_path')
[0.660s] INFO:colcon.colcon_core.shell:Creating environment hook '/home/hp/marscar_ws/install/mascar_cartographer/share/mascar_cartographer/hook/cmake_prefix_path.ps1'
[0.661s] INFO:colcon.colcon_core.shell:Creating environment descriptor '/home/hp/marscar_ws/install/mascar_cartographer/share/mascar_cartographer/hook/cmake_prefix_path.dsv'
[0.661s] INFO:colcon.colcon_core.shell:Creating environment hook '/home/hp/marscar_ws/install/mascar_cartographer/share/mascar_cartographer/hook/cmake_prefix_path.sh'
[0.661s] Level 1:colcon.colcon_core.environment:checking '/home/hp/marscar_ws/install/mascar_cartographer/bin'
[0.661s] Level 1:colcon.colcon_core.environment:checking '/home/hp/marscar_ws/install/mascar_cartographer/lib/pkgconfig/mascar_cartographer.pc'
[0.661s] Level 1:colcon.colcon_core.environment:checking '/home/hp/marscar_ws/install/mascar_cartographer/lib/python3.10/site-packages'
[0.661s] Level 1:colcon.colcon_core.environment:checking '/home/hp/marscar_ws/install/mascar_cartographer/bin'
[0.662s] INFO:colcon.colcon_core.shell:Creating package script '/home/hp/marscar_ws/install/mascar_cartographer/share/mascar_cartographer/package.ps1'
[0.663s] INFO:colcon.colcon_core.shell:Creating package descriptor '/home/hp/marscar_ws/install/mascar_cartographer/share/mascar_cartographer/package.dsv'
[0.663s] INFO:colcon.colcon_core.shell:Creating package script '/home/hp/marscar_ws/install/mascar_cartographer/share/mascar_cartographer/package.sh'
[0.663s] INFO:colcon.colcon_core.shell:Creating package script '/home/hp/marscar_ws/install/mascar_cartographer/share/mascar_cartographer/package.bash'
[0.664s] INFO:colcon.colcon_core.shell:Creating package script '/home/hp/marscar_ws/install/mascar_cartographer/share/mascar_cartographer/package.zsh'
[0.664s] Level 1:colcon.colcon_core.environment:create_file_with_runtime_dependencies(/home/hp/marscar_ws/install/mascar_cartographer/share/colcon-core/packages/mascar_cartographer)
[0.664s] Level 1:colcon.colcon_core.environment:create_environment_scripts_only(gazebo_plugins_mode)
[0.666s] Level 1:colcon.colcon_core.environment:checking '/home/hp/marscar_ws/install/gazebo_plugins_mode' for CMake module files
[0.666s] Level 1:colcon.colcon_core.environment:checking '/home/hp/marscar_ws/install/gazebo_plugins_mode' for CMake config files
[0.667s] DEBUG:colcon.colcon_core.event_handler.log_command:Invoked command in '/home/hp/marscar_ws/build/gazebo_plugins_mode' returned '0': CMAKE_PREFIX_PATH=${CMAKE_PREFIX_PATH}:/home/hp/marscar_ws/install/mediapipe_ros2:/opt/ros/humble /usr/bin/cmake --install /home/hp/marscar_ws/build/gazebo_plugins_mode
[0.667s] Level 1:colcon.colcon_core.shell:create_environment_hook('gazebo_plugins_mode', 'cmake_prefix_path')
[0.669s] INFO:colcon.colcon_core.shell:Creating environment hook '/home/hp/marscar_ws/install/gazebo_plugins_mode/share/gazebo_plugins_mode/hook/cmake_prefix_path.ps1'
[0.669s] INFO:colcon.colcon_core.shell:Creating environment descriptor '/home/hp/marscar_ws/install/gazebo_plugins_mode/share/gazebo_plugins_mode/hook/cmake_prefix_path.dsv'
[0.670s] INFO:colcon.colcon_core.shell:Creating environment hook '/home/hp/marscar_ws/install/gazebo_plugins_mode/share/gazebo_plugins_mode/hook/cmake_prefix_path.sh'
[0.670s] Level 1:colcon.colcon_core.environment:checking '/home/hp/marscar_ws/install/gazebo_plugins_mode/lib'
[0.670s] Level 1:colcon.colcon_core.shell:create_environment_hook('gazebo_plugins_mode', 'ld_library_path_lib')
[0.671s] INFO:colcon.colcon_core.shell:Creating environment hook '/home/hp/marscar_ws/install/gazebo_plugins_mode/share/gazebo_plugins_mode/hook/ld_library_path_lib.ps1'
[0.671s] INFO:colcon.colcon_core.shell:Creating environment descriptor '/home/hp/marscar_ws/install/gazebo_plugins_mode/share/gazebo_plugins_mode/hook/ld_library_path_lib.dsv'
[0.672s] INFO:colcon.colcon_core.shell:Creating environment hook '/home/hp/marscar_ws/install/gazebo_plugins_mode/share/gazebo_plugins_mode/hook/ld_library_path_lib.sh'
[0.672s] Level 1:colcon.colcon_core.environment:checking '/home/hp/marscar_ws/install/gazebo_plugins_mode/bin'
[0.672s] Level 1:colcon.colcon_core.environment:checking '/home/hp/marscar_ws/install/gazebo_plugins_mode/lib/pkgconfig/gazebo_plugins_mode.pc'
[0.672s] Level 1:colcon.colcon_core.environment:checking '/home/hp/marscar_ws/install/gazebo_plugins_mode/lib/python3.10/site-packages'
[0.672s] Level 1:colcon.colcon_core.environment:checking '/home/hp/marscar_ws/install/gazebo_plugins_mode/bin'
[0.673s] INFO:colcon.colcon_core.shell:Creating package script '/home/hp/marscar_ws/install/gazebo_plugins_mode/share/gazebo_plugins_mode/package.ps1'
[0.674s] INFO:colcon.colcon_core.shell:Creating package descriptor '/home/hp/marscar_ws/install/gazebo_plugins_mode/share/gazebo_plugins_mode/package.dsv'
[0.674s] INFO:colcon.colcon_core.shell:Creating package script '/home/hp/marscar_ws/install/gazebo_plugins_mode/share/gazebo_plugins_mode/package.sh'
[0.674s] INFO:colcon.colcon_core.shell:Creating package script '/home/hp/marscar_ws/install/gazebo_plugins_mode/share/gazebo_plugins_mode/package.bash'
[0.674s] INFO:colcon.colcon_core.shell:Creating package script '/home/hp/marscar_ws/install/gazebo_plugins_mode/share/gazebo_plugins_mode/package.zsh'
[0.674s] Level 1:colcon.colcon_core.environment:create_file_with_runtime_dependencies(/home/hp/marscar_ws/install/gazebo_plugins_mode/share/colcon-core/packages/gazebo_plugins_mode)
[0.676s] DEBUG:colcon.colcon_core.event_handler.log_command:Invoked command in '/home/hp/marscar_ws/build/orbslam3' returned '0': CMAKE_PREFIX_PATH=${CMAKE_PREFIX_PATH}:/home/hp/marscar_ws/install/mediapipe_ros2:/opt/ros/humble /usr/bin/cmake --build /home/hp/marscar_ws/build/orbslam3 -- -j20 -l20
[0.678s] Level 1:colcon.colcon_core.environment:create_environment_scripts_only(marscar_navigation2)
[0.679s] Level 1:colcon.colcon_core.environment:checking '/home/hp/marscar_ws/install/marscar_navigation2' for CMake module files
[0.680s] Level 1:colcon.colcon_core.environment:checking '/home/hp/marscar_ws/install/marscar_navigation2' for CMake config files
[0.680s] Level 1:colcon.colcon_core.shell:create_environment_hook('marscar_navigation2', 'cmake_prefix_path')
[0.681s] INFO:colcon.colcon_core.shell:Creating environment hook '/home/hp/marscar_ws/install/marscar_navigation2/share/marscar_navigation2/hook/cmake_prefix_path.ps1'
[0.681s] INFO:colcon.colcon_core.shell:Creating environment descriptor '/home/hp/marscar_ws/install/marscar_navigation2/share/marscar_navigation2/hook/cmake_prefix_path.dsv'
[0.681s] INFO:colcon.colcon_core.shell:Creating environment hook '/home/hp/marscar_ws/install/marscar_navigation2/share/marscar_navigation2/hook/cmake_prefix_path.sh'
[0.682s] Level 1:colcon.colcon_core.environment:checking '/home/hp/marscar_ws/install/marscar_navigation2/bin'
[0.682s] Level 1:colcon.colcon_core.environment:checking '/home/hp/marscar_ws/install/marscar_navigation2/lib/pkgconfig/marscar_navigation2.pc'
[0.682s] Level 1:colcon.colcon_core.environment:checking '/home/hp/marscar_ws/install/marscar_navigation2/lib/python3.10/site-packages'
[0.682s] Level 1:colcon.colcon_core.environment:checking '/home/hp/marscar_ws/install/marscar_navigation2/bin'
[0.683s] INFO:colcon.colcon_core.shell:Creating package script '/home/hp/marscar_ws/install/marscar_navigation2/share/marscar_navigation2/package.ps1'
[0.683s] INFO:colcon.colcon_core.shell:Creating package descriptor '/home/hp/marscar_ws/install/marscar_navigation2/share/marscar_navigation2/package.dsv'
[0.684s] INFO:colcon.colcon_core.shell:Creating package script '/home/hp/marscar_ws/install/marscar_navigation2/share/marscar_navigation2/package.sh'
[0.684s] INFO:colcon.colcon_core.shell:Creating package script '/home/hp/marscar_ws/install/marscar_navigation2/share/marscar_navigation2/package.bash'
[0.684s] INFO:colcon.colcon_core.shell:Creating package script '/home/hp/marscar_ws/install/marscar_navigation2/share/marscar_navigation2/package.zsh'
[0.684s] Level 1:colcon.colcon_core.environment:create_file_with_runtime_dependencies(/home/hp/marscar_ws/install/marscar_navigation2/share/colcon-core/packages/marscar_navigation2)
[0.688s] DEBUG:colcon.colcon_core.event_handler.log_command:Invoking command in '/home/hp/marscar_ws/build/marscar_gazebo_ros2': CMAKE_PREFIX_PATH=${CMAKE_PREFIX_PATH}:/home/hp/marscar_ws/install/mediapipe_ros2:/opt/ros/humble /usr/bin/cmake --install /home/hp/marscar_ws/build/marscar_gazebo_ros2
[0.706s] Level 1:colcon.colcon_core.environment:create_environment_scripts_only(gazebo_plugins_mode)
[0.707s] Level 1:colcon.colcon_core.environment:checking '/home/hp/marscar_ws/install/gazebo_plugins_mode' for CMake module files
[0.712s] Level 1:colcon.colcon_core.environment:checking '/home/hp/marscar_ws/install/gazebo_plugins_mode' for CMake config files
[0.717s] Level 1:colcon.colcon_core.shell:create_environment_hook('gazebo_plugins_mode', 'cmake_prefix_path')
[0.718s] INFO:colcon.colcon_core.shell:Creating environment hook '/home/hp/marscar_ws/install/gazebo_plugins_mode/share/gazebo_plugins_mode/hook/cmake_prefix_path.ps1'
[0.719s] INFO:colcon.colcon_core.shell:Creating environment descriptor '/home/hp/marscar_ws/install/gazebo_plugins_mode/share/gazebo_plugins_mode/hook/cmake_prefix_path.dsv'
[0.719s] INFO:colcon.colcon_core.shell:Creating environment hook '/home/hp/marscar_ws/install/gazebo_plugins_mode/share/gazebo_plugins_mode/hook/cmake_prefix_path.sh'
[0.719s] Level 1:colcon.colcon_core.environment:checking '/home/hp/marscar_ws/install/gazebo_plugins_mode/lib'
[0.719s] Level 1:colcon.colcon_core.shell:create_environment_hook('gazebo_plugins_mode', 'ld_library_path_lib')
[0.720s] INFO:colcon.colcon_core.shell:Creating environment hook '/home/hp/marscar_ws/install/gazebo_plugins_mode/share/gazebo_plugins_mode/hook/ld_library_path_lib.ps1'
[0.720s] INFO:colcon.colcon_core.shell:Creating environment descriptor '/home/hp/marscar_ws/install/gazebo_plugins_mode/share/gazebo_plugins_mode/hook/ld_library_path_lib.dsv'
[0.721s] INFO:colcon.colcon_core.shell:Creating environment hook '/home/hp/marscar_ws/install/gazebo_plugins_mode/share/gazebo_plugins_mode/hook/ld_library_path_lib.sh'
[0.721s] Level 1:colcon.colcon_core.environment:checking '/home/hp/marscar_ws/install/gazebo_plugins_mode/bin'
[0.721s] Level 1:colcon.colcon_core.environment:checking '/home/hp/marscar_ws/install/gazebo_plugins_mode/lib/pkgconfig/gazebo_plugins_mode.pc'
[0.721s] Level 1:colcon.colcon_core.environment:checking '/home/hp/marscar_ws/install/gazebo_plugins_mode/lib/python3.10/site-packages'
[0.721s] Level 1:colcon.colcon_core.environment:checking '/home/hp/marscar_ws/install/gazebo_plugins_mode/bin'
[0.723s] INFO:colcon.colcon_core.shell:Creating package script '/home/hp/marscar_ws/install/gazebo_plugins_mode/share/gazebo_plugins_mode/package.ps1'
[0.723s] INFO:colcon.colcon_core.shell:Creating package descriptor '/home/hp/marscar_ws/install/gazebo_plugins_mode/share/gazebo_plugins_mode/package.dsv'
[0.723s] INFO:colcon.colcon_core.shell:Creating package script '/home/hp/marscar_ws/install/gazebo_plugins_mode/share/gazebo_plugins_mode/package.sh'
[0.724s] INFO:colcon.colcon_core.shell:Creating package script '/home/hp/marscar_ws/install/gazebo_plugins_mode/share/gazebo_plugins_mode/package.bash'
[0.724s] INFO:colcon.colcon_core.shell:Creating package script '/home/hp/marscar_ws/install/gazebo_plugins_mode/share/gazebo_plugins_mode/package.zsh'
[0.724s] Level 1:colcon.colcon_core.environment:create_file_with_runtime_dependencies(/home/hp/marscar_ws/install/gazebo_plugins_mode/share/colcon-core/packages/gazebo_plugins_mode)
[0.726s] DEBUG:colcon.colcon_core.event_handler.log_command:Invoking command in '/home/hp/marscar_ws/build/lio_sam': CMAKE_PREFIX_PATH=${CMAKE_PREFIX_PATH}:/home/hp/marscar_ws/install/mediapipe_ros2:/opt/ros/humble /usr/bin/cmake --install /home/hp/marscar_ws/build/lio_sam
[0.728s] DEBUG:colcon.colcon_core.event_handler.log_command:Invoking command in '/home/hp/marscar_ws/build/orbslam3': CMAKE_PREFIX_PATH=${CMAKE_PREFIX_PATH}:/home/hp/marscar_ws/install/mediapipe_ros2:/opt/ros/humble /usr/bin/cmake --install /home/hp/marscar_ws/build/orbslam3
[0.737s] Level 1:colcon.colcon_core.environment:create_environment_scripts_only(marscar_gazebo_ros2)
[0.740s] Level 1:colcon.colcon_core.environment:checking '/home/hp/marscar_ws/install/marscar_gazebo_ros2' for CMake module files
[0.753s] Level 1:colcon.colcon_core.environment:checking '/home/hp/marscar_ws/install/marscar_gazebo_ros2' for CMake config files
[0.759s] DEBUG:colcon.colcon_core.event_handler.log_command:Invoked command in '/home/hp/marscar_ws/build/marscar_gazebo_ros2' returned '0': CMAKE_PREFIX_PATH=${CMAKE_PREFIX_PATH}:/home/hp/marscar_ws/install/mediapipe_ros2:/opt/ros/humble /usr/bin/cmake --install /home/hp/marscar_ws/build/marscar_gazebo_ros2
[0.764s] Level 1:colcon.colcon_core.shell:create_environment_hook('marscar_gazebo_ros2', 'cmake_prefix_path')
[0.766s] INFO:colcon.colcon_core.shell:Creating environment hook '/home/hp/marscar_ws/install/marscar_gazebo_ros2/share/marscar_gazebo_ros2/hook/cmake_prefix_path.ps1'
[0.767s] INFO:colcon.colcon_core.shell:Creating environment descriptor '/home/hp/marscar_ws/install/marscar_gazebo_ros2/share/marscar_gazebo_ros2/hook/cmake_prefix_path.dsv'
[0.768s] INFO:colcon.colcon_core.shell:Creating environment hook '/home/hp/marscar_ws/install/marscar_gazebo_ros2/share/marscar_gazebo_ros2/hook/cmake_prefix_path.sh'
[0.768s] Level 1:colcon.colcon_core.environment:checking '/home/hp/marscar_ws/install/marscar_gazebo_ros2/lib'
[0.768s] Level 1:colcon.colcon_core.shell:create_environment_hook('marscar_gazebo_ros2', 'ld_library_path_lib')
[0.770s] INFO:colcon.colcon_core.shell:Creating environment hook '/home/hp/marscar_ws/install/marscar_gazebo_ros2/share/marscar_gazebo_ros2/hook/ld_library_path_lib.ps1'
[0.773s] INFO:colcon.colcon_core.shell:Creating environment descriptor '/home/hp/marscar_ws/install/marscar_gazebo_ros2/share/marscar_gazebo_ros2/hook/ld_library_path_lib.dsv'
[0.774s] INFO:colcon.colcon_core.shell:Creating environment hook '/home/hp/marscar_ws/install/marscar_gazebo_ros2/share/marscar_gazebo_ros2/hook/ld_library_path_lib.sh'
[0.775s] Level 1:colcon.colcon_core.environment:checking '/home/hp/marscar_ws/install/marscar_gazebo_ros2/bin'
[0.775s] Level 1:colcon.colcon_core.environment:checking '/home/hp/marscar_ws/install/marscar_gazebo_ros2/lib/pkgconfig/marscar_gazebo_ros2.pc'
[0.776s] Level 1:colcon.colcon_core.environment:checking '/home/hp/marscar_ws/install/marscar_gazebo_ros2/lib/python3.10/site-packages'
[0.776s] Level 1:colcon.colcon_core.environment:checking '/home/hp/marscar_ws/install/marscar_gazebo_ros2/bin'
[0.778s] INFO:colcon.colcon_core.shell:Creating package script '/home/hp/marscar_ws/install/marscar_gazebo_ros2/share/marscar_gazebo_ros2/package.ps1'
[0.778s] INFO:colcon.colcon_core.shell:Creating package descriptor '/home/hp/marscar_ws/install/marscar_gazebo_ros2/share/marscar_gazebo_ros2/package.dsv'
[0.778s] INFO:colcon.colcon_core.shell:Creating package script '/home/hp/marscar_ws/install/marscar_gazebo_ros2/share/marscar_gazebo_ros2/package.sh'
[0.779s] INFO:colcon.colcon_core.shell:Creating package script '/home/hp/marscar_ws/install/marscar_gazebo_ros2/share/marscar_gazebo_ros2/package.bash'
[0.779s] INFO:colcon.colcon_core.shell:Creating package script '/home/hp/marscar_ws/install/marscar_gazebo_ros2/share/marscar_gazebo_ros2/package.zsh'
[0.779s] Level 1:colcon.colcon_core.environment:create_file_with_runtime_dependencies(/home/hp/marscar_ws/install/marscar_gazebo_ros2/share/colcon-core/packages/marscar_gazebo_ros2)
[0.780s] Level 1:colcon.colcon_core.environment:create_environment_scripts_only(orbslam3)
[0.782s] Level 1:colcon.colcon_core.environment:checking '/home/hp/marscar_ws/install/orbslam3' for CMake module files
[0.782s] DEBUG:colcon.colcon_core.event_handler.log_command:Invoked command in '/home/hp/marscar_ws/build/orbslam3' returned '0': CMAKE_PREFIX_PATH=${CMAKE_PREFIX_PATH}:/home/hp/marscar_ws/install/mediapipe_ros2:/opt/ros/humble /usr/bin/cmake --install /home/hp/marscar_ws/build/orbslam3
[0.782s] Level 1:colcon.colcon_core.environment:checking '/home/hp/marscar_ws/install/orbslam3' for CMake config files
[0.783s] Level 1:colcon.colcon_core.shell:create_environment_hook('orbslam3', 'cmake_prefix_path')
[0.784s] INFO:colcon.colcon_core.shell:Creating environment hook '/home/hp/marscar_ws/install/orbslam3/share/orbslam3/hook/cmake_prefix_path.ps1'
[0.784s] INFO:colcon.colcon_core.shell:Creating environment descriptor '/home/hp/marscar_ws/install/orbslam3/share/orbslam3/hook/cmake_prefix_path.dsv'
[0.784s] INFO:colcon.colcon_core.shell:Creating environment hook '/home/hp/marscar_ws/install/orbslam3/share/orbslam3/hook/cmake_prefix_path.sh'
[0.785s] Level 1:colcon.colcon_core.environment:checking '/home/hp/marscar_ws/install/orbslam3/lib'
[0.785s] Level 1:colcon.colcon_core.environment:checking '/home/hp/marscar_ws/install/orbslam3/bin'
[0.785s] Level 1:colcon.colcon_core.environment:checking '/home/hp/marscar_ws/install/orbslam3/lib/pkgconfig/orbslam3.pc'
[0.785s] Level 1:colcon.colcon_core.environment:checking '/home/hp/marscar_ws/install/orbslam3/lib/python3.10/site-packages'
[0.785s] Level 1:colcon.colcon_core.environment:checking '/home/hp/marscar_ws/install/orbslam3/bin'
[0.786s] INFO:colcon.colcon_core.shell:Creating package script '/home/hp/marscar_ws/install/orbslam3/share/orbslam3/package.ps1'
[0.786s] INFO:colcon.colcon_core.shell:Creating package descriptor '/home/hp/marscar_ws/install/orbslam3/share/orbslam3/package.dsv'
[0.787s] INFO:colcon.colcon_core.shell:Creating package script '/home/hp/marscar_ws/install/orbslam3/share/orbslam3/package.sh'
[0.787s] INFO:colcon.colcon_core.shell:Creating package script '/home/hp/marscar_ws/install/orbslam3/share/orbslam3/package.bash'
[0.787s] INFO:colcon.colcon_core.shell:Creating package script '/home/hp/marscar_ws/install/orbslam3/share/orbslam3/package.zsh'
[0.787s] Level 1:colcon.colcon_core.environment:create_file_with_runtime_dependencies(/home/hp/marscar_ws/install/orbslam3/share/colcon-core/packages/orbslam3)
[0.788s] Level 1:colcon.colcon_core.environment:create_environment_scripts_only(lio_sam)
[0.790s] Level 1:colcon.colcon_core.environment:checking '/home/hp/marscar_ws/install/lio_sam' for CMake module files
[0.790s] DEBUG:colcon.colcon_core.event_handler.log_command:Invoked command in '/home/hp/marscar_ws/build/lio_sam' returned '0': CMAKE_PREFIX_PATH=${CMAKE_PREFIX_PATH}:/home/hp/marscar_ws/install/mediapipe_ros2:/opt/ros/humble /usr/bin/cmake --install /home/hp/marscar_ws/build/lio_sam
[0.791s] Level 1:colcon.colcon_core.environment:checking '/home/hp/marscar_ws/install/lio_sam' for CMake config files
[0.792s] Level 1:colcon.colcon_core.shell:create_environment_hook('lio_sam', 'cmake_prefix_path')
[0.793s] INFO:colcon.colcon_core.shell:Creating environment hook '/home/hp/marscar_ws/install/lio_sam/share/lio_sam/hook/cmake_prefix_path.ps1'
[0.794s] INFO:colcon.colcon_core.shell:Creating environment descriptor '/home/hp/marscar_ws/install/lio_sam/share/lio_sam/hook/cmake_prefix_path.dsv'
[0.794s] INFO:colcon.colcon_core.shell:Creating environment hook '/home/hp/marscar_ws/install/lio_sam/share/lio_sam/hook/cmake_prefix_path.sh'
[0.794s] Level 1:colcon.colcon_core.environment:checking '/home/hp/marscar_ws/install/lio_sam/lib'
[0.794s] Level 1:colcon.colcon_core.shell:create_environment_hook('lio_sam', 'ld_library_path_lib')
[0.795s] INFO:colcon.colcon_core.shell:Creating environment hook '/home/hp/marscar_ws/install/lio_sam/share/lio_sam/hook/ld_library_path_lib.ps1'
[0.795s] INFO:colcon.colcon_core.shell:Creating environment descriptor '/home/hp/marscar_ws/install/lio_sam/share/lio_sam/hook/ld_library_path_lib.dsv'
[0.795s] INFO:colcon.colcon_core.shell:Creating environment hook '/home/hp/marscar_ws/install/lio_sam/share/lio_sam/hook/ld_library_path_lib.sh'
[0.796s] Level 1:colcon.colcon_core.environment:checking '/home/hp/marscar_ws/install/lio_sam/bin'
[0.796s] Level 1:colcon.colcon_core.environment:checking '/home/hp/marscar_ws/install/lio_sam/lib/pkgconfig/lio_sam.pc'
[0.796s] Level 1:colcon.colcon_core.environment:checking '/home/hp/marscar_ws/install/lio_sam/lib/python3.10/site-packages'
[0.796s] Level 1:colcon.colcon_core.environment:checking '/home/hp/marscar_ws/install/lio_sam/bin'
[0.797s] INFO:colcon.colcon_core.shell:Creating package script '/home/hp/marscar_ws/install/lio_sam/share/lio_sam/package.ps1'
[0.797s] INFO:colcon.colcon_core.shell:Creating package descriptor '/home/hp/marscar_ws/install/lio_sam/share/lio_sam/package.dsv'
[0.798s] INFO:colcon.colcon_core.shell:Creating package script '/home/hp/marscar_ws/install/lio_sam/share/lio_sam/package.sh'
[0.798s] INFO:colcon.colcon_core.shell:Creating package script '/home/hp/marscar_ws/install/lio_sam/share/lio_sam/package.bash'
[0.798s] INFO:colcon.colcon_core.shell:Creating package script '/home/hp/marscar_ws/install/lio_sam/share/lio_sam/package.zsh'
[0.798s] Level 1:colcon.colcon_core.environment:create_file_with_runtime_dependencies(/home/hp/marscar_ws/install/lio_sam/share/colcon-core/packages/lio_sam)
[0.818s] Level 1:colcon.colcon_core.environment:create_environment_scripts_only(orbslam3)
[0.819s] Level 1:colcon.colcon_core.environment:checking '/home/hp/marscar_ws/install/orbslam3' for CMake module files
[0.819s] Level 1:colcon.colcon_core.environment:checking '/home/hp/marscar_ws/install/orbslam3' for CMake config files
[0.820s] Level 1:colcon.colcon_core.shell:create_environment_hook('orbslam3', 'cmake_prefix_path')
[0.820s] INFO:colcon.colcon_core.shell:Creating environment hook '/home/hp/marscar_ws/install/orbslam3/share/orbslam3/hook/cmake_prefix_path.ps1'
[0.821s] INFO:colcon.colcon_core.shell:Creating environment descriptor '/home/hp/marscar_ws/install/orbslam3/share/orbslam3/hook/cmake_prefix_path.dsv'
[0.821s] INFO:colcon.colcon_core.shell:Creating environment hook '/home/hp/marscar_ws/install/orbslam3/share/orbslam3/hook/cmake_prefix_path.sh'
[0.821s] Level 1:colcon.colcon_core.environment:checking '/home/hp/marscar_ws/install/orbslam3/lib'
[0.821s] Level 1:colcon.colcon_core.environment:checking '/home/hp/marscar_ws/install/orbslam3/bin'
[0.821s] Level 1:colcon.colcon_core.environment:checking '/home/hp/marscar_ws/install/orbslam3/lib/pkgconfig/orbslam3.pc'
[0.822s] Level 1:colcon.colcon_core.environment:checking '/home/hp/marscar_ws/install/orbslam3/lib/python3.10/site-packages'
[0.822s] Level 1:colcon.colcon_core.environment:checking '/home/hp/marscar_ws/install/orbslam3/bin'
[0.823s] INFO:colcon.colcon_core.shell:Creating package script '/home/hp/marscar_ws/install/orbslam3/share/orbslam3/package.ps1'
[0.823s] INFO:colcon.colcon_core.shell:Creating package descriptor '/home/hp/marscar_ws/install/orbslam3/share/orbslam3/package.dsv'
[0.823s] INFO:colcon.colcon_core.shell:Creating package script '/home/hp/marscar_ws/install/orbslam3/share/orbslam3/package.sh'
[0.823s] INFO:colcon.colcon_core.shell:Creating package script '/home/hp/marscar_ws/install/orbslam3/share/orbslam3/package.bash'
[0.824s] INFO:colcon.colcon_core.shell:Creating package script '/home/hp/marscar_ws/install/orbslam3/share/orbslam3/package.zsh'
[0.824s] Level 1:colcon.colcon_core.environment:create_file_with_runtime_dependencies(/home/hp/marscar_ws/install/orbslam3/share/colcon-core/packages/orbslam3)
[0.833s] Level 1:colcon.colcon_core.environment:create_environment_scripts_only(marscar_gazebo_ros2)
[0.835s] Level 1:colcon.colcon_core.environment:checking '/home/hp/marscar_ws/install/marscar_gazebo_ros2' for CMake module files
[0.836s] Level 1:colcon.colcon_core.environment:checking '/home/hp/marscar_ws/install/marscar_gazebo_ros2' for CMake config files
[0.837s] Level 1:colcon.colcon_core.shell:create_environment_hook('marscar_gazebo_ros2', 'cmake_prefix_path')
[0.838s] INFO:colcon.colcon_core.shell:Creating environment hook '/home/hp/marscar_ws/install/marscar_gazebo_ros2/share/marscar_gazebo_ros2/hook/cmake_prefix_path.ps1'
[0.839s] INFO:colcon.colcon_core.shell:Creating environment descriptor '/home/hp/marscar_ws/install/marscar_gazebo_ros2/share/marscar_gazebo_ros2/hook/cmake_prefix_path.dsv'
[0.839s] INFO:colcon.colcon_core.shell:Creating environment hook '/home/hp/marscar_ws/install/marscar_gazebo_ros2/share/marscar_gazebo_ros2/hook/cmake_prefix_path.sh'
[0.839s] Level 1:colcon.colcon_core.environment:checking '/home/hp/marscar_ws/install/marscar_gazebo_ros2/lib'
[0.839s] Level 1:colcon.colcon_core.shell:create_environment_hook('marscar_gazebo_ros2', 'ld_library_path_lib')
[0.840s] INFO:colcon.colcon_core.shell:Creating environment hook '/home/hp/marscar_ws/install/marscar_gazebo_ros2/share/marscar_gazebo_ros2/hook/ld_library_path_lib.ps1'
[0.840s] INFO:colcon.colcon_core.shell:Creating environment descriptor '/home/hp/marscar_ws/install/marscar_gazebo_ros2/share/marscar_gazebo_ros2/hook/ld_library_path_lib.dsv'
[0.840s] INFO:colcon.colcon_core.shell:Creating environment hook '/home/hp/marscar_ws/install/marscar_gazebo_ros2/share/marscar_gazebo_ros2/hook/ld_library_path_lib.sh'
[0.841s] Level 1:colcon.colcon_core.environment:checking '/home/hp/marscar_ws/install/marscar_gazebo_ros2/bin'
[0.841s] Level 1:colcon.colcon_core.environment:checking '/home/hp/marscar_ws/install/marscar_gazebo_ros2/lib/pkgconfig/marscar_gazebo_ros2.pc'
[0.841s] Level 1:colcon.colcon_core.environment:checking '/home/hp/marscar_ws/install/marscar_gazebo_ros2/lib/python3.10/site-packages'
[0.841s] Level 1:colcon.colcon_core.environment:checking '/home/hp/marscar_ws/install/marscar_gazebo_ros2/bin'
[0.842s] INFO:colcon.colcon_core.shell:Creating package script '/home/hp/marscar_ws/install/marscar_gazebo_ros2/share/marscar_gazebo_ros2/package.ps1'
[0.842s] INFO:colcon.colcon_core.shell:Creating package descriptor '/home/hp/marscar_ws/install/marscar_gazebo_ros2/share/marscar_gazebo_ros2/package.dsv'
[0.842s] INFO:colcon.colcon_core.shell:Creating package script '/home/hp/marscar_ws/install/marscar_gazebo_ros2/share/marscar_gazebo_ros2/package.sh'
[0.843s] INFO:colcon.colcon_core.shell:Creating package script '/home/hp/marscar_ws/install/marscar_gazebo_ros2/share/marscar_gazebo_ros2/package.bash'
[0.843s] INFO:colcon.colcon_core.shell:Creating package script '/home/hp/marscar_ws/install/marscar_gazebo_ros2/share/marscar_gazebo_ros2/package.zsh'
[0.843s] Level 1:colcon.colcon_core.environment:create_file_with_runtime_dependencies(/home/hp/marscar_ws/install/marscar_gazebo_ros2/share/colcon-core/packages/marscar_gazebo_ros2)
[0.861s] Level 1:colcon.colcon_core.environment:create_environment_scripts_only(lio_sam)
[0.862s] Level 1:colcon.colcon_core.environment:checking '/home/hp/marscar_ws/install/lio_sam' for CMake module files
[0.862s] Level 1:colcon.colcon_core.environment:checking '/home/hp/marscar_ws/install/lio_sam' for CMake config files
[0.863s] Level 1:colcon.colcon_core.shell:create_environment_hook('lio_sam', 'cmake_prefix_path')
[0.864s] INFO:colcon.colcon_core.shell:Creating environment hook '/home/hp/marscar_ws/install/lio_sam/share/lio_sam/hook/cmake_prefix_path.ps1'
[0.864s] INFO:colcon.colcon_core.shell:Creating environment descriptor '/home/hp/marscar_ws/install/lio_sam/share/lio_sam/hook/cmake_prefix_path.dsv'
[0.864s] INFO:colcon.colcon_core.shell:Creating environment hook '/home/hp/marscar_ws/install/lio_sam/share/lio_sam/hook/cmake_prefix_path.sh'
[0.864s] Level 1:colcon.colcon_core.environment:checking '/home/hp/marscar_ws/install/lio_sam/lib'
[0.864s] Level 1:colcon.colcon_core.shell:create_environment_hook('lio_sam', 'ld_library_path_lib')
[0.865s] INFO:colcon.colcon_core.shell:Creating environment hook '/home/hp/marscar_ws/install/lio_sam/share/lio_sam/hook/ld_library_path_lib.ps1'
[0.865s] INFO:colcon.colcon_core.shell:Creating environment descriptor '/home/hp/marscar_ws/install/lio_sam/share/lio_sam/hook/ld_library_path_lib.dsv'
[0.866s] INFO:colcon.colcon_core.shell:Creating environment hook '/home/hp/marscar_ws/install/lio_sam/share/lio_sam/hook/ld_library_path_lib.sh'
[0.866s] Level 1:colcon.colcon_core.environment:checking '/home/hp/marscar_ws/install/lio_sam/bin'
[0.866s] Level 1:colcon.colcon_core.environment:checking '/home/hp/marscar_ws/install/lio_sam/lib/pkgconfig/lio_sam.pc'
[0.866s] Level 1:colcon.colcon_core.environment:checking '/home/hp/marscar_ws/install/lio_sam/lib/python3.10/site-packages'
[0.866s] Level 1:colcon.colcon_core.environment:checking '/home/hp/marscar_ws/install/lio_sam/bin'
[0.867s] INFO:colcon.colcon_core.shell:Creating package script '/home/hp/marscar_ws/install/lio_sam/share/lio_sam/package.ps1'
[0.867s] INFO:colcon.colcon_core.shell:Creating package descriptor '/home/hp/marscar_ws/install/lio_sam/share/lio_sam/package.dsv'
[0.867s] INFO:colcon.colcon_core.shell:Creating package script '/home/hp/marscar_ws/install/lio_sam/share/lio_sam/package.sh'
[0.868s] INFO:colcon.colcon_core.shell:Creating package script '/home/hp/marscar_ws/install/lio_sam/share/lio_sam/package.bash'
[0.868s] INFO:colcon.colcon_core.shell:Creating package script '/home/hp/marscar_ws/install/lio_sam/share/lio_sam/package.zsh'
[0.868s] Level 1:colcon.colcon_core.environment:create_file_with_runtime_dependencies(/home/hp/marscar_ws/install/lio_sam/share/colcon-core/packages/lio_sam)
[0.901s] DEBUG:colcon.colcon_core.event_handler.log_command:Invoking command in '/home/hp/marscar_ws/src/mediapipe_ros2': PYTHONPATH=/home/hp/marscar_ws/build/mediapipe_ros2/prefix_override:/home/hp/marscar_ws/install/mediapipe_ros2/lib/python3.10/site-packages:${PYTHONPATH} /usr/bin/python3 setup.py egg_info --egg-base ../../build/mediapipe_ros2 build --build-base /home/hp/marscar_ws/build/mediapipe_ros2/build install --record /home/hp/marscar_ws/build/mediapipe_ros2/install.log --install-scripts $base/lib/mediapipe_ros2 --single-version-externally-managed
[1.092s] Level 1:colcon.colcon_core.environment:checking '/home/hp/marscar_ws/install/mediapipe_ros2' for CMake module files
[1.093s] DEBUG:colcon.colcon_core.event_handler.log_command:Invoked command in '/home/hp/marscar_ws/src/mediapipe_ros2' returned '0': PYTHONPATH=/home/hp/marscar_ws/build/mediapipe_ros2/prefix_override:/home/hp/marscar_ws/install/mediapipe_ros2/lib/python3.10/site-packages:${PYTHONPATH} /usr/bin/python3 setup.py egg_info --egg-base ../../build/mediapipe_ros2 build --build-base /home/hp/marscar_ws/build/mediapipe_ros2/build install --record /home/hp/marscar_ws/build/mediapipe_ros2/install.log --install-scripts $base/lib/mediapipe_ros2 --single-version-externally-managed
[1.093s] Level 1:colcon.colcon_core.environment:checking '/home/hp/marscar_ws/install/mediapipe_ros2' for CMake config files
[1.093s] Level 1:colcon.colcon_core.environment:checking '/home/hp/marscar_ws/install/mediapipe_ros2/lib'
[1.093s] Level 1:colcon.colcon_core.environment:checking '/home/hp/marscar_ws/install/mediapipe_ros2/bin'
[1.093s] Level 1:colcon.colcon_core.environment:checking '/home/hp/marscar_ws/install/mediapipe_ros2/lib/pkgconfig/mediapipe_ros2.pc'
[1.094s] Level 1:colcon.colcon_core.environment:checking '/home/hp/marscar_ws/install/mediapipe_ros2/lib/python3.10/site-packages'
[1.094s] Level 1:colcon.colcon_core.shell:create_environment_hook('mediapipe_ros2', 'pythonpath')
[1.095s] INFO:colcon.colcon_core.shell:Creating environment hook '/home/hp/marscar_ws/install/mediapipe_ros2/share/mediapipe_ros2/hook/pythonpath.ps1'
[1.095s] INFO:colcon.colcon_core.shell:Creating environment descriptor '/home/hp/marscar_ws/install/mediapipe_ros2/share/mediapipe_ros2/hook/pythonpath.dsv'
[1.095s] INFO:colcon.colcon_core.shell:Creating environment hook '/home/hp/marscar_ws/install/mediapipe_ros2/share/mediapipe_ros2/hook/pythonpath.sh'
[1.095s] Level 1:colcon.colcon_core.environment:checking '/home/hp/marscar_ws/install/mediapipe_ros2/bin'
[1.095s] Level 1:colcon.colcon_core.environment:create_environment_scripts_only(mediapipe_ros2)
[1.096s] INFO:colcon.colcon_core.shell:Creating package script '/home/hp/marscar_ws/install/mediapipe_ros2/share/mediapipe_ros2/package.ps1'
[1.097s] INFO:colcon.colcon_core.shell:Creating package descriptor '/home/hp/marscar_ws/install/mediapipe_ros2/share/mediapipe_ros2/package.dsv'
[1.097s] INFO:colcon.colcon_core.shell:Creating package script '/home/hp/marscar_ws/install/mediapipe_ros2/share/mediapipe_ros2/package.sh'
[1.097s] INFO:colcon.colcon_core.shell:Creating package script '/home/hp/marscar_ws/install/mediapipe_ros2/share/mediapipe_ros2/package.bash'
[1.097s] INFO:colcon.colcon_core.shell:Creating package script '/home/hp/marscar_ws/install/mediapipe_ros2/share/mediapipe_ros2/package.zsh'
[1.097s] Level 1:colcon.colcon_core.environment:create_file_with_runtime_dependencies(/home/hp/marscar_ws/install/mediapipe_ros2/share/colcon-core/packages/mediapipe_ros2)
[1.097s] DEBUG:colcon.colcon_parallel_executor.executor.parallel:closing loop
[1.098s] DEBUG:colcon.colcon_parallel_executor.executor.parallel:loop closed
[1.098s] DEBUG:colcon.colcon_parallel_executor.executor.parallel:run_until_complete finished with '0'
[1.098s] DEBUG:colcon.colcon_core.event_reactor:joining thread
[1.102s] INFO:colcon.colcon_core.plugin_system:Skipping extension 'colcon_notification.desktop_notification.terminal_notifier': Not used on non-Darwin systems
[1.102s] INFO:colcon.colcon_core.plugin_system:Skipping extension 'colcon_notification.desktop_notification.win32': Not used on non-Windows systems
[1.102s] INFO:colcon.colcon_notification.desktop_notification:Sending desktop notification using 'notify2'
[1.112s] DEBUG:colcon.colcon_core.event_reactor:joined thread
[1.113s] INFO:colcon.colcon_core.shell:Creating prefix script '/home/hp/marscar_ws/install/local_setup.ps1'
[1.113s] INFO:colcon.colcon_core.shell:Creating prefix util module '/home/hp/marscar_ws/install/_local_setup_util_ps1.py'
[1.114s] INFO:colcon.colcon_core.shell:Creating prefix chain script '/home/hp/marscar_ws/install/setup.ps1'
[1.115s] INFO:colcon.colcon_core.shell:Creating prefix script '/home/hp/marscar_ws/install/local_setup.sh'
[1.115s] INFO:colcon.colcon_core.shell:Creating prefix util module '/home/hp/marscar_ws/install/_local_setup_util_sh.py'
[1.115s] INFO:colcon.colcon_core.shell:Creating prefix chain script '/home/hp/marscar_ws/install/setup.sh'
[1.116s] INFO:colcon.colcon_core.shell:Creating prefix script '/home/hp/marscar_ws/install/local_setup.bash'
[1.117s] INFO:colcon.colcon_core.shell:Creating prefix chain script '/home/hp/marscar_ws/install/setup.bash'
[1.117s] INFO:colcon.colcon_core.shell:Creating prefix script '/home/hp/marscar_ws/install/local_setup.zsh'
[1.118s] INFO:colcon.colcon_core.shell:Creating prefix chain script '/home/hp/marscar_ws/install/setup.zsh'
