[0.028s] Invoking command in '/home/hp/mars_car_ws/build/marscar_gazebo_ros2': CMAKE_PREFIX_PATH=${CMAKE_PREFIX_PATH}:/home/hp/mars_car_ws/install/mediapipe_ros2:/opt/ros/humble /usr/bin/cmake --build /home/hp/mars_car_ws/build/marscar_gazebo_ros2 -- -j20 -l20
[0.252s] [  2%] Built target marscar_gazebo_ros2__cpp
[0.252s] [ 12%] Built target marscar_gazebo_ros2__rosidl_generator_c
[0.252s] [ 12%] Built target ament_cmake_python_copy_marscar_gazebo_ros2
[0.253s] [ 23%] Built target marscar_gazebo_ros2__rosidl_typesupport_introspection_cpp
[0.254s] [ 33%] Built target marscar_gazebo_ros2__rosidl_typesupport_cpp
[0.254s] [ 43%] Built target marscar_gazebo_ros2__rosidl_typesupport_c
[0.254s] [ 53%] Built target marscar_gazebo_ros2__rosidl_typesupport_fastrtps_c
[0.254s] [ 64%] Built target marscar_gazebo_ros2__rosidl_typesupport_fastrtps_cpp
[0.254s] [ 74%] Built target marscar_gazebo_ros2__rosidl_typesupport_introspection_c
[0.255s] [ 74%] Built target marscar_gazebo_ros2
[0.256s] [ 76%] Built target marscar_gazebo_ros2__py
[0.256s] [ 84%] Built target marscar_gazebo_ros2__rosidl_generator_py
[0.256s] [ 89%] Built target marscar_gazebo_ros2__rosidl_typesupport_fastrtps_c__pyext
[0.256s] [ 94%] Built target marscar_gazebo_ros2__rosidl_typesupport_introspection_c__pyext
[0.256s] [100%] Built target marscar_gazebo_ros2__rosidl_typesupport_c__pyext
[0.262s] running egg_info
[0.262s] writing marscar_gazebo_ros2.egg-info/PKG-INFO
[0.262s] writing dependency_links to marscar_gazebo_ros2.egg-info/dependency_links.txt
[0.263s] writing top-level names to marscar_gazebo_ros2.egg-info/top_level.txt
[0.264s] reading manifest file 'marscar_gazebo_ros2.egg-info/SOURCES.txt'
[0.264s] writing manifest file 'marscar_gazebo_ros2.egg-info/SOURCES.txt'
[0.291s] [100%] Built target ament_cmake_python_build_marscar_gazebo_ros2_egg
[0.314s] Invoked command in '/home/hp/mars_car_ws/build/marscar_gazebo_ros2' returned '0': CMAKE_PREFIX_PATH=${CMAKE_PREFIX_PATH}:/home/hp/mars_car_ws/install/mediapipe_ros2:/opt/ros/humble /usr/bin/cmake --build /home/hp/mars_car_ws/build/marscar_gazebo_ros2 -- -j20 -l20
[0.384s] Invoking command in '/home/hp/mars_car_ws/build/marscar_gazebo_ros2': CMAKE_PREFIX_PATH=${CMAKE_PREFIX_PATH}:/home/hp/mars_car_ws/install/mediapipe_ros2:/opt/ros/humble /usr/bin/cmake --install /home/hp/mars_car_ws/build/marscar_gazebo_ros2
[0.388s] -- Install configuration: ""
[0.388s] -- Up-to-date: /home/hp/mars_car_ws/install/marscar_gazebo_ros2/share/marscar_gazebo_ros2//launch
[0.391s] -- Up-to-date: /home/hp/mars_car_ws/install/marscar_gazebo_ros2/share/marscar_gazebo_ros2//launch/marscar_tiny.launch.py
[0.391s] -- Up-to-date: /home/hp/mars_car_ws/install/marscar_gazebo_ros2/share/marscar_gazebo_ros2//launch/tiny_spawn_urdf.launch.py
[0.391s] -- Up-to-date: /home/hp/mars_car_ws/install/marscar_gazebo_ros2/share/marscar_gazebo_ros2//launch/__pycache__
[0.392s] -- Installing: /home/hp/mars_car_ws/install/marscar_gazebo_ros2/share/marscar_gazebo_ros2//launch/__pycache__/marscar_tiny.launch.cpython-310.pyc
[0.392s] -- Up-to-date: /home/hp/mars_car_ws/install/marscar_gazebo_ros2/share/marscar_gazebo_ros2//launch/marscar_test.py
[0.392s] -- Up-to-date: /home/hp/mars_car_ws/install/marscar_gazebo_ros2/share/marscar_gazebo_ros2//launch/marscar.launch.py
[0.392s] -- Up-to-date: /home/hp/mars_car_ws/install/marscar_gazebo_ros2/share/marscar_gazebo_ros2//launch/spawn_urdf.launch.py
[0.392s] -- Up-to-date: /home/hp/mars_car_ws/install/marscar_gazebo_ros2/share/marscar_gazebo_ros2//launch/example_effort.launch.py
[0.392s] -- Up-to-date: /home/hp/mars_car_ws/install/marscar_gazebo_ros2/share/marscar_gazebo_ros2//config
[0.392s] -- Up-to-date: /home/hp/mars_car_ws/install/marscar_gazebo_ros2/share/marscar_gazebo_ros2//config/cartpole_controller_effort.yaml
[0.392s] -- Up-to-date: /home/hp/mars_car_ws/install/marscar_gazebo_ros2/share/marscar_gazebo_ros2//config/octomap_server.yaml
[0.392s] -- Up-to-date: /home/hp/mars_car_ws/install/marscar_gazebo_ros2/share/marscar_gazebo_ros2//config/mars_car_controller.yaml
[0.392s] -- Up-to-date: /home/hp/mars_car_ws/install/marscar_gazebo_ros2/share/marscar_gazebo_ros2//config/camera.yaml
[0.392s] -- Up-to-date: /home/hp/mars_car_ws/install/marscar_gazebo_ros2/share/marscar_gazebo_ros2//config/joystick.yaml
[0.392s] -- Up-to-date: /home/hp/mars_car_ws/install/marscar_gazebo_ros2/share/marscar_gazebo_ros2//config/twist_mux.yaml
[0.392s] -- Up-to-date: /home/hp/mars_car_ws/install/marscar_gazebo_ros2/share/marscar_gazebo_ros2//urdf
[0.392s] -- Up-to-date: /home/hp/mars_car_ws/install/marscar_gazebo_ros2/share/marscar_gazebo_ros2//urdf/mars_car_tiny_forward.urdf.xacro
[0.392s] -- Up-to-date: /home/hp/mars_car_ws/install/marscar_gazebo_ros2/share/marscar_gazebo_ros2//urdf/marscar_blender.urdf
[0.392s] -- Up-to-date: /home/hp/mars_car_ws/install/marscar_gazebo_ros2/share/marscar_gazebo_ros2//urdf/marscar_blender.urdf.xacro
[0.392s] -- Up-to-date: /home/hp/mars_car_ws/install/marscar_gazebo_ros2/share/marscar_gazebo_ros2//urdf/roll_effort.xacro
[0.393s] -- Up-to-date: /home/hp/mars_car_ws/install/marscar_gazebo_ros2/share/marscar_gazebo_ros2//urdf/mars_car_tiny_forward.urdf
[0.393s] -- Up-to-date: /home/hp/mars_car_ws/install/marscar_gazebo_ros2/share/marscar_gazebo_ros2//models
[0.393s] -- Up-to-date: /home/hp/mars_car_ws/install/marscar_gazebo_ros2/share/marscar_gazebo_ros2//models/mars_car
[0.394s] -- Up-to-date: /home/hp/mars_car_ws/install/marscar_gazebo_ros2/share/marscar_gazebo_ros2//models/mars_car/meshes
[0.394s] -- Up-to-date: /home/hp/mars_car_ws/install/marscar_gazebo_ros2/share/marscar_gazebo_ros2//models/mars_car/meshes/dae
[0.396s] -- Up-to-date: /home/hp/mars_car_ws/install/marscar_gazebo_ros2/share/marscar_gazebo_ros2//models/mars_car/meshes/dae/Mars6Mars_Rover__Curiosity_1_0__-_7__Matscam_Holder-1.001.dae_history.log
[0.396s] -- Up-to-date: /home/hp/mars_car_ws/install/marscar_gazebo_ros2/share/marscar_gazebo_ros2//models/mars_car/meshes/dae/Mars6Mars_Rover__Curiosity_1_0__-_1__Rover_Wheel_right_3.001.dae
[0.396s] -- Up-to-date: /home/hp/mars_car_ws/install/marscar_gazebo_ros2/share/marscar_gazebo_ros2//models/mars_car/meshes/dae/Mars6Mars_Rover__Curiosity_1_0__-_whole_body.001.dae_history.log
[0.396s] -- Up-to-date: /home/hp/mars_car_ws/install/marscar_gazebo_ros2/share/marscar_gazebo_ros2//models/mars_car/meshes/dae/Mars6Mars_Rover__Curiosity_1_0__-_1__Rover_Wheel_left_1.001.dae_history.log
[0.397s] -- Up-to-date: /home/hp/mars_car_ws/install/marscar_gazebo_ros2/share/marscar_gazebo_ros2//models/mars_car/meshes/dae/Mars6Mars_Rover__Curiosity_1_0__-_whole_body.001.dae
[0.397s] -- Up-to-date: /home/hp/mars_car_ws/install/marscar_gazebo_ros2/share/marscar_gazebo_ros2//models/mars_car/meshes/dae/Mars6Mars_Rover__Curiosity_1_0__-_1__Rover_Wheel_left_2.001.dae_history.log
[0.397s] -- Up-to-date: /home/hp/mars_car_ws/install/marscar_gazebo_ros2/share/marscar_gazebo_ros2//models/mars_car/meshes/dae/Mars6Mars_Rover__Curiosity_1_0__-_1__Rover_Wheel_left_2.001.dae
[0.397s] -- Up-to-date: /home/hp/mars_car_ws/install/marscar_gazebo_ros2/share/marscar_gazebo_ros2//models/mars_car/meshes/dae/Mars6Mars_Rover__Curiosity_1_0__-_33_Front_Wheel_Servo_mech.003.dae
[0.397s] -- Up-to-date: /home/hp/mars_car_ws/install/marscar_gazebo_ros2/share/marscar_gazebo_ros2//models/mars_car/meshes/dae/Mars6Mars_Rover__Curiosity_1_0__-_33_Front_Wheel_Servo_mech.004.dae_history.log
[0.397s] -- Up-to-date: /home/hp/mars_car_ws/install/marscar_gazebo_ros2/share/marscar_gazebo_ros2//models/mars_car/meshes/dae/Mars6Mars_Rover__Curiosity_1_0__-_16_Arm_1-2.001.dae_history.log
[0.397s] -- Up-to-date: /home/hp/mars_car_ws/install/marscar_gazebo_ros2/share/marscar_gazebo_ros2//models/mars_car/meshes/dae/Mars6Mars_Rover__Curiosity_1_0__-_17__Arm_2-2.001.dae
[0.397s] -- Up-to-date: /home/hp/mars_car_ws/install/marscar_gazebo_ros2/share/marscar_gazebo_ros2//models/mars_car/meshes/dae/Mars6Mars_Rover__Curiosity_1_0__-_18_Drill_joint-1.001.dae_history.log
[0.397s] -- Up-to-date: /home/hp/mars_car_ws/install/marscar_gazebo_ros2/share/marscar_gazebo_ros2//models/mars_car/meshes/dae/Mars6Mars_Rover__Curiosity_1_0__-_18_Drill_joint-1.001.dae
[0.398s] -- Up-to-date: /home/hp/mars_car_ws/install/marscar_gazebo_ros2/share/marscar_gazebo_ros2//models/mars_car/meshes/dae/Mars6Mars_Rover__Curiosity_1_0__-_16_Arm_1-2.001.dae
[0.398s] -- Up-to-date: /home/hp/mars_car_ws/install/marscar_gazebo_ros2/share/marscar_gazebo_ros2//models/mars_car/meshes/dae/Mars6Mars_Rover__Curiosity_1_0__-_28_Wheel_connector_1-2.001.dae
[0.398s] -- Up-to-date: /home/hp/mars_car_ws/install/marscar_gazebo_ros2/share/marscar_gazebo_ros2//models/mars_car/meshes/dae/Mars6Mars_Rover__Curiosity_1_0__-_1__Rover_Wheel_left_3.001.dae
[0.398s] -- Up-to-date: /home/hp/mars_car_ws/install/marscar_gazebo_ros2/share/marscar_gazebo_ros2//models/mars_car/meshes/dae/Mars6Mars_Rover__Curiosity_1_0__-_17__Arm_2-2.001.dae_history.log
[0.398s] -- Up-to-date: /home/hp/mars_car_ws/install/marscar_gazebo_ros2/share/marscar_gazebo_ros2//models/mars_car/meshes/dae/Mars6Mars_Rover__Curiosity_1_0__-_29_Wheel_Connector_2-2_00.dae_history.log
[0.398s] -- Up-to-date: /home/hp/mars_car_ws/install/marscar_gazebo_ros2/share/marscar_gazebo_ros2//models/mars_car/meshes/dae/Mars6Mars_Rover__Curiosity_1_0__-_28_Wheel_connector_1-2.001.dae_history.log
[0.398s] -- Up-to-date: /home/hp/mars_car_ws/install/marscar_gazebo_ros2/share/marscar_gazebo_ros2//models/mars_car/meshes/dae/Mars6Mars_Rover__Curiosity_1_0__-_1__Rover_Wheel_right_2.001.dae_history.log
[0.398s] -- Up-to-date: /home/hp/mars_car_ws/install/marscar_gazebo_ros2/share/marscar_gazebo_ros2//models/mars_car/meshes/dae/Mars6Mars_Rover__Curiosity_1_0__-_1__Rover_Wheel_right_3.001.dae_history.log
[0.398s] -- Up-to-date: /home/hp/mars_car_ws/install/marscar_gazebo_ros2/share/marscar_gazebo_ros2//models/mars_car/meshes/dae/Mars6Mars_Rover__Curiosity_1_0__-_33_Front_Wheel_Servo_mech.005.dae_history.log
[0.399s] -- Up-to-date: /home/hp/mars_car_ws/install/marscar_gazebo_ros2/share/marscar_gazebo_ros2//models/mars_car/meshes/dae/Mars6Mars_Rover__Curiosity_1_0__-_1__Rover_Wheel_right_1.001.dae_history.log
[0.399s] -- Up-to-date: /home/hp/mars_car_ws/install/marscar_gazebo_ros2/share/marscar_gazebo_ros2//models/mars_car/meshes/dae/Mars6Mars_Rover__Curiosity_1_0__-_33_Front_Wheel_Servo_mech.005.dae
[0.399s] -- Up-to-date: /home/hp/mars_car_ws/install/marscar_gazebo_ros2/share/marscar_gazebo_ros2//models/mars_car/meshes/dae/Mars6Mars_Rover__Curiosity_1_0__-_1__Rover_Wheel_left_3.001.dae_history.log
[0.399s] -- Up-to-date: /home/hp/mars_car_ws/install/marscar_gazebo_ros2/share/marscar_gazebo_ros2//models/mars_car/meshes/dae/Mars6Mars_Rover__Curiosity_1_0__-_29_Wheel_Connector_2-2.001.dae
[0.399s] -- Up-to-date: /home/hp/mars_car_ws/install/marscar_gazebo_ros2/share/marscar_gazebo_ros2//models/mars_car/meshes/dae/Mars6Mars_Rover__Curiosity_1_0__-_33_Front_Wheel_Servo_mech.006.dae_history.log
[0.399s] -- Up-to-date: /home/hp/mars_car_ws/install/marscar_gazebo_ros2/share/marscar_gazebo_ros2//models/mars_car/meshes/dae/Mars6Mars_Rover__Curiosity_1_0__-_1__Rover_Wheel_right_2.001.dae
[0.399s] -- Up-to-date: /home/hp/mars_car_ws/install/marscar_gazebo_ros2/share/marscar_gazebo_ros2//models/mars_car/meshes/dae/Mars6Mars_Rover__Curiosity_1_0__-_15__Arm_Axle-2.001.dae
[0.399s] -- Up-to-date: /home/hp/mars_car_ws/install/marscar_gazebo_ros2/share/marscar_gazebo_ros2//models/mars_car/meshes/dae/Mars6Mars_Rover__Curiosity_1_0__-_29_Wheel_Connector_2-2_00.dae
[0.410s] -- Up-to-date: /home/hp/mars_car_ws/install/marscar_gazebo_ros2/share/marscar_gazebo_ros2//models/mars_car/meshes/dae/Mars6Mars_Rover__Curiosity_1_0__-_28_Wheel_connector_1-2_00.dae
[0.411s] -- Up-to-date: /home/hp/mars_car_ws/install/marscar_gazebo_ros2/share/marscar_gazebo_ros2//models/mars_car/meshes/dae/Mars6Mars_Rover__Curiosity_1_0__-_33_Front_Wheel_Servo_mech.003.dae_history.log
[0.411s] -- Up-to-date: /home/hp/mars_car_ws/install/marscar_gazebo_ros2/share/marscar_gazebo_ros2//models/mars_car/meshes/dae/Mars6Mars_Rover__Curiosity_1_0__-_1__Rover_Wheel_right_1.001.dae
[0.411s] -- Up-to-date: /home/hp/mars_car_ws/install/marscar_gazebo_ros2/share/marscar_gazebo_ros2//models/mars_car/meshes/dae/Mars6Mars_Rover__Curiosity_1_0__-_15__Arm_Axle-2.001.dae_history.log
[0.411s] -- Up-to-date: /home/hp/mars_car_ws/install/marscar_gazebo_ros2/share/marscar_gazebo_ros2//models/mars_car/meshes/dae/Mars6Mars_Rover__Curiosity_1_0__-_1__Rover_Wheel_left_1.001.dae
[0.411s] -- Up-to-date: /home/hp/mars_car_ws/install/marscar_gazebo_ros2/share/marscar_gazebo_ros2//models/mars_car/meshes/dae/Mars6Mars_Rover__Curiosity_1_0__-_29_Wheel_Connector_2-2.001.dae_history.log
[0.411s] -- Up-to-date: /home/hp/mars_car_ws/install/marscar_gazebo_ros2/share/marscar_gazebo_ros2//models/mars_car/meshes/dae/Mars6Mars_Rover__Curiosity_1_0__-_28_Wheel_connector_1-2_00.dae_history.log
[0.411s] -- Up-to-date: /home/hp/mars_car_ws/install/marscar_gazebo_ros2/share/marscar_gazebo_ros2//models/mars_car/meshes/dae/Mars6Mars_Rover__Curiosity_1_0__-_33_Front_Wheel_Servo_mech.006.dae
[0.411s] -- Up-to-date: /home/hp/mars_car_ws/install/marscar_gazebo_ros2/share/marscar_gazebo_ros2//models/mars_car/meshes/dae/Mars6Mars_Rover__Curiosity_1_0__-_7__Matscam_Holder-1.001.dae
[0.411s] -- Up-to-date: /home/hp/mars_car_ws/install/marscar_gazebo_ros2/share/marscar_gazebo_ros2//models/mars_car/meshes/dae/Mars6Mars_Rover__Curiosity_1_0__-_33_Front_Wheel_Servo_mech.004.dae
[0.411s] -- Up-to-date: /home/hp/mars_car_ws/install/marscar_gazebo_ros2/share/marscar_gazebo_ros2//models/mars_car_tiny_forward
[0.412s] -- Up-to-date: /home/hp/mars_car_ws/install/marscar_gazebo_ros2/share/marscar_gazebo_ros2//models/mars_car_tiny_forward/meshes
[0.412s] -- Up-to-date: /home/hp/mars_car_ws/install/marscar_gazebo_ros2/share/marscar_gazebo_ros2//models/mars_car_tiny_forward/meshes/dae
[0.412s] -- Up-to-date: /home/hp/mars_car_ws/install/marscar_gazebo_ros2/share/marscar_gazebo_ros2//models/mars_car_tiny_forward/meshes/dae/Mars6Mars_Rover__Curiosity_1_0__-_7__Matscam_Holder-1.001.dae_history.log
[0.415s] -- Up-to-date: /home/hp/mars_car_ws/install/marscar_gazebo_ros2/share/marscar_gazebo_ros2//models/mars_car_tiny_forward/meshes/dae/Mars6Mars_Rover__Curiosity_1_0__-_1__Rover_Wheel_right_3.001.dae
[0.415s] -- Up-to-date: /home/hp/mars_car_ws/install/marscar_gazebo_ros2/share/marscar_gazebo_ros2//models/mars_car_tiny_forward/meshes/dae/Mars6Mars_Rover__Curiosity_1_0__-_whole_body.001.dae_history.log
[0.416s] -- Up-to-date: /home/hp/mars_car_ws/install/marscar_gazebo_ros2/share/marscar_gazebo_ros2//models/mars_car_tiny_forward/meshes/dae/Mars6Mars_Rover__Curiosity_1_0__-_1__Rover_Wheel_left_1.001.dae_history.log
[0.416s] -- Up-to-date: /home/hp/mars_car_ws/install/marscar_gazebo_ros2/share/marscar_gazebo_ros2//models/mars_car_tiny_forward/meshes/dae/Mars6Mars_Rover__Curiosity_1_0__-_whole_body.001.dae
[0.417s] -- Up-to-date: /home/hp/mars_car_ws/install/marscar_gazebo_ros2/share/marscar_gazebo_ros2//models/mars_car_tiny_forward/meshes/dae/Mars6Mars_Rover__Curiosity_1_0__-_1__Rover_Wheel_left_2.001.dae_history.log
[0.417s] -- Up-to-date: /home/hp/mars_car_ws/install/marscar_gazebo_ros2/share/marscar_gazebo_ros2//models/mars_car_tiny_forward/meshes/dae/Mars6Mars_Rover__Curiosity_1_0__-_1__Rover_Wheel_left_2.001.dae
[0.417s] -- Up-to-date: /home/hp/mars_car_ws/install/marscar_gazebo_ros2/share/marscar_gazebo_ros2//models/mars_car_tiny_forward/meshes/dae/Mars6Mars_Rover__Curiosity_1_0__-_33_Front_Wheel_Servo_mech.003.dae
[0.417s] -- Up-to-date: /home/hp/mars_car_ws/install/marscar_gazebo_ros2/share/marscar_gazebo_ros2//models/mars_car_tiny_forward/meshes/dae/Mars6Mars_Rover__Curiosity_1_0__-_33_Front_Wheel_Servo_mech.004.dae_history.log
[0.418s] -- Up-to-date: /home/hp/mars_car_ws/install/marscar_gazebo_ros2/share/marscar_gazebo_ros2//models/mars_car_tiny_forward/meshes/dae/Mars6Mars_Rover__Curiosity_1_0__-_18_Drill_joint-1.001.dae_history.log
[0.418s] -- Up-to-date: /home/hp/mars_car_ws/install/marscar_gazebo_ros2/share/marscar_gazebo_ros2//models/mars_car_tiny_forward/meshes/dae/Mars6Mars_Rover__Curiosity_1_0__-_18_Drill_joint-1.001.dae
[0.418s] -- Up-to-date: /home/hp/mars_car_ws/install/marscar_gazebo_ros2/share/marscar_gazebo_ros2//models/mars_car_tiny_forward/meshes/dae/Mars6Mars_Rover__Curiosity_1_0__-_28_Wheel_connector_1-2.001.dae
[0.420s] -- Up-to-date: /home/hp/mars_car_ws/install/marscar_gazebo_ros2/share/marscar_gazebo_ros2//models/mars_car_tiny_forward/meshes/dae/Mars6Mars_Rover__Curiosity_1_0__-_1__Rover_Wheel_left_3.001.dae
[0.420s] -- Up-to-date: /home/hp/mars_car_ws/install/marscar_gazebo_ros2/share/marscar_gazebo_ros2//models/mars_car_tiny_forward/meshes/dae/Mars6Mars_Rover__Curiosity_1_0__-_29_Wheel_Connector_2-2_00.dae_history.log
[0.420s] -- Up-to-date: /home/hp/mars_car_ws/install/marscar_gazebo_ros2/share/marscar_gazebo_ros2//models/mars_car_tiny_forward/meshes/dae/Mars6Mars_Rover__Curiosity_1_0__-_28_Wheel_connector_1-2.001.dae_history.log
[0.421s] -- Up-to-date: /home/hp/mars_car_ws/install/marscar_gazebo_ros2/share/marscar_gazebo_ros2//models/mars_car_tiny_forward/meshes/dae/Mars6Mars_Rover__Curiosity_1_0__-_1__Rover_Wheel_right_2.001.dae_history.log
[0.421s] -- Up-to-date: /home/hp/mars_car_ws/install/marscar_gazebo_ros2/share/marscar_gazebo_ros2//models/mars_car_tiny_forward/meshes/dae/Mars6Mars_Rover__Curiosity_1_0__-_1__Rover_Wheel_right_3.001.dae_history.log
[0.421s] -- Up-to-date: /home/hp/mars_car_ws/install/marscar_gazebo_ros2/share/marscar_gazebo_ros2//models/mars_car_tiny_forward/meshes/dae/Mars6Mars_Rover__Curiosity_1_0__-_33_Front_Wheel_Servo_mech.005.dae_history.log
[0.422s] -- Up-to-date: /home/hp/mars_car_ws/install/marscar_gazebo_ros2/share/marscar_gazebo_ros2//models/mars_car_tiny_forward/meshes/dae/Mars6Mars_Rover__Curiosity_1_0__-_1__Rover_Wheel_right_1.001.dae_history.log
[0.422s] -- Up-to-date: /home/hp/mars_car_ws/install/marscar_gazebo_ros2/share/marscar_gazebo_ros2//models/mars_car_tiny_forward/meshes/dae/Mars6Mars_Rover__Curiosity_1_0__-_33_Front_Wheel_Servo_mech.005.dae
[0.422s] -- Up-to-date: /home/hp/mars_car_ws/install/marscar_gazebo_ros2/share/marscar_gazebo_ros2//models/mars_car_tiny_forward/meshes/dae/Mars6Mars_Rover__Curiosity_1_0__-_1__Rover_Wheel_left_3.001.dae_history.log
[0.422s] -- Up-to-date: /home/hp/mars_car_ws/install/marscar_gazebo_ros2/share/marscar_gazebo_ros2//models/mars_car_tiny_forward/meshes/dae/Mars6Mars_Rover__Curiosity_1_0__-_29_Wheel_Connector_2-2.001.dae
[0.423s] -- Up-to-date: /home/hp/mars_car_ws/install/marscar_gazebo_ros2/share/marscar_gazebo_ros2//models/mars_car_tiny_forward/meshes/dae/Mars6Mars_Rover__Curiosity_1_0__-_33_Front_Wheel_Servo_mech.006.dae_history.log
[0.423s] -- Up-to-date: /home/hp/mars_car_ws/install/marscar_gazebo_ros2/share/marscar_gazebo_ros2//models/mars_car_tiny_forward/meshes/dae/Mars6Mars_Rover__Curiosity_1_0__-_1__Rover_Wheel_right_2.001.dae
[0.423s] -- Up-to-date: /home/hp/mars_car_ws/install/marscar_gazebo_ros2/share/marscar_gazebo_ros2//models/mars_car_tiny_forward/meshes/dae/Mars6Mars_Rover__Curiosity_1_0__-_29_Wheel_Connector_2-2_00.dae
[0.423s] -- Up-to-date: /home/hp/mars_car_ws/install/marscar_gazebo_ros2/share/marscar_gazebo_ros2//models/mars_car_tiny_forward/meshes/dae/Mars6Mars_Rover__Curiosity_1_0__-_28_Wheel_connector_1-2_00.dae
[0.423s] -- Up-to-date: /home/hp/mars_car_ws/install/marscar_gazebo_ros2/share/marscar_gazebo_ros2//models/mars_car_tiny_forward/meshes/dae/Mars6Mars_Rover__Curiosity_1_0__-_33_Front_Wheel_Servo_mech.003.dae_history.log
[0.423s] -- Up-to-date: /home/hp/mars_car_ws/install/marscar_gazebo_ros2/share/marscar_gazebo_ros2//models/mars_car_tiny_forward/meshes/dae/Mars6Mars_Rover__Curiosity_1_0__-_1__Rover_Wheel_right_1.001.dae
[0.424s] -- Up-to-date: /home/hp/mars_car_ws/install/marscar_gazebo_ros2/share/marscar_gazebo_ros2//models/mars_car_tiny_forward/meshes/dae/Mars6Mars_Rover__Curiosity_1_0__-_1__Rover_Wheel_left_1.001.dae
[0.425s] -- Up-to-date: /home/hp/mars_car_ws/install/marscar_gazebo_ros2/share/marscar_gazebo_ros2//models/mars_car_tiny_forward/meshes/dae/Mars6Mars_Rover__Curiosity_1_0__-_29_Wheel_Connector_2-2.001.dae_history.log
[0.426s] -- Up-to-date: /home/hp/mars_car_ws/install/marscar_gazebo_ros2/share/marscar_gazebo_ros2//models/mars_car_tiny_forward/meshes/dae/Mars6Mars_Rover__Curiosity_1_0__-_28_Wheel_connector_1-2_00.dae_history.log
[0.427s] -- Up-to-date: /home/hp/mars_car_ws/install/marscar_gazebo_ros2/share/marscar_gazebo_ros2//models/mars_car_tiny_forward/meshes/dae/Mars6Mars_Rover__Curiosity_1_0__-_33_Front_Wheel_Servo_mech.006.dae
[0.427s] -- Up-to-date: /home/hp/mars_car_ws/install/marscar_gazebo_ros2/share/marscar_gazebo_ros2//models/mars_car_tiny_forward/meshes/dae/Mars6Mars_Rover__Curiosity_1_0__-_7__Matscam_Holder-1.001.dae
[0.427s] -- Up-to-date: /home/hp/mars_car_ws/install/marscar_gazebo_ros2/share/marscar_gazebo_ros2//models/mars_car_tiny_forward/meshes/dae/Mars6Mars_Rover__Curiosity_1_0__-_33_Front_Wheel_Servo_mech.004.dae
[0.427s] -- Up-to-date: /home/hp/mars_car_ws/install/marscar_gazebo_ros2/share/marscar_gazebo_ros2//models/sand_heightmap
[0.427s] -- Up-to-date: /home/hp/mars_car_ws/install/marscar_gazebo_ros2/share/marscar_gazebo_ros2//models/sand_heightmap/meshes
[0.427s] -- Up-to-date: /home/hp/mars_car_ws/install/marscar_gazebo_ros2/share/marscar_gazebo_ros2//models/sand_heightmap/meshes/soil_sand_0045_01.jpg
[0.427s] -- Up-to-date: /home/hp/mars_car_ws/install/marscar_gazebo_ros2/share/marscar_gazebo_ros2//models/sand_heightmap/meshes/License and source for textures.txt
[0.427s] -- Up-to-date: /home/hp/mars_car_ws/install/marscar_gazebo_ros2/share/marscar_gazebo_ros2//models/sand_heightmap/meshes/heightmap.dae
[0.428s] -- Up-to-date: /home/hp/mars_car_ws/install/marscar_gazebo_ros2/share/marscar_gazebo_ros2//models/sand_heightmap/model.sdf
[0.428s] -- Up-to-date: /home/hp/mars_car_ws/install/marscar_gazebo_ros2/share/marscar_gazebo_ros2//models/sand_heightmap/model.config
[0.428s] -- Up-to-date: /home/hp/mars_car_ws/install/marscar_gazebo_ros2/share/marscar_gazebo_ros2//models/mars_car_tiny
[0.428s] -- Up-to-date: /home/hp/mars_car_ws/install/marscar_gazebo_ros2/share/marscar_gazebo_ros2//models/mars_car_tiny/meshes
[0.428s] -- Up-to-date: /home/hp/mars_car_ws/install/marscar_gazebo_ros2/share/marscar_gazebo_ros2//models/mars_car_tiny/meshes/dae
[0.428s] -- Up-to-date: /home/hp/mars_car_ws/install/marscar_gazebo_ros2/share/marscar_gazebo_ros2//models/mars_car_tiny/meshes/dae/Mars6Mars_Rover__Curiosity_1_0__-_7__Matscam_Holder-1.001.dae_history.log
[0.429s] -- Up-to-date: /home/hp/mars_car_ws/install/marscar_gazebo_ros2/share/marscar_gazebo_ros2//models/mars_car_tiny/meshes/dae/Mars6Mars_Rover__Curiosity_1_0__-_1__Rover_Wheel_right_3.001.dae
[0.429s] -- Up-to-date: /home/hp/mars_car_ws/install/marscar_gazebo_ros2/share/marscar_gazebo_ros2//models/mars_car_tiny/meshes/dae/Mars6Mars_Rover__Curiosity_1_0__-_whole_body.001.dae_history.log
[0.429s] -- Up-to-date: /home/hp/mars_car_ws/install/marscar_gazebo_ros2/share/marscar_gazebo_ros2//models/mars_car_tiny/meshes/dae/Mars6Mars_Rover__Curiosity_1_0__-_1__Rover_Wheel_left_1.001.dae_history.log
[0.429s] -- Up-to-date: /home/hp/mars_car_ws/install/marscar_gazebo_ros2/share/marscar_gazebo_ros2//models/mars_car_tiny/meshes/dae/Mars6Mars_Rover__Curiosity_1_0__-_whole_body.001.dae
[0.429s] -- Up-to-date: /home/hp/mars_car_ws/install/marscar_gazebo_ros2/share/marscar_gazebo_ros2//models/mars_car_tiny/meshes/dae/Mars6Mars_Rover__Curiosity_1_0__-_1__Rover_Wheel_left_2.001.dae_history.log
[0.429s] -- Up-to-date: /home/hp/mars_car_ws/install/marscar_gazebo_ros2/share/marscar_gazebo_ros2//models/mars_car_tiny/meshes/dae/Mars6Mars_Rover__Curiosity_1_0__-_1__Rover_Wheel_left_2.001.dae
[0.429s] -- Up-to-date: /home/hp/mars_car_ws/install/marscar_gazebo_ros2/share/marscar_gazebo_ros2//models/mars_car_tiny/meshes/dae/Mars6Mars_Rover__Curiosity_1_0__-_33_Front_Wheel_Servo_mech.003.dae
[0.429s] -- Up-to-date: /home/hp/mars_car_ws/install/marscar_gazebo_ros2/share/marscar_gazebo_ros2//models/mars_car_tiny/meshes/dae/Mars6Mars_Rover__Curiosity_1_0__-_33_Front_Wheel_Servo_mech.004.dae_history.log
[0.429s] -- Up-to-date: /home/hp/mars_car_ws/install/marscar_gazebo_ros2/share/marscar_gazebo_ros2//models/mars_car_tiny/meshes/dae/Mars6Mars_Rover__Curiosity_1_0__-_18_Drill_joint-1.001.dae_history.log
[0.429s] -- Up-to-date: /home/hp/mars_car_ws/install/marscar_gazebo_ros2/share/marscar_gazebo_ros2//models/mars_car_tiny/meshes/dae/Mars6Mars_Rover__Curiosity_1_0__-_18_Drill_joint-1.001.dae
[0.430s] -- Up-to-date: /home/hp/mars_car_ws/install/marscar_gazebo_ros2/share/marscar_gazebo_ros2//models/mars_car_tiny/meshes/dae/Mars6Mars_Rover__Curiosity_1_0__-_28_Wheel_connector_1-2.001.dae
[0.430s] -- Up-to-date: /home/hp/mars_car_ws/install/marscar_gazebo_ros2/share/marscar_gazebo_ros2//models/mars_car_tiny/meshes/dae/Mars6Mars_Rover__Curiosity_1_0__-_1__Rover_Wheel_left_3.001.dae
[0.430s] -- Up-to-date: /home/hp/mars_car_ws/install/marscar_gazebo_ros2/share/marscar_gazebo_ros2//models/mars_car_tiny/meshes/dae/Mars6Mars_Rover__Curiosity_1_0__-_29_Wheel_Connector_2-2_00.dae_history.log
[0.430s] -- Up-to-date: /home/hp/mars_car_ws/install/marscar_gazebo_ros2/share/marscar_gazebo_ros2//models/mars_car_tiny/meshes/dae/Mars6Mars_Rover__Curiosity_1_0__-_28_Wheel_connector_1-2.001.dae_history.log
[0.430s] -- Up-to-date: /home/hp/mars_car_ws/install/marscar_gazebo_ros2/share/marscar_gazebo_ros2//models/mars_car_tiny/meshes/dae/Mars6Mars_Rover__Curiosity_1_0__-_1__Rover_Wheel_right_2.001.dae_history.log
[0.430s] -- Up-to-date: /home/hp/mars_car_ws/install/marscar_gazebo_ros2/share/marscar_gazebo_ros2//models/mars_car_tiny/meshes/dae/Mars6Mars_Rover__Curiosity_1_0__-_1__Rover_Wheel_right_3.001.dae_history.log
[0.430s] -- Up-to-date: /home/hp/mars_car_ws/install/marscar_gazebo_ros2/share/marscar_gazebo_ros2//models/mars_car_tiny/meshes/dae/Mars6Mars_Rover__Curiosity_1_0__-_33_Front_Wheel_Servo_mech.005.dae_history.log
[0.430s] -- Up-to-date: /home/hp/mars_car_ws/install/marscar_gazebo_ros2/share/marscar_gazebo_ros2//models/mars_car_tiny/meshes/dae/Mars6Mars_Rover__Curiosity_1_0__-_1__Rover_Wheel_right_1.001.dae_history.log
[0.430s] -- Up-to-date: /home/hp/mars_car_ws/install/marscar_gazebo_ros2/share/marscar_gazebo_ros2//models/mars_car_tiny/meshes/dae/Mars6Mars_Rover__Curiosity_1_0__-_33_Front_Wheel_Servo_mech.005.dae
[0.430s] -- Up-to-date: /home/hp/mars_car_ws/install/marscar_gazebo_ros2/share/marscar_gazebo_ros2//models/mars_car_tiny/meshes/dae/Mars6Mars_Rover__Curiosity_1_0__-_1__Rover_Wheel_left_3.001.dae_history.log
[0.430s] -- Up-to-date: /home/hp/mars_car_ws/install/marscar_gazebo_ros2/share/marscar_gazebo_ros2//models/mars_car_tiny/meshes/dae/Mars6Mars_Rover__Curiosity_1_0__-_29_Wheel_Connector_2-2.001.dae
[0.430s] -- Up-to-date: /home/hp/mars_car_ws/install/marscar_gazebo_ros2/share/marscar_gazebo_ros2//models/mars_car_tiny/meshes/dae/Mars6Mars_Rover__Curiosity_1_0__-_33_Front_Wheel_Servo_mech.006.dae_history.log
[0.430s] -- Up-to-date: /home/hp/mars_car_ws/install/marscar_gazebo_ros2/share/marscar_gazebo_ros2//models/mars_car_tiny/meshes/dae/Mars6Mars_Rover__Curiosity_1_0__-_1__Rover_Wheel_right_2.001.dae
[0.430s] -- Up-to-date: /home/hp/mars_car_ws/install/marscar_gazebo_ros2/share/marscar_gazebo_ros2//models/mars_car_tiny/meshes/dae/Mars6Mars_Rover__Curiosity_1_0__-_29_Wheel_Connector_2-2_00.dae
[0.430s] -- Up-to-date: /home/hp/mars_car_ws/install/marscar_gazebo_ros2/share/marscar_gazebo_ros2//models/mars_car_tiny/meshes/dae/Mars6Mars_Rover__Curiosity_1_0__-_28_Wheel_connector_1-2_00.dae
[0.430s] -- Up-to-date: /home/hp/mars_car_ws/install/marscar_gazebo_ros2/share/marscar_gazebo_ros2//models/mars_car_tiny/meshes/dae/Mars6Mars_Rover__Curiosity_1_0__-_33_Front_Wheel_Servo_mech.003.dae_history.log
[0.430s] -- Up-to-date: /home/hp/mars_car_ws/install/marscar_gazebo_ros2/share/marscar_gazebo_ros2//models/mars_car_tiny/meshes/dae/Mars6Mars_Rover__Curiosity_1_0__-_1__Rover_Wheel_right_1.001.dae
[0.430s] -- Up-to-date: /home/hp/mars_car_ws/install/marscar_gazebo_ros2/share/marscar_gazebo_ros2//models/mars_car_tiny/meshes/dae/Mars6Mars_Rover__Curiosity_1_0__-_1__Rover_Wheel_left_1.001.dae
[0.430s] -- Up-to-date: /home/hp/mars_car_ws/install/marscar_gazebo_ros2/share/marscar_gazebo_ros2//models/mars_car_tiny/meshes/dae/Mars6Mars_Rover__Curiosity_1_0__-_29_Wheel_Connector_2-2.001.dae_history.log
[0.430s] -- Up-to-date: /home/hp/mars_car_ws/install/marscar_gazebo_ros2/share/marscar_gazebo_ros2//models/mars_car_tiny/meshes/dae/Mars6Mars_Rover__Curiosity_1_0__-_28_Wheel_connector_1-2_00.dae_history.log
[0.430s] -- Up-to-date: /home/hp/mars_car_ws/install/marscar_gazebo_ros2/share/marscar_gazebo_ros2//models/mars_car_tiny/meshes/dae/Mars6Mars_Rover__Curiosity_1_0__-_33_Front_Wheel_Servo_mech.006.dae
[0.430s] -- Up-to-date: /home/hp/mars_car_ws/install/marscar_gazebo_ros2/share/marscar_gazebo_ros2//models/mars_car_tiny/meshes/dae/Mars6Mars_Rover__Curiosity_1_0__-_7__Matscam_Holder-1.001.dae
[0.430s] -- Up-to-date: /home/hp/mars_car_ws/install/marscar_gazebo_ros2/share/marscar_gazebo_ros2//models/mars_car_tiny/meshes/dae/Mars6Mars_Rover__Curiosity_1_0__-_33_Front_Wheel_Servo_mech.004.dae
[0.430s] -- Up-to-date: /home/hp/mars_car_ws/install/marscar_gazebo_ros2/share/marscar_gazebo_ros2//models/keypoints
[0.431s] -- Up-to-date: /home/hp/mars_car_ws/install/marscar_gazebo_ros2/share/marscar_gazebo_ros2//models/keypoints/materials
[0.431s] -- Up-to-date: /home/hp/mars_car_ws/install/marscar_gazebo_ros2/share/marscar_gazebo_ros2//models/keypoints/materials/scripts
[0.431s] -- Up-to-date: /home/hp/mars_car_ws/install/marscar_gazebo_ros2/share/marscar_gazebo_ros2//models/keypoints/materials/scripts/keypoints.material
[0.431s] -- Up-to-date: /home/hp/mars_car_ws/install/marscar_gazebo_ros2/share/marscar_gazebo_ros2//models/keypoints/model.sdf
[0.431s] -- Up-to-date: /home/hp/mars_car_ws/install/marscar_gazebo_ros2/share/marscar_gazebo_ros2//models/keypoints/model.config
[0.431s] -- Up-to-date: /home/hp/mars_car_ws/install/marscar_gazebo_ros2/share/marscar_gazebo_ros2//models/blue_projectile
[0.431s] -- Up-to-date: /home/hp/mars_car_ws/install/marscar_gazebo_ros2/share/marscar_gazebo_ros2//models/blue_projectile/materials
[0.431s] -- Up-to-date: /home/hp/mars_car_ws/install/marscar_gazebo_ros2/share/marscar_gazebo_ros2//models/blue_projectile/materials/scripts
[0.431s] -- Up-to-date: /home/hp/mars_car_ws/install/marscar_gazebo_ros2/share/marscar_gazebo_ros2//models/blue_projectile/materials/scripts/blue_projectile.material
[0.433s] -- Up-to-date: /home/hp/mars_car_ws/install/marscar_gazebo_ros2/share/marscar_gazebo_ros2//models/blue_projectile/model.sdf
[0.433s] -- Up-to-date: /home/hp/mars_car_ws/install/marscar_gazebo_ros2/share/marscar_gazebo_ros2//models/blue_projectile/model.config
[0.433s] -- Up-to-date: /home/hp/mars_car_ws/install/marscar_gazebo_ros2/share/marscar_gazebo_ros2//worlds
[0.433s] -- Up-to-date: /home/hp/mars_car_ws/install/marscar_gazebo_ros2/share/marscar_gazebo_ros2//worlds/orb_slam.world
[0.433s] -- Up-to-date: /home/hp/mars_car_ws/install/marscar_gazebo_ros2/share/marscar_gazebo_ros2//worlds/sand.world
[0.433s] -- Up-to-date: /home/hp/mars_car_ws/install/marscar_gazebo_ros2/share/marscar_gazebo_ros2//worlds/simple.world
[0.433s] -- Up-to-date: /home/hp/mars_car_ws/install/marscar_gazebo_ros2/share/marscar_gazebo_ros2//worlds/hand_detect.world
[0.433s] -- Up-to-date: /home/hp/mars_car_ws/install/marscar_gazebo_ros2/share/marscar_gazebo_ros2//worlds/empty.world
[0.433s] -- Up-to-date: /home/hp/mars_car_ws/install/marscar_gazebo_ros2/share/marscar_gazebo_ros2//worlds/turtlebot3_world.world
[0.433s] -- Up-to-date: /home/hp/mars_car_ws/install/marscar_gazebo_ros2/share/marscar_gazebo_ros2//scripts
[0.433s] -- Up-to-date: /home/hp/mars_car_ws/install/marscar_gazebo_ros2/share/marscar_gazebo_ros2//scripts/joy2twist.py
[0.433s] -- Up-to-date: /home/hp/mars_car_ws/install/marscar_gazebo_ros2/share/marscar_gazebo_ros2//scripts/teleop_keyboard.py
[0.433s] -- Up-to-date: /home/hp/mars_car_ws/install/marscar_gazebo_ros2/share/marscar_gazebo_ros2//scripts/joy_shooter.py
[0.433s] -- Up-to-date: /home/hp/mars_car_ws/install/marscar_gazebo_ros2/share/marscar_gazebo_ros2//scripts/joy_cart.py
[0.433s] -- Up-to-date: /home/hp/mars_car_ws/install/marscar_gazebo_ros2/share/marscar_gazebo_ros2//scripts/test.py
[0.433s] -- Up-to-date: /home/hp/mars_car_ws/install/marscar_gazebo_ros2/share/marscar_gazebo_ros2//scripts/keep_balance.py
[0.433s] -- Up-to-date: /home/hp/mars_car_ws/install/marscar_gazebo_ros2/share/marscar_gazebo_ros2//scripts/mars_cmdvel.py
[0.433s] -- Up-to-date: /home/hp/mars_car_ws/install/marscar_gazebo_ros2/share/marscar_gazebo_ros2//scripts/__init__.py
[0.433s] -- Up-to-date: /home/hp/mars_car_ws/install/marscar_gazebo_ros2/share/marscar_gazebo_ros2//scripts/teleop_joy.py
[0.433s] -- Up-to-date: /home/hp/mars_car_ws/install/marscar_gazebo_ros2/share/marscar_gazebo_ros2//rviz2
[0.433s] -- Up-to-date: /home/hp/mars_car_ws/install/marscar_gazebo_ros2/share/marscar_gazebo_ros2//msgs
[0.433s] -- Up-to-date: /home/hp/mars_car_ws/install/marscar_gazebo_ros2/share/marscar_gazebo_ros2//msgs/msg
[0.433s] -- Up-to-date: /home/hp/mars_car_ws/install/marscar_gazebo_ros2/share/marscar_gazebo_ros2//msgs/msg/Cableposseqq.msg
[0.433s] -- Up-to-date: /home/hp/mars_car_ws/install/marscar_gazebo_ros2/share/marscar_gazebo_ros2//msgs/srv
[0.434s] -- Up-to-date: /home/hp/mars_car_ws/install/marscar_gazebo_ros2/share/marscar_gazebo_ros2//msgs/srv/BallShooter.srv
[0.434s] -- Up-to-date: /home/hp/mars_car_ws/install/marscar_gazebo_ros2/share/marscar_gazebo_ros2//sensor_description
[0.434s] -- Installing: /home/hp/mars_car_ws/install/marscar_gazebo_ros2/share/marscar_gazebo_ros2//sensor_description/ft_sensor.xacro
[0.434s] -- Up-to-date: /home/hp/mars_car_ws/install/marscar_gazebo_ros2/share/marscar_gazebo_ros2//sensor_description/material.xacro
[0.434s] -- Up-to-date: /home/hp/mars_car_ws/install/marscar_gazebo_ros2/share/marscar_gazebo_ros2//sensor_description/inertial_macros.xacro
[0.434s] -- Up-to-date: /home/hp/mars_car_ws/install/marscar_gazebo_ros2/share/marscar_gazebo_ros2//sensor_description/multi_camera.xacro
[0.434s] -- Up-to-date: /home/hp/mars_car_ws/install/marscar_gazebo_ros2/share/marscar_gazebo_ros2//sensor_description/imu.xacro
[0.434s] -- Up-to-date: /home/hp/mars_car_ws/install/marscar_gazebo_ros2/share/marscar_gazebo_ros2//sensor_description/marscar_3Dlidar.xacro
[0.434s] -- Up-to-date: /home/hp/mars_car_ws/install/marscar_gazebo_ros2/share/marscar_gazebo_ros2//sensor_description/marscar_lidar.xacro
[0.434s] -- Up-to-date: /home/hp/mars_car_ws/install/marscar_gazebo_ros2/share/marscar_gazebo_ros2//sensor_description/marscar_camera.xacro
[0.434s] -- Up-to-date: /home/hp/mars_car_ws/install/marscar_gazebo_ros2/share/marscar_gazebo_ros2//sensor_description/gps.xacro
[0.434s] -- Up-to-date: /home/hp/mars_car_ws/install/marscar_gazebo_ros2/share/marscar_gazebo_ros2//sensor_description/depth_camera.xacro
[0.435s] -- Up-to-date: /home/hp/mars_car_ws/install/marscar_gazebo_ros2/share/ament_index/resource_index/rosidl_interfaces/marscar_gazebo_ros2
[0.435s] -- Up-to-date: /home/hp/mars_car_ws/install/marscar_gazebo_ros2/include/marscar_gazebo_ros2/marscar_gazebo_ros2
[0.435s] -- Up-to-date: /home/hp/mars_car_ws/install/marscar_gazebo_ros2/include/marscar_gazebo_ros2/marscar_gazebo_ros2/msg
[0.435s] -- Up-to-date: /home/hp/mars_car_ws/install/marscar_gazebo_ros2/include/marscar_gazebo_ros2/marscar_gazebo_ros2/msg/rosidl_generator_c__visibility_control.h
[0.435s] -- Up-to-date: /home/hp/mars_car_ws/install/marscar_gazebo_ros2/include/marscar_gazebo_ros2/marscar_gazebo_ros2/msg/detail
[0.435s] -- Up-to-date: /home/hp/mars_car_ws/install/marscar_gazebo_ros2/include/marscar_gazebo_ros2/marscar_gazebo_ros2/msg/detail/cableposseqq__functions.c
[0.435s] -- Up-to-date: /home/hp/mars_car_ws/install/marscar_gazebo_ros2/include/marscar_gazebo_ros2/marscar_gazebo_ros2/msg/detail/cableposseqq__type_support.h
[0.435s] -- Up-to-date: /home/hp/mars_car_ws/install/marscar_gazebo_ros2/include/marscar_gazebo_ros2/marscar_gazebo_ros2/msg/detail/cableposseqq__struct.h
[0.435s] -- Up-to-date: /home/hp/mars_car_ws/install/marscar_gazebo_ros2/include/marscar_gazebo_ros2/marscar_gazebo_ros2/msg/detail/cableposseqq__functions.h
[0.436s] -- Up-to-date: /home/hp/mars_car_ws/install/marscar_gazebo_ros2/include/marscar_gazebo_ros2/marscar_gazebo_ros2/msg/cableposseqq.h
[0.436s] -- Up-to-date: /home/hp/mars_car_ws/install/marscar_gazebo_ros2/include/marscar_gazebo_ros2/marscar_gazebo_ros2/srv
[0.436s] -- Up-to-date: /home/hp/mars_car_ws/install/marscar_gazebo_ros2/include/marscar_gazebo_ros2/marscar_gazebo_ros2/srv/detail
[0.436s] -- Up-to-date: /home/hp/mars_car_ws/install/marscar_gazebo_ros2/include/marscar_gazebo_ros2/marscar_gazebo_ros2/srv/detail/ball_shooter__functions.c
[0.436s] -- Up-to-date: /home/hp/mars_car_ws/install/marscar_gazebo_ros2/include/marscar_gazebo_ros2/marscar_gazebo_ros2/srv/detail/ball_shooter__functions.h
[0.436s] -- Up-to-date: /home/hp/mars_car_ws/install/marscar_gazebo_ros2/include/marscar_gazebo_ros2/marscar_gazebo_ros2/srv/detail/ball_shooter__type_support.h
[0.436s] -- Up-to-date: /home/hp/mars_car_ws/install/marscar_gazebo_ros2/include/marscar_gazebo_ros2/marscar_gazebo_ros2/srv/detail/ball_shooter__struct.h
[0.436s] -- Up-to-date: /home/hp/mars_car_ws/install/marscar_gazebo_ros2/include/marscar_gazebo_ros2/marscar_gazebo_ros2/srv/ball_shooter.h
[0.436s] -- Up-to-date: /home/hp/mars_car_ws/install/marscar_gazebo_ros2/share/marscar_gazebo_ros2/environment/library_path.sh
[0.436s] -- Up-to-date: /home/hp/mars_car_ws/install/marscar_gazebo_ros2/share/marscar_gazebo_ros2/environment/library_path.dsv
[0.436s] -- Up-to-date: /home/hp/mars_car_ws/install/marscar_gazebo_ros2/lib/libmarscar_gazebo_ros2__rosidl_generator_c.so
[0.437s] -- Up-to-date: /home/hp/mars_car_ws/install/marscar_gazebo_ros2/include/marscar_gazebo_ros2/marscar_gazebo_ros2
[0.438s] -- Up-to-date: /home/hp/mars_car_ws/install/marscar_gazebo_ros2/include/marscar_gazebo_ros2/marscar_gazebo_ros2/msg
[0.438s] -- Up-to-date: /home/hp/mars_car_ws/install/marscar_gazebo_ros2/include/marscar_gazebo_ros2/marscar_gazebo_ros2/msg/detail
[0.438s] -- Up-to-date: /home/hp/mars_car_ws/install/marscar_gazebo_ros2/include/marscar_gazebo_ros2/marscar_gazebo_ros2/msg/detail/cableposseqq__rosidl_typesupport_fastrtps_c.h
[0.438s] -- Up-to-date: /home/hp/mars_car_ws/install/marscar_gazebo_ros2/include/marscar_gazebo_ros2/marscar_gazebo_ros2/msg/rosidl_typesupport_fastrtps_c__visibility_control.h
[0.438s] -- Up-to-date: /home/hp/mars_car_ws/install/marscar_gazebo_ros2/include/marscar_gazebo_ros2/marscar_gazebo_ros2/srv
[0.438s] -- Up-to-date: /home/hp/mars_car_ws/install/marscar_gazebo_ros2/include/marscar_gazebo_ros2/marscar_gazebo_ros2/srv/detail
[0.438s] -- Up-to-date: /home/hp/mars_car_ws/install/marscar_gazebo_ros2/include/marscar_gazebo_ros2/marscar_gazebo_ros2/srv/detail/ball_shooter__rosidl_typesupport_fastrtps_c.h
[0.438s] -- Up-to-date: /home/hp/mars_car_ws/install/marscar_gazebo_ros2/lib/libmarscar_gazebo_ros2__rosidl_typesupport_fastrtps_c.so
[0.439s] -- Up-to-date: /home/hp/mars_car_ws/install/marscar_gazebo_ros2/include/marscar_gazebo_ros2/marscar_gazebo_ros2
[0.439s] -- Up-to-date: /home/hp/mars_car_ws/install/marscar_gazebo_ros2/include/marscar_gazebo_ros2/marscar_gazebo_ros2/msg
[0.439s] -- Up-to-date: /home/hp/mars_car_ws/install/marscar_gazebo_ros2/include/marscar_gazebo_ros2/marscar_gazebo_ros2/msg/detail
[0.439s] -- Up-to-date: /home/hp/mars_car_ws/install/marscar_gazebo_ros2/include/marscar_gazebo_ros2/marscar_gazebo_ros2/msg/detail/cableposseqq__traits.hpp
[0.440s] -- Up-to-date: /home/hp/mars_car_ws/install/marscar_gazebo_ros2/include/marscar_gazebo_ros2/marscar_gazebo_ros2/msg/detail/cableposseqq__struct.hpp
[0.440s] -- Up-to-date: /home/hp/mars_car_ws/install/marscar_gazebo_ros2/include/marscar_gazebo_ros2/marscar_gazebo_ros2/msg/detail/cableposseqq__builder.hpp
[0.440s] -- Up-to-date: /home/hp/mars_car_ws/install/marscar_gazebo_ros2/include/marscar_gazebo_ros2/marscar_gazebo_ros2/msg/cableposseqq.hpp
[0.440s] -- Up-to-date: /home/hp/mars_car_ws/install/marscar_gazebo_ros2/include/marscar_gazebo_ros2/marscar_gazebo_ros2/srv
[0.440s] -- Up-to-date: /home/hp/mars_car_ws/install/marscar_gazebo_ros2/include/marscar_gazebo_ros2/marscar_gazebo_ros2/srv/ball_shooter.hpp
[0.440s] -- Up-to-date: /home/hp/mars_car_ws/install/marscar_gazebo_ros2/include/marscar_gazebo_ros2/marscar_gazebo_ros2/srv/detail
[0.440s] -- Up-to-date: /home/hp/mars_car_ws/install/marscar_gazebo_ros2/include/marscar_gazebo_ros2/marscar_gazebo_ros2/srv/detail/ball_shooter__traits.hpp
[0.440s] -- Up-to-date: /home/hp/mars_car_ws/install/marscar_gazebo_ros2/include/marscar_gazebo_ros2/marscar_gazebo_ros2/srv/detail/ball_shooter__builder.hpp
[0.440s] -- Up-to-date: /home/hp/mars_car_ws/install/marscar_gazebo_ros2/include/marscar_gazebo_ros2/marscar_gazebo_ros2/srv/detail/ball_shooter__struct.hpp
[0.440s] -- Up-to-date: /home/hp/mars_car_ws/install/marscar_gazebo_ros2/include/marscar_gazebo_ros2/marscar_gazebo_ros2
[0.440s] -- Up-to-date: /home/hp/mars_car_ws/install/marscar_gazebo_ros2/include/marscar_gazebo_ros2/marscar_gazebo_ros2/msg
[0.440s] -- Up-to-date: /home/hp/mars_car_ws/install/marscar_gazebo_ros2/include/marscar_gazebo_ros2/marscar_gazebo_ros2/msg/rosidl_typesupport_fastrtps_cpp__visibility_control.h
[0.440s] -- Up-to-date: /home/hp/mars_car_ws/install/marscar_gazebo_ros2/include/marscar_gazebo_ros2/marscar_gazebo_ros2/msg/detail
[0.440s] -- Up-to-date: /home/hp/mars_car_ws/install/marscar_gazebo_ros2/include/marscar_gazebo_ros2/marscar_gazebo_ros2/msg/detail/cableposseqq__rosidl_typesupport_fastrtps_cpp.hpp
[0.440s] -- Up-to-date: /home/hp/mars_car_ws/install/marscar_gazebo_ros2/include/marscar_gazebo_ros2/marscar_gazebo_ros2/msg/detail/dds_fastrtps
[0.440s] -- Up-to-date: /home/hp/mars_car_ws/install/marscar_gazebo_ros2/include/marscar_gazebo_ros2/marscar_gazebo_ros2/srv
[0.440s] -- Up-to-date: /home/hp/mars_car_ws/install/marscar_gazebo_ros2/include/marscar_gazebo_ros2/marscar_gazebo_ros2/srv/detail
[0.440s] -- Up-to-date: /home/hp/mars_car_ws/install/marscar_gazebo_ros2/include/marscar_gazebo_ros2/marscar_gazebo_ros2/srv/detail/dds_fastrtps
[0.440s] -- Up-to-date: /home/hp/mars_car_ws/install/marscar_gazebo_ros2/include/marscar_gazebo_ros2/marscar_gazebo_ros2/srv/detail/ball_shooter__rosidl_typesupport_fastrtps_cpp.hpp
[0.440s] -- Up-to-date: /home/hp/mars_car_ws/install/marscar_gazebo_ros2/lib/libmarscar_gazebo_ros2__rosidl_typesupport_fastrtps_cpp.so
[0.441s] -- Up-to-date: /home/hp/mars_car_ws/install/marscar_gazebo_ros2/include/marscar_gazebo_ros2/marscar_gazebo_ros2
[0.441s] -- Up-to-date: /home/hp/mars_car_ws/install/marscar_gazebo_ros2/include/marscar_gazebo_ros2/marscar_gazebo_ros2/msg
[0.441s] -- Up-to-date: /home/hp/mars_car_ws/install/marscar_gazebo_ros2/include/marscar_gazebo_ros2/marscar_gazebo_ros2/msg/detail
[0.441s] -- Up-to-date: /home/hp/mars_car_ws/install/marscar_gazebo_ros2/include/marscar_gazebo_ros2/marscar_gazebo_ros2/msg/detail/cableposseqq__type_support.c
[0.441s] -- Up-to-date: /home/hp/mars_car_ws/install/marscar_gazebo_ros2/include/marscar_gazebo_ros2/marscar_gazebo_ros2/msg/detail/cableposseqq__rosidl_typesupport_introspection_c.h
[0.442s] -- Up-to-date: /home/hp/mars_car_ws/install/marscar_gazebo_ros2/include/marscar_gazebo_ros2/marscar_gazebo_ros2/msg/rosidl_typesupport_introspection_c__visibility_control.h
[0.442s] -- Up-to-date: /home/hp/mars_car_ws/install/marscar_gazebo_ros2/include/marscar_gazebo_ros2/marscar_gazebo_ros2/srv
[0.442s] -- Up-to-date: /home/hp/mars_car_ws/install/marscar_gazebo_ros2/include/marscar_gazebo_ros2/marscar_gazebo_ros2/srv/detail
[0.442s] -- Up-to-date: /home/hp/mars_car_ws/install/marscar_gazebo_ros2/include/marscar_gazebo_ros2/marscar_gazebo_ros2/srv/detail/ball_shooter__rosidl_typesupport_introspection_c.h
[0.442s] -- Up-to-date: /home/hp/mars_car_ws/install/marscar_gazebo_ros2/include/marscar_gazebo_ros2/marscar_gazebo_ros2/srv/detail/ball_shooter__type_support.c
[0.442s] -- Up-to-date: /home/hp/mars_car_ws/install/marscar_gazebo_ros2/lib/libmarscar_gazebo_ros2__rosidl_typesupport_introspection_c.so
[0.442s] -- Up-to-date: /home/hp/mars_car_ws/install/marscar_gazebo_ros2/lib/libmarscar_gazebo_ros2__rosidl_typesupport_c.so
[0.442s] -- Up-to-date: /home/hp/mars_car_ws/install/marscar_gazebo_ros2/include/marscar_gazebo_ros2/marscar_gazebo_ros2
[0.442s] -- Up-to-date: /home/hp/mars_car_ws/install/marscar_gazebo_ros2/include/marscar_gazebo_ros2/marscar_gazebo_ros2/msg
[0.442s] -- Up-to-date: /home/hp/mars_car_ws/install/marscar_gazebo_ros2/include/marscar_gazebo_ros2/marscar_gazebo_ros2/msg/detail
[0.442s] -- Up-to-date: /home/hp/mars_car_ws/install/marscar_gazebo_ros2/include/marscar_gazebo_ros2/marscar_gazebo_ros2/msg/detail/cableposseqq__type_support.cpp
[0.442s] -- Up-to-date: /home/hp/mars_car_ws/install/marscar_gazebo_ros2/include/marscar_gazebo_ros2/marscar_gazebo_ros2/msg/detail/cableposseqq__rosidl_typesupport_introspection_cpp.hpp
[0.442s] -- Up-to-date: /home/hp/mars_car_ws/install/marscar_gazebo_ros2/include/marscar_gazebo_ros2/marscar_gazebo_ros2/srv
[0.442s] -- Up-to-date: /home/hp/mars_car_ws/install/marscar_gazebo_ros2/include/marscar_gazebo_ros2/marscar_gazebo_ros2/srv/detail
[0.442s] -- Up-to-date: /home/hp/mars_car_ws/install/marscar_gazebo_ros2/include/marscar_gazebo_ros2/marscar_gazebo_ros2/srv/detail/ball_shooter__rosidl_typesupport_introspection_cpp.hpp
[0.443s] -- Up-to-date: /home/hp/mars_car_ws/install/marscar_gazebo_ros2/include/marscar_gazebo_ros2/marscar_gazebo_ros2/srv/detail/ball_shooter__type_support.cpp
[0.443s] -- Up-to-date: /home/hp/mars_car_ws/install/marscar_gazebo_ros2/lib/libmarscar_gazebo_ros2__rosidl_typesupport_introspection_cpp.so
[0.443s] -- Up-to-date: /home/hp/mars_car_ws/install/marscar_gazebo_ros2/lib/libmarscar_gazebo_ros2__rosidl_typesupport_cpp.so
[0.443s] -- Up-to-date: /home/hp/mars_car_ws/install/marscar_gazebo_ros2/share/marscar_gazebo_ros2/environment/pythonpath.sh
[0.443s] -- Up-to-date: /home/hp/mars_car_ws/install/marscar_gazebo_ros2/share/marscar_gazebo_ros2/environment/pythonpath.dsv
[0.443s] -- Up-to-date: /home/hp/mars_car_ws/install/marscar_gazebo_ros2/local/lib/python3.10/dist-packages/marscar_gazebo_ros2-0.5.1-py3.10.egg-info
[0.443s] -- Installing: /home/hp/mars_car_ws/install/marscar_gazebo_ros2/local/lib/python3.10/dist-packages/marscar_gazebo_ros2-0.5.1-py3.10.egg-info/top_level.txt
[0.443s] -- Installing: /home/hp/mars_car_ws/install/marscar_gazebo_ros2/local/lib/python3.10/dist-packages/marscar_gazebo_ros2-0.5.1-py3.10.egg-info/SOURCES.txt
[0.443s] -- Installing: /home/hp/mars_car_ws/install/marscar_gazebo_ros2/local/lib/python3.10/dist-packages/marscar_gazebo_ros2-0.5.1-py3.10.egg-info/PKG-INFO
[0.443s] -- Installing: /home/hp/mars_car_ws/install/marscar_gazebo_ros2/local/lib/python3.10/dist-packages/marscar_gazebo_ros2-0.5.1-py3.10.egg-info/dependency_links.txt
[0.443s] -- Up-to-date: /home/hp/mars_car_ws/install/marscar_gazebo_ros2/local/lib/python3.10/dist-packages/marscar_gazebo_ros2
[0.443s] -- Up-to-date: /home/hp/mars_car_ws/install/marscar_gazebo_ros2/local/lib/python3.10/dist-packages/marscar_gazebo_ros2/msg
[0.443s] -- Up-to-date: /home/hp/mars_car_ws/install/marscar_gazebo_ros2/local/lib/python3.10/dist-packages/marscar_gazebo_ros2/msg/_cableposseqq.py
[0.443s] -- Up-to-date: /home/hp/mars_car_ws/install/marscar_gazebo_ros2/local/lib/python3.10/dist-packages/marscar_gazebo_ros2/msg/_cableposseqq_s.c
[0.443s] -- Up-to-date: /home/hp/mars_car_ws/install/marscar_gazebo_ros2/local/lib/python3.10/dist-packages/marscar_gazebo_ros2/msg/__init__.py
[0.443s] -- Up-to-date: /home/hp/mars_car_ws/install/marscar_gazebo_ros2/local/lib/python3.10/dist-packages/marscar_gazebo_ros2/_marscar_gazebo_ros2_s.ep.rosidl_typesupport_c.c
[0.443s] -- Up-to-date: /home/hp/mars_car_ws/install/marscar_gazebo_ros2/local/lib/python3.10/dist-packages/marscar_gazebo_ros2/marscar_gazebo_ros2_s__rosidl_typesupport_introspection_c.cpython-310-x86_64-linux-gnu.so
[0.443s] -- Up-to-date: /home/hp/mars_car_ws/install/marscar_gazebo_ros2/local/lib/python3.10/dist-packages/marscar_gazebo_ros2/marscar_gazebo_ros2_s__rosidl_typesupport_c.cpython-310-x86_64-linux-gnu.so
[0.443s] -- Up-to-date: /home/hp/mars_car_ws/install/marscar_gazebo_ros2/local/lib/python3.10/dist-packages/marscar_gazebo_ros2/_marscar_gazebo_ros2_s.ep.rosidl_typesupport_fastrtps_c.c
[0.444s] -- Up-to-date: /home/hp/mars_car_ws/install/marscar_gazebo_ros2/local/lib/python3.10/dist-packages/marscar_gazebo_ros2/marscar_gazebo_ros2_s__rosidl_typesupport_fastrtps_c.cpython-310-x86_64-linux-gnu.so
[0.444s] -- Up-to-date: /home/hp/mars_car_ws/install/marscar_gazebo_ros2/local/lib/python3.10/dist-packages/marscar_gazebo_ros2/_marscar_gazebo_ros2_s.ep.rosidl_typesupport_introspection_c.c
[0.444s] -- Up-to-date: /home/hp/mars_car_ws/install/marscar_gazebo_ros2/local/lib/python3.10/dist-packages/marscar_gazebo_ros2/srv
[0.444s] -- Up-to-date: /home/hp/mars_car_ws/install/marscar_gazebo_ros2/local/lib/python3.10/dist-packages/marscar_gazebo_ros2/srv/_ball_shooter.py
[0.444s] -- Up-to-date: /home/hp/mars_car_ws/install/marscar_gazebo_ros2/local/lib/python3.10/dist-packages/marscar_gazebo_ros2/srv/_ball_shooter_s.c
[0.444s] -- Up-to-date: /home/hp/mars_car_ws/install/marscar_gazebo_ros2/local/lib/python3.10/dist-packages/marscar_gazebo_ros2/srv/__init__.py
[0.444s] -- Up-to-date: /home/hp/mars_car_ws/install/marscar_gazebo_ros2/local/lib/python3.10/dist-packages/marscar_gazebo_ros2/libmarscar_gazebo_ros2__rosidl_generator_py.so
[0.444s] -- Up-to-date: /home/hp/mars_car_ws/install/marscar_gazebo_ros2/local/lib/python3.10/dist-packages/marscar_gazebo_ros2/__init__.py
[0.447s] Listing '/home/hp/mars_car_ws/install/marscar_gazebo_ros2/local/lib/python3.10/dist-packages/marscar_gazebo_ros2'...
[0.447s] Listing '/home/hp/mars_car_ws/install/marscar_gazebo_ros2/local/lib/python3.10/dist-packages/marscar_gazebo_ros2/msg'...
[0.447s] Listing '/home/hp/mars_car_ws/install/marscar_gazebo_ros2/local/lib/python3.10/dist-packages/marscar_gazebo_ros2/srv'...
[0.447s] -- Up-to-date: /home/hp/mars_car_ws/install/marscar_gazebo_ros2/local/lib/python3.10/dist-packages/marscar_gazebo_ros2/marscar_gazebo_ros2_s__rosidl_typesupport_fastrtps_c.cpython-310-x86_64-linux-gnu.so
[0.447s] -- Up-to-date: /home/hp/mars_car_ws/install/marscar_gazebo_ros2/local/lib/python3.10/dist-packages/marscar_gazebo_ros2/marscar_gazebo_ros2_s__rosidl_typesupport_introspection_c.cpython-310-x86_64-linux-gnu.so
[0.448s] -- Up-to-date: /home/hp/mars_car_ws/install/marscar_gazebo_ros2/local/lib/python3.10/dist-packages/marscar_gazebo_ros2/marscar_gazebo_ros2_s__rosidl_typesupport_c.cpython-310-x86_64-linux-gnu.so
[0.448s] -- Up-to-date: /home/hp/mars_car_ws/install/marscar_gazebo_ros2/lib/libmarscar_gazebo_ros2__rosidl_generator_py.so
[0.448s] -- Up-to-date: /home/hp/mars_car_ws/install/marscar_gazebo_ros2/share/marscar_gazebo_ros2/msg/Cableposseqq.idl
[0.448s] -- Up-to-date: /home/hp/mars_car_ws/install/marscar_gazebo_ros2/share/marscar_gazebo_ros2/srv/BallShooter.idl
[0.448s] -- Up-to-date: /home/hp/mars_car_ws/install/marscar_gazebo_ros2/share/marscar_gazebo_ros2/msg/Cableposseqq.msg
[0.448s] -- Up-to-date: /home/hp/mars_car_ws/install/marscar_gazebo_ros2/share/marscar_gazebo_ros2/srv/BallShooter.srv
[0.448s] -- Up-to-date: /home/hp/mars_car_ws/install/marscar_gazebo_ros2/share/marscar_gazebo_ros2/srv/BallShooter_Request.msg
[0.448s] -- Up-to-date: /home/hp/mars_car_ws/install/marscar_gazebo_ros2/share/marscar_gazebo_ros2/srv/BallShooter_Response.msg
[0.448s] -- Up-to-date: /home/hp/mars_car_ws/install/marscar_gazebo_ros2/lib/marscar_gazebo_ros2/mars_cmdvel.py
[0.448s] -- Up-to-date: /home/hp/mars_car_ws/install/marscar_gazebo_ros2/lib/marscar_gazebo_ros2/joy2twist.py
[0.448s] -- Up-to-date: /home/hp/mars_car_ws/install/marscar_gazebo_ros2/lib/marscar_gazebo_ros2/teleop_keyboard.py
[0.448s] -- Up-to-date: /home/hp/mars_car_ws/install/marscar_gazebo_ros2/lib/marscar_gazebo_ros2/keep_balance.py
[0.448s] -- Up-to-date: /home/hp/mars_car_ws/install/marscar_gazebo_ros2/lib/marscar_gazebo_ros2/joy_shooter.py
[0.448s] -- Up-to-date: /home/hp/mars_car_ws/install/marscar_gazebo_ros2/lib/marscar_gazebo_ros2/joy_cart.py
[0.448s] -- Up-to-date: /home/hp/mars_car_ws/install/marscar_gazebo_ros2/share/ament_index/resource_index/package_run_dependencies/marscar_gazebo_ros2
[0.448s] -- Up-to-date: /home/hp/mars_car_ws/install/marscar_gazebo_ros2/share/ament_index/resource_index/parent_prefix_path/marscar_gazebo_ros2
[0.448s] -- Up-to-date: /home/hp/mars_car_ws/install/marscar_gazebo_ros2/share/marscar_gazebo_ros2/environment/ament_prefix_path.sh
[0.448s] -- Up-to-date: /home/hp/mars_car_ws/install/marscar_gazebo_ros2/share/marscar_gazebo_ros2/environment/ament_prefix_path.dsv
[0.448s] -- Up-to-date: /home/hp/mars_car_ws/install/marscar_gazebo_ros2/share/marscar_gazebo_ros2/environment/path.sh
[0.448s] -- Up-to-date: /home/hp/mars_car_ws/install/marscar_gazebo_ros2/share/marscar_gazebo_ros2/environment/path.dsv
[0.448s] -- Up-to-date: /home/hp/mars_car_ws/install/marscar_gazebo_ros2/share/marscar_gazebo_ros2/local_setup.bash
[0.448s] -- Up-to-date: /home/hp/mars_car_ws/install/marscar_gazebo_ros2/share/marscar_gazebo_ros2/local_setup.sh
[0.448s] -- Up-to-date: /home/hp/mars_car_ws/install/marscar_gazebo_ros2/share/marscar_gazebo_ros2/local_setup.zsh
[0.448s] -- Up-to-date: /home/hp/mars_car_ws/install/marscar_gazebo_ros2/share/marscar_gazebo_ros2/local_setup.dsv
[0.448s] -- Installing: /home/hp/mars_car_ws/install/marscar_gazebo_ros2/share/marscar_gazebo_ros2/package.dsv
[0.448s] -- Up-to-date: /home/hp/mars_car_ws/install/marscar_gazebo_ros2/share/ament_index/resource_index/packages/marscar_gazebo_ros2
[0.449s] -- Up-to-date: /home/hp/mars_car_ws/install/marscar_gazebo_ros2/share/marscar_gazebo_ros2/cmake/export_marscar_gazebo_ros2__rosidl_generator_cExport.cmake
[0.449s] -- Up-to-date: /home/hp/mars_car_ws/install/marscar_gazebo_ros2/share/marscar_gazebo_ros2/cmake/export_marscar_gazebo_ros2__rosidl_generator_cExport-noconfig.cmake
[0.449s] -- Up-to-date: /home/hp/mars_car_ws/install/marscar_gazebo_ros2/share/marscar_gazebo_ros2/cmake/export_marscar_gazebo_ros2__rosidl_typesupport_fastrtps_cExport.cmake
[0.449s] -- Up-to-date: /home/hp/mars_car_ws/install/marscar_gazebo_ros2/share/marscar_gazebo_ros2/cmake/export_marscar_gazebo_ros2__rosidl_typesupport_fastrtps_cExport-noconfig.cmake
[0.449s] -- Up-to-date: /home/hp/mars_car_ws/install/marscar_gazebo_ros2/share/marscar_gazebo_ros2/cmake/export_marscar_gazebo_ros2__rosidl_generator_cppExport.cmake
[0.449s] -- Up-to-date: /home/hp/mars_car_ws/install/marscar_gazebo_ros2/share/marscar_gazebo_ros2/cmake/export_marscar_gazebo_ros2__rosidl_typesupport_fastrtps_cppExport.cmake
[0.449s] -- Up-to-date: /home/hp/mars_car_ws/install/marscar_gazebo_ros2/share/marscar_gazebo_ros2/cmake/export_marscar_gazebo_ros2__rosidl_typesupport_fastrtps_cppExport-noconfig.cmake
[0.449s] -- Up-to-date: /home/hp/mars_car_ws/install/marscar_gazebo_ros2/share/marscar_gazebo_ros2/cmake/marscar_gazebo_ros2__rosidl_typesupport_introspection_cExport.cmake
[0.449s] -- Up-to-date: /home/hp/mars_car_ws/install/marscar_gazebo_ros2/share/marscar_gazebo_ros2/cmake/marscar_gazebo_ros2__rosidl_typesupport_introspection_cExport-noconfig.cmake
[0.449s] -- Up-to-date: /home/hp/mars_car_ws/install/marscar_gazebo_ros2/share/marscar_gazebo_ros2/cmake/marscar_gazebo_ros2__rosidl_typesupport_cExport.cmake
[0.449s] -- Up-to-date: /home/hp/mars_car_ws/install/marscar_gazebo_ros2/share/marscar_gazebo_ros2/cmake/marscar_gazebo_ros2__rosidl_typesupport_cExport-noconfig.cmake
[0.449s] -- Up-to-date: /home/hp/mars_car_ws/install/marscar_gazebo_ros2/share/marscar_gazebo_ros2/cmake/marscar_gazebo_ros2__rosidl_typesupport_introspection_cppExport.cmake
[0.449s] -- Up-to-date: /home/hp/mars_car_ws/install/marscar_gazebo_ros2/share/marscar_gazebo_ros2/cmake/marscar_gazebo_ros2__rosidl_typesupport_introspection_cppExport-noconfig.cmake
[0.449s] -- Up-to-date: /home/hp/mars_car_ws/install/marscar_gazebo_ros2/share/marscar_gazebo_ros2/cmake/marscar_gazebo_ros2__rosidl_typesupport_cppExport.cmake
[0.449s] -- Up-to-date: /home/hp/mars_car_ws/install/marscar_gazebo_ros2/share/marscar_gazebo_ros2/cmake/marscar_gazebo_ros2__rosidl_typesupport_cppExport-noconfig.cmake
[0.449s] -- Up-to-date: /home/hp/mars_car_ws/install/marscar_gazebo_ros2/share/marscar_gazebo_ros2/cmake/export_marscar_gazebo_ros2__rosidl_generator_pyExport.cmake
[0.449s] -- Up-to-date: /home/hp/mars_car_ws/install/marscar_gazebo_ros2/share/marscar_gazebo_ros2/cmake/export_marscar_gazebo_ros2__rosidl_generator_pyExport-noconfig.cmake
[0.449s] -- Up-to-date: /home/hp/mars_car_ws/install/marscar_gazebo_ros2/share/marscar_gazebo_ros2/cmake/rosidl_cmake-extras.cmake
[0.449s] -- Up-to-date: /home/hp/mars_car_ws/install/marscar_gazebo_ros2/share/marscar_gazebo_ros2/cmake/ament_cmake_export_include_directories-extras.cmake
[0.449s] -- Up-to-date: /home/hp/mars_car_ws/install/marscar_gazebo_ros2/share/marscar_gazebo_ros2/cmake/ament_cmake_export_libraries-extras.cmake
[0.449s] -- Up-to-date: /home/hp/mars_car_ws/install/marscar_gazebo_ros2/share/marscar_gazebo_ros2/cmake/ament_cmake_export_targets-extras.cmake
[0.449s] -- Up-to-date: /home/hp/mars_car_ws/install/marscar_gazebo_ros2/share/marscar_gazebo_ros2/cmake/rosidl_cmake_export_typesupport_targets-extras.cmake
[0.449s] -- Up-to-date: /home/hp/mars_car_ws/install/marscar_gazebo_ros2/share/marscar_gazebo_ros2/cmake/ament_cmake_export_dependencies-extras.cmake
[0.449s] -- Up-to-date: /home/hp/mars_car_ws/install/marscar_gazebo_ros2/share/marscar_gazebo_ros2/cmake/rosidl_cmake_export_typesupport_libraries-extras.cmake
[0.449s] -- Up-to-date: /home/hp/mars_car_ws/install/marscar_gazebo_ros2/share/marscar_gazebo_ros2/cmake/marscar_gazebo_ros2Config.cmake
[0.449s] -- Up-to-date: /home/hp/mars_car_ws/install/marscar_gazebo_ros2/share/marscar_gazebo_ros2/cmake/marscar_gazebo_ros2Config-version.cmake
[0.449s] -- Up-to-date: /home/hp/mars_car_ws/install/marscar_gazebo_ros2/share/marscar_gazebo_ros2/package.xml
[0.449s] Invoked command in '/home/hp/mars_car_ws/build/marscar_gazebo_ros2' returned '0': CMAKE_PREFIX_PATH=${CMAKE_PREFIX_PATH}:/home/hp/mars_car_ws/install/mediapipe_ros2:/opt/ros/humble /usr/bin/cmake --install /home/hp/mars_car_ws/build/marscar_gazebo_ros2
