[0.211s] DEBUG:colcon:Command line arguments: ['/usr/bin/colcon', 'build', '--packages-select', 'marscar_gazebo_ros2', 'mediapipe_ros2', 'gazebo_plugins_mode']
[0.211s] DEBUG:colcon:Parsed command line arguments: Namespace(log_base=None, log_level=None, verb_name='build', build_base='build', install_base='install', merge_install=False, symlink_install=False, test_result_base=None, continue_on_error=False, executor='parallel', parallel_workers=20, event_handlers=None, ignore_user_meta=False, metas=['./colcon.meta'], base_paths=['.'], packages_ignore=None, packages_ignore_regex=None, paths=None, packages_up_to=None, packages_up_to_regex=None, packages_above=None, packages_above_and_dependencies=None, packages_above_depth=None, packages_select_by_dep=None, packages_skip_by_dep=None, packages_skip_up_to=None, packages_select_build_failed=False, packages_skip_build_finished=False, packages_select_test_failures=False, packages_skip_test_passed=False, packages_select=['marscar_gazebo_ros2', 'mediapipe_ros2', 'gazebo_plugins_mode'], packages_skip=None, packages_select_regex=None, packages_skip_regex=None, packages_start=None, packages_end=None, allow_overriding=[], cmake_args=None, cmake_target=None, cmake_target_skip_unavailable=False, cmake_clean_cache=False, cmake_clean_first=False, cmake_force_configure=False, ament_cmake_args=None, catkin_cmake_args=None, catkin_skip_building_tests=False, verb_parser=<colcon_defaults.argument_parser.defaults.DefaultArgumentsDecorator object at 0x7ff4b7acd7b0>, verb_extension=<colcon_core.verb.build.BuildVerb object at 0x7ff4b84d5b70>, main=<bound method BuildVerb.main of <colcon_core.verb.build.BuildVerb object at 0x7ff4b84d5b70>>)
[0.226s] Level 1:colcon.colcon_core.package_discovery:discover_packages(colcon_meta) check parameters
[0.226s] Level 1:colcon.colcon_core.package_discovery:discover_packages(recursive) check parameters
[0.227s] Level 1:colcon.colcon_core.package_discovery:discover_packages(ignore) check parameters
[0.227s] Level 1:colcon.colcon_core.package_discovery:discover_packages(path) check parameters
[0.227s] Level 1:colcon.colcon_core.package_discovery:discover_packages(colcon_meta) discover
[0.227s] Level 1:colcon.colcon_core.package_discovery:discover_packages(recursive) discover
[0.227s] INFO:colcon.colcon_core.package_discovery:Crawling recursively for packages in '/home/hp/marscar_ws'
[0.227s] Level 1:colcon.colcon_core.package_identification:_identify(.) by extensions ['ignore', 'ignore_ament_install']
[0.227s] Level 1:colcon.colcon_core.package_identification:_identify(.) by extension 'ignore'
[0.227s] Level 1:colcon.colcon_core.package_identification:_identify(.) by extension 'ignore_ament_install'
[0.227s] Level 1:colcon.colcon_core.package_identification:_identify(.) by extensions ['colcon_pkg']
[0.227s] Level 1:colcon.colcon_core.package_identification:_identify(.) by extension 'colcon_pkg'
[0.227s] Level 1:colcon.colcon_core.package_identification:_identify(.) by extensions ['colcon_meta']
[0.227s] Level 1:colcon.colcon_core.package_identification:_identify(.) by extension 'colcon_meta'
[0.227s] Level 1:colcon.colcon_core.package_identification:_identify(.) by extensions ['ros']
[0.227s] Level 1:colcon.colcon_core.package_identification:_identify(.) by extension 'ros'
[0.235s] Level 1:colcon.colcon_core.package_identification:_identify(.) by extensions ['cmake', 'python']
[0.235s] Level 1:colcon.colcon_core.package_identification:_identify(.) by extension 'cmake'
[0.235s] Level 1:colcon.colcon_core.package_identification:_identify(.) by extension 'python'
[0.235s] Level 1:colcon.colcon_core.package_identification:_identify(.) by extensions ['python_setup_py']
[0.235s] Level 1:colcon.colcon_core.package_identification:_identify(.) by extension 'python_setup_py'
[0.235s] Level 1:colcon.colcon_core.package_identification:_identify(build) by extensions ['ignore', 'ignore_ament_install']
[0.235s] Level 1:colcon.colcon_core.package_identification:_identify(build) by extension 'ignore'
[0.235s] Level 1:colcon.colcon_core.package_identification:_identify(build) ignored
[0.235s] Level 1:colcon.colcon_core.package_identification:_identify(install) by extensions ['ignore', 'ignore_ament_install']
[0.235s] Level 1:colcon.colcon_core.package_identification:_identify(install) by extension 'ignore'
[0.235s] Level 1:colcon.colcon_core.package_identification:_identify(install) ignored
[0.235s] Level 1:colcon.colcon_core.package_identification:_identify(log) by extensions ['ignore', 'ignore_ament_install']
[0.236s] Level 1:colcon.colcon_core.package_identification:_identify(log) by extension 'ignore'
[0.236s] Level 1:colcon.colcon_core.package_identification:_identify(log) ignored
[0.236s] Level 1:colcon.colcon_core.package_identification:_identify(src) by extensions ['ignore', 'ignore_ament_install']
[0.236s] Level 1:colcon.colcon_core.package_identification:_identify(src) by extension 'ignore'
[0.236s] Level 1:colcon.colcon_core.package_identification:_identify(src) by extension 'ignore_ament_install'
[0.236s] Level 1:colcon.colcon_core.package_identification:_identify(src) by extensions ['colcon_pkg']
[0.236s] Level 1:colcon.colcon_core.package_identification:_identify(src) by extension 'colcon_pkg'
[0.236s] Level 1:colcon.colcon_core.package_identification:_identify(src) by extensions ['colcon_meta']
[0.236s] Level 1:colcon.colcon_core.package_identification:_identify(src) by extension 'colcon_meta'
[0.236s] Level 1:colcon.colcon_core.package_identification:_identify(src) by extensions ['ros']
[0.236s] Level 1:colcon.colcon_core.package_identification:_identify(src) by extension 'ros'
[0.236s] Level 1:colcon.colcon_core.package_identification:_identify(src) by extensions ['cmake', 'python']
[0.236s] Level 1:colcon.colcon_core.package_identification:_identify(src) by extension 'cmake'
[0.236s] Level 1:colcon.colcon_core.package_identification:_identify(src) by extension 'python'
[0.236s] Level 1:colcon.colcon_core.package_identification:_identify(src) by extensions ['python_setup_py']
[0.236s] Level 1:colcon.colcon_core.package_identification:_identify(src) by extension 'python_setup_py'
[0.236s] Level 1:colcon.colcon_core.package_identification:_identify(src/LIO-SAM-ros2) by extensions ['ignore', 'ignore_ament_install']
[0.236s] Level 1:colcon.colcon_core.package_identification:_identify(src/LIO-SAM-ros2) by extension 'ignore'
[0.236s] Level 1:colcon.colcon_core.package_identification:_identify(src/LIO-SAM-ros2) by extension 'ignore_ament_install'
[0.236s] Level 1:colcon.colcon_core.package_identification:_identify(src/LIO-SAM-ros2) by extensions ['colcon_pkg']
[0.236s] Level 1:colcon.colcon_core.package_identification:_identify(src/LIO-SAM-ros2) by extension 'colcon_pkg'
[0.236s] Level 1:colcon.colcon_core.package_identification:_identify(src/LIO-SAM-ros2) by extensions ['colcon_meta']
[0.236s] Level 1:colcon.colcon_core.package_identification:_identify(src/LIO-SAM-ros2) by extension 'colcon_meta'
[0.236s] Level 1:colcon.colcon_core.package_identification:_identify(src/LIO-SAM-ros2) by extensions ['ros']
[0.236s] Level 1:colcon.colcon_core.package_identification:_identify(src/LIO-SAM-ros2) by extension 'ros'
[0.238s] DEBUG:colcon.colcon_core.package_identification:Package 'src/LIO-SAM-ros2' with type 'ros.ament_cmake' and name 'lio_sam'
[0.238s] Level 1:colcon.colcon_core.package_identification:_identify(src/ORB_SLAM3_ROS2-humble) by extensions ['ignore', 'ignore_ament_install']
[0.238s] Level 1:colcon.colcon_core.package_identification:_identify(src/ORB_SLAM3_ROS2-humble) by extension 'ignore'
[0.238s] Level 1:colcon.colcon_core.package_identification:_identify(src/ORB_SLAM3_ROS2-humble) by extension 'ignore_ament_install'
[0.238s] Level 1:colcon.colcon_core.package_identification:_identify(src/ORB_SLAM3_ROS2-humble) by extensions ['colcon_pkg']
[0.239s] Level 1:colcon.colcon_core.package_identification:_identify(src/ORB_SLAM3_ROS2-humble) by extension 'colcon_pkg'
[0.239s] Level 1:colcon.colcon_core.package_identification:_identify(src/ORB_SLAM3_ROS2-humble) by extensions ['colcon_meta']
[0.239s] Level 1:colcon.colcon_core.package_identification:_identify(src/ORB_SLAM3_ROS2-humble) by extension 'colcon_meta'
[0.239s] Level 1:colcon.colcon_core.package_identification:_identify(src/ORB_SLAM3_ROS2-humble) by extensions ['ros']
[0.239s] Level 1:colcon.colcon_core.package_identification:_identify(src/ORB_SLAM3_ROS2-humble) by extension 'ros'
[0.239s] DEBUG:colcon.colcon_core.package_identification:Package 'src/ORB_SLAM3_ROS2-humble' with type 'ros.ament_cmake' and name 'orbslam3'
[0.239s] Level 1:colcon.colcon_core.package_identification:_identify(src/gazebo_plugins_mode) by extensions ['ignore', 'ignore_ament_install']
[0.239s] Level 1:colcon.colcon_core.package_identification:_identify(src/gazebo_plugins_mode) by extension 'ignore'
[0.239s] Level 1:colcon.colcon_core.package_identification:_identify(src/gazebo_plugins_mode) by extension 'ignore_ament_install'
[0.239s] Level 1:colcon.colcon_core.package_identification:_identify(src/gazebo_plugins_mode) by extensions ['colcon_pkg']
[0.239s] Level 1:colcon.colcon_core.package_identification:_identify(src/gazebo_plugins_mode) by extension 'colcon_pkg'
[0.239s] Level 1:colcon.colcon_core.package_identification:_identify(src/gazebo_plugins_mode) by extensions ['colcon_meta']
[0.239s] Level 1:colcon.colcon_core.package_identification:_identify(src/gazebo_plugins_mode) by extension 'colcon_meta'
[0.239s] Level 1:colcon.colcon_core.package_identification:_identify(src/gazebo_plugins_mode) by extensions ['ros']
[0.239s] Level 1:colcon.colcon_core.package_identification:_identify(src/gazebo_plugins_mode) by extension 'ros'
[0.240s] DEBUG:colcon.colcon_core.package_identification:Package 'src/gazebo_plugins_mode' with type 'ros.ament_cmake' and name 'gazebo_plugins_mode'
[0.241s] Level 1:colcon.colcon_core.package_identification:_identify(src/marscar_gazebo_ros2) by extensions ['ignore', 'ignore_ament_install']
[0.241s] Level 1:colcon.colcon_core.package_identification:_identify(src/marscar_gazebo_ros2) by extension 'ignore'
[0.241s] Level 1:colcon.colcon_core.package_identification:_identify(src/marscar_gazebo_ros2) by extension 'ignore_ament_install'
[0.241s] Level 1:colcon.colcon_core.package_identification:_identify(src/marscar_gazebo_ros2) by extensions ['colcon_pkg']
[0.241s] Level 1:colcon.colcon_core.package_identification:_identify(src/marscar_gazebo_ros2) by extension 'colcon_pkg'
[0.241s] Level 1:colcon.colcon_core.package_identification:_identify(src/marscar_gazebo_ros2) by extensions ['colcon_meta']
[0.241s] Level 1:colcon.colcon_core.package_identification:_identify(src/marscar_gazebo_ros2) by extension 'colcon_meta'
[0.241s] Level 1:colcon.colcon_core.package_identification:_identify(src/marscar_gazebo_ros2) by extensions ['ros']
[0.241s] Level 1:colcon.colcon_core.package_identification:_identify(src/marscar_gazebo_ros2) by extension 'ros'
[0.241s] DEBUG:colcon.colcon_core.package_identification:Package 'src/marscar_gazebo_ros2' with type 'ros.ament_cmake' and name 'marscar_gazebo_ros2'
[0.242s] Level 1:colcon.colcon_core.package_identification:_identify(src/marscar_navigation2) by extensions ['ignore', 'ignore_ament_install']
[0.242s] Level 1:colcon.colcon_core.package_identification:_identify(src/marscar_navigation2) by extension 'ignore'
[0.242s] Level 1:colcon.colcon_core.package_identification:_identify(src/marscar_navigation2) by extension 'ignore_ament_install'
[0.242s] Level 1:colcon.colcon_core.package_identification:_identify(src/marscar_navigation2) by extensions ['colcon_pkg']
[0.242s] Level 1:colcon.colcon_core.package_identification:_identify(src/marscar_navigation2) by extension 'colcon_pkg'
[0.242s] Level 1:colcon.colcon_core.package_identification:_identify(src/marscar_navigation2) by extensions ['colcon_meta']
[0.242s] Level 1:colcon.colcon_core.package_identification:_identify(src/marscar_navigation2) by extension 'colcon_meta'
[0.242s] Level 1:colcon.colcon_core.package_identification:_identify(src/marscar_navigation2) by extensions ['ros']
[0.242s] Level 1:colcon.colcon_core.package_identification:_identify(src/marscar_navigation2) by extension 'ros'
[0.242s] DEBUG:colcon.colcon_core.package_identification:Package 'src/marscar_navigation2' with type 'ros.ament_cmake' and name 'marscar_navigation2'
[0.242s] Level 1:colcon.colcon_core.package_identification:_identify(src/mascar_cartographer) by extensions ['ignore', 'ignore_ament_install']
[0.242s] Level 1:colcon.colcon_core.package_identification:_identify(src/mascar_cartographer) by extension 'ignore'
[0.242s] Level 1:colcon.colcon_core.package_identification:_identify(src/mascar_cartographer) by extension 'ignore_ament_install'
[0.242s] Level 1:colcon.colcon_core.package_identification:_identify(src/mascar_cartographer) by extensions ['colcon_pkg']
[0.242s] Level 1:colcon.colcon_core.package_identification:_identify(src/mascar_cartographer) by extension 'colcon_pkg'
[0.242s] Level 1:colcon.colcon_core.package_identification:_identify(src/mascar_cartographer) by extensions ['colcon_meta']
[0.242s] Level 1:colcon.colcon_core.package_identification:_identify(src/mascar_cartographer) by extension 'colcon_meta'
[0.242s] Level 1:colcon.colcon_core.package_identification:_identify(src/mascar_cartographer) by extensions ['ros']
[0.242s] Level 1:colcon.colcon_core.package_identification:_identify(src/mascar_cartographer) by extension 'ros'
[0.243s] DEBUG:colcon.colcon_core.package_identification:Package 'src/mascar_cartographer' with type 'ros.ament_cmake' and name 'mascar_cartographer'
[0.243s] Level 1:colcon.colcon_core.package_identification:_identify(src/mediapipe_ros2) by extensions ['ignore', 'ignore_ament_install']
[0.243s] Level 1:colcon.colcon_core.package_identification:_identify(src/mediapipe_ros2) by extension 'ignore'
[0.243s] Level 1:colcon.colcon_core.package_identification:_identify(src/mediapipe_ros2) by extension 'ignore_ament_install'
[0.243s] Level 1:colcon.colcon_core.package_identification:_identify(src/mediapipe_ros2) by extensions ['colcon_pkg']
[0.243s] Level 1:colcon.colcon_core.package_identification:_identify(src/mediapipe_ros2) by extension 'colcon_pkg'
[0.243s] Level 1:colcon.colcon_core.package_identification:_identify(src/mediapipe_ros2) by extensions ['colcon_meta']
[0.243s] Level 1:colcon.colcon_core.package_identification:_identify(src/mediapipe_ros2) by extension 'colcon_meta'
[0.243s] Level 1:colcon.colcon_core.package_identification:_identify(src/mediapipe_ros2) by extensions ['ros']
[0.243s] Level 1:colcon.colcon_core.package_identification:_identify(src/mediapipe_ros2) by extension 'ros'
[0.243s] DEBUG:colcon.colcon_core.package_identification:Package 'src/mediapipe_ros2' with type 'ros.ament_python' and name 'mediapipe_ros2'
[0.243s] Level 1:colcon.colcon_core.package_discovery:discover_packages(recursive) using defaults
[0.243s] Level 1:colcon.colcon_core.package_discovery:discover_packages(ignore) discover
[0.243s] Level 1:colcon.colcon_core.package_discovery:discover_packages(ignore) using defaults
[0.243s] Level 1:colcon.colcon_core.package_discovery:discover_packages(path) discover
[0.243s] Level 1:colcon.colcon_core.package_discovery:discover_packages(path) using defaults
[0.259s] INFO:colcon.colcon_core.package_selection:Skipping not selected package 'lio_sam' in 'src/LIO-SAM-ros2'
[0.259s] INFO:colcon.colcon_core.package_selection:Skipping not selected package 'marscar_navigation2' in 'src/marscar_navigation2'
[0.259s] INFO:colcon.colcon_core.package_selection:Skipping not selected package 'mascar_cartographer' in 'src/mascar_cartographer'
[0.259s] INFO:colcon.colcon_core.package_selection:Skipping not selected package 'orbslam3' in 'src/ORB_SLAM3_ROS2-humble'
[0.259s] Level 1:colcon.colcon_core.package_discovery:discover_packages(prefix_path) check parameters
[0.259s] Level 1:colcon.colcon_core.package_discovery:discover_packages(prefix_path) discover
[0.260s] WARNING:colcon.colcon_core.prefix_path.colcon:The path '/home/hp/mars_car_ws/install' in the environment variable COLCON_PREFIX_PATH doesn't exist
[0.260s] WARNING:colcon.colcon_ros.prefix_path.ament:The path '/home/hp/mars_car_ws/install/orbslam3' in the environment variable AMENT_PREFIX_PATH doesn't exist
[0.260s] WARNING:colcon.colcon_ros.prefix_path.ament:The path '/home/hp/mars_car_ws/install/mediapipe_ros2' in the environment variable AMENT_PREFIX_PATH doesn't exist
[0.260s] WARNING:colcon.colcon_ros.prefix_path.ament:The path '/home/hp/mars_car_ws/install/mascar_cartographer' in the environment variable AMENT_PREFIX_PATH doesn't exist
[0.260s] WARNING:colcon.colcon_ros.prefix_path.ament:The path '/home/hp/mars_car_ws/install/marscar_navigation2' in the environment variable AMENT_PREFIX_PATH doesn't exist
[0.260s] WARNING:colcon.colcon_ros.prefix_path.ament:The path '/home/hp/mars_car_ws/install/marscar_gazebo_ros2' in the environment variable AMENT_PREFIX_PATH doesn't exist
[0.260s] WARNING:colcon.colcon_ros.prefix_path.ament:The path '/home/hp/mars_car_ws/install/lio_sam' in the environment variable AMENT_PREFIX_PATH doesn't exist
[0.260s] WARNING:colcon.colcon_ros.prefix_path.ament:The path '/home/hp/mars_car_ws/install/gazebo_plugins_mode' in the environment variable AMENT_PREFIX_PATH doesn't exist
[0.260s] WARNING:colcon.colcon_ros.prefix_path.catkin:The path '/home/hp/mars_car_ws/install/orbslam3' in the environment variable CMAKE_PREFIX_PATH doesn't exist
[0.260s] WARNING:colcon.colcon_ros.prefix_path.catkin:The path '/home/hp/mars_car_ws/install/mascar_cartographer' in the environment variable CMAKE_PREFIX_PATH doesn't exist
[0.260s] WARNING:colcon.colcon_ros.prefix_path.catkin:The path '/home/hp/mars_car_ws/install/marscar_navigation2' in the environment variable CMAKE_PREFIX_PATH doesn't exist
[0.260s] WARNING:colcon.colcon_ros.prefix_path.catkin:The path '/home/hp/mars_car_ws/install/marscar_gazebo_ros2' in the environment variable CMAKE_PREFIX_PATH doesn't exist
[0.260s] WARNING:colcon.colcon_ros.prefix_path.catkin:The path '/home/hp/mars_car_ws/install/lio_sam' in the environment variable CMAKE_PREFIX_PATH doesn't exist
[0.260s] WARNING:colcon.colcon_ros.prefix_path.catkin:The path '/home/hp/mars_car_ws/install/gazebo_plugins_mode' in the environment variable CMAKE_PREFIX_PATH doesn't exist
[0.262s] DEBUG:colcon.colcon_installed_package_information.package_discovery:Found 387 installed packages in /opt/ros/humble
[0.263s] Level 1:colcon.colcon_core.package_discovery:discover_packages(prefix_path) using defaults
[0.304s] Level 5:colcon.colcon_core.verb:set package 'gazebo_plugins_mode' build argument 'cmake_args' from command line to 'None'
[0.304s] Level 5:colcon.colcon_core.verb:set package 'gazebo_plugins_mode' build argument 'cmake_target' from command line to 'None'
[0.304s] Level 5:colcon.colcon_core.verb:set package 'gazebo_plugins_mode' build argument 'cmake_target_skip_unavailable' from command line to 'False'
[0.304s] Level 5:colcon.colcon_core.verb:set package 'gazebo_plugins_mode' build argument 'cmake_clean_cache' from command line to 'False'
[0.304s] Level 5:colcon.colcon_core.verb:set package 'gazebo_plugins_mode' build argument 'cmake_clean_first' from command line to 'False'
[0.304s] Level 5:colcon.colcon_core.verb:set package 'gazebo_plugins_mode' build argument 'cmake_force_configure' from command line to 'False'
[0.304s] Level 5:colcon.colcon_core.verb:set package 'gazebo_plugins_mode' build argument 'ament_cmake_args' from command line to 'None'
[0.304s] Level 5:colcon.colcon_core.verb:set package 'gazebo_plugins_mode' build argument 'catkin_cmake_args' from command line to 'None'
[0.304s] Level 5:colcon.colcon_core.verb:set package 'gazebo_plugins_mode' build argument 'catkin_skip_building_tests' from command line to 'False'
[0.304s] DEBUG:colcon.colcon_core.verb:Building package 'gazebo_plugins_mode' with the following arguments: {'ament_cmake_args': None, 'build_base': '/home/hp/marscar_ws/build/gazebo_plugins_mode', 'catkin_cmake_args': None, 'catkin_skip_building_tests': False, 'cmake_args': None, 'cmake_clean_cache': False, 'cmake_clean_first': False, 'cmake_force_configure': False, 'cmake_target': None, 'cmake_target_skip_unavailable': False, 'install_base': '/home/hp/marscar_ws/install/gazebo_plugins_mode', 'merge_install': False, 'path': '/home/hp/marscar_ws/src/gazebo_plugins_mode', 'symlink_install': False, 'test_result_base': None}
[0.305s] Level 5:colcon.colcon_core.verb:set package 'marscar_gazebo_ros2' build argument 'cmake_args' from command line to 'None'
[0.305s] Level 5:colcon.colcon_core.verb:set package 'marscar_gazebo_ros2' build argument 'cmake_target' from command line to 'None'
[0.305s] Level 5:colcon.colcon_core.verb:set package 'marscar_gazebo_ros2' build argument 'cmake_target_skip_unavailable' from command line to 'False'
[0.305s] Level 5:colcon.colcon_core.verb:set package 'marscar_gazebo_ros2' build argument 'cmake_clean_cache' from command line to 'False'
[0.305s] Level 5:colcon.colcon_core.verb:set package 'marscar_gazebo_ros2' build argument 'cmake_clean_first' from command line to 'False'
[0.305s] Level 5:colcon.colcon_core.verb:set package 'marscar_gazebo_ros2' build argument 'cmake_force_configure' from command line to 'False'
[0.305s] Level 5:colcon.colcon_core.verb:set package 'marscar_gazebo_ros2' build argument 'ament_cmake_args' from command line to 'None'
[0.305s] Level 5:colcon.colcon_core.verb:set package 'marscar_gazebo_ros2' build argument 'catkin_cmake_args' from command line to 'None'
[0.305s] Level 5:colcon.colcon_core.verb:set package 'marscar_gazebo_ros2' build argument 'catkin_skip_building_tests' from command line to 'False'
[0.305s] DEBUG:colcon.colcon_core.verb:Building package 'marscar_gazebo_ros2' with the following arguments: {'ament_cmake_args': None, 'build_base': '/home/hp/marscar_ws/build/marscar_gazebo_ros2', 'catkin_cmake_args': None, 'catkin_skip_building_tests': False, 'cmake_args': None, 'cmake_clean_cache': False, 'cmake_clean_first': False, 'cmake_force_configure': False, 'cmake_target': None, 'cmake_target_skip_unavailable': False, 'install_base': '/home/hp/marscar_ws/install/marscar_gazebo_ros2', 'merge_install': False, 'path': '/home/hp/marscar_ws/src/marscar_gazebo_ros2', 'symlink_install': False, 'test_result_base': None}
[0.305s] Level 5:colcon.colcon_core.verb:set package 'mediapipe_ros2' build argument 'cmake_args' from command line to 'None'
[0.305s] Level 5:colcon.colcon_core.verb:set package 'mediapipe_ros2' build argument 'cmake_target' from command line to 'None'
[0.305s] Level 5:colcon.colcon_core.verb:set package 'mediapipe_ros2' build argument 'cmake_target_skip_unavailable' from command line to 'False'
[0.305s] Level 5:colcon.colcon_core.verb:set package 'mediapipe_ros2' build argument 'cmake_clean_cache' from command line to 'False'
[0.305s] Level 5:colcon.colcon_core.verb:set package 'mediapipe_ros2' build argument 'cmake_clean_first' from command line to 'False'
[0.305s] Level 5:colcon.colcon_core.verb:set package 'mediapipe_ros2' build argument 'cmake_force_configure' from command line to 'False'
[0.305s] Level 5:colcon.colcon_core.verb:set package 'mediapipe_ros2' build argument 'ament_cmake_args' from command line to 'None'
[0.305s] Level 5:colcon.colcon_core.verb:set package 'mediapipe_ros2' build argument 'catkin_cmake_args' from command line to 'None'
[0.305s] Level 5:colcon.colcon_core.verb:set package 'mediapipe_ros2' build argument 'catkin_skip_building_tests' from command line to 'False'
[0.305s] DEBUG:colcon.colcon_core.verb:Building package 'mediapipe_ros2' with the following arguments: {'ament_cmake_args': None, 'build_base': '/home/hp/marscar_ws/build/mediapipe_ros2', 'catkin_cmake_args': None, 'catkin_skip_building_tests': False, 'cmake_args': None, 'cmake_clean_cache': False, 'cmake_clean_first': False, 'cmake_force_configure': False, 'cmake_target': None, 'cmake_target_skip_unavailable': False, 'install_base': '/home/hp/marscar_ws/install/mediapipe_ros2', 'merge_install': False, 'path': '/home/hp/marscar_ws/src/mediapipe_ros2', 'symlink_install': False, 'test_result_base': None}
[0.306s] INFO:colcon.colcon_core.executor:Executing jobs using 'parallel' executor
[0.308s] DEBUG:colcon.colcon_parallel_executor.executor.parallel:run_until_complete
[0.308s] INFO:colcon.colcon_ros.task.ament_cmake.build:Building ROS package in '/home/hp/marscar_ws/src/gazebo_plugins_mode' with build type 'ament_cmake'
[0.308s] INFO:colcon.colcon_cmake.task.cmake.build:Building CMake package in '/home/hp/marscar_ws/src/gazebo_plugins_mode'
[0.311s] INFO:colcon.colcon_core.plugin_system:Skipping extension 'colcon_core.shell.bat': Not used on non-Windows systems
[0.311s] INFO:colcon.colcon_core.shell:Skip shell extension 'powershell' for command environment: Not usable outside of PowerShell
[0.311s] DEBUG:colcon.colcon_core.shell:Skip shell extension 'dsv' for command environment
[0.314s] INFO:colcon.colcon_ros.task.ament_cmake.build:Building ROS package in '/home/hp/marscar_ws/src/marscar_gazebo_ros2' with build type 'ament_cmake'
[0.314s] INFO:colcon.colcon_cmake.task.cmake.build:Building CMake package in '/home/hp/marscar_ws/src/marscar_gazebo_ros2'
[0.315s] INFO:colcon.colcon_core.shell:Skip shell extension 'powershell' for command environment: Not usable outside of PowerShell
[0.315s] DEBUG:colcon.colcon_core.shell:Skip shell extension 'dsv' for command environment
[0.317s] INFO:colcon.colcon_ros.task.ament_python.build:Building ROS package in '/home/hp/marscar_ws/src/mediapipe_ros2' with build type 'ament_python'
[0.317s] Level 1:colcon.colcon_core.shell:create_environment_hook('mediapipe_ros2', 'ament_prefix_path')
[0.318s] INFO:colcon.colcon_core.shell:Creating environment hook '/home/hp/marscar_ws/install/mediapipe_ros2/share/mediapipe_ros2/hook/ament_prefix_path.ps1'
[0.318s] INFO:colcon.colcon_core.shell:Creating environment descriptor '/home/hp/marscar_ws/install/mediapipe_ros2/share/mediapipe_ros2/hook/ament_prefix_path.dsv'
[0.319s] INFO:colcon.colcon_core.shell:Creating environment hook '/home/hp/marscar_ws/install/mediapipe_ros2/share/mediapipe_ros2/hook/ament_prefix_path.sh'
[0.321s] INFO:colcon.colcon_core.shell:Skip shell extension 'powershell' for command environment: Not usable outside of PowerShell
[0.321s] DEBUG:colcon.colcon_core.shell:Skip shell extension 'dsv' for command environment
[0.328s] DEBUG:colcon.colcon_core.event_handler.log_command:Invoking command in '/home/hp/marscar_ws/build/gazebo_plugins_mode': CMAKE_PREFIX_PATH=${CMAKE_PREFIX_PATH}:/home/hp/mars_car_ws/install/mediapipe_ros2:/opt/ros/humble /usr/bin/cmake --build /home/hp/marscar_ws/build/gazebo_plugins_mode -- -j20 -l20
[0.332s] DEBUG:colcon.colcon_core.event_handler.log_command:Invoking command in '/home/hp/marscar_ws/build/marscar_gazebo_ros2': CMAKE_PREFIX_PATH=${CMAKE_PREFIX_PATH}:/home/hp/mars_car_ws/install/mediapipe_ros2:/opt/ros/humble /usr/bin/cmake --build /home/hp/marscar_ws/build/marscar_gazebo_ros2 -- -j20 -l20
[0.499s] WARNING:colcon.colcon_ros.task.ament_python.build:Package 'mediapipe_ros2' doesn't explicitly install a marker in the package index (colcon-ros currently does it implicitly but that fallback will be removed in the future)
[0.499s] INFO:colcon.colcon_core.task.python.build:Building Python package in '/home/hp/marscar_ws/src/mediapipe_ros2'
[0.500s] INFO:colcon.colcon_core.shell:Skip shell extension 'powershell' for command environment: Not usable outside of PowerShell
[0.500s] DEBUG:colcon.colcon_core.shell:Skip shell extension 'dsv' for command environment
[0.504s] DEBUG:colcon.colcon_core.event_handler.log_command:Invoked command in '/home/hp/marscar_ws/build/gazebo_plugins_mode' returned '0': CMAKE_PREFIX_PATH=${CMAKE_PREFIX_PATH}:/home/hp/mars_car_ws/install/mediapipe_ros2:/opt/ros/humble /usr/bin/cmake --build /home/hp/marscar_ws/build/gazebo_plugins_mode -- -j20 -l20
[0.538s] DEBUG:colcon.colcon_core.event_handler.log_command:Invoking command in '/home/hp/marscar_ws/build/gazebo_plugins_mode': CMAKE_PREFIX_PATH=${CMAKE_PREFIX_PATH}:/home/hp/mars_car_ws/install/mediapipe_ros2:/opt/ros/humble /usr/bin/cmake --install /home/hp/marscar_ws/build/gazebo_plugins_mode
[0.545s] Level 1:colcon.colcon_core.environment:create_environment_scripts_only(gazebo_plugins_mode)
[0.546s] DEBUG:colcon.colcon_core.event_handler.log_command:Invoked command in '/home/hp/marscar_ws/build/gazebo_plugins_mode' returned '0': CMAKE_PREFIX_PATH=${CMAKE_PREFIX_PATH}:/home/hp/mars_car_ws/install/mediapipe_ros2:/opt/ros/humble /usr/bin/cmake --install /home/hp/marscar_ws/build/gazebo_plugins_mode
[0.549s] Level 1:colcon.colcon_core.environment:checking '/home/hp/marscar_ws/install/gazebo_plugins_mode' for CMake module files
[0.549s] Level 1:colcon.colcon_core.environment:checking '/home/hp/marscar_ws/install/gazebo_plugins_mode' for CMake config files
[0.549s] Level 1:colcon.colcon_core.shell:create_environment_hook('gazebo_plugins_mode', 'cmake_prefix_path')
[0.550s] INFO:colcon.colcon_core.shell:Creating environment hook '/home/hp/marscar_ws/install/gazebo_plugins_mode/share/gazebo_plugins_mode/hook/cmake_prefix_path.ps1'
[0.551s] INFO:colcon.colcon_core.shell:Creating environment descriptor '/home/hp/marscar_ws/install/gazebo_plugins_mode/share/gazebo_plugins_mode/hook/cmake_prefix_path.dsv'
[0.551s] INFO:colcon.colcon_core.shell:Creating environment hook '/home/hp/marscar_ws/install/gazebo_plugins_mode/share/gazebo_plugins_mode/hook/cmake_prefix_path.sh'
[0.551s] Level 1:colcon.colcon_core.environment:checking '/home/hp/marscar_ws/install/gazebo_plugins_mode/lib'
[0.551s] Level 1:colcon.colcon_core.shell:create_environment_hook('gazebo_plugins_mode', 'ld_library_path_lib')
[0.552s] INFO:colcon.colcon_core.shell:Creating environment hook '/home/hp/marscar_ws/install/gazebo_plugins_mode/share/gazebo_plugins_mode/hook/ld_library_path_lib.ps1'
[0.552s] INFO:colcon.colcon_core.shell:Creating environment descriptor '/home/hp/marscar_ws/install/gazebo_plugins_mode/share/gazebo_plugins_mode/hook/ld_library_path_lib.dsv'
[0.553s] INFO:colcon.colcon_core.shell:Creating environment hook '/home/hp/marscar_ws/install/gazebo_plugins_mode/share/gazebo_plugins_mode/hook/ld_library_path_lib.sh'
[0.553s] Level 1:colcon.colcon_core.environment:checking '/home/hp/marscar_ws/install/gazebo_plugins_mode/bin'
[0.553s] Level 1:colcon.colcon_core.environment:checking '/home/hp/marscar_ws/install/gazebo_plugins_mode/lib/pkgconfig/gazebo_plugins_mode.pc'
[0.553s] Level 1:colcon.colcon_core.environment:checking '/home/hp/marscar_ws/install/gazebo_plugins_mode/lib/python3.10/site-packages'
[0.553s] Level 1:colcon.colcon_core.environment:checking '/home/hp/marscar_ws/install/gazebo_plugins_mode/bin'
[0.554s] INFO:colcon.colcon_core.shell:Creating package script '/home/hp/marscar_ws/install/gazebo_plugins_mode/share/gazebo_plugins_mode/package.ps1'
[0.555s] INFO:colcon.colcon_core.shell:Creating package descriptor '/home/hp/marscar_ws/install/gazebo_plugins_mode/share/gazebo_plugins_mode/package.dsv'
[0.555s] INFO:colcon.colcon_core.shell:Creating package script '/home/hp/marscar_ws/install/gazebo_plugins_mode/share/gazebo_plugins_mode/package.sh'
[0.555s] INFO:colcon.colcon_core.shell:Creating package script '/home/hp/marscar_ws/install/gazebo_plugins_mode/share/gazebo_plugins_mode/package.bash'
[0.556s] INFO:colcon.colcon_core.shell:Creating package script '/home/hp/marscar_ws/install/gazebo_plugins_mode/share/gazebo_plugins_mode/package.zsh'
[0.556s] Level 1:colcon.colcon_core.environment:create_file_with_runtime_dependencies(/home/hp/marscar_ws/install/gazebo_plugins_mode/share/colcon-core/packages/gazebo_plugins_mode)
[0.578s] DEBUG:colcon.colcon_core.event_handler.log_command:Invoked command in '/home/hp/marscar_ws/build/marscar_gazebo_ros2' returned '0': CMAKE_PREFIX_PATH=${CMAKE_PREFIX_PATH}:/home/hp/mars_car_ws/install/mediapipe_ros2:/opt/ros/humble /usr/bin/cmake --build /home/hp/marscar_ws/build/marscar_gazebo_ros2 -- -j20 -l20
[0.585s] Level 1:colcon.colcon_core.environment:create_environment_scripts_only(gazebo_plugins_mode)
[0.586s] Level 1:colcon.colcon_core.environment:checking '/home/hp/marscar_ws/install/gazebo_plugins_mode' for CMake module files
[0.586s] Level 1:colcon.colcon_core.environment:checking '/home/hp/marscar_ws/install/gazebo_plugins_mode' for CMake config files
[0.586s] Level 1:colcon.colcon_core.shell:create_environment_hook('gazebo_plugins_mode', 'cmake_prefix_path')
[0.587s] INFO:colcon.colcon_core.shell:Creating environment hook '/home/hp/marscar_ws/install/gazebo_plugins_mode/share/gazebo_plugins_mode/hook/cmake_prefix_path.ps1'
[0.588s] INFO:colcon.colcon_core.shell:Creating environment descriptor '/home/hp/marscar_ws/install/gazebo_plugins_mode/share/gazebo_plugins_mode/hook/cmake_prefix_path.dsv'
[0.588s] INFO:colcon.colcon_core.shell:Creating environment hook '/home/hp/marscar_ws/install/gazebo_plugins_mode/share/gazebo_plugins_mode/hook/cmake_prefix_path.sh'
[0.588s] Level 1:colcon.colcon_core.environment:checking '/home/hp/marscar_ws/install/gazebo_plugins_mode/lib'
[0.588s] Level 1:colcon.colcon_core.shell:create_environment_hook('gazebo_plugins_mode', 'ld_library_path_lib')
[0.589s] INFO:colcon.colcon_core.shell:Creating environment hook '/home/hp/marscar_ws/install/gazebo_plugins_mode/share/gazebo_plugins_mode/hook/ld_library_path_lib.ps1'
[0.589s] INFO:colcon.colcon_core.shell:Creating environment descriptor '/home/hp/marscar_ws/install/gazebo_plugins_mode/share/gazebo_plugins_mode/hook/ld_library_path_lib.dsv'
[0.589s] INFO:colcon.colcon_core.shell:Creating environment hook '/home/hp/marscar_ws/install/gazebo_plugins_mode/share/gazebo_plugins_mode/hook/ld_library_path_lib.sh'
[0.589s] Level 1:colcon.colcon_core.environment:checking '/home/hp/marscar_ws/install/gazebo_plugins_mode/bin'
[0.589s] Level 1:colcon.colcon_core.environment:checking '/home/hp/marscar_ws/install/gazebo_plugins_mode/lib/pkgconfig/gazebo_plugins_mode.pc'
[0.590s] Level 1:colcon.colcon_core.environment:checking '/home/hp/marscar_ws/install/gazebo_plugins_mode/lib/python3.10/site-packages'
[0.590s] Level 1:colcon.colcon_core.environment:checking '/home/hp/marscar_ws/install/gazebo_plugins_mode/bin'
[0.590s] INFO:colcon.colcon_core.shell:Creating package script '/home/hp/marscar_ws/install/gazebo_plugins_mode/share/gazebo_plugins_mode/package.ps1'
[0.591s] INFO:colcon.colcon_core.shell:Creating package descriptor '/home/hp/marscar_ws/install/gazebo_plugins_mode/share/gazebo_plugins_mode/package.dsv'
[0.591s] INFO:colcon.colcon_core.shell:Creating package script '/home/hp/marscar_ws/install/gazebo_plugins_mode/share/gazebo_plugins_mode/package.sh'
[0.591s] INFO:colcon.colcon_core.shell:Creating package script '/home/hp/marscar_ws/install/gazebo_plugins_mode/share/gazebo_plugins_mode/package.bash'
[0.591s] INFO:colcon.colcon_core.shell:Creating package script '/home/hp/marscar_ws/install/gazebo_plugins_mode/share/gazebo_plugins_mode/package.zsh'
[0.592s] Level 1:colcon.colcon_core.environment:create_file_with_runtime_dependencies(/home/hp/marscar_ws/install/gazebo_plugins_mode/share/colcon-core/packages/gazebo_plugins_mode)
[0.628s] DEBUG:colcon.colcon_core.event_handler.log_command:Invoking command in '/home/hp/marscar_ws/build/marscar_gazebo_ros2': CMAKE_PREFIX_PATH=${CMAKE_PREFIX_PATH}:/home/hp/mars_car_ws/install/mediapipe_ros2:/opt/ros/humble /usr/bin/cmake --install /home/hp/marscar_ws/build/marscar_gazebo_ros2
[0.664s] Level 1:colcon.colcon_core.environment:create_environment_scripts_only(marscar_gazebo_ros2)
[0.665s] Level 1:colcon.colcon_core.environment:checking '/home/hp/marscar_ws/install/marscar_gazebo_ros2' for CMake module files
[0.666s] DEBUG:colcon.colcon_core.event_handler.log_command:Invoked command in '/home/hp/marscar_ws/build/marscar_gazebo_ros2' returned '0': CMAKE_PREFIX_PATH=${CMAKE_PREFIX_PATH}:/home/hp/mars_car_ws/install/mediapipe_ros2:/opt/ros/humble /usr/bin/cmake --install /home/hp/marscar_ws/build/marscar_gazebo_ros2
[0.666s] Level 1:colcon.colcon_core.environment:checking '/home/hp/marscar_ws/install/marscar_gazebo_ros2' for CMake config files
[0.667s] Level 1:colcon.colcon_core.shell:create_environment_hook('marscar_gazebo_ros2', 'cmake_prefix_path')
[0.668s] INFO:colcon.colcon_core.shell:Creating environment hook '/home/hp/marscar_ws/install/marscar_gazebo_ros2/share/marscar_gazebo_ros2/hook/cmake_prefix_path.ps1'
[0.668s] INFO:colcon.colcon_core.shell:Creating environment descriptor '/home/hp/marscar_ws/install/marscar_gazebo_ros2/share/marscar_gazebo_ros2/hook/cmake_prefix_path.dsv'
[0.668s] INFO:colcon.colcon_core.shell:Creating environment hook '/home/hp/marscar_ws/install/marscar_gazebo_ros2/share/marscar_gazebo_ros2/hook/cmake_prefix_path.sh'
[0.668s] Level 1:colcon.colcon_core.environment:checking '/home/hp/marscar_ws/install/marscar_gazebo_ros2/lib'
[0.669s] Level 1:colcon.colcon_core.shell:create_environment_hook('marscar_gazebo_ros2', 'ld_library_path_lib')
[0.669s] INFO:colcon.colcon_core.shell:Creating environment hook '/home/hp/marscar_ws/install/marscar_gazebo_ros2/share/marscar_gazebo_ros2/hook/ld_library_path_lib.ps1'
[0.670s] INFO:colcon.colcon_core.shell:Creating environment descriptor '/home/hp/marscar_ws/install/marscar_gazebo_ros2/share/marscar_gazebo_ros2/hook/ld_library_path_lib.dsv'
[0.670s] INFO:colcon.colcon_core.shell:Creating environment hook '/home/hp/marscar_ws/install/marscar_gazebo_ros2/share/marscar_gazebo_ros2/hook/ld_library_path_lib.sh'
[0.670s] Level 1:colcon.colcon_core.environment:checking '/home/hp/marscar_ws/install/marscar_gazebo_ros2/bin'
[0.670s] Level 1:colcon.colcon_core.environment:checking '/home/hp/marscar_ws/install/marscar_gazebo_ros2/lib/pkgconfig/marscar_gazebo_ros2.pc'
[0.670s] Level 1:colcon.colcon_core.environment:checking '/home/hp/marscar_ws/install/marscar_gazebo_ros2/lib/python3.10/site-packages'
[0.670s] Level 1:colcon.colcon_core.environment:checking '/home/hp/marscar_ws/install/marscar_gazebo_ros2/bin'
[0.671s] INFO:colcon.colcon_core.shell:Creating package script '/home/hp/marscar_ws/install/marscar_gazebo_ros2/share/marscar_gazebo_ros2/package.ps1'
[0.671s] INFO:colcon.colcon_core.shell:Creating package descriptor '/home/hp/marscar_ws/install/marscar_gazebo_ros2/share/marscar_gazebo_ros2/package.dsv'
[0.672s] INFO:colcon.colcon_core.shell:Creating package script '/home/hp/marscar_ws/install/marscar_gazebo_ros2/share/marscar_gazebo_ros2/package.sh'
[0.672s] INFO:colcon.colcon_core.shell:Creating package script '/home/hp/marscar_ws/install/marscar_gazebo_ros2/share/marscar_gazebo_ros2/package.bash'
[0.672s] INFO:colcon.colcon_core.shell:Creating package script '/home/hp/marscar_ws/install/marscar_gazebo_ros2/share/marscar_gazebo_ros2/package.zsh'
[0.672s] Level 1:colcon.colcon_core.environment:create_file_with_runtime_dependencies(/home/hp/marscar_ws/install/marscar_gazebo_ros2/share/colcon-core/packages/marscar_gazebo_ros2)
[0.728s] Level 1:colcon.colcon_core.environment:create_environment_scripts_only(marscar_gazebo_ros2)
[0.730s] Level 1:colcon.colcon_core.environment:checking '/home/hp/marscar_ws/install/marscar_gazebo_ros2' for CMake module files
[0.730s] Level 1:colcon.colcon_core.environment:checking '/home/hp/marscar_ws/install/marscar_gazebo_ros2' for CMake config files
[0.731s] Level 1:colcon.colcon_core.shell:create_environment_hook('marscar_gazebo_ros2', 'cmake_prefix_path')
[0.731s] INFO:colcon.colcon_core.shell:Creating environment hook '/home/hp/marscar_ws/install/marscar_gazebo_ros2/share/marscar_gazebo_ros2/hook/cmake_prefix_path.ps1'
[0.732s] INFO:colcon.colcon_core.shell:Creating environment descriptor '/home/hp/marscar_ws/install/marscar_gazebo_ros2/share/marscar_gazebo_ros2/hook/cmake_prefix_path.dsv'
[0.732s] INFO:colcon.colcon_core.shell:Creating environment hook '/home/hp/marscar_ws/install/marscar_gazebo_ros2/share/marscar_gazebo_ros2/hook/cmake_prefix_path.sh'
[0.732s] Level 1:colcon.colcon_core.environment:checking '/home/hp/marscar_ws/install/marscar_gazebo_ros2/lib'
[0.732s] Level 1:colcon.colcon_core.shell:create_environment_hook('marscar_gazebo_ros2', 'ld_library_path_lib')
[0.733s] INFO:colcon.colcon_core.shell:Creating environment hook '/home/hp/marscar_ws/install/marscar_gazebo_ros2/share/marscar_gazebo_ros2/hook/ld_library_path_lib.ps1'
[0.733s] INFO:colcon.colcon_core.shell:Creating environment descriptor '/home/hp/marscar_ws/install/marscar_gazebo_ros2/share/marscar_gazebo_ros2/hook/ld_library_path_lib.dsv'
[0.733s] INFO:colcon.colcon_core.shell:Creating environment hook '/home/hp/marscar_ws/install/marscar_gazebo_ros2/share/marscar_gazebo_ros2/hook/ld_library_path_lib.sh'
[0.733s] Level 1:colcon.colcon_core.environment:checking '/home/hp/marscar_ws/install/marscar_gazebo_ros2/bin'
[0.733s] Level 1:colcon.colcon_core.environment:checking '/home/hp/marscar_ws/install/marscar_gazebo_ros2/lib/pkgconfig/marscar_gazebo_ros2.pc'
[0.734s] Level 1:colcon.colcon_core.environment:checking '/home/hp/marscar_ws/install/marscar_gazebo_ros2/lib/python3.10/site-packages'
[0.734s] Level 1:colcon.colcon_core.environment:checking '/home/hp/marscar_ws/install/marscar_gazebo_ros2/bin'
[0.735s] INFO:colcon.colcon_core.shell:Creating package script '/home/hp/marscar_ws/install/marscar_gazebo_ros2/share/marscar_gazebo_ros2/package.ps1'
[0.735s] INFO:colcon.colcon_core.shell:Creating package descriptor '/home/hp/marscar_ws/install/marscar_gazebo_ros2/share/marscar_gazebo_ros2/package.dsv'
[0.735s] INFO:colcon.colcon_core.shell:Creating package script '/home/hp/marscar_ws/install/marscar_gazebo_ros2/share/marscar_gazebo_ros2/package.sh'
[0.735s] INFO:colcon.colcon_core.shell:Creating package script '/home/hp/marscar_ws/install/marscar_gazebo_ros2/share/marscar_gazebo_ros2/package.bash'
[0.736s] INFO:colcon.colcon_core.shell:Creating package script '/home/hp/marscar_ws/install/marscar_gazebo_ros2/share/marscar_gazebo_ros2/package.zsh'
[0.736s] Level 1:colcon.colcon_core.environment:create_file_with_runtime_dependencies(/home/hp/marscar_ws/install/marscar_gazebo_ros2/share/colcon-core/packages/marscar_gazebo_ros2)
[0.773s] DEBUG:colcon.colcon_core.event_handler.log_command:Invoking command in '/home/hp/marscar_ws/src/mediapipe_ros2': PYTHONPATH=/home/hp/marscar_ws/build/mediapipe_ros2/prefix_override:/home/hp/marscar_ws/install/mediapipe_ros2/lib/python3.10/site-packages:${PYTHONPATH} /usr/bin/python3 setup.py egg_info --egg-base ../../build/mediapipe_ros2 build --build-base /home/hp/marscar_ws/build/mediapipe_ros2/build install --record /home/hp/marscar_ws/build/mediapipe_ros2/install.log --install-scripts $base/lib/mediapipe_ros2 --single-version-externally-managed
[0.965s] Level 1:colcon.colcon_core.environment:checking '/home/hp/marscar_ws/install/mediapipe_ros2' for CMake module files
[0.966s] DEBUG:colcon.colcon_core.event_handler.log_command:Invoked command in '/home/hp/marscar_ws/src/mediapipe_ros2' returned '0': PYTHONPATH=/home/hp/marscar_ws/build/mediapipe_ros2/prefix_override:/home/hp/marscar_ws/install/mediapipe_ros2/lib/python3.10/site-packages:${PYTHONPATH} /usr/bin/python3 setup.py egg_info --egg-base ../../build/mediapipe_ros2 build --build-base /home/hp/marscar_ws/build/mediapipe_ros2/build install --record /home/hp/marscar_ws/build/mediapipe_ros2/install.log --install-scripts $base/lib/mediapipe_ros2 --single-version-externally-managed
[0.966s] Level 1:colcon.colcon_core.environment:checking '/home/hp/marscar_ws/install/mediapipe_ros2' for CMake config files
[0.966s] Level 1:colcon.colcon_core.environment:checking '/home/hp/marscar_ws/install/mediapipe_ros2/lib'
[0.966s] Level 1:colcon.colcon_core.environment:checking '/home/hp/marscar_ws/install/mediapipe_ros2/bin'
[0.966s] Level 1:colcon.colcon_core.environment:checking '/home/hp/marscar_ws/install/mediapipe_ros2/lib/pkgconfig/mediapipe_ros2.pc'
[0.967s] Level 1:colcon.colcon_core.environment:checking '/home/hp/marscar_ws/install/mediapipe_ros2/lib/python3.10/site-packages'
[0.967s] Level 1:colcon.colcon_core.shell:create_environment_hook('mediapipe_ros2', 'pythonpath')
[0.967s] INFO:colcon.colcon_core.shell:Creating environment hook '/home/hp/marscar_ws/install/mediapipe_ros2/share/mediapipe_ros2/hook/pythonpath.ps1'
[0.968s] INFO:colcon.colcon_core.shell:Creating environment descriptor '/home/hp/marscar_ws/install/mediapipe_ros2/share/mediapipe_ros2/hook/pythonpath.dsv'
[0.968s] INFO:colcon.colcon_core.shell:Creating environment hook '/home/hp/marscar_ws/install/mediapipe_ros2/share/mediapipe_ros2/hook/pythonpath.sh'
[0.968s] Level 1:colcon.colcon_core.environment:checking '/home/hp/marscar_ws/install/mediapipe_ros2/bin'
[0.968s] Level 1:colcon.colcon_core.environment:create_environment_scripts_only(mediapipe_ros2)
[0.969s] INFO:colcon.colcon_core.shell:Creating package script '/home/hp/marscar_ws/install/mediapipe_ros2/share/mediapipe_ros2/package.ps1'
[0.969s] INFO:colcon.colcon_core.shell:Creating package descriptor '/home/hp/marscar_ws/install/mediapipe_ros2/share/mediapipe_ros2/package.dsv'
[0.969s] INFO:colcon.colcon_core.shell:Creating package script '/home/hp/marscar_ws/install/mediapipe_ros2/share/mediapipe_ros2/package.sh'
[0.970s] INFO:colcon.colcon_core.shell:Creating package script '/home/hp/marscar_ws/install/mediapipe_ros2/share/mediapipe_ros2/package.bash'
[0.970s] INFO:colcon.colcon_core.shell:Creating package script '/home/hp/marscar_ws/install/mediapipe_ros2/share/mediapipe_ros2/package.zsh'
[0.970s] Level 1:colcon.colcon_core.environment:create_file_with_runtime_dependencies(/home/hp/marscar_ws/install/mediapipe_ros2/share/colcon-core/packages/mediapipe_ros2)
[0.970s] DEBUG:colcon.colcon_parallel_executor.executor.parallel:closing loop
[0.971s] DEBUG:colcon.colcon_parallel_executor.executor.parallel:loop closed
[0.971s] DEBUG:colcon.colcon_parallel_executor.executor.parallel:run_until_complete finished with '0'
[0.971s] DEBUG:colcon.colcon_core.event_reactor:joining thread
[0.977s] INFO:colcon.colcon_core.plugin_system:Skipping extension 'colcon_notification.desktop_notification.terminal_notifier': Not used on non-Darwin systems
[0.977s] INFO:colcon.colcon_core.plugin_system:Skipping extension 'colcon_notification.desktop_notification.win32': Not used on non-Windows systems
[0.978s] INFO:colcon.colcon_notification.desktop_notification:Sending desktop notification using 'notify2'
[0.992s] DEBUG:colcon.colcon_core.event_reactor:joined thread
[0.993s] INFO:colcon.colcon_core.shell:Creating prefix script '/home/hp/marscar_ws/install/local_setup.ps1'
[0.994s] INFO:colcon.colcon_core.shell:Creating prefix util module '/home/hp/marscar_ws/install/_local_setup_util_ps1.py'
[0.995s] INFO:colcon.colcon_core.shell:Creating prefix chain script '/home/hp/marscar_ws/install/setup.ps1'
[0.996s] INFO:colcon.colcon_core.shell:Creating prefix script '/home/hp/marscar_ws/install/local_setup.sh'
[0.996s] INFO:colcon.colcon_core.shell:Creating prefix util module '/home/hp/marscar_ws/install/_local_setup_util_sh.py'
[0.996s] INFO:colcon.colcon_core.shell:Creating prefix chain script '/home/hp/marscar_ws/install/setup.sh'
[0.997s] INFO:colcon.colcon_core.shell:Creating prefix script '/home/hp/marscar_ws/install/local_setup.bash'
[0.997s] INFO:colcon.colcon_core.shell:Creating prefix chain script '/home/hp/marscar_ws/install/setup.bash'
[0.998s] INFO:colcon.colcon_core.shell:Creating prefix script '/home/hp/marscar_ws/install/local_setup.zsh'
[0.998s] INFO:colcon.colcon_core.shell:Creating prefix chain script '/home/hp/marscar_ws/install/setup.zsh'
