[0.632s] Invoking command in '/home/hp/mars_car_ws/src/mediapipe_ros2': PYTHONPATH=/home/hp/mars_car_ws/build/mediapipe_ros2/prefix_override:/home/hp/mars_car_ws/install/mediapipe_ros2/lib/python3.10/site-packages:${PYTHONPATH} /usr/bin/python3 setup.py egg_info --egg-base ../../build/mediapipe_ros2 build --build-base /home/hp/mars_car_ws/build/mediapipe_ros2/build install --record /home/hp/mars_car_ws/build/mediapipe_ros2/install.log --install-scripts $base/lib/mediapipe_ros2 --single-version-externally-managed
[0.786s] /usr/lib/python3/dist-packages/setuptools/dist.py:723: UserWarning: Usage of dash-separated 'script-dir' will not be supported in future versions. Please use the underscore name 'script_dir' instead
[0.786s]   warnings.warn(
[0.792s] running egg_info
[0.792s] writing ../../build/mediapipe_ros2/mediapipe_ros2.egg-info/PKG-INFO
[0.792s] writing dependency_links to ../../build/mediapipe_ros2/mediapipe_ros2.egg-info/dependency_links.txt
[0.792s] writing entry points to ../../build/mediapipe_ros2/mediapipe_ros2.egg-info/entry_points.txt
[0.793s] writing requirements to ../../build/mediapipe_ros2/mediapipe_ros2.egg-info/requires.txt
[0.793s] writing top-level names to ../../build/mediapipe_ros2/mediapipe_ros2.egg-info/top_level.txt
[0.794s] reading manifest file '../../build/mediapipe_ros2/mediapipe_ros2.egg-info/SOURCES.txt'
[0.794s] writing manifest file '../../build/mediapipe_ros2/mediapipe_ros2.egg-info/SOURCES.txt'
[0.794s] running build
[0.794s] running build_py
[0.795s] /usr/lib/python3/dist-packages/setuptools/command/install.py:34: SetuptoolsDeprecationWarning: setup.py install is deprecated. Use build and pip and other standards-based tools.
[0.795s]   warnings.warn(
[0.795s] running install
[0.795s] running install_lib
[0.795s] running install_data
[0.796s] running install_egg_info
[0.797s] removing '/home/hp/mars_car_ws/install/mediapipe_ros2/lib/python3.10/site-packages/mediapipe_ros2-0.0.0-py3.10.egg-info' (and everything under it)
[0.797s] Copying ../../build/mediapipe_ros2/mediapipe_ros2.egg-info to /home/hp/mars_car_ws/install/mediapipe_ros2/lib/python3.10/site-packages/mediapipe_ros2-0.0.0-py3.10.egg-info
[0.797s] running install_scripts
[0.812s] Installing gesture_to_cmdvel script to /home/hp/mars_car_ws/install/mediapipe_ros2/lib/mediapipe_ros2
[0.812s] Installing hands script to /home/hp/mars_car_ws/install/mediapipe_ros2/lib/mediapipe_ros2
[0.812s] Installing set_pose_entity script to /home/hp/mars_car_ws/install/mediapipe_ros2/lib/mediapipe_ros2
[0.812s] writing list of installed files to '/home/hp/mars_car_ws/build/mediapipe_ros2/install.log'
[0.828s] Invoked command in '/home/hp/mars_car_ws/src/mediapipe_ros2' returned '0': PYTHONPATH=/home/hp/mars_car_ws/build/mediapipe_ros2/prefix_override:/home/hp/mars_car_ws/install/mediapipe_ros2/lib/python3.10/site-packages:${PYTHONPATH} /usr/bin/python3 setup.py egg_info --egg-base ../../build/mediapipe_ros2 build --build-base /home/hp/mars_car_ws/build/mediapipe_ros2/build install --record /home/hp/mars_car_ws/build/mediapipe_ros2/install.log --install-scripts $base/lib/mediapipe_ros2 --single-version-externally-managed
