[0.024s] Invoking command in '/home/hp/marscar_ws/build/marscar_navigation2': CMAKE_PREFIX_PATH=${CMAKE_PREFIX_PATH}:/home/hp/marscar_ws/install/mediapipe_ros2:/opt/ros/humble /usr/bin/cmake /home/hp/marscar_ws/src/marscar_navigation2 -DCMAKE_INSTALL_PREFIX=/home/hp/marscar_ws/install/marscar_navigation2
[0.231s] -- The C compiler identification is GNU 11.4.0
[0.231s] -- The CXX compiler identification is GNU 11.4.0
[0.231s] -- Detecting C compiler ABI info
[0.232s] -- Detecting C compiler ABI info - done
[0.232s] -- Check for working C compiler: /usr/bin/cc - skipped
[0.232s] -- Detecting C compile features
[0.232s] -- Detecting C compile features - done
[0.232s] -- Detecting CXX compiler ABI info
[0.242s] -- Detecting CXX compiler ABI info - done
[0.249s] -- Check for working CXX compiler: /usr/bin/c++ - skipped
[0.249s] -- Detecting CXX compile features
[0.250s] -- Detecting CXX compile features - done
[0.252s] -- Found ament_cmake: 1.3.6 (/opt/ros/humble/share/ament_cmake/cmake)
[0.410s] -- Found Python3: /usr/bin/python3.10 (found version "3.10.12") found components: Interpreter 
[0.550s] -- Configuring done
[0.554s] -- Generating done
[0.555s] -- Build files have been written to: /home/hp/marscar_ws/build/marscar_navigation2
[0.560s] Invoked command in '/home/hp/marscar_ws/build/marscar_navigation2' returned '0': CMAKE_PREFIX_PATH=${CMAKE_PREFIX_PATH}:/home/hp/marscar_ws/install/mediapipe_ros2:/opt/ros/humble /usr/bin/cmake /home/hp/marscar_ws/src/marscar_navigation2 -DCMAKE_INSTALL_PREFIX=/home/hp/marscar_ws/install/marscar_navigation2
[0.562s] Invoking command in '/home/hp/marscar_ws/build/marscar_navigation2': CMAKE_PREFIX_PATH=${CMAKE_PREFIX_PATH}:/home/hp/marscar_ws/install/mediapipe_ros2:/opt/ros/humble /usr/bin/cmake --build /home/hp/marscar_ws/build/marscar_navigation2 -- -j20 -l20
[0.590s] Invoked command in '/home/hp/marscar_ws/build/marscar_navigation2' returned '0': CMAKE_PREFIX_PATH=${CMAKE_PREFIX_PATH}:/home/hp/marscar_ws/install/mediapipe_ros2:/opt/ros/humble /usr/bin/cmake --build /home/hp/marscar_ws/build/marscar_navigation2 -- -j20 -l20
[0.608s] Invoking command in '/home/hp/marscar_ws/build/marscar_navigation2': CMAKE_PREFIX_PATH=${CMAKE_PREFIX_PATH}:/home/hp/marscar_ws/install/mediapipe_ros2:/opt/ros/humble /usr/bin/cmake --install /home/hp/marscar_ws/build/marscar_navigation2
[0.614s] -- Install configuration: ""
[0.614s] -- Installing: /home/hp/marscar_ws/install/marscar_navigation2/share/marscar_navigation2/launch
[0.614s] -- Installing: /home/hp/marscar_ws/install/marscar_navigation2/share/marscar_navigation2/launch/navigation2.launch.py
[0.614s] -- Installing: /home/hp/marscar_ws/install/marscar_navigation2/share/marscar_navigation2/map
[0.614s] -- Installing: /home/hp/marscar_ws/install/marscar_navigation2/share/marscar_navigation2/map/map.yaml
[0.615s] -- Installing: /home/hp/marscar_ws/install/marscar_navigation2/share/marscar_navigation2/map/map_1669312051.yaml
[0.615s] -- Installing: /home/hp/marscar_ws/install/marscar_navigation2/share/marscar_navigation2/map/map_1669312051.pgm
[0.615s] -- Installing: /home/hp/marscar_ws/install/marscar_navigation2/share/marscar_navigation2/map/map.pgm
[0.615s] -- Installing: /home/hp/marscar_ws/install/marscar_navigation2/share/marscar_navigation2/param
[0.615s] -- Installing: /home/hp/marscar_ws/install/marscar_navigation2/share/marscar_navigation2/param/marscar.yaml
[0.615s] -- Installing: /home/hp/marscar_ws/install/marscar_navigation2/share/marscar_navigation2/param/nav2_params.yaml
[0.615s] -- Installing: /home/hp/marscar_ws/install/marscar_navigation2/share/marscar_navigation2/rviz
[0.616s] -- Installing: /home/hp/marscar_ws/install/marscar_navigation2/share/marscar_navigation2/rviz/marscar_navigation2.rviz
[0.616s] -- Installing: /home/hp/marscar_ws/install/marscar_navigation2/share/ament_index/resource_index/package_run_dependencies/marscar_navigation2
[0.616s] -- Installing: /home/hp/marscar_ws/install/marscar_navigation2/share/ament_index/resource_index/parent_prefix_path/marscar_navigation2
[0.616s] -- Installing: /home/hp/marscar_ws/install/marscar_navigation2/share/marscar_navigation2/environment/ament_prefix_path.sh
[0.616s] -- Installing: /home/hp/marscar_ws/install/marscar_navigation2/share/marscar_navigation2/environment/ament_prefix_path.dsv
[0.616s] -- Installing: /home/hp/marscar_ws/install/marscar_navigation2/share/marscar_navigation2/environment/path.sh
[0.616s] -- Installing: /home/hp/marscar_ws/install/marscar_navigation2/share/marscar_navigation2/environment/path.dsv
[0.616s] -- Installing: /home/hp/marscar_ws/install/marscar_navigation2/share/marscar_navigation2/local_setup.bash
[0.616s] -- Installing: /home/hp/marscar_ws/install/marscar_navigation2/share/marscar_navigation2/local_setup.sh
[0.616s] -- Installing: /home/hp/marscar_ws/install/marscar_navigation2/share/marscar_navigation2/local_setup.zsh
[0.617s] -- Installing: /home/hp/marscar_ws/install/marscar_navigation2/share/marscar_navigation2/local_setup.dsv
[0.617s] -- Installing: /home/hp/marscar_ws/install/marscar_navigation2/share/marscar_navigation2/package.dsv
[0.618s] -- Installing: /home/hp/marscar_ws/install/marscar_navigation2/share/ament_index/resource_index/packages/marscar_navigation2
[0.621s] -- Installing: /home/hp/marscar_ws/install/marscar_navigation2/share/marscar_navigation2/cmake/marscar_navigation2Config.cmake
[0.621s] -- Installing: /home/hp/marscar_ws/install/marscar_navigation2/share/marscar_navigation2/cmake/marscar_navigation2Config-version.cmake
[0.621s] -- Installing: /home/hp/marscar_ws/install/marscar_navigation2/share/marscar_navigation2/package.xml
[0.622s] Invoked command in '/home/hp/marscar_ws/build/marscar_navigation2' returned '0': CMAKE_PREFIX_PATH=${CMAKE_PREFIX_PATH}:/home/hp/marscar_ws/install/mediapipe_ros2:/opt/ros/humble /usr/bin/cmake --install /home/hp/marscar_ws/build/marscar_navigation2
