[  2%] Built target marscar_gazebo_ros2__cpp
[ 12%] Built target marscar_gazebo_ros2__rosidl_generator_c
[ 12%] Built target ament_cmake_python_copy_marscar_gazebo_ros2
[ 23%] Built target marscar_gazebo_ros2__rosidl_typesupport_c
[ 33%] Built target marscar_gazebo_ros2__rosidl_typesupport_cpp
[ 43%] Built target marscar_gazebo_ros2__rosidl_typesupport_fastrtps_cpp
[ 53%] Built target marscar_gazebo_ros2__rosidl_typesupport_fastrtps_c
[ 64%] Built target marscar_gazebo_ros2__rosidl_typesupport_introspection_c
[ 74%] Built target marscar_gazebo_ros2__rosidl_typesupport_introspection_cpp
[ 74%] Built target marscar_gazebo_ros2
[ 76%] Built target marscar_gazebo_ros2__py
[ 84%] Built target marscar_gazebo_ros2__rosidl_generator_py
[ 89%] Built target marscar_gazebo_ros2__rosidl_typesupport_fastrtps_c__pyext
[ 94%] Built target marscar_gazebo_ros2__rosidl_typesupport_introspection_c__pyext
[100%] Built target marscar_gazebo_ros2__rosidl_typesupport_c__pyext
running egg_info
writing marscar_gazebo_ros2.egg-info/PKG-INFO
writing dependency_links to marscar_gazebo_ros2.egg-info/dependency_links.txt
writing top-level names to marscar_gazebo_ros2.egg-info/top_level.txt
reading manifest file 'marscar_gazebo_ros2.egg-info/SOURCES.txt'
writing manifest file 'marscar_gazebo_ros2.egg-info/SOURCES.txt'
[100%] Built target ament_cmake_python_build_marscar_gazebo_ros2_egg
-- Install configuration: ""
-- Up-to-date: /home/hp/mars_car_ws/install/marscar_gazebo_ros2/share/marscar_gazebo_ros2//launch
-- Up-to-date: /home/hp/mars_car_ws/install/marscar_gazebo_ros2/share/marscar_gazebo_ros2//launch/marscar_tiny.launch.py
-- Up-to-date: /home/hp/mars_car_ws/install/marscar_gazebo_ros2/share/marscar_gazebo_ros2//launch/tiny_spawn_urdf.launch.py
-- Up-to-date: /home/hp/mars_car_ws/install/marscar_gazebo_ros2/share/marscar_gazebo_ros2//launch/__pycache__
-- Installing: /home/hp/mars_car_ws/install/marscar_gazebo_ros2/share/marscar_gazebo_ros2//launch/__pycache__/marscar_tiny.launch.cpython-310.pyc
-- Up-to-date: /home/hp/mars_car_ws/install/marscar_gazebo_ros2/share/marscar_gazebo_ros2//launch/marscar_test.py
-- Up-to-date: /home/hp/mars_car_ws/install/marscar_gazebo_ros2/share/marscar_gazebo_ros2//launch/marscar.launch.py
-- Up-to-date: /home/hp/mars_car_ws/install/marscar_gazebo_ros2/share/marscar_gazebo_ros2//launch/spawn_urdf.launch.py
-- Up-to-date: /home/hp/mars_car_ws/install/marscar_gazebo_ros2/share/marscar_gazebo_ros2//launch/example_effort.launch.py
-- Up-to-date: /home/hp/mars_car_ws/install/marscar_gazebo_ros2/share/marscar_gazebo_ros2//config
-- Up-to-date: /home/hp/mars_car_ws/install/marscar_gazebo_ros2/share/marscar_gazebo_ros2//config/cartpole_controller_effort.yaml
-- Up-to-date: /home/hp/mars_car_ws/install/marscar_gazebo_ros2/share/marscar_gazebo_ros2//config/octomap_server.yaml
-- Up-to-date: /home/hp/mars_car_ws/install/marscar_gazebo_ros2/share/marscar_gazebo_ros2//config/mars_car_controller.yaml
-- Up-to-date: /home/hp/mars_car_ws/install/marscar_gazebo_ros2/share/marscar_gazebo_ros2//config/camera.yaml
-- Up-to-date: /home/hp/mars_car_ws/install/marscar_gazebo_ros2/share/marscar_gazebo_ros2//config/joystick.yaml
-- Up-to-date: /home/hp/mars_car_ws/install/marscar_gazebo_ros2/share/marscar_gazebo_ros2//config/twist_mux.yaml
-- Up-to-date: /home/hp/mars_car_ws/install/marscar_gazebo_ros2/share/marscar_gazebo_ros2//urdf
-- Installing: /home/hp/mars_car_ws/install/marscar_gazebo_ros2/share/marscar_gazebo_ros2//urdf/mars_car_tiny_forward.urdf.xacro
-- Up-to-date: /home/hp/mars_car_ws/install/marscar_gazebo_ros2/share/marscar_gazebo_ros2//urdf/marscar_blender.urdf
-- Up-to-date: /home/hp/mars_car_ws/install/marscar_gazebo_ros2/share/marscar_gazebo_ros2//urdf/marscar_blender.urdf.xacro
-- Up-to-date: /home/hp/mars_car_ws/install/marscar_gazebo_ros2/share/marscar_gazebo_ros2//urdf/roll_effort.xacro
-- Up-to-date: /home/hp/mars_car_ws/install/marscar_gazebo_ros2/share/marscar_gazebo_ros2//urdf/mars_car_tiny_forward.urdf
-- Up-to-date: /home/hp/mars_car_ws/install/marscar_gazebo_ros2/share/marscar_gazebo_ros2//models
-- Up-to-date: /home/hp/mars_car_ws/install/marscar_gazebo_ros2/share/marscar_gazebo_ros2//models/mars_car
-- Up-to-date: /home/hp/mars_car_ws/install/marscar_gazebo_ros2/share/marscar_gazebo_ros2//models/mars_car/meshes
-- Up-to-date: /home/hp/mars_car_ws/install/marscar_gazebo_ros2/share/marscar_gazebo_ros2//models/mars_car/meshes/dae
-- Up-to-date: /home/hp/mars_car_ws/install/marscar_gazebo_ros2/share/marscar_gazebo_ros2//models/mars_car/meshes/dae/Mars6Mars_Rover__Curiosity_1_0__-_7__Matscam_Holder-1.001.dae_history.log
-- Up-to-date: /home/hp/mars_car_ws/install/marscar_gazebo_ros2/share/marscar_gazebo_ros2//models/mars_car/meshes/dae/Mars6Mars_Rover__Curiosity_1_0__-_1__Rover_Wheel_right_3.001.dae
-- Up-to-date: /home/hp/mars_car_ws/install/marscar_gazebo_ros2/share/marscar_gazebo_ros2//models/mars_car/meshes/dae/Mars6Mars_Rover__Curiosity_1_0__-_whole_body.001.dae_history.log
-- Up-to-date: /home/hp/mars_car_ws/install/marscar_gazebo_ros2/share/marscar_gazebo_ros2//models/mars_car/meshes/dae/Mars6Mars_Rover__Curiosity_1_0__-_1__Rover_Wheel_left_1.001.dae_history.log
-- Up-to-date: /home/hp/mars_car_ws/install/marscar_gazebo_ros2/share/marscar_gazebo_ros2//models/mars_car/meshes/dae/Mars6Mars_Rover__Curiosity_1_0__-_whole_body.001.dae
-- Up-to-date: /home/hp/mars_car_ws/install/marscar_gazebo_ros2/share/marscar_gazebo_ros2//models/mars_car/meshes/dae/Mars6Mars_Rover__Curiosity_1_0__-_1__Rover_Wheel_left_2.001.dae_history.log
-- Up-to-date: /home/hp/mars_car_ws/install/marscar_gazebo_ros2/share/marscar_gazebo_ros2//models/mars_car/meshes/dae/Mars6Mars_Rover__Curiosity_1_0__-_1__Rover_Wheel_left_2.001.dae
-- Up-to-date: /home/hp/mars_car_ws/install/marscar_gazebo_ros2/share/marscar_gazebo_ros2//models/mars_car/meshes/dae/Mars6Mars_Rover__Curiosity_1_0__-_33_Front_Wheel_Servo_mech.003.dae
-- Up-to-date: /home/hp/mars_car_ws/install/marscar_gazebo_ros2/share/marscar_gazebo_ros2//models/mars_car/meshes/dae/Mars6Mars_Rover__Curiosity_1_0__-_33_Front_Wheel_Servo_mech.004.dae_history.log
-- Up-to-date: /home/hp/mars_car_ws/install/marscar_gazebo_ros2/share/marscar_gazebo_ros2//models/mars_car/meshes/dae/Mars6Mars_Rover__Curiosity_1_0__-_16_Arm_1-2.001.dae_history.log
-- Up-to-date: /home/hp/mars_car_ws/install/marscar_gazebo_ros2/share/marscar_gazebo_ros2//models/mars_car/meshes/dae/Mars6Mars_Rover__Curiosity_1_0__-_17__Arm_2-2.001.dae
-- Up-to-date: /home/hp/mars_car_ws/install/marscar_gazebo_ros2/share/marscar_gazebo_ros2//models/mars_car/meshes/dae/Mars6Mars_Rover__Curiosity_1_0__-_18_Drill_joint-1.001.dae_history.log
-- Up-to-date: /home/hp/mars_car_ws/install/marscar_gazebo_ros2/share/marscar_gazebo_ros2//models/mars_car/meshes/dae/Mars6Mars_Rover__Curiosity_1_0__-_18_Drill_joint-1.001.dae
-- Up-to-date: /home/hp/mars_car_ws/install/marscar_gazebo_ros2/share/marscar_gazebo_ros2//models/mars_car/meshes/dae/Mars6Mars_Rover__Curiosity_1_0__-_16_Arm_1-2.001.dae
-- Up-to-date: /home/hp/mars_car_ws/install/marscar_gazebo_ros2/share/marscar_gazebo_ros2//models/mars_car/meshes/dae/Mars6Mars_Rover__Curiosity_1_0__-_28_Wheel_connector_1-2.001.dae
-- Up-to-date: /home/hp/mars_car_ws/install/marscar_gazebo_ros2/share/marscar_gazebo_ros2//models/mars_car/meshes/dae/Mars6Mars_Rover__Curiosity_1_0__-_1__Rover_Wheel_left_3.001.dae
-- Up-to-date: /home/hp/mars_car_ws/install/marscar_gazebo_ros2/share/marscar_gazebo_ros2//models/mars_car/meshes/dae/Mars6Mars_Rover__Curiosity_1_0__-_17__Arm_2-2.001.dae_history.log
-- Up-to-date: /home/hp/mars_car_ws/install/marscar_gazebo_ros2/share/marscar_gazebo_ros2//models/mars_car/meshes/dae/Mars6Mars_Rover__Curiosity_1_0__-_29_Wheel_Connector_2-2_00.dae_history.log
-- Up-to-date: /home/hp/mars_car_ws/install/marscar_gazebo_ros2/share/marscar_gazebo_ros2//models/mars_car/meshes/dae/Mars6Mars_Rover__Curiosity_1_0__-_28_Wheel_connector_1-2.001.dae_history.log
-- Up-to-date: /home/hp/mars_car_ws/install/marscar_gazebo_ros2/share/marscar_gazebo_ros2//models/mars_car/meshes/dae/Mars6Mars_Rover__Curiosity_1_0__-_1__Rover_Wheel_right_2.001.dae_history.log
-- Up-to-date: /home/hp/mars_car_ws/install/marscar_gazebo_ros2/share/marscar_gazebo_ros2//models/mars_car/meshes/dae/Mars6Mars_Rover__Curiosity_1_0__-_1__Rover_Wheel_right_3.001.dae_history.log
-- Up-to-date: /home/hp/mars_car_ws/install/marscar_gazebo_ros2/share/marscar_gazebo_ros2//models/mars_car/meshes/dae/Mars6Mars_Rover__Curiosity_1_0__-_33_Front_Wheel_Servo_mech.005.dae_history.log
-- Up-to-date: /home/hp/mars_car_ws/install/marscar_gazebo_ros2/share/marscar_gazebo_ros2//models/mars_car/meshes/dae/Mars6Mars_Rover__Curiosity_1_0__-_1__Rover_Wheel_right_1.001.dae_history.log
-- Up-to-date: /home/hp/mars_car_ws/install/marscar_gazebo_ros2/share/marscar_gazebo_ros2//models/mars_car/meshes/dae/Mars6Mars_Rover__Curiosity_1_0__-_33_Front_Wheel_Servo_mech.005.dae
-- Up-to-date: /home/hp/mars_car_ws/install/marscar_gazebo_ros2/share/marscar_gazebo_ros2//models/mars_car/meshes/dae/Mars6Mars_Rover__Curiosity_1_0__-_1__Rover_Wheel_left_3.001.dae_history.log
-- Up-to-date: /home/hp/mars_car_ws/install/marscar_gazebo_ros2/share/marscar_gazebo_ros2//models/mars_car/meshes/dae/Mars6Mars_Rover__Curiosity_1_0__-_29_Wheel_Connector_2-2.001.dae
-- Up-to-date: /home/hp/mars_car_ws/install/marscar_gazebo_ros2/share/marscar_gazebo_ros2//models/mars_car/meshes/dae/Mars6Mars_Rover__Curiosity_1_0__-_33_Front_Wheel_Servo_mech.006.dae_history.log
-- Up-to-date: /home/hp/mars_car_ws/install/marscar_gazebo_ros2/share/marscar_gazebo_ros2//models/mars_car/meshes/dae/Mars6Mars_Rover__Curiosity_1_0__-_1__Rover_Wheel_right_2.001.dae
-- Up-to-date: /home/hp/mars_car_ws/install/marscar_gazebo_ros2/share/marscar_gazebo_ros2//models/mars_car/meshes/dae/Mars6Mars_Rover__Curiosity_1_0__-_15__Arm_Axle-2.001.dae
-- Up-to-date: /home/hp/mars_car_ws/install/marscar_gazebo_ros2/share/marscar_gazebo_ros2//models/mars_car/meshes/dae/Mars6Mars_Rover__Curiosity_1_0__-_29_Wheel_Connector_2-2_00.dae
-- Up-to-date: /home/hp/mars_car_ws/install/marscar_gazebo_ros2/share/marscar_gazebo_ros2//models/mars_car/meshes/dae/Mars6Mars_Rover__Curiosity_1_0__-_28_Wheel_connector_1-2_00.dae
-- Up-to-date: /home/hp/mars_car_ws/install/marscar_gazebo_ros2/share/marscar_gazebo_ros2//models/mars_car/meshes/dae/Mars6Mars_Rover__Curiosity_1_0__-_33_Front_Wheel_Servo_mech.003.dae_history.log
-- Up-to-date: /home/hp/mars_car_ws/install/marscar_gazebo_ros2/share/marscar_gazebo_ros2//models/mars_car/meshes/dae/Mars6Mars_Rover__Curiosity_1_0__-_1__Rover_Wheel_right_1.001.dae
-- Up-to-date: /home/hp/mars_car_ws/install/marscar_gazebo_ros2/share/marscar_gazebo_ros2//models/mars_car/meshes/dae/Mars6Mars_Rover__Curiosity_1_0__-_15__Arm_Axle-2.001.dae_history.log
-- Up-to-date: /home/hp/mars_car_ws/install/marscar_gazebo_ros2/share/marscar_gazebo_ros2//models/mars_car/meshes/dae/Mars6Mars_Rover__Curiosity_1_0__-_1__Rover_Wheel_left_1.001.dae
-- Up-to-date: /home/hp/mars_car_ws/install/marscar_gazebo_ros2/share/marscar_gazebo_ros2//models/mars_car/meshes/dae/Mars6Mars_Rover__Curiosity_1_0__-_29_Wheel_Connector_2-2.001.dae_history.log
-- Up-to-date: /home/hp/mars_car_ws/install/marscar_gazebo_ros2/share/marscar_gazebo_ros2//models/mars_car/meshes/dae/Mars6Mars_Rover__Curiosity_1_0__-_28_Wheel_connector_1-2_00.dae_history.log
-- Up-to-date: /home/hp/mars_car_ws/install/marscar_gazebo_ros2/share/marscar_gazebo_ros2//models/mars_car/meshes/dae/Mars6Mars_Rover__Curiosity_1_0__-_33_Front_Wheel_Servo_mech.006.dae
-- Up-to-date: /home/hp/mars_car_ws/install/marscar_gazebo_ros2/share/marscar_gazebo_ros2//models/mars_car/meshes/dae/Mars6Mars_Rover__Curiosity_1_0__-_7__Matscam_Holder-1.001.dae
-- Up-to-date: /home/hp/mars_car_ws/install/marscar_gazebo_ros2/share/marscar_gazebo_ros2//models/mars_car/meshes/dae/Mars6Mars_Rover__Curiosity_1_0__-_33_Front_Wheel_Servo_mech.004.dae
-- Up-to-date: /home/hp/mars_car_ws/install/marscar_gazebo_ros2/share/marscar_gazebo_ros2//models/mars_car_tiny_forward
-- Up-to-date: /home/hp/mars_car_ws/install/marscar_gazebo_ros2/share/marscar_gazebo_ros2//models/mars_car_tiny_forward/meshes
-- Up-to-date: /home/hp/mars_car_ws/install/marscar_gazebo_ros2/share/marscar_gazebo_ros2//models/mars_car_tiny_forward/meshes/dae
-- Up-to-date: /home/hp/mars_car_ws/install/marscar_gazebo_ros2/share/marscar_gazebo_ros2//models/mars_car_tiny_forward/meshes/dae/Mars6Mars_Rover__Curiosity_1_0__-_7__Matscam_Holder-1.001.dae_history.log
-- Up-to-date: /home/hp/mars_car_ws/install/marscar_gazebo_ros2/share/marscar_gazebo_ros2//models/mars_car_tiny_forward/meshes/dae/Mars6Mars_Rover__Curiosity_1_0__-_1__Rover_Wheel_right_3.001.dae
-- Up-to-date: /home/hp/mars_car_ws/install/marscar_gazebo_ros2/share/marscar_gazebo_ros2//models/mars_car_tiny_forward/meshes/dae/Mars6Mars_Rover__Curiosity_1_0__-_whole_body.001.dae_history.log
-- Up-to-date: /home/hp/mars_car_ws/install/marscar_gazebo_ros2/share/marscar_gazebo_ros2//models/mars_car_tiny_forward/meshes/dae/Mars6Mars_Rover__Curiosity_1_0__-_1__Rover_Wheel_left_1.001.dae_history.log
-- Up-to-date: /home/hp/mars_car_ws/install/marscar_gazebo_ros2/share/marscar_gazebo_ros2//models/mars_car_tiny_forward/meshes/dae/Mars6Mars_Rover__Curiosity_1_0__-_whole_body.001.dae
-- Up-to-date: /home/hp/mars_car_ws/install/marscar_gazebo_ros2/share/marscar_gazebo_ros2//models/mars_car_tiny_forward/meshes/dae/Mars6Mars_Rover__Curiosity_1_0__-_1__Rover_Wheel_left_2.001.dae_history.log
-- Up-to-date: /home/hp/mars_car_ws/install/marscar_gazebo_ros2/share/marscar_gazebo_ros2//models/mars_car_tiny_forward/meshes/dae/Mars6Mars_Rover__Curiosity_1_0__-_1__Rover_Wheel_left_2.001.dae
-- Up-to-date: /home/hp/mars_car_ws/install/marscar_gazebo_ros2/share/marscar_gazebo_ros2//models/mars_car_tiny_forward/meshes/dae/Mars6Mars_Rover__Curiosity_1_0__-_33_Front_Wheel_Servo_mech.003.dae
-- Up-to-date: /home/hp/mars_car_ws/install/marscar_gazebo_ros2/share/marscar_gazebo_ros2//models/mars_car_tiny_forward/meshes/dae/Mars6Mars_Rover__Curiosity_1_0__-_33_Front_Wheel_Servo_mech.004.dae_history.log
-- Up-to-date: /home/hp/mars_car_ws/install/marscar_gazebo_ros2/share/marscar_gazebo_ros2//models/mars_car_tiny_forward/meshes/dae/Mars6Mars_Rover__Curiosity_1_0__-_18_Drill_joint-1.001.dae_history.log
-- Up-to-date: /home/hp/mars_car_ws/install/marscar_gazebo_ros2/share/marscar_gazebo_ros2//models/mars_car_tiny_forward/meshes/dae/Mars6Mars_Rover__Curiosity_1_0__-_18_Drill_joint-1.001.dae
-- Up-to-date: /home/hp/mars_car_ws/install/marscar_gazebo_ros2/share/marscar_gazebo_ros2//models/mars_car_tiny_forward/meshes/dae/Mars6Mars_Rover__Curiosity_1_0__-_28_Wheel_connector_1-2.001.dae
-- Up-to-date: /home/hp/mars_car_ws/install/marscar_gazebo_ros2/share/marscar_gazebo_ros2//models/mars_car_tiny_forward/meshes/dae/Mars6Mars_Rover__Curiosity_1_0__-_1__Rover_Wheel_left_3.001.dae
-- Up-to-date: /home/hp/mars_car_ws/install/marscar_gazebo_ros2/share/marscar_gazebo_ros2//models/mars_car_tiny_forward/meshes/dae/Mars6Mars_Rover__Curiosity_1_0__-_29_Wheel_Connector_2-2_00.dae_history.log
-- Up-to-date: /home/hp/mars_car_ws/install/marscar_gazebo_ros2/share/marscar_gazebo_ros2//models/mars_car_tiny_forward/meshes/dae/Mars6Mars_Rover__Curiosity_1_0__-_28_Wheel_connector_1-2.001.dae_history.log
-- Up-to-date: /home/hp/mars_car_ws/install/marscar_gazebo_ros2/share/marscar_gazebo_ros2//models/mars_car_tiny_forward/meshes/dae/Mars6Mars_Rover__Curiosity_1_0__-_1__Rover_Wheel_right_2.001.dae_history.log
-- Up-to-date: /home/hp/mars_car_ws/install/marscar_gazebo_ros2/share/marscar_gazebo_ros2//models/mars_car_tiny_forward/meshes/dae/Mars6Mars_Rover__Curiosity_1_0__-_1__Rover_Wheel_right_3.001.dae_history.log
-- Up-to-date: /home/hp/mars_car_ws/install/marscar_gazebo_ros2/share/marscar_gazebo_ros2//models/mars_car_tiny_forward/meshes/dae/Mars6Mars_Rover__Curiosity_1_0__-_33_Front_Wheel_Servo_mech.005.dae_history.log
-- Up-to-date: /home/hp/mars_car_ws/install/marscar_gazebo_ros2/share/marscar_gazebo_ros2//models/mars_car_tiny_forward/meshes/dae/Mars6Mars_Rover__Curiosity_1_0__-_1__Rover_Wheel_right_1.001.dae_history.log
-- Up-to-date: /home/hp/mars_car_ws/install/marscar_gazebo_ros2/share/marscar_gazebo_ros2//models/mars_car_tiny_forward/meshes/dae/Mars6Mars_Rover__Curiosity_1_0__-_33_Front_Wheel_Servo_mech.005.dae
-- Up-to-date: /home/hp/mars_car_ws/install/marscar_gazebo_ros2/share/marscar_gazebo_ros2//models/mars_car_tiny_forward/meshes/dae/Mars6Mars_Rover__Curiosity_1_0__-_1__Rover_Wheel_left_3.001.dae_history.log
-- Up-to-date: /home/hp/mars_car_ws/install/marscar_gazebo_ros2/share/marscar_gazebo_ros2//models/mars_car_tiny_forward/meshes/dae/Mars6Mars_Rover__Curiosity_1_0__-_29_Wheel_Connector_2-2.001.dae
-- Up-to-date: /home/hp/mars_car_ws/install/marscar_gazebo_ros2/share/marscar_gazebo_ros2//models/mars_car_tiny_forward/meshes/dae/Mars6Mars_Rover__Curiosity_1_0__-_33_Front_Wheel_Servo_mech.006.dae_history.log
-- Up-to-date: /home/hp/mars_car_ws/install/marscar_gazebo_ros2/share/marscar_gazebo_ros2//models/mars_car_tiny_forward/meshes/dae/Mars6Mars_Rover__Curiosity_1_0__-_1__Rover_Wheel_right_2.001.dae
-- Up-to-date: /home/hp/mars_car_ws/install/marscar_gazebo_ros2/share/marscar_gazebo_ros2//models/mars_car_tiny_forward/meshes/dae/Mars6Mars_Rover__Curiosity_1_0__-_29_Wheel_Connector_2-2_00.dae
-- Up-to-date: /home/hp/mars_car_ws/install/marscar_gazebo_ros2/share/marscar_gazebo_ros2//models/mars_car_tiny_forward/meshes/dae/Mars6Mars_Rover__Curiosity_1_0__-_28_Wheel_connector_1-2_00.dae
-- Up-to-date: /home/hp/mars_car_ws/install/marscar_gazebo_ros2/share/marscar_gazebo_ros2//models/mars_car_tiny_forward/meshes/dae/Mars6Mars_Rover__Curiosity_1_0__-_33_Front_Wheel_Servo_mech.003.dae_history.log
-- Up-to-date: /home/hp/mars_car_ws/install/marscar_gazebo_ros2/share/marscar_gazebo_ros2//models/mars_car_tiny_forward/meshes/dae/Mars6Mars_Rover__Curiosity_1_0__-_1__Rover_Wheel_right_1.001.dae
-- Up-to-date: /home/hp/mars_car_ws/install/marscar_gazebo_ros2/share/marscar_gazebo_ros2//models/mars_car_tiny_forward/meshes/dae/Mars6Mars_Rover__Curiosity_1_0__-_1__Rover_Wheel_left_1.001.dae
-- Up-to-date: /home/hp/mars_car_ws/install/marscar_gazebo_ros2/share/marscar_gazebo_ros2//models/mars_car_tiny_forward/meshes/dae/Mars6Mars_Rover__Curiosity_1_0__-_29_Wheel_Connector_2-2.001.dae_history.log
-- Up-to-date: /home/hp/mars_car_ws/install/marscar_gazebo_ros2/share/marscar_gazebo_ros2//models/mars_car_tiny_forward/meshes/dae/Mars6Mars_Rover__Curiosity_1_0__-_28_Wheel_connector_1-2_00.dae_history.log
-- Up-to-date: /home/hp/mars_car_ws/install/marscar_gazebo_ros2/share/marscar_gazebo_ros2//models/mars_car_tiny_forward/meshes/dae/Mars6Mars_Rover__Curiosity_1_0__-_33_Front_Wheel_Servo_mech.006.dae
-- Up-to-date: /home/hp/mars_car_ws/install/marscar_gazebo_ros2/share/marscar_gazebo_ros2//models/mars_car_tiny_forward/meshes/dae/Mars6Mars_Rover__Curiosity_1_0__-_7__Matscam_Holder-1.001.dae
-- Up-to-date: /home/hp/mars_car_ws/install/marscar_gazebo_ros2/share/marscar_gazebo_ros2//models/mars_car_tiny_forward/meshes/dae/Mars6Mars_Rover__Curiosity_1_0__-_33_Front_Wheel_Servo_mech.004.dae
-- Up-to-date: /home/hp/mars_car_ws/install/marscar_gazebo_ros2/share/marscar_gazebo_ros2//models/sand_heightmap
-- Up-to-date: /home/hp/mars_car_ws/install/marscar_gazebo_ros2/share/marscar_gazebo_ros2//models/sand_heightmap/meshes
-- Up-to-date: /home/hp/mars_car_ws/install/marscar_gazebo_ros2/share/marscar_gazebo_ros2//models/sand_heightmap/meshes/soil_sand_0045_01.jpg
-- Up-to-date: /home/hp/mars_car_ws/install/marscar_gazebo_ros2/share/marscar_gazebo_ros2//models/sand_heightmap/meshes/License and source for textures.txt
-- Up-to-date: /home/hp/mars_car_ws/install/marscar_gazebo_ros2/share/marscar_gazebo_ros2//models/sand_heightmap/meshes/heightmap.dae
-- Up-to-date: /home/hp/mars_car_ws/install/marscar_gazebo_ros2/share/marscar_gazebo_ros2//models/sand_heightmap/model.sdf
-- Up-to-date: /home/hp/mars_car_ws/install/marscar_gazebo_ros2/share/marscar_gazebo_ros2//models/sand_heightmap/model.config
-- Up-to-date: /home/hp/mars_car_ws/install/marscar_gazebo_ros2/share/marscar_gazebo_ros2//models/mars_car_tiny
-- Up-to-date: /home/hp/mars_car_ws/install/marscar_gazebo_ros2/share/marscar_gazebo_ros2//models/mars_car_tiny/meshes
-- Up-to-date: /home/hp/mars_car_ws/install/marscar_gazebo_ros2/share/marscar_gazebo_ros2//models/mars_car_tiny/meshes/dae
-- Up-to-date: /home/hp/mars_car_ws/install/marscar_gazebo_ros2/share/marscar_gazebo_ros2//models/mars_car_tiny/meshes/dae/Mars6Mars_Rover__Curiosity_1_0__-_7__Matscam_Holder-1.001.dae_history.log
-- Up-to-date: /home/hp/mars_car_ws/install/marscar_gazebo_ros2/share/marscar_gazebo_ros2//models/mars_car_tiny/meshes/dae/Mars6Mars_Rover__Curiosity_1_0__-_1__Rover_Wheel_right_3.001.dae
-- Up-to-date: /home/hp/mars_car_ws/install/marscar_gazebo_ros2/share/marscar_gazebo_ros2//models/mars_car_tiny/meshes/dae/Mars6Mars_Rover__Curiosity_1_0__-_whole_body.001.dae_history.log
-- Up-to-date: /home/hp/mars_car_ws/install/marscar_gazebo_ros2/share/marscar_gazebo_ros2//models/mars_car_tiny/meshes/dae/Mars6Mars_Rover__Curiosity_1_0__-_1__Rover_Wheel_left_1.001.dae_history.log
-- Up-to-date: /home/hp/mars_car_ws/install/marscar_gazebo_ros2/share/marscar_gazebo_ros2//models/mars_car_tiny/meshes/dae/Mars6Mars_Rover__Curiosity_1_0__-_whole_body.001.dae
-- Up-to-date: /home/hp/mars_car_ws/install/marscar_gazebo_ros2/share/marscar_gazebo_ros2//models/mars_car_tiny/meshes/dae/Mars6Mars_Rover__Curiosity_1_0__-_1__Rover_Wheel_left_2.001.dae_history.log
-- Up-to-date: /home/hp/mars_car_ws/install/marscar_gazebo_ros2/share/marscar_gazebo_ros2//models/mars_car_tiny/meshes/dae/Mars6Mars_Rover__Curiosity_1_0__-_1__Rover_Wheel_left_2.001.dae
-- Up-to-date: /home/hp/mars_car_ws/install/marscar_gazebo_ros2/share/marscar_gazebo_ros2//models/mars_car_tiny/meshes/dae/Mars6Mars_Rover__Curiosity_1_0__-_33_Front_Wheel_Servo_mech.003.dae
-- Up-to-date: /home/hp/mars_car_ws/install/marscar_gazebo_ros2/share/marscar_gazebo_ros2//models/mars_car_tiny/meshes/dae/Mars6Mars_Rover__Curiosity_1_0__-_33_Front_Wheel_Servo_mech.004.dae_history.log
-- Up-to-date: /home/hp/mars_car_ws/install/marscar_gazebo_ros2/share/marscar_gazebo_ros2//models/mars_car_tiny/meshes/dae/Mars6Mars_Rover__Curiosity_1_0__-_18_Drill_joint-1.001.dae_history.log
-- Up-to-date: /home/hp/mars_car_ws/install/marscar_gazebo_ros2/share/marscar_gazebo_ros2//models/mars_car_tiny/meshes/dae/Mars6Mars_Rover__Curiosity_1_0__-_18_Drill_joint-1.001.dae
-- Up-to-date: /home/hp/mars_car_ws/install/marscar_gazebo_ros2/share/marscar_gazebo_ros2//models/mars_car_tiny/meshes/dae/Mars6Mars_Rover__Curiosity_1_0__-_28_Wheel_connector_1-2.001.dae
-- Up-to-date: /home/hp/mars_car_ws/install/marscar_gazebo_ros2/share/marscar_gazebo_ros2//models/mars_car_tiny/meshes/dae/Mars6Mars_Rover__Curiosity_1_0__-_1__Rover_Wheel_left_3.001.dae
-- Up-to-date: /home/hp/mars_car_ws/install/marscar_gazebo_ros2/share/marscar_gazebo_ros2//models/mars_car_tiny/meshes/dae/Mars6Mars_Rover__Curiosity_1_0__-_29_Wheel_Connector_2-2_00.dae_history.log
-- Up-to-date: /home/hp/mars_car_ws/install/marscar_gazebo_ros2/share/marscar_gazebo_ros2//models/mars_car_tiny/meshes/dae/Mars6Mars_Rover__Curiosity_1_0__-_28_Wheel_connector_1-2.001.dae_history.log
-- Up-to-date: /home/hp/mars_car_ws/install/marscar_gazebo_ros2/share/marscar_gazebo_ros2//models/mars_car_tiny/meshes/dae/Mars6Mars_Rover__Curiosity_1_0__-_1__Rover_Wheel_right_2.001.dae_history.log
-- Up-to-date: /home/hp/mars_car_ws/install/marscar_gazebo_ros2/share/marscar_gazebo_ros2//models/mars_car_tiny/meshes/dae/Mars6Mars_Rover__Curiosity_1_0__-_1__Rover_Wheel_right_3.001.dae_history.log
-- Up-to-date: /home/hp/mars_car_ws/install/marscar_gazebo_ros2/share/marscar_gazebo_ros2//models/mars_car_tiny/meshes/dae/Mars6Mars_Rover__Curiosity_1_0__-_33_Front_Wheel_Servo_mech.005.dae_history.log
-- Up-to-date: /home/hp/mars_car_ws/install/marscar_gazebo_ros2/share/marscar_gazebo_ros2//models/mars_car_tiny/meshes/dae/Mars6Mars_Rover__Curiosity_1_0__-_1__Rover_Wheel_right_1.001.dae_history.log
-- Up-to-date: /home/hp/mars_car_ws/install/marscar_gazebo_ros2/share/marscar_gazebo_ros2//models/mars_car_tiny/meshes/dae/Mars6Mars_Rover__Curiosity_1_0__-_33_Front_Wheel_Servo_mech.005.dae
-- Up-to-date: /home/hp/mars_car_ws/install/marscar_gazebo_ros2/share/marscar_gazebo_ros2//models/mars_car_tiny/meshes/dae/Mars6Mars_Rover__Curiosity_1_0__-_1__Rover_Wheel_left_3.001.dae_history.log
-- Up-to-date: /home/hp/mars_car_ws/install/marscar_gazebo_ros2/share/marscar_gazebo_ros2//models/mars_car_tiny/meshes/dae/Mars6Mars_Rover__Curiosity_1_0__-_29_Wheel_Connector_2-2.001.dae
-- Up-to-date: /home/hp/mars_car_ws/install/marscar_gazebo_ros2/share/marscar_gazebo_ros2//models/mars_car_tiny/meshes/dae/Mars6Mars_Rover__Curiosity_1_0__-_33_Front_Wheel_Servo_mech.006.dae_history.log
-- Up-to-date: /home/hp/mars_car_ws/install/marscar_gazebo_ros2/share/marscar_gazebo_ros2//models/mars_car_tiny/meshes/dae/Mars6Mars_Rover__Curiosity_1_0__-_1__Rover_Wheel_right_2.001.dae
-- Up-to-date: /home/hp/mars_car_ws/install/marscar_gazebo_ros2/share/marscar_gazebo_ros2//models/mars_car_tiny/meshes/dae/Mars6Mars_Rover__Curiosity_1_0__-_29_Wheel_Connector_2-2_00.dae
-- Up-to-date: /home/hp/mars_car_ws/install/marscar_gazebo_ros2/share/marscar_gazebo_ros2//models/mars_car_tiny/meshes/dae/Mars6Mars_Rover__Curiosity_1_0__-_28_Wheel_connector_1-2_00.dae
-- Up-to-date: /home/hp/mars_car_ws/install/marscar_gazebo_ros2/share/marscar_gazebo_ros2//models/mars_car_tiny/meshes/dae/Mars6Mars_Rover__Curiosity_1_0__-_33_Front_Wheel_Servo_mech.003.dae_history.log
-- Up-to-date: /home/hp/mars_car_ws/install/marscar_gazebo_ros2/share/marscar_gazebo_ros2//models/mars_car_tiny/meshes/dae/Mars6Mars_Rover__Curiosity_1_0__-_1__Rover_Wheel_right_1.001.dae
-- Up-to-date: /home/hp/mars_car_ws/install/marscar_gazebo_ros2/share/marscar_gazebo_ros2//models/mars_car_tiny/meshes/dae/Mars6Mars_Rover__Curiosity_1_0__-_1__Rover_Wheel_left_1.001.dae
-- Up-to-date: /home/hp/mars_car_ws/install/marscar_gazebo_ros2/share/marscar_gazebo_ros2//models/mars_car_tiny/meshes/dae/Mars6Mars_Rover__Curiosity_1_0__-_29_Wheel_Connector_2-2.001.dae_history.log
-- Up-to-date: /home/hp/mars_car_ws/install/marscar_gazebo_ros2/share/marscar_gazebo_ros2//models/mars_car_tiny/meshes/dae/Mars6Mars_Rover__Curiosity_1_0__-_28_Wheel_connector_1-2_00.dae_history.log
-- Up-to-date: /home/hp/mars_car_ws/install/marscar_gazebo_ros2/share/marscar_gazebo_ros2//models/mars_car_tiny/meshes/dae/Mars6Mars_Rover__Curiosity_1_0__-_33_Front_Wheel_Servo_mech.006.dae
-- Up-to-date: /home/hp/mars_car_ws/install/marscar_gazebo_ros2/share/marscar_gazebo_ros2//models/mars_car_tiny/meshes/dae/Mars6Mars_Rover__Curiosity_1_0__-_7__Matscam_Holder-1.001.dae
-- Up-to-date: /home/hp/mars_car_ws/install/marscar_gazebo_ros2/share/marscar_gazebo_ros2//models/mars_car_tiny/meshes/dae/Mars6Mars_Rover__Curiosity_1_0__-_33_Front_Wheel_Servo_mech.004.dae
-- Up-to-date: /home/hp/mars_car_ws/install/marscar_gazebo_ros2/share/marscar_gazebo_ros2//models/keypoints
-- Up-to-date: /home/hp/mars_car_ws/install/marscar_gazebo_ros2/share/marscar_gazebo_ros2//models/keypoints/materials
-- Up-to-date: /home/hp/mars_car_ws/install/marscar_gazebo_ros2/share/marscar_gazebo_ros2//models/keypoints/materials/scripts
-- Up-to-date: /home/hp/mars_car_ws/install/marscar_gazebo_ros2/share/marscar_gazebo_ros2//models/keypoints/materials/scripts/keypoints.material
-- Up-to-date: /home/hp/mars_car_ws/install/marscar_gazebo_ros2/share/marscar_gazebo_ros2//models/keypoints/model.sdf
-- Up-to-date: /home/hp/mars_car_ws/install/marscar_gazebo_ros2/share/marscar_gazebo_ros2//models/keypoints/model.config
-- Up-to-date: /home/hp/mars_car_ws/install/marscar_gazebo_ros2/share/marscar_gazebo_ros2//models/blue_projectile
-- Up-to-date: /home/hp/mars_car_ws/install/marscar_gazebo_ros2/share/marscar_gazebo_ros2//models/blue_projectile/materials
-- Up-to-date: /home/hp/mars_car_ws/install/marscar_gazebo_ros2/share/marscar_gazebo_ros2//models/blue_projectile/materials/scripts
-- Up-to-date: /home/hp/mars_car_ws/install/marscar_gazebo_ros2/share/marscar_gazebo_ros2//models/blue_projectile/materials/scripts/blue_projectile.material
-- Up-to-date: /home/hp/mars_car_ws/install/marscar_gazebo_ros2/share/marscar_gazebo_ros2//models/blue_projectile/model.sdf
-- Up-to-date: /home/hp/mars_car_ws/install/marscar_gazebo_ros2/share/marscar_gazebo_ros2//models/blue_projectile/model.config
-- Up-to-date: /home/hp/mars_car_ws/install/marscar_gazebo_ros2/share/marscar_gazebo_ros2//worlds
-- Up-to-date: /home/hp/mars_car_ws/install/marscar_gazebo_ros2/share/marscar_gazebo_ros2//worlds/orb_slam.world
-- Up-to-date: /home/hp/mars_car_ws/install/marscar_gazebo_ros2/share/marscar_gazebo_ros2//worlds/sand.world
-- Up-to-date: /home/hp/mars_car_ws/install/marscar_gazebo_ros2/share/marscar_gazebo_ros2//worlds/simple.world
-- Up-to-date: /home/hp/mars_car_ws/install/marscar_gazebo_ros2/share/marscar_gazebo_ros2//worlds/hand_detect.world
-- Up-to-date: /home/hp/mars_car_ws/install/marscar_gazebo_ros2/share/marscar_gazebo_ros2//worlds/empty.world
-- Up-to-date: /home/hp/mars_car_ws/install/marscar_gazebo_ros2/share/marscar_gazebo_ros2//worlds/turtlebot3_world.world
-- Up-to-date: /home/hp/mars_car_ws/install/marscar_gazebo_ros2/share/marscar_gazebo_ros2//scripts
-- Up-to-date: /home/hp/mars_car_ws/install/marscar_gazebo_ros2/share/marscar_gazebo_ros2//scripts/joy2twist.py
-- Up-to-date: /home/hp/mars_car_ws/install/marscar_gazebo_ros2/share/marscar_gazebo_ros2//scripts/teleop_keyboard.py
-- Up-to-date: /home/hp/mars_car_ws/install/marscar_gazebo_ros2/share/marscar_gazebo_ros2//scripts/joy_shooter.py
-- Up-to-date: /home/hp/mars_car_ws/install/marscar_gazebo_ros2/share/marscar_gazebo_ros2//scripts/joy_cart.py
-- Up-to-date: /home/hp/mars_car_ws/install/marscar_gazebo_ros2/share/marscar_gazebo_ros2//scripts/test.py
-- Up-to-date: /home/hp/mars_car_ws/install/marscar_gazebo_ros2/share/marscar_gazebo_ros2//scripts/keep_balance.py
-- Up-to-date: /home/hp/mars_car_ws/install/marscar_gazebo_ros2/share/marscar_gazebo_ros2//scripts/mars_cmdvel.py
-- Up-to-date: /home/hp/mars_car_ws/install/marscar_gazebo_ros2/share/marscar_gazebo_ros2//scripts/__init__.py
-- Up-to-date: /home/hp/mars_car_ws/install/marscar_gazebo_ros2/share/marscar_gazebo_ros2//scripts/teleop_joy.py
-- Up-to-date: /home/hp/mars_car_ws/install/marscar_gazebo_ros2/share/marscar_gazebo_ros2//rviz2
-- Up-to-date: /home/hp/mars_car_ws/install/marscar_gazebo_ros2/share/marscar_gazebo_ros2//msgs
-- Up-to-date: /home/hp/mars_car_ws/install/marscar_gazebo_ros2/share/marscar_gazebo_ros2//msgs/msg
-- Up-to-date: /home/hp/mars_car_ws/install/marscar_gazebo_ros2/share/marscar_gazebo_ros2//msgs/msg/Cableposseqq.msg
-- Up-to-date: /home/hp/mars_car_ws/install/marscar_gazebo_ros2/share/marscar_gazebo_ros2//msgs/srv
-- Up-to-date: /home/hp/mars_car_ws/install/marscar_gazebo_ros2/share/marscar_gazebo_ros2//msgs/srv/BallShooter.srv
-- Up-to-date: /home/hp/mars_car_ws/install/marscar_gazebo_ros2/share/marscar_gazebo_ros2//sensor_description
-- Up-to-date: /home/hp/mars_car_ws/install/marscar_gazebo_ros2/share/marscar_gazebo_ros2//sensor_description/ft_sensor.xacro
-- Up-to-date: /home/hp/mars_car_ws/install/marscar_gazebo_ros2/share/marscar_gazebo_ros2//sensor_description/material.xacro
-- Up-to-date: /home/hp/mars_car_ws/install/marscar_gazebo_ros2/share/marscar_gazebo_ros2//sensor_description/inertial_macros.xacro
-- Up-to-date: /home/hp/mars_car_ws/install/marscar_gazebo_ros2/share/marscar_gazebo_ros2//sensor_description/multi_camera.xacro
-- Up-to-date: /home/hp/mars_car_ws/install/marscar_gazebo_ros2/share/marscar_gazebo_ros2//sensor_description/imu.xacro
-- Up-to-date: /home/hp/mars_car_ws/install/marscar_gazebo_ros2/share/marscar_gazebo_ros2//sensor_description/marscar_3Dlidar.xacro
-- Up-to-date: /home/hp/mars_car_ws/install/marscar_gazebo_ros2/share/marscar_gazebo_ros2//sensor_description/marscar_lidar.xacro
-- Up-to-date: /home/hp/mars_car_ws/install/marscar_gazebo_ros2/share/marscar_gazebo_ros2//sensor_description/marscar_camera.xacro
-- Up-to-date: /home/hp/mars_car_ws/install/marscar_gazebo_ros2/share/marscar_gazebo_ros2//sensor_description/gps.xacro
-- Up-to-date: /home/hp/mars_car_ws/install/marscar_gazebo_ros2/share/marscar_gazebo_ros2//sensor_description/depth_camera.xacro
-- Up-to-date: /home/hp/mars_car_ws/install/marscar_gazebo_ros2/share/ament_index/resource_index/rosidl_interfaces/marscar_gazebo_ros2
-- Up-to-date: /home/hp/mars_car_ws/install/marscar_gazebo_ros2/include/marscar_gazebo_ros2/marscar_gazebo_ros2
-- Up-to-date: /home/hp/mars_car_ws/install/marscar_gazebo_ros2/include/marscar_gazebo_ros2/marscar_gazebo_ros2/msg
-- Up-to-date: /home/hp/mars_car_ws/install/marscar_gazebo_ros2/include/marscar_gazebo_ros2/marscar_gazebo_ros2/msg/rosidl_generator_c__visibility_control.h
-- Up-to-date: /home/hp/mars_car_ws/install/marscar_gazebo_ros2/include/marscar_gazebo_ros2/marscar_gazebo_ros2/msg/detail
-- Up-to-date: /home/hp/mars_car_ws/install/marscar_gazebo_ros2/include/marscar_gazebo_ros2/marscar_gazebo_ros2/msg/detail/cableposseqq__functions.c
-- Up-to-date: /home/hp/mars_car_ws/install/marscar_gazebo_ros2/include/marscar_gazebo_ros2/marscar_gazebo_ros2/msg/detail/cableposseqq__type_support.h
-- Up-to-date: /home/hp/mars_car_ws/install/marscar_gazebo_ros2/include/marscar_gazebo_ros2/marscar_gazebo_ros2/msg/detail/cableposseqq__struct.h
-- Up-to-date: /home/hp/mars_car_ws/install/marscar_gazebo_ros2/include/marscar_gazebo_ros2/marscar_gazebo_ros2/msg/detail/cableposseqq__functions.h
-- Up-to-date: /home/hp/mars_car_ws/install/marscar_gazebo_ros2/include/marscar_gazebo_ros2/marscar_gazebo_ros2/msg/cableposseqq.h
-- Up-to-date: /home/hp/mars_car_ws/install/marscar_gazebo_ros2/include/marscar_gazebo_ros2/marscar_gazebo_ros2/srv
-- Up-to-date: /home/hp/mars_car_ws/install/marscar_gazebo_ros2/include/marscar_gazebo_ros2/marscar_gazebo_ros2/srv/detail
-- Up-to-date: /home/hp/mars_car_ws/install/marscar_gazebo_ros2/include/marscar_gazebo_ros2/marscar_gazebo_ros2/srv/detail/ball_shooter__functions.c
-- Up-to-date: /home/hp/mars_car_ws/install/marscar_gazebo_ros2/include/marscar_gazebo_ros2/marscar_gazebo_ros2/srv/detail/ball_shooter__functions.h
-- Up-to-date: /home/hp/mars_car_ws/install/marscar_gazebo_ros2/include/marscar_gazebo_ros2/marscar_gazebo_ros2/srv/detail/ball_shooter__type_support.h
-- Up-to-date: /home/hp/mars_car_ws/install/marscar_gazebo_ros2/include/marscar_gazebo_ros2/marscar_gazebo_ros2/srv/detail/ball_shooter__struct.h
-- Up-to-date: /home/hp/mars_car_ws/install/marscar_gazebo_ros2/include/marscar_gazebo_ros2/marscar_gazebo_ros2/srv/ball_shooter.h
-- Up-to-date: /home/hp/mars_car_ws/install/marscar_gazebo_ros2/share/marscar_gazebo_ros2/environment/library_path.sh
-- Up-to-date: /home/hp/mars_car_ws/install/marscar_gazebo_ros2/share/marscar_gazebo_ros2/environment/library_path.dsv
-- Up-to-date: /home/hp/mars_car_ws/install/marscar_gazebo_ros2/lib/libmarscar_gazebo_ros2__rosidl_generator_c.so
-- Up-to-date: /home/hp/mars_car_ws/install/marscar_gazebo_ros2/include/marscar_gazebo_ros2/marscar_gazebo_ros2
-- Up-to-date: /home/hp/mars_car_ws/install/marscar_gazebo_ros2/include/marscar_gazebo_ros2/marscar_gazebo_ros2/msg
-- Up-to-date: /home/hp/mars_car_ws/install/marscar_gazebo_ros2/include/marscar_gazebo_ros2/marscar_gazebo_ros2/msg/detail
-- Up-to-date: /home/hp/mars_car_ws/install/marscar_gazebo_ros2/include/marscar_gazebo_ros2/marscar_gazebo_ros2/msg/detail/cableposseqq__rosidl_typesupport_fastrtps_c.h
-- Up-to-date: /home/hp/mars_car_ws/install/marscar_gazebo_ros2/include/marscar_gazebo_ros2/marscar_gazebo_ros2/msg/rosidl_typesupport_fastrtps_c__visibility_control.h
-- Up-to-date: /home/hp/mars_car_ws/install/marscar_gazebo_ros2/include/marscar_gazebo_ros2/marscar_gazebo_ros2/srv
-- Up-to-date: /home/hp/mars_car_ws/install/marscar_gazebo_ros2/include/marscar_gazebo_ros2/marscar_gazebo_ros2/srv/detail
-- Up-to-date: /home/hp/mars_car_ws/install/marscar_gazebo_ros2/include/marscar_gazebo_ros2/marscar_gazebo_ros2/srv/detail/ball_shooter__rosidl_typesupport_fastrtps_c.h
-- Up-to-date: /home/hp/mars_car_ws/install/marscar_gazebo_ros2/lib/libmarscar_gazebo_ros2__rosidl_typesupport_fastrtps_c.so
-- Up-to-date: /home/hp/mars_car_ws/install/marscar_gazebo_ros2/include/marscar_gazebo_ros2/marscar_gazebo_ros2
-- Up-to-date: /home/hp/mars_car_ws/install/marscar_gazebo_ros2/include/marscar_gazebo_ros2/marscar_gazebo_ros2/msg
-- Up-to-date: /home/hp/mars_car_ws/install/marscar_gazebo_ros2/include/marscar_gazebo_ros2/marscar_gazebo_ros2/msg/detail
-- Up-to-date: /home/hp/mars_car_ws/install/marscar_gazebo_ros2/include/marscar_gazebo_ros2/marscar_gazebo_ros2/msg/detail/cableposseqq__traits.hpp
-- Up-to-date: /home/hp/mars_car_ws/install/marscar_gazebo_ros2/include/marscar_gazebo_ros2/marscar_gazebo_ros2/msg/detail/cableposseqq__struct.hpp
-- Up-to-date: /home/hp/mars_car_ws/install/marscar_gazebo_ros2/include/marscar_gazebo_ros2/marscar_gazebo_ros2/msg/detail/cableposseqq__builder.hpp
-- Up-to-date: /home/hp/mars_car_ws/install/marscar_gazebo_ros2/include/marscar_gazebo_ros2/marscar_gazebo_ros2/msg/cableposseqq.hpp
-- Up-to-date: /home/hp/mars_car_ws/install/marscar_gazebo_ros2/include/marscar_gazebo_ros2/marscar_gazebo_ros2/srv
-- Up-to-date: /home/hp/mars_car_ws/install/marscar_gazebo_ros2/include/marscar_gazebo_ros2/marscar_gazebo_ros2/srv/ball_shooter.hpp
-- Up-to-date: /home/hp/mars_car_ws/install/marscar_gazebo_ros2/include/marscar_gazebo_ros2/marscar_gazebo_ros2/srv/detail
-- Up-to-date: /home/hp/mars_car_ws/install/marscar_gazebo_ros2/include/marscar_gazebo_ros2/marscar_gazebo_ros2/srv/detail/ball_shooter__traits.hpp
-- Up-to-date: /home/hp/mars_car_ws/install/marscar_gazebo_ros2/include/marscar_gazebo_ros2/marscar_gazebo_ros2/srv/detail/ball_shooter__builder.hpp
-- Up-to-date: /home/hp/mars_car_ws/install/marscar_gazebo_ros2/include/marscar_gazebo_ros2/marscar_gazebo_ros2/srv/detail/ball_shooter__struct.hpp
-- Up-to-date: /home/hp/mars_car_ws/install/marscar_gazebo_ros2/include/marscar_gazebo_ros2/marscar_gazebo_ros2
-- Up-to-date: /home/hp/mars_car_ws/install/marscar_gazebo_ros2/include/marscar_gazebo_ros2/marscar_gazebo_ros2/msg
-- Up-to-date: /home/hp/mars_car_ws/install/marscar_gazebo_ros2/include/marscar_gazebo_ros2/marscar_gazebo_ros2/msg/rosidl_typesupport_fastrtps_cpp__visibility_control.h
-- Up-to-date: /home/hp/mars_car_ws/install/marscar_gazebo_ros2/include/marscar_gazebo_ros2/marscar_gazebo_ros2/msg/detail
-- Up-to-date: /home/hp/mars_car_ws/install/marscar_gazebo_ros2/include/marscar_gazebo_ros2/marscar_gazebo_ros2/msg/detail/cableposseqq__rosidl_typesupport_fastrtps_cpp.hpp
-- Up-to-date: /home/hp/mars_car_ws/install/marscar_gazebo_ros2/include/marscar_gazebo_ros2/marscar_gazebo_ros2/msg/detail/dds_fastrtps
-- Up-to-date: /home/hp/mars_car_ws/install/marscar_gazebo_ros2/include/marscar_gazebo_ros2/marscar_gazebo_ros2/srv
-- Up-to-date: /home/hp/mars_car_ws/install/marscar_gazebo_ros2/include/marscar_gazebo_ros2/marscar_gazebo_ros2/srv/detail
-- Up-to-date: /home/hp/mars_car_ws/install/marscar_gazebo_ros2/include/marscar_gazebo_ros2/marscar_gazebo_ros2/srv/detail/dds_fastrtps
-- Up-to-date: /home/hp/mars_car_ws/install/marscar_gazebo_ros2/include/marscar_gazebo_ros2/marscar_gazebo_ros2/srv/detail/ball_shooter__rosidl_typesupport_fastrtps_cpp.hpp
-- Up-to-date: /home/hp/mars_car_ws/install/marscar_gazebo_ros2/lib/libmarscar_gazebo_ros2__rosidl_typesupport_fastrtps_cpp.so
-- Up-to-date: /home/hp/mars_car_ws/install/marscar_gazebo_ros2/include/marscar_gazebo_ros2/marscar_gazebo_ros2
-- Up-to-date: /home/hp/mars_car_ws/install/marscar_gazebo_ros2/include/marscar_gazebo_ros2/marscar_gazebo_ros2/msg
-- Up-to-date: /home/hp/mars_car_ws/install/marscar_gazebo_ros2/include/marscar_gazebo_ros2/marscar_gazebo_ros2/msg/detail
-- Up-to-date: /home/hp/mars_car_ws/install/marscar_gazebo_ros2/include/marscar_gazebo_ros2/marscar_gazebo_ros2/msg/detail/cableposseqq__type_support.c
-- Up-to-date: /home/hp/mars_car_ws/install/marscar_gazebo_ros2/include/marscar_gazebo_ros2/marscar_gazebo_ros2/msg/detail/cableposseqq__rosidl_typesupport_introspection_c.h
-- Up-to-date: /home/hp/mars_car_ws/install/marscar_gazebo_ros2/include/marscar_gazebo_ros2/marscar_gazebo_ros2/msg/rosidl_typesupport_introspection_c__visibility_control.h
-- Up-to-date: /home/hp/mars_car_ws/install/marscar_gazebo_ros2/include/marscar_gazebo_ros2/marscar_gazebo_ros2/srv
-- Up-to-date: /home/hp/mars_car_ws/install/marscar_gazebo_ros2/include/marscar_gazebo_ros2/marscar_gazebo_ros2/srv/detail
-- Up-to-date: /home/hp/mars_car_ws/install/marscar_gazebo_ros2/include/marscar_gazebo_ros2/marscar_gazebo_ros2/srv/detail/ball_shooter__rosidl_typesupport_introspection_c.h
-- Up-to-date: /home/hp/mars_car_ws/install/marscar_gazebo_ros2/include/marscar_gazebo_ros2/marscar_gazebo_ros2/srv/detail/ball_shooter__type_support.c
-- Up-to-date: /home/hp/mars_car_ws/install/marscar_gazebo_ros2/lib/libmarscar_gazebo_ros2__rosidl_typesupport_introspection_c.so
-- Up-to-date: /home/hp/mars_car_ws/install/marscar_gazebo_ros2/lib/libmarscar_gazebo_ros2__rosidl_typesupport_c.so
-- Up-to-date: /home/hp/mars_car_ws/install/marscar_gazebo_ros2/include/marscar_gazebo_ros2/marscar_gazebo_ros2
-- Up-to-date: /home/hp/mars_car_ws/install/marscar_gazebo_ros2/include/marscar_gazebo_ros2/marscar_gazebo_ros2/msg
-- Up-to-date: /home/hp/mars_car_ws/install/marscar_gazebo_ros2/include/marscar_gazebo_ros2/marscar_gazebo_ros2/msg/detail
-- Up-to-date: /home/hp/mars_car_ws/install/marscar_gazebo_ros2/include/marscar_gazebo_ros2/marscar_gazebo_ros2/msg/detail/cableposseqq__type_support.cpp
-- Up-to-date: /home/hp/mars_car_ws/install/marscar_gazebo_ros2/include/marscar_gazebo_ros2/marscar_gazebo_ros2/msg/detail/cableposseqq__rosidl_typesupport_introspection_cpp.hpp
-- Up-to-date: /home/hp/mars_car_ws/install/marscar_gazebo_ros2/include/marscar_gazebo_ros2/marscar_gazebo_ros2/srv
-- Up-to-date: /home/hp/mars_car_ws/install/marscar_gazebo_ros2/include/marscar_gazebo_ros2/marscar_gazebo_ros2/srv/detail
-- Up-to-date: /home/hp/mars_car_ws/install/marscar_gazebo_ros2/include/marscar_gazebo_ros2/marscar_gazebo_ros2/srv/detail/ball_shooter__rosidl_typesupport_introspection_cpp.hpp
-- Up-to-date: /home/hp/mars_car_ws/install/marscar_gazebo_ros2/include/marscar_gazebo_ros2/marscar_gazebo_ros2/srv/detail/ball_shooter__type_support.cpp
-- Up-to-date: /home/hp/mars_car_ws/install/marscar_gazebo_ros2/lib/libmarscar_gazebo_ros2__rosidl_typesupport_introspection_cpp.so
-- Up-to-date: /home/hp/mars_car_ws/install/marscar_gazebo_ros2/lib/libmarscar_gazebo_ros2__rosidl_typesupport_cpp.so
-- Up-to-date: /home/hp/mars_car_ws/install/marscar_gazebo_ros2/share/marscar_gazebo_ros2/environment/pythonpath.sh
-- Up-to-date: /home/hp/mars_car_ws/install/marscar_gazebo_ros2/share/marscar_gazebo_ros2/environment/pythonpath.dsv
-- Up-to-date: /home/hp/mars_car_ws/install/marscar_gazebo_ros2/local/lib/python3.10/dist-packages/marscar_gazebo_ros2-0.5.1-py3.10.egg-info
-- Installing: /home/hp/mars_car_ws/install/marscar_gazebo_ros2/local/lib/python3.10/dist-packages/marscar_gazebo_ros2-0.5.1-py3.10.egg-info/top_level.txt
-- Installing: /home/hp/mars_car_ws/install/marscar_gazebo_ros2/local/lib/python3.10/dist-packages/marscar_gazebo_ros2-0.5.1-py3.10.egg-info/SOURCES.txt
-- Installing: /home/hp/mars_car_ws/install/marscar_gazebo_ros2/local/lib/python3.10/dist-packages/marscar_gazebo_ros2-0.5.1-py3.10.egg-info/PKG-INFO
-- Installing: /home/hp/mars_car_ws/install/marscar_gazebo_ros2/local/lib/python3.10/dist-packages/marscar_gazebo_ros2-0.5.1-py3.10.egg-info/dependency_links.txt
-- Up-to-date: /home/hp/mars_car_ws/install/marscar_gazebo_ros2/local/lib/python3.10/dist-packages/marscar_gazebo_ros2
-- Up-to-date: /home/hp/mars_car_ws/install/marscar_gazebo_ros2/local/lib/python3.10/dist-packages/marscar_gazebo_ros2/msg
-- Up-to-date: /home/hp/mars_car_ws/install/marscar_gazebo_ros2/local/lib/python3.10/dist-packages/marscar_gazebo_ros2/msg/_cableposseqq.py
-- Up-to-date: /home/hp/mars_car_ws/install/marscar_gazebo_ros2/local/lib/python3.10/dist-packages/marscar_gazebo_ros2/msg/_cableposseqq_s.c
-- Up-to-date: /home/hp/mars_car_ws/install/marscar_gazebo_ros2/local/lib/python3.10/dist-packages/marscar_gazebo_ros2/msg/__init__.py
-- Up-to-date: /home/hp/mars_car_ws/install/marscar_gazebo_ros2/local/lib/python3.10/dist-packages/marscar_gazebo_ros2/_marscar_gazebo_ros2_s.ep.rosidl_typesupport_c.c
-- Up-to-date: /home/hp/mars_car_ws/install/marscar_gazebo_ros2/local/lib/python3.10/dist-packages/marscar_gazebo_ros2/marscar_gazebo_ros2_s__rosidl_typesupport_introspection_c.cpython-310-x86_64-linux-gnu.so
-- Up-to-date: /home/hp/mars_car_ws/install/marscar_gazebo_ros2/local/lib/python3.10/dist-packages/marscar_gazebo_ros2/marscar_gazebo_ros2_s__rosidl_typesupport_c.cpython-310-x86_64-linux-gnu.so
-- Up-to-date: /home/hp/mars_car_ws/install/marscar_gazebo_ros2/local/lib/python3.10/dist-packages/marscar_gazebo_ros2/_marscar_gazebo_ros2_s.ep.rosidl_typesupport_fastrtps_c.c
-- Up-to-date: /home/hp/mars_car_ws/install/marscar_gazebo_ros2/local/lib/python3.10/dist-packages/marscar_gazebo_ros2/marscar_gazebo_ros2_s__rosidl_typesupport_fastrtps_c.cpython-310-x86_64-linux-gnu.so
-- Up-to-date: /home/hp/mars_car_ws/install/marscar_gazebo_ros2/local/lib/python3.10/dist-packages/marscar_gazebo_ros2/_marscar_gazebo_ros2_s.ep.rosidl_typesupport_introspection_c.c
-- Up-to-date: /home/hp/mars_car_ws/install/marscar_gazebo_ros2/local/lib/python3.10/dist-packages/marscar_gazebo_ros2/srv
-- Up-to-date: /home/hp/mars_car_ws/install/marscar_gazebo_ros2/local/lib/python3.10/dist-packages/marscar_gazebo_ros2/srv/_ball_shooter.py
-- Up-to-date: /home/hp/mars_car_ws/install/marscar_gazebo_ros2/local/lib/python3.10/dist-packages/marscar_gazebo_ros2/srv/_ball_shooter_s.c
-- Up-to-date: /home/hp/mars_car_ws/install/marscar_gazebo_ros2/local/lib/python3.10/dist-packages/marscar_gazebo_ros2/srv/__init__.py
-- Up-to-date: /home/hp/mars_car_ws/install/marscar_gazebo_ros2/local/lib/python3.10/dist-packages/marscar_gazebo_ros2/libmarscar_gazebo_ros2__rosidl_generator_py.so
-- Up-to-date: /home/hp/mars_car_ws/install/marscar_gazebo_ros2/local/lib/python3.10/dist-packages/marscar_gazebo_ros2/__init__.py
Listing '/home/hp/mars_car_ws/install/marscar_gazebo_ros2/local/lib/python3.10/dist-packages/marscar_gazebo_ros2'...
Listing '/home/hp/mars_car_ws/install/marscar_gazebo_ros2/local/lib/python3.10/dist-packages/marscar_gazebo_ros2/msg'...
Listing '/home/hp/mars_car_ws/install/marscar_gazebo_ros2/local/lib/python3.10/dist-packages/marscar_gazebo_ros2/srv'...
-- Up-to-date: /home/hp/mars_car_ws/install/marscar_gazebo_ros2/local/lib/python3.10/dist-packages/marscar_gazebo_ros2/marscar_gazebo_ros2_s__rosidl_typesupport_fastrtps_c.cpython-310-x86_64-linux-gnu.so
-- Up-to-date: /home/hp/mars_car_ws/install/marscar_gazebo_ros2/local/lib/python3.10/dist-packages/marscar_gazebo_ros2/marscar_gazebo_ros2_s__rosidl_typesupport_introspection_c.cpython-310-x86_64-linux-gnu.so
-- Up-to-date: /home/hp/mars_car_ws/install/marscar_gazebo_ros2/local/lib/python3.10/dist-packages/marscar_gazebo_ros2/marscar_gazebo_ros2_s__rosidl_typesupport_c.cpython-310-x86_64-linux-gnu.so
-- Up-to-date: /home/hp/mars_car_ws/install/marscar_gazebo_ros2/lib/libmarscar_gazebo_ros2__rosidl_generator_py.so
-- Up-to-date: /home/hp/mars_car_ws/install/marscar_gazebo_ros2/share/marscar_gazebo_ros2/msg/Cableposseqq.idl
-- Up-to-date: /home/hp/mars_car_ws/install/marscar_gazebo_ros2/share/marscar_gazebo_ros2/srv/BallShooter.idl
-- Up-to-date: /home/hp/mars_car_ws/install/marscar_gazebo_ros2/share/marscar_gazebo_ros2/msg/Cableposseqq.msg
-- Up-to-date: /home/hp/mars_car_ws/install/marscar_gazebo_ros2/share/marscar_gazebo_ros2/srv/BallShooter.srv
-- Up-to-date: /home/hp/mars_car_ws/install/marscar_gazebo_ros2/share/marscar_gazebo_ros2/srv/BallShooter_Request.msg
-- Up-to-date: /home/hp/mars_car_ws/install/marscar_gazebo_ros2/share/marscar_gazebo_ros2/srv/BallShooter_Response.msg
-- Up-to-date: /home/hp/mars_car_ws/install/marscar_gazebo_ros2/lib/marscar_gazebo_ros2/mars_cmdvel.py
-- Up-to-date: /home/hp/mars_car_ws/install/marscar_gazebo_ros2/lib/marscar_gazebo_ros2/joy2twist.py
-- Up-to-date: /home/hp/mars_car_ws/install/marscar_gazebo_ros2/lib/marscar_gazebo_ros2/teleop_keyboard.py
-- Up-to-date: /home/hp/mars_car_ws/install/marscar_gazebo_ros2/lib/marscar_gazebo_ros2/keep_balance.py
-- Up-to-date: /home/hp/mars_car_ws/install/marscar_gazebo_ros2/lib/marscar_gazebo_ros2/joy_shooter.py
-- Up-to-date: /home/hp/mars_car_ws/install/marscar_gazebo_ros2/lib/marscar_gazebo_ros2/joy_cart.py
-- Up-to-date: /home/hp/mars_car_ws/install/marscar_gazebo_ros2/share/ament_index/resource_index/package_run_dependencies/marscar_gazebo_ros2
-- Up-to-date: /home/hp/mars_car_ws/install/marscar_gazebo_ros2/share/ament_index/resource_index/parent_prefix_path/marscar_gazebo_ros2
-- Up-to-date: /home/hp/mars_car_ws/install/marscar_gazebo_ros2/share/marscar_gazebo_ros2/environment/ament_prefix_path.sh
-- Up-to-date: /home/hp/mars_car_ws/install/marscar_gazebo_ros2/share/marscar_gazebo_ros2/environment/ament_prefix_path.dsv
-- Up-to-date: /home/hp/mars_car_ws/install/marscar_gazebo_ros2/share/marscar_gazebo_ros2/environment/path.sh
-- Up-to-date: /home/hp/mars_car_ws/install/marscar_gazebo_ros2/share/marscar_gazebo_ros2/environment/path.dsv
-- Up-to-date: /home/hp/mars_car_ws/install/marscar_gazebo_ros2/share/marscar_gazebo_ros2/local_setup.bash
-- Up-to-date: /home/hp/mars_car_ws/install/marscar_gazebo_ros2/share/marscar_gazebo_ros2/local_setup.sh
-- Up-to-date: /home/hp/mars_car_ws/install/marscar_gazebo_ros2/share/marscar_gazebo_ros2/local_setup.zsh
-- Up-to-date: /home/hp/mars_car_ws/install/marscar_gazebo_ros2/share/marscar_gazebo_ros2/local_setup.dsv
-- Installing: /home/hp/mars_car_ws/install/marscar_gazebo_ros2/share/marscar_gazebo_ros2/package.dsv
-- Up-to-date: /home/hp/mars_car_ws/install/marscar_gazebo_ros2/share/ament_index/resource_index/packages/marscar_gazebo_ros2
-- Up-to-date: /home/hp/mars_car_ws/install/marscar_gazebo_ros2/share/marscar_gazebo_ros2/cmake/export_marscar_gazebo_ros2__rosidl_generator_cExport.cmake
-- Up-to-date: /home/hp/mars_car_ws/install/marscar_gazebo_ros2/share/marscar_gazebo_ros2/cmake/export_marscar_gazebo_ros2__rosidl_generator_cExport-noconfig.cmake
-- Up-to-date: /home/hp/mars_car_ws/install/marscar_gazebo_ros2/share/marscar_gazebo_ros2/cmake/export_marscar_gazebo_ros2__rosidl_typesupport_fastrtps_cExport.cmake
-- Up-to-date: /home/hp/mars_car_ws/install/marscar_gazebo_ros2/share/marscar_gazebo_ros2/cmake/export_marscar_gazebo_ros2__rosidl_typesupport_fastrtps_cExport-noconfig.cmake
-- Up-to-date: /home/hp/mars_car_ws/install/marscar_gazebo_ros2/share/marscar_gazebo_ros2/cmake/export_marscar_gazebo_ros2__rosidl_generator_cppExport.cmake
-- Up-to-date: /home/hp/mars_car_ws/install/marscar_gazebo_ros2/share/marscar_gazebo_ros2/cmake/export_marscar_gazebo_ros2__rosidl_typesupport_fastrtps_cppExport.cmake
-- Up-to-date: /home/hp/mars_car_ws/install/marscar_gazebo_ros2/share/marscar_gazebo_ros2/cmake/export_marscar_gazebo_ros2__rosidl_typesupport_fastrtps_cppExport-noconfig.cmake
-- Up-to-date: /home/hp/mars_car_ws/install/marscar_gazebo_ros2/share/marscar_gazebo_ros2/cmake/marscar_gazebo_ros2__rosidl_typesupport_introspection_cExport.cmake
-- Up-to-date: /home/hp/mars_car_ws/install/marscar_gazebo_ros2/share/marscar_gazebo_ros2/cmake/marscar_gazebo_ros2__rosidl_typesupport_introspection_cExport-noconfig.cmake
-- Up-to-date: /home/hp/mars_car_ws/install/marscar_gazebo_ros2/share/marscar_gazebo_ros2/cmake/marscar_gazebo_ros2__rosidl_typesupport_cExport.cmake
-- Up-to-date: /home/hp/mars_car_ws/install/marscar_gazebo_ros2/share/marscar_gazebo_ros2/cmake/marscar_gazebo_ros2__rosidl_typesupport_cExport-noconfig.cmake
-- Up-to-date: /home/hp/mars_car_ws/install/marscar_gazebo_ros2/share/marscar_gazebo_ros2/cmake/marscar_gazebo_ros2__rosidl_typesupport_introspection_cppExport.cmake
-- Up-to-date: /home/hp/mars_car_ws/install/marscar_gazebo_ros2/share/marscar_gazebo_ros2/cmake/marscar_gazebo_ros2__rosidl_typesupport_introspection_cppExport-noconfig.cmake
-- Up-to-date: /home/hp/mars_car_ws/install/marscar_gazebo_ros2/share/marscar_gazebo_ros2/cmake/marscar_gazebo_ros2__rosidl_typesupport_cppExport.cmake
-- Up-to-date: /home/hp/mars_car_ws/install/marscar_gazebo_ros2/share/marscar_gazebo_ros2/cmake/marscar_gazebo_ros2__rosidl_typesupport_cppExport-noconfig.cmake
-- Up-to-date: /home/hp/mars_car_ws/install/marscar_gazebo_ros2/share/marscar_gazebo_ros2/cmake/export_marscar_gazebo_ros2__rosidl_generator_pyExport.cmake
-- Up-to-date: /home/hp/mars_car_ws/install/marscar_gazebo_ros2/share/marscar_gazebo_ros2/cmake/export_marscar_gazebo_ros2__rosidl_generator_pyExport-noconfig.cmake
-- Up-to-date: /home/hp/mars_car_ws/install/marscar_gazebo_ros2/share/marscar_gazebo_ros2/cmake/rosidl_cmake-extras.cmake
-- Up-to-date: /home/hp/mars_car_ws/install/marscar_gazebo_ros2/share/marscar_gazebo_ros2/cmake/ament_cmake_export_include_directories-extras.cmake
-- Up-to-date: /home/hp/mars_car_ws/install/marscar_gazebo_ros2/share/marscar_gazebo_ros2/cmake/ament_cmake_export_libraries-extras.cmake
-- Up-to-date: /home/hp/mars_car_ws/install/marscar_gazebo_ros2/share/marscar_gazebo_ros2/cmake/ament_cmake_export_targets-extras.cmake
-- Up-to-date: /home/hp/mars_car_ws/install/marscar_gazebo_ros2/share/marscar_gazebo_ros2/cmake/rosidl_cmake_export_typesupport_targets-extras.cmake
-- Up-to-date: /home/hp/mars_car_ws/install/marscar_gazebo_ros2/share/marscar_gazebo_ros2/cmake/ament_cmake_export_dependencies-extras.cmake
-- Up-to-date: /home/hp/mars_car_ws/install/marscar_gazebo_ros2/share/marscar_gazebo_ros2/cmake/rosidl_cmake_export_typesupport_libraries-extras.cmake
-- Up-to-date: /home/hp/mars_car_ws/install/marscar_gazebo_ros2/share/marscar_gazebo_ros2/cmake/marscar_gazebo_ros2Config.cmake
-- Up-to-date: /home/hp/mars_car_ws/install/marscar_gazebo_ros2/share/marscar_gazebo_ros2/cmake/marscar_gazebo_ros2Config-version.cmake
-- Up-to-date: /home/hp/mars_car_ws/install/marscar_gazebo_ros2/share/marscar_gazebo_ros2/package.xml
