-- Install configuration: ""
-- Up-to-date: /home/hp/mars_car_ws/install/mascar_cartographer/share/mascar_cartographer/config
-- Up-to-date: /home/hp/mars_car_ws/install/mascar_cartographer/share/mascar_cartographer/config/mascar_lds_2d.lua
-- Up-to-date: /home/hp/mars_car_ws/install/mascar_cartographer/share/mascar_cartographer/launch
-- Up-to-date: /home/hp/mars_car_ws/install/mascar_cartographer/share/mascar_cartographer/launch/cartographer.launch.py
-- Up-to-date: /home/hp/mars_car_ws/install/mascar_cartographer/share/mascar_cartographer/launch/occupancy_grid.launch.py
-- Up-to-date: /home/hp/mars_car_ws/install/mascar_cartographer/share/mascar_cartographer/rviz
-- Up-to-date: /home/hp/mars_car_ws/install/mascar_cartographer/share/mascar_cartographer/rviz/mascar_cartographer.rviz
-- Up-to-date: /home/hp/mars_car_ws/install/mascar_cartographer/share/ament_index/resource_index/package_run_dependencies/mascar_cartographer
-- Up-to-date: /home/hp/mars_car_ws/install/mascar_cartographer/share/ament_index/resource_index/parent_prefix_path/mascar_cartographer
-- Up-to-date: /home/hp/mars_car_ws/install/mascar_cartographer/share/mascar_cartographer/environment/ament_prefix_path.sh
-- Up-to-date: /home/hp/mars_car_ws/install/mascar_cartographer/share/mascar_cartographer/environment/ament_prefix_path.dsv
-- Up-to-date: /home/hp/mars_car_ws/install/mascar_cartographer/share/mascar_cartographer/environment/path.sh
-- Up-to-date: /home/hp/mars_car_ws/install/mascar_cartographer/share/mascar_cartographer/environment/path.dsv
-- Up-to-date: /home/hp/mars_car_ws/install/mascar_cartographer/share/mascar_cartographer/local_setup.bash
-- Up-to-date: /home/hp/mars_car_ws/install/mascar_cartographer/share/mascar_cartographer/local_setup.sh
-- Up-to-date: /home/hp/mars_car_ws/install/mascar_cartographer/share/mascar_cartographer/local_setup.zsh
-- Up-to-date: /home/hp/mars_car_ws/install/mascar_cartographer/share/mascar_cartographer/local_setup.dsv
-- Installing: /home/hp/mars_car_ws/install/mascar_cartographer/share/mascar_cartographer/package.dsv
-- Up-to-date: /home/hp/mars_car_ws/install/mascar_cartographer/share/ament_index/resource_index/packages/mascar_cartographer
-- Up-to-date: /home/hp/mars_car_ws/install/mascar_cartographer/share/mascar_cartographer/cmake/mascar_cartographerConfig.cmake
-- Up-to-date: /home/hp/mars_car_ws/install/mascar_cartographer/share/mascar_cartographer/cmake/mascar_cartographerConfig-version.cmake
-- Up-to-date: /home/hp/mars_car_ws/install/mascar_cartographer/share/mascar_cartographer/package.xml
