[0.208s] DEBUG:colcon:Command line arguments: ['/usr/bin/colcon', 'build']
[0.208s] DEBUG:colcon:Parsed command line arguments: Namespace(log_base=None, log_level=None, verb_name='build', build_base='build', install_base='install', merge_install=False, symlink_install=False, test_result_base=None, continue_on_error=False, executor='parallel', parallel_workers=20, event_handlers=None, ignore_user_meta=False, metas=['./colcon.meta'], base_paths=['.'], packages_ignore=None, packages_ignore_regex=None, paths=None, packages_up_to=None, packages_up_to_regex=None, packages_above=None, packages_above_and_dependencies=None, packages_above_depth=None, packages_select_by_dep=None, packages_skip_by_dep=None, packages_skip_up_to=None, packages_select_build_failed=False, packages_skip_build_finished=False, packages_select_test_failures=False, packages_skip_test_passed=False, packages_select=None, packages_skip=None, packages_select_regex=None, packages_skip_regex=None, packages_start=None, packages_end=None, allow_overriding=[], cmake_args=None, cmake_target=None, cmake_target_skip_unavailable=False, cmake_clean_cache=False, cmake_clean_first=False, cmake_force_configure=False, ament_cmake_args=None, catkin_cmake_args=None, catkin_skip_building_tests=False, verb_parser=<colcon_defaults.argument_parser.defaults.DefaultArgumentsDecorator object at 0x7fd43ca29c30>, verb_extension=<colcon_core.verb.build.BuildVerb object at 0x7fd43d4962c0>, main=<bound method BuildVerb.main of <colcon_core.verb.build.BuildVerb object at 0x7fd43d4962c0>>)
[0.223s] Level 1:colcon.colcon_core.package_discovery:discover_packages(colcon_meta) check parameters
[0.223s] Level 1:colcon.colcon_core.package_discovery:discover_packages(recursive) check parameters
[0.223s] Level 1:colcon.colcon_core.package_discovery:discover_packages(ignore) check parameters
[0.223s] Level 1:colcon.colcon_core.package_discovery:discover_packages(path) check parameters
[0.223s] Level 1:colcon.colcon_core.package_discovery:discover_packages(colcon_meta) discover
[0.223s] Level 1:colcon.colcon_core.package_discovery:discover_packages(recursive) discover
[0.224s] INFO:colcon.colcon_core.package_discovery:Crawling recursively for packages in '/home/hp/marscar_ws'
[0.224s] Level 1:colcon.colcon_core.package_identification:_identify(.) by extensions ['ignore', 'ignore_ament_install']
[0.224s] Level 1:colcon.colcon_core.package_identification:_identify(.) by extension 'ignore'
[0.224s] Level 1:colcon.colcon_core.package_identification:_identify(.) by extension 'ignore_ament_install'
[0.224s] Level 1:colcon.colcon_core.package_identification:_identify(.) by extensions ['colcon_pkg']
[0.224s] Level 1:colcon.colcon_core.package_identification:_identify(.) by extension 'colcon_pkg'
[0.224s] Level 1:colcon.colcon_core.package_identification:_identify(.) by extensions ['colcon_meta']
[0.224s] Level 1:colcon.colcon_core.package_identification:_identify(.) by extension 'colcon_meta'
[0.224s] Level 1:colcon.colcon_core.package_identification:_identify(.) by extensions ['ros']
[0.224s] Level 1:colcon.colcon_core.package_identification:_identify(.) by extension 'ros'
[0.231s] Level 1:colcon.colcon_core.package_identification:_identify(.) by extensions ['cmake', 'python']
[0.231s] Level 1:colcon.colcon_core.package_identification:_identify(.) by extension 'cmake'
[0.231s] Level 1:colcon.colcon_core.package_identification:_identify(.) by extension 'python'
[0.232s] Level 1:colcon.colcon_core.package_identification:_identify(.) by extensions ['python_setup_py']
[0.232s] Level 1:colcon.colcon_core.package_identification:_identify(.) by extension 'python_setup_py'
[0.232s] Level 1:colcon.colcon_core.package_identification:_identify(build) by extensions ['ignore', 'ignore_ament_install']
[0.232s] Level 1:colcon.colcon_core.package_identification:_identify(build) by extension 'ignore'
[0.232s] Level 1:colcon.colcon_core.package_identification:_identify(build) ignored
[0.232s] Level 1:colcon.colcon_core.package_identification:_identify(install) by extensions ['ignore', 'ignore_ament_install']
[0.232s] Level 1:colcon.colcon_core.package_identification:_identify(install) by extension 'ignore'
[0.232s] Level 1:colcon.colcon_core.package_identification:_identify(install) ignored
[0.232s] Level 1:colcon.colcon_core.package_identification:_identify(log) by extensions ['ignore', 'ignore_ament_install']
[0.232s] Level 1:colcon.colcon_core.package_identification:_identify(log) by extension 'ignore'
[0.232s] Level 1:colcon.colcon_core.package_identification:_identify(log) ignored
[0.232s] Level 1:colcon.colcon_core.package_identification:_identify(src) by extensions ['ignore', 'ignore_ament_install']
[0.232s] Level 1:colcon.colcon_core.package_identification:_identify(src) by extension 'ignore'
[0.232s] Level 1:colcon.colcon_core.package_identification:_identify(src) by extension 'ignore_ament_install'
[0.232s] Level 1:colcon.colcon_core.package_identification:_identify(src) by extensions ['colcon_pkg']
[0.232s] Level 1:colcon.colcon_core.package_identification:_identify(src) by extension 'colcon_pkg'
[0.232s] Level 1:colcon.colcon_core.package_identification:_identify(src) by extensions ['colcon_meta']
[0.232s] Level 1:colcon.colcon_core.package_identification:_identify(src) by extension 'colcon_meta'
[0.232s] Level 1:colcon.colcon_core.package_identification:_identify(src) by extensions ['ros']
[0.232s] Level 1:colcon.colcon_core.package_identification:_identify(src) by extension 'ros'
[0.232s] Level 1:colcon.colcon_core.package_identification:_identify(src) by extensions ['cmake', 'python']
[0.232s] Level 1:colcon.colcon_core.package_identification:_identify(src) by extension 'cmake'
[0.232s] Level 1:colcon.colcon_core.package_identification:_identify(src) by extension 'python'
[0.232s] Level 1:colcon.colcon_core.package_identification:_identify(src) by extensions ['python_setup_py']
[0.232s] Level 1:colcon.colcon_core.package_identification:_identify(src) by extension 'python_setup_py'
[0.232s] Level 1:colcon.colcon_core.package_identification:_identify(src/LIO-SAM-ros2) by extensions ['ignore', 'ignore_ament_install']
[0.232s] Level 1:colcon.colcon_core.package_identification:_identify(src/LIO-SAM-ros2) by extension 'ignore'
[0.232s] Level 1:colcon.colcon_core.package_identification:_identify(src/LIO-SAM-ros2) by extension 'ignore_ament_install'
[0.233s] Level 1:colcon.colcon_core.package_identification:_identify(src/LIO-SAM-ros2) by extensions ['colcon_pkg']
[0.233s] Level 1:colcon.colcon_core.package_identification:_identify(src/LIO-SAM-ros2) by extension 'colcon_pkg'
[0.233s] Level 1:colcon.colcon_core.package_identification:_identify(src/LIO-SAM-ros2) by extensions ['colcon_meta']
[0.233s] Level 1:colcon.colcon_core.package_identification:_identify(src/LIO-SAM-ros2) by extension 'colcon_meta'
[0.233s] Level 1:colcon.colcon_core.package_identification:_identify(src/LIO-SAM-ros2) by extensions ['ros']
[0.233s] Level 1:colcon.colcon_core.package_identification:_identify(src/LIO-SAM-ros2) by extension 'ros'
[0.234s] DEBUG:colcon.colcon_core.package_identification:Package 'src/LIO-SAM-ros2' with type 'ros.ament_cmake' and name 'lio_sam'
[0.235s] Level 1:colcon.colcon_core.package_identification:_identify(src/ORB_SLAM3_ROS2-humble) by extensions ['ignore', 'ignore_ament_install']
[0.235s] Level 1:colcon.colcon_core.package_identification:_identify(src/ORB_SLAM3_ROS2-humble) by extension 'ignore'
[0.235s] Level 1:colcon.colcon_core.package_identification:_identify(src/ORB_SLAM3_ROS2-humble) by extension 'ignore_ament_install'
[0.235s] Level 1:colcon.colcon_core.package_identification:_identify(src/ORB_SLAM3_ROS2-humble) by extensions ['colcon_pkg']
[0.235s] Level 1:colcon.colcon_core.package_identification:_identify(src/ORB_SLAM3_ROS2-humble) by extension 'colcon_pkg'
[0.235s] Level 1:colcon.colcon_core.package_identification:_identify(src/ORB_SLAM3_ROS2-humble) by extensions ['colcon_meta']
[0.235s] Level 1:colcon.colcon_core.package_identification:_identify(src/ORB_SLAM3_ROS2-humble) by extension 'colcon_meta'
[0.235s] Level 1:colcon.colcon_core.package_identification:_identify(src/ORB_SLAM3_ROS2-humble) by extensions ['ros']
[0.235s] Level 1:colcon.colcon_core.package_identification:_identify(src/ORB_SLAM3_ROS2-humble) by extension 'ros'
[0.235s] DEBUG:colcon.colcon_core.package_identification:Package 'src/ORB_SLAM3_ROS2-humble' with type 'ros.ament_cmake' and name 'orbslam3'
[0.235s] Level 1:colcon.colcon_core.package_identification:_identify(src/gazebo_plugins_mode) by extensions ['ignore', 'ignore_ament_install']
[0.235s] Level 1:colcon.colcon_core.package_identification:_identify(src/gazebo_plugins_mode) by extension 'ignore'
[0.235s] Level 1:colcon.colcon_core.package_identification:_identify(src/gazebo_plugins_mode) by extension 'ignore_ament_install'
[0.235s] Level 1:colcon.colcon_core.package_identification:_identify(src/gazebo_plugins_mode) by extensions ['colcon_pkg']
[0.235s] Level 1:colcon.colcon_core.package_identification:_identify(src/gazebo_plugins_mode) by extension 'colcon_pkg'
[0.235s] Level 1:colcon.colcon_core.package_identification:_identify(src/gazebo_plugins_mode) by extensions ['colcon_meta']
[0.236s] Level 1:colcon.colcon_core.package_identification:_identify(src/gazebo_plugins_mode) by extension 'colcon_meta'
[0.236s] Level 1:colcon.colcon_core.package_identification:_identify(src/gazebo_plugins_mode) by extensions ['ros']
[0.236s] Level 1:colcon.colcon_core.package_identification:_identify(src/gazebo_plugins_mode) by extension 'ros'
[0.237s] DEBUG:colcon.colcon_core.package_identification:Package 'src/gazebo_plugins_mode' with type 'ros.ament_cmake' and name 'gazebo_plugins_mode'
[0.237s] Level 1:colcon.colcon_core.package_identification:_identify(src/marscar_gazebo_ros2) by extensions ['ignore', 'ignore_ament_install']
[0.237s] Level 1:colcon.colcon_core.package_identification:_identify(src/marscar_gazebo_ros2) by extension 'ignore'
[0.237s] Level 1:colcon.colcon_core.package_identification:_identify(src/marscar_gazebo_ros2) by extension 'ignore_ament_install'
[0.237s] Level 1:colcon.colcon_core.package_identification:_identify(src/marscar_gazebo_ros2) by extensions ['colcon_pkg']
[0.237s] Level 1:colcon.colcon_core.package_identification:_identify(src/marscar_gazebo_ros2) by extension 'colcon_pkg'
[0.237s] Level 1:colcon.colcon_core.package_identification:_identify(src/marscar_gazebo_ros2) by extensions ['colcon_meta']
[0.237s] Level 1:colcon.colcon_core.package_identification:_identify(src/marscar_gazebo_ros2) by extension 'colcon_meta'
[0.237s] Level 1:colcon.colcon_core.package_identification:_identify(src/marscar_gazebo_ros2) by extensions ['ros']
[0.237s] Level 1:colcon.colcon_core.package_identification:_identify(src/marscar_gazebo_ros2) by extension 'ros'
[0.238s] DEBUG:colcon.colcon_core.package_identification:Package 'src/marscar_gazebo_ros2' with type 'ros.ament_cmake' and name 'marscar_gazebo_ros2'
[0.238s] Level 1:colcon.colcon_core.package_identification:_identify(src/marscar_navigation2) by extensions ['ignore', 'ignore_ament_install']
[0.238s] Level 1:colcon.colcon_core.package_identification:_identify(src/marscar_navigation2) by extension 'ignore'
[0.238s] Level 1:colcon.colcon_core.package_identification:_identify(src/marscar_navigation2) by extension 'ignore_ament_install'
[0.238s] Level 1:colcon.colcon_core.package_identification:_identify(src/marscar_navigation2) by extensions ['colcon_pkg']
[0.238s] Level 1:colcon.colcon_core.package_identification:_identify(src/marscar_navigation2) by extension 'colcon_pkg'
[0.238s] Level 1:colcon.colcon_core.package_identification:_identify(src/marscar_navigation2) by extensions ['colcon_meta']
[0.238s] Level 1:colcon.colcon_core.package_identification:_identify(src/marscar_navigation2) by extension 'colcon_meta'
[0.238s] Level 1:colcon.colcon_core.package_identification:_identify(src/marscar_navigation2) by extensions ['ros']
[0.238s] Level 1:colcon.colcon_core.package_identification:_identify(src/marscar_navigation2) by extension 'ros'
[0.238s] DEBUG:colcon.colcon_core.package_identification:Package 'src/marscar_navigation2' with type 'ros.ament_cmake' and name 'marscar_navigation2'
[0.238s] Level 1:colcon.colcon_core.package_identification:_identify(src/mascar_cartographer) by extensions ['ignore', 'ignore_ament_install']
[0.238s] Level 1:colcon.colcon_core.package_identification:_identify(src/mascar_cartographer) by extension 'ignore'
[0.238s] Level 1:colcon.colcon_core.package_identification:_identify(src/mascar_cartographer) by extension 'ignore_ament_install'
[0.238s] Level 1:colcon.colcon_core.package_identification:_identify(src/mascar_cartographer) by extensions ['colcon_pkg']
[0.238s] Level 1:colcon.colcon_core.package_identification:_identify(src/mascar_cartographer) by extension 'colcon_pkg'
[0.238s] Level 1:colcon.colcon_core.package_identification:_identify(src/mascar_cartographer) by extensions ['colcon_meta']
[0.238s] Level 1:colcon.colcon_core.package_identification:_identify(src/mascar_cartographer) by extension 'colcon_meta'
[0.238s] Level 1:colcon.colcon_core.package_identification:_identify(src/mascar_cartographer) by extensions ['ros']
[0.238s] Level 1:colcon.colcon_core.package_identification:_identify(src/mascar_cartographer) by extension 'ros'
[0.239s] DEBUG:colcon.colcon_core.package_identification:Package 'src/mascar_cartographer' with type 'ros.ament_cmake' and name 'mascar_cartographer'
[0.239s] Level 1:colcon.colcon_core.package_identification:_identify(src/mediapipe_ros2) by extensions ['ignore', 'ignore_ament_install']
[0.239s] Level 1:colcon.colcon_core.package_identification:_identify(src/mediapipe_ros2) by extension 'ignore'
[0.239s] Level 1:colcon.colcon_core.package_identification:_identify(src/mediapipe_ros2) by extension 'ignore_ament_install'
[0.239s] Level 1:colcon.colcon_core.package_identification:_identify(src/mediapipe_ros2) by extensions ['colcon_pkg']
[0.239s] Level 1:colcon.colcon_core.package_identification:_identify(src/mediapipe_ros2) by extension 'colcon_pkg'
[0.239s] Level 1:colcon.colcon_core.package_identification:_identify(src/mediapipe_ros2) by extensions ['colcon_meta']
[0.239s] Level 1:colcon.colcon_core.package_identification:_identify(src/mediapipe_ros2) by extension 'colcon_meta'
[0.239s] Level 1:colcon.colcon_core.package_identification:_identify(src/mediapipe_ros2) by extensions ['ros']
[0.239s] Level 1:colcon.colcon_core.package_identification:_identify(src/mediapipe_ros2) by extension 'ros'
[0.239s] DEBUG:colcon.colcon_core.package_identification:Package 'src/mediapipe_ros2' with type 'ros.ament_python' and name 'mediapipe_ros2'
[0.239s] Level 1:colcon.colcon_core.package_discovery:discover_packages(recursive) using defaults
[0.239s] Level 1:colcon.colcon_core.package_discovery:discover_packages(ignore) discover
[0.239s] Level 1:colcon.colcon_core.package_discovery:discover_packages(ignore) using defaults
[0.239s] Level 1:colcon.colcon_core.package_discovery:discover_packages(path) discover
[0.239s] Level 1:colcon.colcon_core.package_discovery:discover_packages(path) using defaults
[0.254s] Level 1:colcon.colcon_core.package_discovery:discover_packages(prefix_path) check parameters
[0.254s] Level 1:colcon.colcon_core.package_discovery:discover_packages(prefix_path) discover
[0.256s] DEBUG:colcon.colcon_installed_package_information.package_discovery:Found 3 installed packages in /home/hp/marscar_ws/install
[0.257s] DEBUG:colcon.colcon_installed_package_information.package_discovery:Found 387 installed packages in /opt/ros/humble
[0.259s] Level 1:colcon.colcon_core.package_discovery:discover_packages(prefix_path) using defaults
[0.299s] Level 5:colcon.colcon_core.verb:set package 'gazebo_plugins_mode' build argument 'cmake_args' from command line to 'None'
[0.299s] Level 5:colcon.colcon_core.verb:set package 'gazebo_plugins_mode' build argument 'cmake_target' from command line to 'None'
[0.299s] Level 5:colcon.colcon_core.verb:set package 'gazebo_plugins_mode' build argument 'cmake_target_skip_unavailable' from command line to 'False'
[0.299s] Level 5:colcon.colcon_core.verb:set package 'gazebo_plugins_mode' build argument 'cmake_clean_cache' from command line to 'False'
[0.299s] Level 5:colcon.colcon_core.verb:set package 'gazebo_plugins_mode' build argument 'cmake_clean_first' from command line to 'False'
[0.299s] Level 5:colcon.colcon_core.verb:set package 'gazebo_plugins_mode' build argument 'cmake_force_configure' from command line to 'False'
[0.299s] Level 5:colcon.colcon_core.verb:set package 'gazebo_plugins_mode' build argument 'ament_cmake_args' from command line to 'None'
[0.299s] Level 5:colcon.colcon_core.verb:set package 'gazebo_plugins_mode' build argument 'catkin_cmake_args' from command line to 'None'
[0.299s] Level 5:colcon.colcon_core.verb:set package 'gazebo_plugins_mode' build argument 'catkin_skip_building_tests' from command line to 'False'
[0.299s] DEBUG:colcon.colcon_core.verb:Building package 'gazebo_plugins_mode' with the following arguments: {'ament_cmake_args': None, 'build_base': '/home/hp/marscar_ws/build/gazebo_plugins_mode', 'catkin_cmake_args': None, 'catkin_skip_building_tests': False, 'cmake_args': None, 'cmake_clean_cache': False, 'cmake_clean_first': False, 'cmake_force_configure': False, 'cmake_target': None, 'cmake_target_skip_unavailable': False, 'install_base': '/home/hp/marscar_ws/install/gazebo_plugins_mode', 'merge_install': False, 'path': '/home/hp/marscar_ws/src/gazebo_plugins_mode', 'symlink_install': False, 'test_result_base': None}
[0.300s] Level 5:colcon.colcon_core.verb:set package 'lio_sam' build argument 'cmake_args' from command line to 'None'
[0.300s] Level 5:colcon.colcon_core.verb:set package 'lio_sam' build argument 'cmake_target' from command line to 'None'
[0.300s] Level 5:colcon.colcon_core.verb:set package 'lio_sam' build argument 'cmake_target_skip_unavailable' from command line to 'False'
[0.300s] Level 5:colcon.colcon_core.verb:set package 'lio_sam' build argument 'cmake_clean_cache' from command line to 'False'
[0.300s] Level 5:colcon.colcon_core.verb:set package 'lio_sam' build argument 'cmake_clean_first' from command line to 'False'
[0.300s] Level 5:colcon.colcon_core.verb:set package 'lio_sam' build argument 'cmake_force_configure' from command line to 'False'
[0.300s] Level 5:colcon.colcon_core.verb:set package 'lio_sam' build argument 'ament_cmake_args' from command line to 'None'
[0.300s] Level 5:colcon.colcon_core.verb:set package 'lio_sam' build argument 'catkin_cmake_args' from command line to 'None'
[0.300s] Level 5:colcon.colcon_core.verb:set package 'lio_sam' build argument 'catkin_skip_building_tests' from command line to 'False'
[0.300s] DEBUG:colcon.colcon_core.verb:Building package 'lio_sam' with the following arguments: {'ament_cmake_args': None, 'build_base': '/home/hp/marscar_ws/build/lio_sam', 'catkin_cmake_args': None, 'catkin_skip_building_tests': False, 'cmake_args': None, 'cmake_clean_cache': False, 'cmake_clean_first': False, 'cmake_force_configure': False, 'cmake_target': None, 'cmake_target_skip_unavailable': False, 'install_base': '/home/hp/marscar_ws/install/lio_sam', 'merge_install': False, 'path': '/home/hp/marscar_ws/src/LIO-SAM-ros2', 'symlink_install': False, 'test_result_base': None}
[0.301s] Level 5:colcon.colcon_core.verb:set package 'marscar_gazebo_ros2' build argument 'cmake_args' from command line to 'None'
[0.301s] Level 5:colcon.colcon_core.verb:set package 'marscar_gazebo_ros2' build argument 'cmake_target' from command line to 'None'
[0.301s] Level 5:colcon.colcon_core.verb:set package 'marscar_gazebo_ros2' build argument 'cmake_target_skip_unavailable' from command line to 'False'
[0.301s] Level 5:colcon.colcon_core.verb:set package 'marscar_gazebo_ros2' build argument 'cmake_clean_cache' from command line to 'False'
[0.301s] Level 5:colcon.colcon_core.verb:set package 'marscar_gazebo_ros2' build argument 'cmake_clean_first' from command line to 'False'
[0.301s] Level 5:colcon.colcon_core.verb:set package 'marscar_gazebo_ros2' build argument 'cmake_force_configure' from command line to 'False'
[0.301s] Level 5:colcon.colcon_core.verb:set package 'marscar_gazebo_ros2' build argument 'ament_cmake_args' from command line to 'None'
[0.301s] Level 5:colcon.colcon_core.verb:set package 'marscar_gazebo_ros2' build argument 'catkin_cmake_args' from command line to 'None'
[0.301s] Level 5:colcon.colcon_core.verb:set package 'marscar_gazebo_ros2' build argument 'catkin_skip_building_tests' from command line to 'False'
[0.301s] DEBUG:colcon.colcon_core.verb:Building package 'marscar_gazebo_ros2' with the following arguments: {'ament_cmake_args': None, 'build_base': '/home/hp/marscar_ws/build/marscar_gazebo_ros2', 'catkin_cmake_args': None, 'catkin_skip_building_tests': False, 'cmake_args': None, 'cmake_clean_cache': False, 'cmake_clean_first': False, 'cmake_force_configure': False, 'cmake_target': None, 'cmake_target_skip_unavailable': False, 'install_base': '/home/hp/marscar_ws/install/marscar_gazebo_ros2', 'merge_install': False, 'path': '/home/hp/marscar_ws/src/marscar_gazebo_ros2', 'symlink_install': False, 'test_result_base': None}
[0.302s] Level 5:colcon.colcon_core.verb:set package 'marscar_navigation2' build argument 'cmake_args' from command line to 'None'
[0.302s] Level 5:colcon.colcon_core.verb:set package 'marscar_navigation2' build argument 'cmake_target' from command line to 'None'
[0.302s] Level 5:colcon.colcon_core.verb:set package 'marscar_navigation2' build argument 'cmake_target_skip_unavailable' from command line to 'False'
[0.302s] Level 5:colcon.colcon_core.verb:set package 'marscar_navigation2' build argument 'cmake_clean_cache' from command line to 'False'
[0.302s] Level 5:colcon.colcon_core.verb:set package 'marscar_navigation2' build argument 'cmake_clean_first' from command line to 'False'
[0.302s] Level 5:colcon.colcon_core.verb:set package 'marscar_navigation2' build argument 'cmake_force_configure' from command line to 'False'
[0.302s] Level 5:colcon.colcon_core.verb:set package 'marscar_navigation2' build argument 'ament_cmake_args' from command line to 'None'
[0.302s] Level 5:colcon.colcon_core.verb:set package 'marscar_navigation2' build argument 'catkin_cmake_args' from command line to 'None'
[0.302s] Level 5:colcon.colcon_core.verb:set package 'marscar_navigation2' build argument 'catkin_skip_building_tests' from command line to 'False'
[0.302s] DEBUG:colcon.colcon_core.verb:Building package 'marscar_navigation2' with the following arguments: {'ament_cmake_args': None, 'build_base': '/home/hp/marscar_ws/build/marscar_navigation2', 'catkin_cmake_args': None, 'catkin_skip_building_tests': False, 'cmake_args': None, 'cmake_clean_cache': False, 'cmake_clean_first': False, 'cmake_force_configure': False, 'cmake_target': None, 'cmake_target_skip_unavailable': False, 'install_base': '/home/hp/marscar_ws/install/marscar_navigation2', 'merge_install': False, 'path': '/home/hp/marscar_ws/src/marscar_navigation2', 'symlink_install': False, 'test_result_base': None}
[0.302s] Level 5:colcon.colcon_core.verb:set package 'mascar_cartographer' build argument 'cmake_args' from command line to 'None'
[0.302s] Level 5:colcon.colcon_core.verb:set package 'mascar_cartographer' build argument 'cmake_target' from command line to 'None'
[0.302s] Level 5:colcon.colcon_core.verb:set package 'mascar_cartographer' build argument 'cmake_target_skip_unavailable' from command line to 'False'
[0.302s] Level 5:colcon.colcon_core.verb:set package 'mascar_cartographer' build argument 'cmake_clean_cache' from command line to 'False'
[0.302s] Level 5:colcon.colcon_core.verb:set package 'mascar_cartographer' build argument 'cmake_clean_first' from command line to 'False'
[0.302s] Level 5:colcon.colcon_core.verb:set package 'mascar_cartographer' build argument 'cmake_force_configure' from command line to 'False'
[0.302s] Level 5:colcon.colcon_core.verb:set package 'mascar_cartographer' build argument 'ament_cmake_args' from command line to 'None'
[0.302s] Level 5:colcon.colcon_core.verb:set package 'mascar_cartographer' build argument 'catkin_cmake_args' from command line to 'None'
[0.302s] Level 5:colcon.colcon_core.verb:set package 'mascar_cartographer' build argument 'catkin_skip_building_tests' from command line to 'False'
[0.302s] DEBUG:colcon.colcon_core.verb:Building package 'mascar_cartographer' with the following arguments: {'ament_cmake_args': None, 'build_base': '/home/hp/marscar_ws/build/mascar_cartographer', 'catkin_cmake_args': None, 'catkin_skip_building_tests': False, 'cmake_args': None, 'cmake_clean_cache': False, 'cmake_clean_first': False, 'cmake_force_configure': False, 'cmake_target': None, 'cmake_target_skip_unavailable': False, 'install_base': '/home/hp/marscar_ws/install/mascar_cartographer', 'merge_install': False, 'path': '/home/hp/marscar_ws/src/mascar_cartographer', 'symlink_install': False, 'test_result_base': None}
[0.303s] Level 5:colcon.colcon_core.verb:set package 'mediapipe_ros2' build argument 'cmake_args' from command line to 'None'
[0.303s] Level 5:colcon.colcon_core.verb:set package 'mediapipe_ros2' build argument 'cmake_target' from command line to 'None'
[0.303s] Level 5:colcon.colcon_core.verb:set package 'mediapipe_ros2' build argument 'cmake_target_skip_unavailable' from command line to 'False'
[0.303s] Level 5:colcon.colcon_core.verb:set package 'mediapipe_ros2' build argument 'cmake_clean_cache' from command line to 'False'
[0.303s] Level 5:colcon.colcon_core.verb:set package 'mediapipe_ros2' build argument 'cmake_clean_first' from command line to 'False'
[0.303s] Level 5:colcon.colcon_core.verb:set package 'mediapipe_ros2' build argument 'cmake_force_configure' from command line to 'False'
[0.303s] Level 5:colcon.colcon_core.verb:set package 'mediapipe_ros2' build argument 'ament_cmake_args' from command line to 'None'
[0.303s] Level 5:colcon.colcon_core.verb:set package 'mediapipe_ros2' build argument 'catkin_cmake_args' from command line to 'None'
[0.303s] Level 5:colcon.colcon_core.verb:set package 'mediapipe_ros2' build argument 'catkin_skip_building_tests' from command line to 'False'
[0.303s] DEBUG:colcon.colcon_core.verb:Building package 'mediapipe_ros2' with the following arguments: {'ament_cmake_args': None, 'build_base': '/home/hp/marscar_ws/build/mediapipe_ros2', 'catkin_cmake_args': None, 'catkin_skip_building_tests': False, 'cmake_args': None, 'cmake_clean_cache': False, 'cmake_clean_first': False, 'cmake_force_configure': False, 'cmake_target': None, 'cmake_target_skip_unavailable': False, 'install_base': '/home/hp/marscar_ws/install/mediapipe_ros2', 'merge_install': False, 'path': '/home/hp/marscar_ws/src/mediapipe_ros2', 'symlink_install': False, 'test_result_base': None}
[0.304s] Level 5:colcon.colcon_core.verb:set package 'orbslam3' build argument 'cmake_args' from command line to 'None'
[0.304s] Level 5:colcon.colcon_core.verb:set package 'orbslam3' build argument 'cmake_target' from command line to 'None'
[0.304s] Level 5:colcon.colcon_core.verb:set package 'orbslam3' build argument 'cmake_target_skip_unavailable' from command line to 'False'
[0.304s] Level 5:colcon.colcon_core.verb:set package 'orbslam3' build argument 'cmake_clean_cache' from command line to 'False'
[0.304s] Level 5:colcon.colcon_core.verb:set package 'orbslam3' build argument 'cmake_clean_first' from command line to 'False'
[0.304s] Level 5:colcon.colcon_core.verb:set package 'orbslam3' build argument 'cmake_force_configure' from command line to 'False'
[0.304s] Level 5:colcon.colcon_core.verb:set package 'orbslam3' build argument 'ament_cmake_args' from command line to 'None'
[0.304s] Level 5:colcon.colcon_core.verb:set package 'orbslam3' build argument 'catkin_cmake_args' from command line to 'None'
[0.304s] Level 5:colcon.colcon_core.verb:set package 'orbslam3' build argument 'catkin_skip_building_tests' from command line to 'False'
[0.304s] DEBUG:colcon.colcon_core.verb:Building package 'orbslam3' with the following arguments: {'ament_cmake_args': None, 'build_base': '/home/hp/marscar_ws/build/orbslam3', 'catkin_cmake_args': None, 'catkin_skip_building_tests': False, 'cmake_args': None, 'cmake_clean_cache': False, 'cmake_clean_first': False, 'cmake_force_configure': False, 'cmake_target': None, 'cmake_target_skip_unavailable': False, 'install_base': '/home/hp/marscar_ws/install/orbslam3', 'merge_install': False, 'path': '/home/hp/marscar_ws/src/ORB_SLAM3_ROS2-humble', 'symlink_install': False, 'test_result_base': None}
[0.304s] INFO:colcon.colcon_core.executor:Executing jobs using 'parallel' executor
[0.306s] DEBUG:colcon.colcon_parallel_executor.executor.parallel:run_until_complete
[0.307s] INFO:colcon.colcon_ros.task.ament_cmake.build:Building ROS package in '/home/hp/marscar_ws/src/gazebo_plugins_mode' with build type 'ament_cmake'
[0.307s] INFO:colcon.colcon_cmake.task.cmake.build:Building CMake package in '/home/hp/marscar_ws/src/gazebo_plugins_mode'
[0.309s] INFO:colcon.colcon_core.plugin_system:Skipping extension 'colcon_core.shell.bat': Not used on non-Windows systems
[0.309s] INFO:colcon.colcon_core.shell:Skip shell extension 'powershell' for command environment: Not usable outside of PowerShell
[0.309s] DEBUG:colcon.colcon_core.shell:Skip shell extension 'dsv' for command environment
[0.312s] INFO:colcon.colcon_ros.task.ament_cmake.build:Building ROS package in '/home/hp/marscar_ws/src/LIO-SAM-ros2' with build type 'ament_cmake'
[0.312s] INFO:colcon.colcon_cmake.task.cmake.build:Building CMake package in '/home/hp/marscar_ws/src/LIO-SAM-ros2'
[0.313s] INFO:colcon.colcon_core.shell:Skip shell extension 'powershell' for command environment: Not usable outside of PowerShell
[0.313s] DEBUG:colcon.colcon_core.shell:Skip shell extension 'dsv' for command environment
[0.316s] INFO:colcon.colcon_ros.task.ament_cmake.build:Building ROS package in '/home/hp/marscar_ws/src/marscar_gazebo_ros2' with build type 'ament_cmake'
[0.316s] INFO:colcon.colcon_cmake.task.cmake.build:Building CMake package in '/home/hp/marscar_ws/src/marscar_gazebo_ros2'
[0.317s] INFO:colcon.colcon_core.shell:Skip shell extension 'powershell' for command environment: Not usable outside of PowerShell
[0.317s] DEBUG:colcon.colcon_core.shell:Skip shell extension 'dsv' for command environment
[0.320s] INFO:colcon.colcon_ros.task.ament_cmake.build:Building ROS package in '/home/hp/marscar_ws/src/marscar_navigation2' with build type 'ament_cmake'
[0.320s] INFO:colcon.colcon_cmake.task.cmake.build:Building CMake package in '/home/hp/marscar_ws/src/marscar_navigation2'
[0.320s] INFO:colcon.colcon_core.shell:Skip shell extension 'powershell' for command environment: Not usable outside of PowerShell
[0.320s] DEBUG:colcon.colcon_core.shell:Skip shell extension 'dsv' for command environment
[0.323s] INFO:colcon.colcon_ros.task.ament_cmake.build:Building ROS package in '/home/hp/marscar_ws/src/mascar_cartographer' with build type 'ament_cmake'
[0.323s] INFO:colcon.colcon_cmake.task.cmake.build:Building CMake package in '/home/hp/marscar_ws/src/mascar_cartographer'
[0.324s] INFO:colcon.colcon_core.shell:Skip shell extension 'powershell' for command environment: Not usable outside of PowerShell
[0.324s] DEBUG:colcon.colcon_core.shell:Skip shell extension 'dsv' for command environment
[0.327s] INFO:colcon.colcon_ros.task.ament_python.build:Building ROS package in '/home/hp/marscar_ws/src/mediapipe_ros2' with build type 'ament_python'
[0.327s] Level 1:colcon.colcon_core.shell:create_environment_hook('mediapipe_ros2', 'ament_prefix_path')
[0.328s] INFO:colcon.colcon_core.shell:Creating environment hook '/home/hp/marscar_ws/install/mediapipe_ros2/share/mediapipe_ros2/hook/ament_prefix_path.ps1'
[0.328s] INFO:colcon.colcon_core.shell:Creating environment descriptor '/home/hp/marscar_ws/install/mediapipe_ros2/share/mediapipe_ros2/hook/ament_prefix_path.dsv'
[0.328s] INFO:colcon.colcon_core.shell:Creating environment hook '/home/hp/marscar_ws/install/mediapipe_ros2/share/mediapipe_ros2/hook/ament_prefix_path.sh'
[0.329s] INFO:colcon.colcon_core.shell:Skip shell extension 'powershell' for command environment: Not usable outside of PowerShell
[0.329s] DEBUG:colcon.colcon_core.shell:Skip shell extension 'dsv' for command environment
[0.332s] INFO:colcon.colcon_ros.task.ament_cmake.build:Building ROS package in '/home/hp/marscar_ws/src/ORB_SLAM3_ROS2-humble' with build type 'ament_cmake'
[0.332s] INFO:colcon.colcon_cmake.task.cmake.build:Building CMake package in '/home/hp/marscar_ws/src/ORB_SLAM3_ROS2-humble'
[0.333s] INFO:colcon.colcon_core.shell:Skip shell extension 'powershell' for command environment: Not usable outside of PowerShell
[0.333s] DEBUG:colcon.colcon_core.shell:Skip shell extension 'dsv' for command environment
[0.340s] DEBUG:colcon.colcon_core.event_handler.log_command:Invoking command in '/home/hp/marscar_ws/build/gazebo_plugins_mode': CMAKE_PREFIX_PATH=${CMAKE_PREFIX_PATH}:/home/hp/marscar_ws/install/mediapipe_ros2:/opt/ros/humble /usr/bin/cmake --build /home/hp/marscar_ws/build/gazebo_plugins_mode -- -j20 -l20
[0.341s] DEBUG:colcon.colcon_core.event_handler.log_command:Invoking command in '/home/hp/marscar_ws/build/lio_sam': CMAKE_PREFIX_PATH=${CMAKE_PREFIX_PATH}:/home/hp/marscar_ws/install/mediapipe_ros2:/opt/ros/humble /usr/bin/cmake /home/hp/marscar_ws/src/LIO-SAM-ros2 -DCMAKE_INSTALL_PREFIX=/home/hp/marscar_ws/install/lio_sam
[0.343s] DEBUG:colcon.colcon_core.event_handler.log_command:Invoking command in '/home/hp/marscar_ws/build/marscar_gazebo_ros2': CMAKE_PREFIX_PATH=${CMAKE_PREFIX_PATH}:/home/hp/marscar_ws/install/mediapipe_ros2:/opt/ros/humble /usr/bin/cmake --build /home/hp/marscar_ws/build/marscar_gazebo_ros2 -- -j20 -l20
[0.345s] DEBUG:colcon.colcon_core.event_handler.log_command:Invoking command in '/home/hp/marscar_ws/build/marscar_navigation2': CMAKE_PREFIX_PATH=${CMAKE_PREFIX_PATH}:/home/hp/marscar_ws/install/mediapipe_ros2:/opt/ros/humble /usr/bin/cmake /home/hp/marscar_ws/src/marscar_navigation2 -DCMAKE_INSTALL_PREFIX=/home/hp/marscar_ws/install/marscar_navigation2
[0.346s] DEBUG:colcon.colcon_core.event_handler.log_command:Invoking command in '/home/hp/marscar_ws/build/mascar_cartographer': CMAKE_PREFIX_PATH=${CMAKE_PREFIX_PATH}:/home/hp/marscar_ws/install/mediapipe_ros2:/opt/ros/humble /usr/bin/cmake /home/hp/marscar_ws/src/mascar_cartographer -DCMAKE_INSTALL_PREFIX=/home/hp/marscar_ws/install/mascar_cartographer
[0.537s] WARNING:colcon.colcon_ros.task.ament_python.build:Package 'mediapipe_ros2' doesn't explicitly install a marker in the package index (colcon-ros currently does it implicitly but that fallback will be removed in the future)
[0.537s] INFO:colcon.colcon_core.task.python.build:Building Python package in '/home/hp/marscar_ws/src/mediapipe_ros2'
[0.538s] INFO:colcon.colcon_core.shell:Skip shell extension 'powershell' for command environment: Not usable outside of PowerShell
[0.538s] DEBUG:colcon.colcon_core.shell:Skip shell extension 'dsv' for command environment
[0.554s] DEBUG:colcon.colcon_core.event_handler.log_command:Invoking command in '/home/hp/marscar_ws/build/orbslam3': CMAKE_PREFIX_PATH=${CMAKE_PREFIX_PATH}:/home/hp/marscar_ws/install/mediapipe_ros2:/opt/ros/humble /usr/bin/cmake /home/hp/marscar_ws/src/ORB_SLAM3_ROS2-humble -DCMAKE_INSTALL_PREFIX=/home/hp/marscar_ws/install/orbslam3
[0.639s] DEBUG:colcon.colcon_core.event_handler.log_command:Invoked command in '/home/hp/marscar_ws/build/marscar_gazebo_ros2' returned '0': CMAKE_PREFIX_PATH=${CMAKE_PREFIX_PATH}:/home/hp/marscar_ws/install/mediapipe_ros2:/opt/ros/humble /usr/bin/cmake --build /home/hp/marscar_ws/build/marscar_gazebo_ros2 -- -j20 -l20
[0.710s] DEBUG:colcon.colcon_core.event_handler.log_command:Invoking command in '/home/hp/marscar_ws/build/marscar_gazebo_ros2': CMAKE_PREFIX_PATH=${CMAKE_PREFIX_PATH}:/home/hp/marscar_ws/install/mediapipe_ros2:/opt/ros/humble /usr/bin/cmake --install /home/hp/marscar_ws/build/marscar_gazebo_ros2
[0.767s] Level 1:colcon.colcon_core.environment:create_environment_scripts_only(marscar_gazebo_ros2)
[0.768s] DEBUG:colcon.colcon_core.event_handler.log_command:Invoked command in '/home/hp/marscar_ws/build/marscar_gazebo_ros2' returned '0': CMAKE_PREFIX_PATH=${CMAKE_PREFIX_PATH}:/home/hp/marscar_ws/install/mediapipe_ros2:/opt/ros/humble /usr/bin/cmake --install /home/hp/marscar_ws/build/marscar_gazebo_ros2
[0.774s] Level 1:colcon.colcon_core.environment:checking '/home/hp/marscar_ws/install/marscar_gazebo_ros2' for CMake module files
[0.775s] Level 1:colcon.colcon_core.environment:checking '/home/hp/marscar_ws/install/marscar_gazebo_ros2' for CMake config files
[0.776s] Level 1:colcon.colcon_core.shell:create_environment_hook('marscar_gazebo_ros2', 'cmake_prefix_path')
[0.779s] INFO:colcon.colcon_core.shell:Creating environment hook '/home/hp/marscar_ws/install/marscar_gazebo_ros2/share/marscar_gazebo_ros2/hook/cmake_prefix_path.ps1'
[0.779s] INFO:colcon.colcon_core.shell:Creating environment descriptor '/home/hp/marscar_ws/install/marscar_gazebo_ros2/share/marscar_gazebo_ros2/hook/cmake_prefix_path.dsv'
[0.780s] INFO:colcon.colcon_core.shell:Creating environment hook '/home/hp/marscar_ws/install/marscar_gazebo_ros2/share/marscar_gazebo_ros2/hook/cmake_prefix_path.sh'
[0.781s] Level 1:colcon.colcon_core.environment:checking '/home/hp/marscar_ws/install/marscar_gazebo_ros2/lib'
[0.781s] Level 1:colcon.colcon_core.shell:create_environment_hook('marscar_gazebo_ros2', 'ld_library_path_lib')
[0.783s] INFO:colcon.colcon_core.shell:Creating environment hook '/home/hp/marscar_ws/install/marscar_gazebo_ros2/share/marscar_gazebo_ros2/hook/ld_library_path_lib.ps1'
[0.784s] INFO:colcon.colcon_core.shell:Creating environment descriptor '/home/hp/marscar_ws/install/marscar_gazebo_ros2/share/marscar_gazebo_ros2/hook/ld_library_path_lib.dsv'
[0.784s] INFO:colcon.colcon_core.shell:Creating environment hook '/home/hp/marscar_ws/install/marscar_gazebo_ros2/share/marscar_gazebo_ros2/hook/ld_library_path_lib.sh'
[0.785s] Level 1:colcon.colcon_core.environment:checking '/home/hp/marscar_ws/install/marscar_gazebo_ros2/bin'
[0.785s] Level 1:colcon.colcon_core.environment:checking '/home/hp/marscar_ws/install/marscar_gazebo_ros2/lib/pkgconfig/marscar_gazebo_ros2.pc'
[0.785s] Level 1:colcon.colcon_core.environment:checking '/home/hp/marscar_ws/install/marscar_gazebo_ros2/lib/python3.10/site-packages'
[0.786s] Level 1:colcon.colcon_core.environment:checking '/home/hp/marscar_ws/install/marscar_gazebo_ros2/bin'
[0.788s] INFO:colcon.colcon_core.shell:Creating package script '/home/hp/marscar_ws/install/marscar_gazebo_ros2/share/marscar_gazebo_ros2/package.ps1'
[0.789s] INFO:colcon.colcon_core.shell:Creating package descriptor '/home/hp/marscar_ws/install/marscar_gazebo_ros2/share/marscar_gazebo_ros2/package.dsv'
[0.790s] INFO:colcon.colcon_core.shell:Creating package script '/home/hp/marscar_ws/install/marscar_gazebo_ros2/share/marscar_gazebo_ros2/package.sh'
[0.790s] INFO:colcon.colcon_core.shell:Creating package script '/home/hp/marscar_ws/install/marscar_gazebo_ros2/share/marscar_gazebo_ros2/package.bash'
[0.791s] INFO:colcon.colcon_core.shell:Creating package script '/home/hp/marscar_ws/install/marscar_gazebo_ros2/share/marscar_gazebo_ros2/package.zsh'
[0.791s] Level 1:colcon.colcon_core.environment:create_file_with_runtime_dependencies(/home/hp/marscar_ws/install/marscar_gazebo_ros2/share/colcon-core/packages/marscar_gazebo_ros2)
[0.861s] Level 1:colcon.colcon_core.environment:create_environment_scripts_only(marscar_gazebo_ros2)
[0.862s] Level 1:colcon.colcon_core.environment:checking '/home/hp/marscar_ws/install/marscar_gazebo_ros2' for CMake module files
[0.863s] Level 1:colcon.colcon_core.environment:checking '/home/hp/marscar_ws/install/marscar_gazebo_ros2' for CMake config files
[0.864s] Level 1:colcon.colcon_core.shell:create_environment_hook('marscar_gazebo_ros2', 'cmake_prefix_path')
[0.865s] INFO:colcon.colcon_core.shell:Creating environment hook '/home/hp/marscar_ws/install/marscar_gazebo_ros2/share/marscar_gazebo_ros2/hook/cmake_prefix_path.ps1'
[0.865s] INFO:colcon.colcon_core.shell:Creating environment descriptor '/home/hp/marscar_ws/install/marscar_gazebo_ros2/share/marscar_gazebo_ros2/hook/cmake_prefix_path.dsv'
[0.866s] INFO:colcon.colcon_core.shell:Creating environment hook '/home/hp/marscar_ws/install/marscar_gazebo_ros2/share/marscar_gazebo_ros2/hook/cmake_prefix_path.sh'
[0.866s] Level 1:colcon.colcon_core.environment:checking '/home/hp/marscar_ws/install/marscar_gazebo_ros2/lib'
[0.866s] Level 1:colcon.colcon_core.shell:create_environment_hook('marscar_gazebo_ros2', 'ld_library_path_lib')
[0.867s] INFO:colcon.colcon_core.shell:Creating environment hook '/home/hp/marscar_ws/install/marscar_gazebo_ros2/share/marscar_gazebo_ros2/hook/ld_library_path_lib.ps1'
[0.867s] INFO:colcon.colcon_core.shell:Creating environment descriptor '/home/hp/marscar_ws/install/marscar_gazebo_ros2/share/marscar_gazebo_ros2/hook/ld_library_path_lib.dsv'
[0.868s] INFO:colcon.colcon_core.shell:Creating environment hook '/home/hp/marscar_ws/install/marscar_gazebo_ros2/share/marscar_gazebo_ros2/hook/ld_library_path_lib.sh'
[0.868s] Level 1:colcon.colcon_core.environment:checking '/home/hp/marscar_ws/install/marscar_gazebo_ros2/bin'
[0.868s] Level 1:colcon.colcon_core.environment:checking '/home/hp/marscar_ws/install/marscar_gazebo_ros2/lib/pkgconfig/marscar_gazebo_ros2.pc'
[0.868s] Level 1:colcon.colcon_core.environment:checking '/home/hp/marscar_ws/install/marscar_gazebo_ros2/lib/python3.10/site-packages'
[0.868s] Level 1:colcon.colcon_core.environment:checking '/home/hp/marscar_ws/install/marscar_gazebo_ros2/bin'
[0.869s] INFO:colcon.colcon_core.shell:Creating package script '/home/hp/marscar_ws/install/marscar_gazebo_ros2/share/marscar_gazebo_ros2/package.ps1'
[0.870s] INFO:colcon.colcon_core.shell:Creating package descriptor '/home/hp/marscar_ws/install/marscar_gazebo_ros2/share/marscar_gazebo_ros2/package.dsv'
[0.870s] INFO:colcon.colcon_core.shell:Creating package script '/home/hp/marscar_ws/install/marscar_gazebo_ros2/share/marscar_gazebo_ros2/package.sh'
[0.870s] INFO:colcon.colcon_core.shell:Creating package script '/home/hp/marscar_ws/install/marscar_gazebo_ros2/share/marscar_gazebo_ros2/package.bash'
[0.871s] INFO:colcon.colcon_core.shell:Creating package script '/home/hp/marscar_ws/install/marscar_gazebo_ros2/share/marscar_gazebo_ros2/package.zsh'
[0.871s] Level 1:colcon.colcon_core.environment:create_file_with_runtime_dependencies(/home/hp/marscar_ws/install/marscar_gazebo_ros2/share/colcon-core/packages/marscar_gazebo_ros2)
[0.881s] DEBUG:colcon.colcon_core.event_handler.log_command:Invoked command in '/home/hp/marscar_ws/build/marscar_navigation2' returned '0': CMAKE_PREFIX_PATH=${CMAKE_PREFIX_PATH}:/home/hp/marscar_ws/install/mediapipe_ros2:/opt/ros/humble /usr/bin/cmake /home/hp/marscar_ws/src/marscar_navigation2 -DCMAKE_INSTALL_PREFIX=/home/hp/marscar_ws/install/marscar_navigation2
[0.883s] DEBUG:colcon.colcon_core.event_handler.log_command:Invoking command in '/home/hp/marscar_ws/build/marscar_navigation2': CMAKE_PREFIX_PATH=${CMAKE_PREFIX_PATH}:/home/hp/marscar_ws/install/mediapipe_ros2:/opt/ros/humble /usr/bin/cmake --build /home/hp/marscar_ws/build/marscar_navigation2 -- -j20 -l20
[0.885s] DEBUG:colcon.colcon_core.event_handler.log_command:Invoked command in '/home/hp/marscar_ws/build/mascar_cartographer' returned '0': CMAKE_PREFIX_PATH=${CMAKE_PREFIX_PATH}:/home/hp/marscar_ws/install/mediapipe_ros2:/opt/ros/humble /usr/bin/cmake /home/hp/marscar_ws/src/mascar_cartographer -DCMAKE_INSTALL_PREFIX=/home/hp/marscar_ws/install/mascar_cartographer
[0.887s] DEBUG:colcon.colcon_core.event_handler.log_command:Invoking command in '/home/hp/marscar_ws/build/mascar_cartographer': CMAKE_PREFIX_PATH=${CMAKE_PREFIX_PATH}:/home/hp/marscar_ws/install/mediapipe_ros2:/opt/ros/humble /usr/bin/cmake --build /home/hp/marscar_ws/build/mascar_cartographer -- -j20 -l20
[0.897s] DEBUG:colcon.colcon_core.event_handler.log_command:Invoking command in '/home/hp/marscar_ws/src/mediapipe_ros2': PYTHONPATH=/home/hp/marscar_ws/build/mediapipe_ros2/prefix_override:/home/hp/marscar_ws/install/mediapipe_ros2/lib/python3.10/site-packages:${PYTHONPATH} /usr/bin/python3 setup.py egg_info --egg-base ../../build/mediapipe_ros2 build --build-base /home/hp/marscar_ws/build/mediapipe_ros2/build install --record /home/hp/marscar_ws/build/mediapipe_ros2/install.log --install-scripts $base/lib/mediapipe_ros2 --single-version-externally-managed
[0.911s] DEBUG:colcon.colcon_core.event_handler.log_command:Invoked command in '/home/hp/marscar_ws/build/marscar_navigation2' returned '0': CMAKE_PREFIX_PATH=${CMAKE_PREFIX_PATH}:/home/hp/marscar_ws/install/mediapipe_ros2:/opt/ros/humble /usr/bin/cmake --build /home/hp/marscar_ws/build/marscar_navigation2 -- -j20 -l20
[0.915s] DEBUG:colcon.colcon_core.event_handler.log_command:Invoked command in '/home/hp/marscar_ws/build/mascar_cartographer' returned '0': CMAKE_PREFIX_PATH=${CMAKE_PREFIX_PATH}:/home/hp/marscar_ws/install/mediapipe_ros2:/opt/ros/humble /usr/bin/cmake --build /home/hp/marscar_ws/build/mascar_cartographer -- -j20 -l20
[0.929s] DEBUG:colcon.colcon_core.event_handler.log_command:Invoking command in '/home/hp/marscar_ws/build/marscar_navigation2': CMAKE_PREFIX_PATH=${CMAKE_PREFIX_PATH}:/home/hp/marscar_ws/install/mediapipe_ros2:/opt/ros/humble /usr/bin/cmake --install /home/hp/marscar_ws/build/marscar_navigation2
[0.933s] DEBUG:colcon.colcon_core.event_handler.log_command:Invoking command in '/home/hp/marscar_ws/build/mascar_cartographer': CMAKE_PREFIX_PATH=${CMAKE_PREFIX_PATH}:/home/hp/marscar_ws/install/mediapipe_ros2:/opt/ros/humble /usr/bin/cmake --install /home/hp/marscar_ws/build/mascar_cartographer
[0.938s] Level 1:colcon.colcon_core.environment:create_environment_scripts_only(marscar_navigation2)
[0.941s] Level 1:colcon.colcon_core.environment:checking '/home/hp/marscar_ws/install/marscar_navigation2' for CMake module files
[0.943s] Level 1:colcon.colcon_core.environment:checking '/home/hp/marscar_ws/install/marscar_navigation2' for CMake config files
[0.943s] DEBUG:colcon.colcon_core.event_handler.log_command:Invoked command in '/home/hp/marscar_ws/build/marscar_navigation2' returned '0': CMAKE_PREFIX_PATH=${CMAKE_PREFIX_PATH}:/home/hp/marscar_ws/install/mediapipe_ros2:/opt/ros/humble /usr/bin/cmake --install /home/hp/marscar_ws/build/marscar_navigation2
[0.944s] Level 1:colcon.colcon_core.shell:create_environment_hook('marscar_navigation2', 'cmake_prefix_path')
[0.946s] INFO:colcon.colcon_core.shell:Creating environment hook '/home/hp/marscar_ws/install/marscar_navigation2/share/marscar_navigation2/hook/cmake_prefix_path.ps1'
[0.947s] INFO:colcon.colcon_core.shell:Creating environment descriptor '/home/hp/marscar_ws/install/marscar_navigation2/share/marscar_navigation2/hook/cmake_prefix_path.dsv'
[0.947s] INFO:colcon.colcon_core.shell:Creating environment hook '/home/hp/marscar_ws/install/marscar_navigation2/share/marscar_navigation2/hook/cmake_prefix_path.sh'
[0.949s] Level 1:colcon.colcon_core.environment:checking '/home/hp/marscar_ws/install/marscar_navigation2/bin'
[0.949s] Level 1:colcon.colcon_core.environment:checking '/home/hp/marscar_ws/install/marscar_navigation2/lib/pkgconfig/marscar_navigation2.pc'
[0.949s] Level 1:colcon.colcon_core.environment:checking '/home/hp/marscar_ws/install/marscar_navigation2/lib/python3.10/site-packages'
[0.950s] Level 1:colcon.colcon_core.environment:checking '/home/hp/marscar_ws/install/marscar_navigation2/bin'
[0.951s] INFO:colcon.colcon_core.shell:Creating package script '/home/hp/marscar_ws/install/marscar_navigation2/share/marscar_navigation2/package.ps1'
[0.952s] INFO:colcon.colcon_core.shell:Creating package descriptor '/home/hp/marscar_ws/install/marscar_navigation2/share/marscar_navigation2/package.dsv'
[0.952s] INFO:colcon.colcon_core.shell:Creating package script '/home/hp/marscar_ws/install/marscar_navigation2/share/marscar_navigation2/package.sh'
[0.952s] INFO:colcon.colcon_core.shell:Creating package script '/home/hp/marscar_ws/install/marscar_navigation2/share/marscar_navigation2/package.bash'
[0.952s] INFO:colcon.colcon_core.shell:Creating package script '/home/hp/marscar_ws/install/marscar_navigation2/share/marscar_navigation2/package.zsh'
[0.953s] Level 1:colcon.colcon_core.environment:create_file_with_runtime_dependencies(/home/hp/marscar_ws/install/marscar_navigation2/share/colcon-core/packages/marscar_navigation2)
[0.954s] Level 1:colcon.colcon_core.environment:create_environment_scripts_only(mascar_cartographer)
[0.956s] Level 1:colcon.colcon_core.environment:checking '/home/hp/marscar_ws/install/mascar_cartographer' for CMake module files
[0.956s] DEBUG:colcon.colcon_core.event_handler.log_command:Invoked command in '/home/hp/marscar_ws/build/mascar_cartographer' returned '0': CMAKE_PREFIX_PATH=${CMAKE_PREFIX_PATH}:/home/hp/marscar_ws/install/mediapipe_ros2:/opt/ros/humble /usr/bin/cmake --install /home/hp/marscar_ws/build/mascar_cartographer
[0.956s] Level 1:colcon.colcon_core.environment:checking '/home/hp/marscar_ws/install/mascar_cartographer' for CMake config files
[0.956s] Level 1:colcon.colcon_core.shell:create_environment_hook('mascar_cartographer', 'cmake_prefix_path')
[0.957s] INFO:colcon.colcon_core.shell:Creating environment hook '/home/hp/marscar_ws/install/mascar_cartographer/share/mascar_cartographer/hook/cmake_prefix_path.ps1'
[0.958s] INFO:colcon.colcon_core.shell:Creating environment descriptor '/home/hp/marscar_ws/install/mascar_cartographer/share/mascar_cartographer/hook/cmake_prefix_path.dsv'
[0.958s] INFO:colcon.colcon_core.shell:Creating environment hook '/home/hp/marscar_ws/install/mascar_cartographer/share/mascar_cartographer/hook/cmake_prefix_path.sh'
[0.958s] Level 1:colcon.colcon_core.environment:checking '/home/hp/marscar_ws/install/mascar_cartographer/bin'
[0.958s] Level 1:colcon.colcon_core.environment:checking '/home/hp/marscar_ws/install/mascar_cartographer/lib/pkgconfig/mascar_cartographer.pc'
[0.958s] Level 1:colcon.colcon_core.environment:checking '/home/hp/marscar_ws/install/mascar_cartographer/lib/python3.10/site-packages'
[0.959s] Level 1:colcon.colcon_core.environment:checking '/home/hp/marscar_ws/install/mascar_cartographer/bin'
[0.959s] INFO:colcon.colcon_core.shell:Creating package script '/home/hp/marscar_ws/install/mascar_cartographer/share/mascar_cartographer/package.ps1'
[0.960s] INFO:colcon.colcon_core.shell:Creating package descriptor '/home/hp/marscar_ws/install/mascar_cartographer/share/mascar_cartographer/package.dsv'
[0.960s] INFO:colcon.colcon_core.shell:Creating package script '/home/hp/marscar_ws/install/mascar_cartographer/share/mascar_cartographer/package.sh'
[0.960s] INFO:colcon.colcon_core.shell:Creating package script '/home/hp/marscar_ws/install/mascar_cartographer/share/mascar_cartographer/package.bash'
[0.960s] INFO:colcon.colcon_core.shell:Creating package script '/home/hp/marscar_ws/install/mascar_cartographer/share/mascar_cartographer/package.zsh'
[0.961s] Level 1:colcon.colcon_core.environment:create_file_with_runtime_dependencies(/home/hp/marscar_ws/install/mascar_cartographer/share/colcon-core/packages/mascar_cartographer)
[0.972s] Level 1:colcon.colcon_core.environment:create_environment_scripts_only(marscar_navigation2)
[0.974s] Level 1:colcon.colcon_core.environment:checking '/home/hp/marscar_ws/install/marscar_navigation2' for CMake module files
[0.975s] Level 1:colcon.colcon_core.environment:checking '/home/hp/marscar_ws/install/marscar_navigation2' for CMake config files
[0.976s] Level 1:colcon.colcon_core.shell:create_environment_hook('marscar_navigation2', 'cmake_prefix_path')
[0.977s] INFO:colcon.colcon_core.shell:Creating environment hook '/home/hp/marscar_ws/install/marscar_navigation2/share/marscar_navigation2/hook/cmake_prefix_path.ps1'
[0.977s] INFO:colcon.colcon_core.shell:Creating environment descriptor '/home/hp/marscar_ws/install/marscar_navigation2/share/marscar_navigation2/hook/cmake_prefix_path.dsv'
[0.978s] INFO:colcon.colcon_core.shell:Creating environment hook '/home/hp/marscar_ws/install/marscar_navigation2/share/marscar_navigation2/hook/cmake_prefix_path.sh'
[0.978s] Level 1:colcon.colcon_core.environment:checking '/home/hp/marscar_ws/install/marscar_navigation2/bin'
[0.978s] Level 1:colcon.colcon_core.environment:checking '/home/hp/marscar_ws/install/marscar_navigation2/lib/pkgconfig/marscar_navigation2.pc'
[0.978s] Level 1:colcon.colcon_core.environment:checking '/home/hp/marscar_ws/install/marscar_navigation2/lib/python3.10/site-packages'
[0.978s] Level 1:colcon.colcon_core.environment:checking '/home/hp/marscar_ws/install/marscar_navigation2/bin'
[0.979s] INFO:colcon.colcon_core.shell:Creating package script '/home/hp/marscar_ws/install/marscar_navigation2/share/marscar_navigation2/package.ps1'
[0.980s] INFO:colcon.colcon_core.shell:Creating package descriptor '/home/hp/marscar_ws/install/marscar_navigation2/share/marscar_navigation2/package.dsv'
[0.980s] INFO:colcon.colcon_core.shell:Creating package script '/home/hp/marscar_ws/install/marscar_navigation2/share/marscar_navigation2/package.sh'
[0.980s] INFO:colcon.colcon_core.shell:Creating package script '/home/hp/marscar_ws/install/marscar_navigation2/share/marscar_navigation2/package.bash'
[0.981s] INFO:colcon.colcon_core.shell:Creating package script '/home/hp/marscar_ws/install/marscar_navigation2/share/marscar_navigation2/package.zsh'
[0.981s] Level 1:colcon.colcon_core.environment:create_file_with_runtime_dependencies(/home/hp/marscar_ws/install/marscar_navigation2/share/colcon-core/packages/marscar_navigation2)
[0.982s] Level 1:colcon.colcon_core.environment:create_environment_scripts_only(mascar_cartographer)
[0.984s] Level 1:colcon.colcon_core.environment:checking '/home/hp/marscar_ws/install/mascar_cartographer' for CMake module files
[0.984s] Level 1:colcon.colcon_core.environment:checking '/home/hp/marscar_ws/install/mascar_cartographer' for CMake config files
[0.984s] Level 1:colcon.colcon_core.shell:create_environment_hook('mascar_cartographer', 'cmake_prefix_path')
[0.985s] INFO:colcon.colcon_core.shell:Creating environment hook '/home/hp/marscar_ws/install/mascar_cartographer/share/mascar_cartographer/hook/cmake_prefix_path.ps1'
[0.985s] INFO:colcon.colcon_core.shell:Creating environment descriptor '/home/hp/marscar_ws/install/mascar_cartographer/share/mascar_cartographer/hook/cmake_prefix_path.dsv'
[0.986s] INFO:colcon.colcon_core.shell:Creating environment hook '/home/hp/marscar_ws/install/mascar_cartographer/share/mascar_cartographer/hook/cmake_prefix_path.sh'
[0.986s] Level 1:colcon.colcon_core.environment:checking '/home/hp/marscar_ws/install/mascar_cartographer/bin'
[0.986s] Level 1:colcon.colcon_core.environment:checking '/home/hp/marscar_ws/install/mascar_cartographer/lib/pkgconfig/mascar_cartographer.pc'
[0.986s] Level 1:colcon.colcon_core.environment:checking '/home/hp/marscar_ws/install/mascar_cartographer/lib/python3.10/site-packages'
[0.986s] Level 1:colcon.colcon_core.environment:checking '/home/hp/marscar_ws/install/mascar_cartographer/bin'
[0.987s] INFO:colcon.colcon_core.shell:Creating package script '/home/hp/marscar_ws/install/mascar_cartographer/share/mascar_cartographer/package.ps1'
[0.988s] INFO:colcon.colcon_core.shell:Creating package descriptor '/home/hp/marscar_ws/install/mascar_cartographer/share/mascar_cartographer/package.dsv'
[0.988s] INFO:colcon.colcon_core.shell:Creating package script '/home/hp/marscar_ws/install/mascar_cartographer/share/mascar_cartographer/package.sh'
[0.988s] INFO:colcon.colcon_core.shell:Creating package script '/home/hp/marscar_ws/install/mascar_cartographer/share/mascar_cartographer/package.bash'
[0.988s] INFO:colcon.colcon_core.shell:Creating package script '/home/hp/marscar_ws/install/mascar_cartographer/share/mascar_cartographer/package.zsh'
[0.989s] Level 1:colcon.colcon_core.environment:create_file_with_runtime_dependencies(/home/hp/marscar_ws/install/mascar_cartographer/share/colcon-core/packages/mascar_cartographer)
[1.117s] Level 1:colcon.colcon_core.environment:checking '/home/hp/marscar_ws/install/mediapipe_ros2' for CMake module files
[1.117s] DEBUG:colcon.colcon_core.event_handler.log_command:Invoked command in '/home/hp/marscar_ws/src/mediapipe_ros2' returned '0': PYTHONPATH=/home/hp/marscar_ws/build/mediapipe_ros2/prefix_override:/home/hp/marscar_ws/install/mediapipe_ros2/lib/python3.10/site-packages:${PYTHONPATH} /usr/bin/python3 setup.py egg_info --egg-base ../../build/mediapipe_ros2 build --build-base /home/hp/marscar_ws/build/mediapipe_ros2/build install --record /home/hp/marscar_ws/build/mediapipe_ros2/install.log --install-scripts $base/lib/mediapipe_ros2 --single-version-externally-managed
[1.118s] Level 1:colcon.colcon_core.environment:checking '/home/hp/marscar_ws/install/mediapipe_ros2' for CMake config files
[1.118s] Level 1:colcon.colcon_core.environment:checking '/home/hp/marscar_ws/install/mediapipe_ros2/lib'
[1.118s] Level 1:colcon.colcon_core.environment:checking '/home/hp/marscar_ws/install/mediapipe_ros2/bin'
[1.118s] Level 1:colcon.colcon_core.environment:checking '/home/hp/marscar_ws/install/mediapipe_ros2/lib/pkgconfig/mediapipe_ros2.pc'
[1.118s] Level 1:colcon.colcon_core.environment:checking '/home/hp/marscar_ws/install/mediapipe_ros2/lib/python3.10/site-packages'
[1.118s] Level 1:colcon.colcon_core.shell:create_environment_hook('mediapipe_ros2', 'pythonpath')
[1.119s] INFO:colcon.colcon_core.shell:Creating environment hook '/home/hp/marscar_ws/install/mediapipe_ros2/share/mediapipe_ros2/hook/pythonpath.ps1'
[1.120s] INFO:colcon.colcon_core.shell:Creating environment descriptor '/home/hp/marscar_ws/install/mediapipe_ros2/share/mediapipe_ros2/hook/pythonpath.dsv'
[1.120s] INFO:colcon.colcon_core.shell:Creating environment hook '/home/hp/marscar_ws/install/mediapipe_ros2/share/mediapipe_ros2/hook/pythonpath.sh'
[1.120s] Level 1:colcon.colcon_core.environment:checking '/home/hp/marscar_ws/install/mediapipe_ros2/bin'
[1.120s] Level 1:colcon.colcon_core.environment:create_environment_scripts_only(mediapipe_ros2)
[1.121s] INFO:colcon.colcon_core.shell:Creating package script '/home/hp/marscar_ws/install/mediapipe_ros2/share/mediapipe_ros2/package.ps1'
[1.122s] INFO:colcon.colcon_core.shell:Creating package descriptor '/home/hp/marscar_ws/install/mediapipe_ros2/share/mediapipe_ros2/package.dsv'
[1.122s] INFO:colcon.colcon_core.shell:Creating package script '/home/hp/marscar_ws/install/mediapipe_ros2/share/mediapipe_ros2/package.sh'
[1.122s] INFO:colcon.colcon_core.shell:Creating package script '/home/hp/marscar_ws/install/mediapipe_ros2/share/mediapipe_ros2/package.bash'
[1.122s] INFO:colcon.colcon_core.shell:Creating package script '/home/hp/marscar_ws/install/mediapipe_ros2/share/mediapipe_ros2/package.zsh'
[1.122s] Level 1:colcon.colcon_core.environment:create_file_with_runtime_dependencies(/home/hp/marscar_ws/install/mediapipe_ros2/share/colcon-core/packages/mediapipe_ros2)
[1.737s] DEBUG:colcon.colcon_core.event_handler.log_command:Invoked command in '/home/hp/marscar_ws/build/orbslam3' returned '0': CMAKE_PREFIX_PATH=${CMAKE_PREFIX_PATH}:/home/hp/marscar_ws/install/mediapipe_ros2:/opt/ros/humble /usr/bin/cmake /home/hp/marscar_ws/src/ORB_SLAM3_ROS2-humble -DCMAKE_INSTALL_PREFIX=/home/hp/marscar_ws/install/orbslam3
[1.739s] DEBUG:colcon.colcon_core.event_handler.log_command:Invoking command in '/home/hp/marscar_ws/build/orbslam3': CMAKE_PREFIX_PATH=${CMAKE_PREFIX_PATH}:/home/hp/marscar_ws/install/mediapipe_ros2:/opt/ros/humble /usr/bin/cmake --build /home/hp/marscar_ws/build/orbslam3 -- -j20 -l20
[6.965s] DEBUG:colcon.colcon_core.event_handler.log_command:Invoked command in '/home/hp/marscar_ws/build/lio_sam' returned '0': CMAKE_PREFIX_PATH=${CMAKE_PREFIX_PATH}:/home/hp/marscar_ws/install/mediapipe_ros2:/opt/ros/humble /usr/bin/cmake /home/hp/marscar_ws/src/LIO-SAM-ros2 -DCMAKE_INSTALL_PREFIX=/home/hp/marscar_ws/install/lio_sam
[6.968s] DEBUG:colcon.colcon_core.event_handler.log_command:Invoking command in '/home/hp/marscar_ws/build/lio_sam': CMAKE_PREFIX_PATH=${CMAKE_PREFIX_PATH}:/home/hp/marscar_ws/install/mediapipe_ros2:/opt/ros/humble /usr/bin/cmake --build /home/hp/marscar_ws/build/lio_sam -- -j20 -l20
[16.175s] DEBUG:colcon.colcon_core.event_handler.log_command:Invoked command in '/home/hp/marscar_ws/build/gazebo_plugins_mode' returned '0': CMAKE_PREFIX_PATH=${CMAKE_PREFIX_PATH}:/home/hp/marscar_ws/install/mediapipe_ros2:/opt/ros/humble /usr/bin/cmake --build /home/hp/marscar_ws/build/gazebo_plugins_mode -- -j20 -l20
[16.234s] DEBUG:colcon.colcon_core.event_handler.log_command:Invoking command in '/home/hp/marscar_ws/build/gazebo_plugins_mode': CMAKE_PREFIX_PATH=${CMAKE_PREFIX_PATH}:/home/hp/marscar_ws/install/mediapipe_ros2:/opt/ros/humble /usr/bin/cmake --install /home/hp/marscar_ws/build/gazebo_plugins_mode
[16.261s] Level 1:colcon.colcon_core.environment:create_environment_scripts_only(gazebo_plugins_mode)
[16.265s] Level 1:colcon.colcon_core.environment:checking '/home/hp/marscar_ws/install/gazebo_plugins_mode' for CMake module files
[16.266s] DEBUG:colcon.colcon_core.event_handler.log_command:Invoked command in '/home/hp/marscar_ws/build/gazebo_plugins_mode' returned '0': CMAKE_PREFIX_PATH=${CMAKE_PREFIX_PATH}:/home/hp/marscar_ws/install/mediapipe_ros2:/opt/ros/humble /usr/bin/cmake --install /home/hp/marscar_ws/build/gazebo_plugins_mode
[16.267s] Level 1:colcon.colcon_core.environment:checking '/home/hp/marscar_ws/install/gazebo_plugins_mode' for CMake config files
[16.267s] Level 1:colcon.colcon_core.shell:create_environment_hook('gazebo_plugins_mode', 'cmake_prefix_path')
[16.270s] INFO:colcon.colcon_core.shell:Creating environment hook '/home/hp/marscar_ws/install/gazebo_plugins_mode/share/gazebo_plugins_mode/hook/cmake_prefix_path.ps1'
[16.271s] INFO:colcon.colcon_core.shell:Creating environment descriptor '/home/hp/marscar_ws/install/gazebo_plugins_mode/share/gazebo_plugins_mode/hook/cmake_prefix_path.dsv'
[16.271s] INFO:colcon.colcon_core.shell:Creating environment hook '/home/hp/marscar_ws/install/gazebo_plugins_mode/share/gazebo_plugins_mode/hook/cmake_prefix_path.sh'
[16.272s] Level 1:colcon.colcon_core.environment:checking '/home/hp/marscar_ws/install/gazebo_plugins_mode/lib'
[16.272s] Level 1:colcon.colcon_core.shell:create_environment_hook('gazebo_plugins_mode', 'ld_library_path_lib')
[16.275s] INFO:colcon.colcon_core.shell:Creating environment hook '/home/hp/marscar_ws/install/gazebo_plugins_mode/share/gazebo_plugins_mode/hook/ld_library_path_lib.ps1'
[16.275s] INFO:colcon.colcon_core.shell:Creating environment descriptor '/home/hp/marscar_ws/install/gazebo_plugins_mode/share/gazebo_plugins_mode/hook/ld_library_path_lib.dsv'
[16.276s] INFO:colcon.colcon_core.shell:Creating environment hook '/home/hp/marscar_ws/install/gazebo_plugins_mode/share/gazebo_plugins_mode/hook/ld_library_path_lib.sh'
[16.276s] Level 1:colcon.colcon_core.environment:checking '/home/hp/marscar_ws/install/gazebo_plugins_mode/bin'
[16.277s] Level 1:colcon.colcon_core.environment:checking '/home/hp/marscar_ws/install/gazebo_plugins_mode/lib/pkgconfig/gazebo_plugins_mode.pc'
[16.277s] Level 1:colcon.colcon_core.environment:checking '/home/hp/marscar_ws/install/gazebo_plugins_mode/lib/python3.10/site-packages'
[16.277s] Level 1:colcon.colcon_core.environment:checking '/home/hp/marscar_ws/install/gazebo_plugins_mode/bin'
[16.280s] INFO:colcon.colcon_core.shell:Creating package script '/home/hp/marscar_ws/install/gazebo_plugins_mode/share/gazebo_plugins_mode/package.ps1'
[16.281s] INFO:colcon.colcon_core.shell:Creating package descriptor '/home/hp/marscar_ws/install/gazebo_plugins_mode/share/gazebo_plugins_mode/package.dsv'
[16.282s] INFO:colcon.colcon_core.shell:Creating package script '/home/hp/marscar_ws/install/gazebo_plugins_mode/share/gazebo_plugins_mode/package.sh'
[16.283s] INFO:colcon.colcon_core.shell:Creating package script '/home/hp/marscar_ws/install/gazebo_plugins_mode/share/gazebo_plugins_mode/package.bash'
[16.283s] INFO:colcon.colcon_core.shell:Creating package script '/home/hp/marscar_ws/install/gazebo_plugins_mode/share/gazebo_plugins_mode/package.zsh'
[16.284s] Level 1:colcon.colcon_core.environment:create_file_with_runtime_dependencies(/home/hp/marscar_ws/install/gazebo_plugins_mode/share/colcon-core/packages/gazebo_plugins_mode)
[16.335s] Level 1:colcon.colcon_core.environment:create_environment_scripts_only(gazebo_plugins_mode)
[16.337s] Level 1:colcon.colcon_core.environment:checking '/home/hp/marscar_ws/install/gazebo_plugins_mode' for CMake module files
[16.337s] Level 1:colcon.colcon_core.environment:checking '/home/hp/marscar_ws/install/gazebo_plugins_mode' for CMake config files
[16.337s] Level 1:colcon.colcon_core.shell:create_environment_hook('gazebo_plugins_mode', 'cmake_prefix_path')
[16.338s] INFO:colcon.colcon_core.shell:Creating environment hook '/home/hp/marscar_ws/install/gazebo_plugins_mode/share/gazebo_plugins_mode/hook/cmake_prefix_path.ps1'
[16.339s] INFO:colcon.colcon_core.shell:Creating environment descriptor '/home/hp/marscar_ws/install/gazebo_plugins_mode/share/gazebo_plugins_mode/hook/cmake_prefix_path.dsv'
[16.339s] INFO:colcon.colcon_core.shell:Creating environment hook '/home/hp/marscar_ws/install/gazebo_plugins_mode/share/gazebo_plugins_mode/hook/cmake_prefix_path.sh'
[16.340s] Level 1:colcon.colcon_core.environment:checking '/home/hp/marscar_ws/install/gazebo_plugins_mode/lib'
[16.340s] Level 1:colcon.colcon_core.shell:create_environment_hook('gazebo_plugins_mode', 'ld_library_path_lib')
[16.341s] INFO:colcon.colcon_core.shell:Creating environment hook '/home/hp/marscar_ws/install/gazebo_plugins_mode/share/gazebo_plugins_mode/hook/ld_library_path_lib.ps1'
[16.341s] INFO:colcon.colcon_core.shell:Creating environment descriptor '/home/hp/marscar_ws/install/gazebo_plugins_mode/share/gazebo_plugins_mode/hook/ld_library_path_lib.dsv'
[16.341s] INFO:colcon.colcon_core.shell:Creating environment hook '/home/hp/marscar_ws/install/gazebo_plugins_mode/share/gazebo_plugins_mode/hook/ld_library_path_lib.sh'
[16.342s] Level 1:colcon.colcon_core.environment:checking '/home/hp/marscar_ws/install/gazebo_plugins_mode/bin'
[16.342s] Level 1:colcon.colcon_core.environment:checking '/home/hp/marscar_ws/install/gazebo_plugins_mode/lib/pkgconfig/gazebo_plugins_mode.pc'
[16.342s] Level 1:colcon.colcon_core.environment:checking '/home/hp/marscar_ws/install/gazebo_plugins_mode/lib/python3.10/site-packages'
[16.342s] Level 1:colcon.colcon_core.environment:checking '/home/hp/marscar_ws/install/gazebo_plugins_mode/bin'
[16.343s] INFO:colcon.colcon_core.shell:Creating package script '/home/hp/marscar_ws/install/gazebo_plugins_mode/share/gazebo_plugins_mode/package.ps1'
[16.344s] INFO:colcon.colcon_core.shell:Creating package descriptor '/home/hp/marscar_ws/install/gazebo_plugins_mode/share/gazebo_plugins_mode/package.dsv'
[16.345s] INFO:colcon.colcon_core.shell:Creating package script '/home/hp/marscar_ws/install/gazebo_plugins_mode/share/gazebo_plugins_mode/package.sh'
[16.345s] INFO:colcon.colcon_core.shell:Creating package script '/home/hp/marscar_ws/install/gazebo_plugins_mode/share/gazebo_plugins_mode/package.bash'
[16.345s] INFO:colcon.colcon_core.shell:Creating package script '/home/hp/marscar_ws/install/gazebo_plugins_mode/share/gazebo_plugins_mode/package.zsh'
[16.345s] Level 1:colcon.colcon_core.environment:create_file_with_runtime_dependencies(/home/hp/marscar_ws/install/gazebo_plugins_mode/share/colcon-core/packages/gazebo_plugins_mode)
[27.549s] DEBUG:colcon.colcon_core.event_handler.log_command:Invoked command in '/home/hp/marscar_ws/build/orbslam3' returned '0': CMAKE_PREFIX_PATH=${CMAKE_PREFIX_PATH}:/home/hp/marscar_ws/install/mediapipe_ros2:/opt/ros/humble /usr/bin/cmake --build /home/hp/marscar_ws/build/orbslam3 -- -j20 -l20
[27.579s] DEBUG:colcon.colcon_core.event_handler.log_command:Invoking command in '/home/hp/marscar_ws/build/orbslam3': CMAKE_PREFIX_PATH=${CMAKE_PREFIX_PATH}:/home/hp/marscar_ws/install/mediapipe_ros2:/opt/ros/humble /usr/bin/cmake --install /home/hp/marscar_ws/build/orbslam3
[28.043s] Level 1:colcon.colcon_core.environment:create_environment_scripts_only(orbslam3)
[28.045s] Level 1:colcon.colcon_core.environment:checking '/home/hp/marscar_ws/install/orbslam3' for CMake module files
[28.045s] DEBUG:colcon.colcon_core.event_handler.log_command:Invoked command in '/home/hp/marscar_ws/build/orbslam3' returned '0': CMAKE_PREFIX_PATH=${CMAKE_PREFIX_PATH}:/home/hp/marscar_ws/install/mediapipe_ros2:/opt/ros/humble /usr/bin/cmake --install /home/hp/marscar_ws/build/orbslam3
[28.046s] Level 1:colcon.colcon_core.environment:checking '/home/hp/marscar_ws/install/orbslam3' for CMake config files
[28.046s] Level 1:colcon.colcon_core.shell:create_environment_hook('orbslam3', 'cmake_prefix_path')
[28.047s] INFO:colcon.colcon_core.shell:Creating environment hook '/home/hp/marscar_ws/install/orbslam3/share/orbslam3/hook/cmake_prefix_path.ps1'
[28.047s] INFO:colcon.colcon_core.shell:Creating environment descriptor '/home/hp/marscar_ws/install/orbslam3/share/orbslam3/hook/cmake_prefix_path.dsv'
[28.048s] INFO:colcon.colcon_core.shell:Creating environment hook '/home/hp/marscar_ws/install/orbslam3/share/orbslam3/hook/cmake_prefix_path.sh'
[28.048s] Level 1:colcon.colcon_core.environment:checking '/home/hp/marscar_ws/install/orbslam3/lib'
[28.048s] Level 1:colcon.colcon_core.environment:checking '/home/hp/marscar_ws/install/orbslam3/bin'
[28.048s] Level 1:colcon.colcon_core.environment:checking '/home/hp/marscar_ws/install/orbslam3/lib/pkgconfig/orbslam3.pc'
[28.048s] Level 1:colcon.colcon_core.environment:checking '/home/hp/marscar_ws/install/orbslam3/lib/python3.10/site-packages'
[28.048s] Level 1:colcon.colcon_core.environment:checking '/home/hp/marscar_ws/install/orbslam3/bin'
[28.049s] INFO:colcon.colcon_core.shell:Creating package script '/home/hp/marscar_ws/install/orbslam3/share/orbslam3/package.ps1'
[28.050s] INFO:colcon.colcon_core.shell:Creating package descriptor '/home/hp/marscar_ws/install/orbslam3/share/orbslam3/package.dsv'
[28.050s] INFO:colcon.colcon_core.shell:Creating package script '/home/hp/marscar_ws/install/orbslam3/share/orbslam3/package.sh'
[28.050s] INFO:colcon.colcon_core.shell:Creating package script '/home/hp/marscar_ws/install/orbslam3/share/orbslam3/package.bash'
[28.050s] INFO:colcon.colcon_core.shell:Creating package script '/home/hp/marscar_ws/install/orbslam3/share/orbslam3/package.zsh'
[28.051s] Level 1:colcon.colcon_core.environment:create_file_with_runtime_dependencies(/home/hp/marscar_ws/install/orbslam3/share/colcon-core/packages/orbslam3)
[28.083s] Level 1:colcon.colcon_core.environment:create_environment_scripts_only(orbslam3)
[28.086s] Level 1:colcon.colcon_core.environment:checking '/home/hp/marscar_ws/install/orbslam3' for CMake module files
[28.087s] Level 1:colcon.colcon_core.environment:checking '/home/hp/marscar_ws/install/orbslam3' for CMake config files
[28.087s] Level 1:colcon.colcon_core.shell:create_environment_hook('orbslam3', 'cmake_prefix_path')
[28.089s] INFO:colcon.colcon_core.shell:Creating environment hook '/home/hp/marscar_ws/install/orbslam3/share/orbslam3/hook/cmake_prefix_path.ps1'
[28.089s] INFO:colcon.colcon_core.shell:Creating environment descriptor '/home/hp/marscar_ws/install/orbslam3/share/orbslam3/hook/cmake_prefix_path.dsv'
[28.089s] INFO:colcon.colcon_core.shell:Creating environment hook '/home/hp/marscar_ws/install/orbslam3/share/orbslam3/hook/cmake_prefix_path.sh'
[28.090s] Level 1:colcon.colcon_core.environment:checking '/home/hp/marscar_ws/install/orbslam3/lib'
[28.090s] Level 1:colcon.colcon_core.environment:checking '/home/hp/marscar_ws/install/orbslam3/bin'
[28.090s] Level 1:colcon.colcon_core.environment:checking '/home/hp/marscar_ws/install/orbslam3/lib/pkgconfig/orbslam3.pc'
[28.090s] Level 1:colcon.colcon_core.environment:checking '/home/hp/marscar_ws/install/orbslam3/lib/python3.10/site-packages'
[28.090s] Level 1:colcon.colcon_core.environment:checking '/home/hp/marscar_ws/install/orbslam3/bin'
[28.091s] INFO:colcon.colcon_core.shell:Creating package script '/home/hp/marscar_ws/install/orbslam3/share/orbslam3/package.ps1'
[28.092s] INFO:colcon.colcon_core.shell:Creating package descriptor '/home/hp/marscar_ws/install/orbslam3/share/orbslam3/package.dsv'
[28.092s] INFO:colcon.colcon_core.shell:Creating package script '/home/hp/marscar_ws/install/orbslam3/share/orbslam3/package.sh'
[28.092s] INFO:colcon.colcon_core.shell:Creating package script '/home/hp/marscar_ws/install/orbslam3/share/orbslam3/package.bash'
[28.092s] INFO:colcon.colcon_core.shell:Creating package script '/home/hp/marscar_ws/install/orbslam3/share/orbslam3/package.zsh'
[28.093s] Level 1:colcon.colcon_core.environment:create_file_with_runtime_dependencies(/home/hp/marscar_ws/install/orbslam3/share/colcon-core/packages/orbslam3)
[64.082s] DEBUG:colcon.colcon_core.event_handler.log_command:Invoked command in '/home/hp/marscar_ws/build/lio_sam' returned '0': CMAKE_PREFIX_PATH=${CMAKE_PREFIX_PATH}:/home/hp/marscar_ws/install/mediapipe_ros2:/opt/ros/humble /usr/bin/cmake --build /home/hp/marscar_ws/build/lio_sam -- -j20 -l20
[64.193s] DEBUG:colcon.colcon_core.event_handler.log_command:Invoking command in '/home/hp/marscar_ws/build/lio_sam': CMAKE_PREFIX_PATH=${CMAKE_PREFIX_PATH}:/home/hp/marscar_ws/install/mediapipe_ros2:/opt/ros/humble /usr/bin/cmake --install /home/hp/marscar_ws/build/lio_sam
[64.296s] Level 1:colcon.colcon_core.environment:create_environment_scripts_only(lio_sam)
[64.297s] Level 1:colcon.colcon_core.environment:checking '/home/hp/marscar_ws/install/lio_sam' for CMake module files
[64.297s] DEBUG:colcon.colcon_core.event_handler.log_command:Invoked command in '/home/hp/marscar_ws/build/lio_sam' returned '0': CMAKE_PREFIX_PATH=${CMAKE_PREFIX_PATH}:/home/hp/marscar_ws/install/mediapipe_ros2:/opt/ros/humble /usr/bin/cmake --install /home/hp/marscar_ws/build/lio_sam
[64.298s] Level 1:colcon.colcon_core.environment:checking '/home/hp/marscar_ws/install/lio_sam' for CMake config files
[64.298s] Level 1:colcon.colcon_core.shell:create_environment_hook('lio_sam', 'cmake_prefix_path')
[64.299s] INFO:colcon.colcon_core.shell:Creating environment hook '/home/hp/marscar_ws/install/lio_sam/share/lio_sam/hook/cmake_prefix_path.ps1'
[64.299s] INFO:colcon.colcon_core.shell:Creating environment descriptor '/home/hp/marscar_ws/install/lio_sam/share/lio_sam/hook/cmake_prefix_path.dsv'
[64.299s] INFO:colcon.colcon_core.shell:Creating environment hook '/home/hp/marscar_ws/install/lio_sam/share/lio_sam/hook/cmake_prefix_path.sh'
[64.300s] Level 1:colcon.colcon_core.environment:checking '/home/hp/marscar_ws/install/lio_sam/lib'
[64.300s] Level 1:colcon.colcon_core.shell:create_environment_hook('lio_sam', 'ld_library_path_lib')
[64.300s] INFO:colcon.colcon_core.shell:Creating environment hook '/home/hp/marscar_ws/install/lio_sam/share/lio_sam/hook/ld_library_path_lib.ps1'
[64.301s] INFO:colcon.colcon_core.shell:Creating environment descriptor '/home/hp/marscar_ws/install/lio_sam/share/lio_sam/hook/ld_library_path_lib.dsv'
[64.301s] INFO:colcon.colcon_core.shell:Creating environment hook '/home/hp/marscar_ws/install/lio_sam/share/lio_sam/hook/ld_library_path_lib.sh'
[64.301s] Level 1:colcon.colcon_core.environment:checking '/home/hp/marscar_ws/install/lio_sam/bin'
[64.301s] Level 1:colcon.colcon_core.environment:checking '/home/hp/marscar_ws/install/lio_sam/lib/pkgconfig/lio_sam.pc'
[64.301s] Level 1:colcon.colcon_core.environment:checking '/home/hp/marscar_ws/install/lio_sam/lib/python3.10/site-packages'
[64.301s] Level 1:colcon.colcon_core.environment:checking '/home/hp/marscar_ws/install/lio_sam/bin'
[64.302s] INFO:colcon.colcon_core.shell:Creating package script '/home/hp/marscar_ws/install/lio_sam/share/lio_sam/package.ps1'
[64.302s] INFO:colcon.colcon_core.shell:Creating package descriptor '/home/hp/marscar_ws/install/lio_sam/share/lio_sam/package.dsv'
[64.303s] INFO:colcon.colcon_core.shell:Creating package script '/home/hp/marscar_ws/install/lio_sam/share/lio_sam/package.sh'
[64.303s] INFO:colcon.colcon_core.shell:Creating package script '/home/hp/marscar_ws/install/lio_sam/share/lio_sam/package.bash'
[64.303s] INFO:colcon.colcon_core.shell:Creating package script '/home/hp/marscar_ws/install/lio_sam/share/lio_sam/package.zsh'
[64.303s] Level 1:colcon.colcon_core.environment:create_file_with_runtime_dependencies(/home/hp/marscar_ws/install/lio_sam/share/colcon-core/packages/lio_sam)
[64.418s] Level 1:colcon.colcon_core.environment:create_environment_scripts_only(lio_sam)
[64.420s] Level 1:colcon.colcon_core.environment:checking '/home/hp/marscar_ws/install/lio_sam' for CMake module files
[64.420s] Level 1:colcon.colcon_core.environment:checking '/home/hp/marscar_ws/install/lio_sam' for CMake config files
[64.421s] Level 1:colcon.colcon_core.shell:create_environment_hook('lio_sam', 'cmake_prefix_path')
[64.423s] INFO:colcon.colcon_core.shell:Creating environment hook '/home/hp/marscar_ws/install/lio_sam/share/lio_sam/hook/cmake_prefix_path.ps1'
[64.423s] INFO:colcon.colcon_core.shell:Creating environment descriptor '/home/hp/marscar_ws/install/lio_sam/share/lio_sam/hook/cmake_prefix_path.dsv'
[64.423s] INFO:colcon.colcon_core.shell:Creating environment hook '/home/hp/marscar_ws/install/lio_sam/share/lio_sam/hook/cmake_prefix_path.sh'
[64.424s] Level 1:colcon.colcon_core.environment:checking '/home/hp/marscar_ws/install/lio_sam/lib'
[64.424s] Level 1:colcon.colcon_core.shell:create_environment_hook('lio_sam', 'ld_library_path_lib')
[64.426s] INFO:colcon.colcon_core.shell:Creating environment hook '/home/hp/marscar_ws/install/lio_sam/share/lio_sam/hook/ld_library_path_lib.ps1'
[64.426s] INFO:colcon.colcon_core.shell:Creating environment descriptor '/home/hp/marscar_ws/install/lio_sam/share/lio_sam/hook/ld_library_path_lib.dsv'
[64.426s] INFO:colcon.colcon_core.shell:Creating environment hook '/home/hp/marscar_ws/install/lio_sam/share/lio_sam/hook/ld_library_path_lib.sh'
[64.427s] Level 1:colcon.colcon_core.environment:checking '/home/hp/marscar_ws/install/lio_sam/bin'
[64.427s] Level 1:colcon.colcon_core.environment:checking '/home/hp/marscar_ws/install/lio_sam/lib/pkgconfig/lio_sam.pc'
[64.427s] Level 1:colcon.colcon_core.environment:checking '/home/hp/marscar_ws/install/lio_sam/lib/python3.10/site-packages'
[64.428s] Level 1:colcon.colcon_core.environment:checking '/home/hp/marscar_ws/install/lio_sam/bin'
[64.430s] INFO:colcon.colcon_core.shell:Creating package script '/home/hp/marscar_ws/install/lio_sam/share/lio_sam/package.ps1'
[64.430s] INFO:colcon.colcon_core.shell:Creating package descriptor '/home/hp/marscar_ws/install/lio_sam/share/lio_sam/package.dsv'
[64.431s] INFO:colcon.colcon_core.shell:Creating package script '/home/hp/marscar_ws/install/lio_sam/share/lio_sam/package.sh'
[64.431s] INFO:colcon.colcon_core.shell:Creating package script '/home/hp/marscar_ws/install/lio_sam/share/lio_sam/package.bash'
[64.432s] INFO:colcon.colcon_core.shell:Creating package script '/home/hp/marscar_ws/install/lio_sam/share/lio_sam/package.zsh'
[64.432s] Level 1:colcon.colcon_core.environment:create_file_with_runtime_dependencies(/home/hp/marscar_ws/install/lio_sam/share/colcon-core/packages/lio_sam)
[64.432s] DEBUG:colcon.colcon_parallel_executor.executor.parallel:closing loop
[64.433s] DEBUG:colcon.colcon_parallel_executor.executor.parallel:loop closed
[64.433s] DEBUG:colcon.colcon_parallel_executor.executor.parallel:run_until_complete finished with '0'
[64.433s] DEBUG:colcon.colcon_core.event_reactor:joining thread
[64.441s] INFO:colcon.colcon_core.plugin_system:Skipping extension 'colcon_notification.desktop_notification.terminal_notifier': Not used on non-Darwin systems
[64.441s] INFO:colcon.colcon_core.plugin_system:Skipping extension 'colcon_notification.desktop_notification.win32': Not used on non-Windows systems
[64.441s] INFO:colcon.colcon_notification.desktop_notification:Sending desktop notification using 'notify2'
[64.465s] DEBUG:colcon.colcon_core.event_reactor:joined thread
[64.466s] INFO:colcon.colcon_core.shell:Creating prefix script '/home/hp/marscar_ws/install/local_setup.ps1'
[64.467s] INFO:colcon.colcon_core.shell:Creating prefix util module '/home/hp/marscar_ws/install/_local_setup_util_ps1.py'
[64.468s] INFO:colcon.colcon_core.shell:Creating prefix chain script '/home/hp/marscar_ws/install/setup.ps1'
[64.469s] INFO:colcon.colcon_core.shell:Creating prefix script '/home/hp/marscar_ws/install/local_setup.sh'
[64.469s] INFO:colcon.colcon_core.shell:Creating prefix util module '/home/hp/marscar_ws/install/_local_setup_util_sh.py'
[64.469s] INFO:colcon.colcon_core.shell:Creating prefix chain script '/home/hp/marscar_ws/install/setup.sh'
[64.470s] INFO:colcon.colcon_core.shell:Creating prefix script '/home/hp/marscar_ws/install/local_setup.bash'
[64.470s] INFO:colcon.colcon_core.shell:Creating prefix chain script '/home/hp/marscar_ws/install/setup.bash'
[64.471s] INFO:colcon.colcon_core.shell:Creating prefix script '/home/hp/marscar_ws/install/local_setup.zsh'
[64.471s] INFO:colcon.colcon_core.shell:Creating prefix chain script '/home/hp/marscar_ws/install/setup.zsh'
