[35m[1mConsolidate compiler generated dependencies of target gazebo_ros_ackermann_drive_mode[0m
[35m[1mConsolidate compiler generated dependencies of target gazebo_ros_planar_move1[0m
[35m[1mConsolidate compiler generated dependencies of target gazebo_ros_boom[0m
[35m[1mConsolidate compiler generated dependencies of target gazebo_ros_state_mode[0m
[35m[1mConsolidate compiler generated dependencies of target gazebo_ros_diff_drive_mode[0m
[35m[1mConsolidate compiler generated dependencies of target ball_shooter_plugin[0m
[ 16%] Built target gazebo_ros_ackermann_drive_mode
[ 33%] Built target gazebo_ros_state_mode
[ 50%] Built target gazebo_ros_boom
[ 66%] Built target gazebo_ros_planar_move1
[ 83%] Built target gazebo_ros_diff_drive_mode
[100%] Built target ball_shooter_plugin
-- Install configuration: ""
-- Up-to-date: /home/hp/marscar_ws/install/gazebo_plugins_mode/share/gazebo_plugins_mode/environment/library_path.sh
-- Up-to-date: /home/hp/marscar_ws/install/gazebo_plugins_mode/share/gazebo_plugins_mode/environment/library_path.dsv
-- Up-to-date: /home/hp/marscar_ws/install/gazebo_plugins_mode/lib/libgazebo_ros_boom.so
-- Up-to-date: /home/hp/marscar_ws/install/gazebo_plugins_mode/lib/libgazebo_ros_state_mode.so
-- Up-to-date: /home/hp/marscar_ws/install/gazebo_plugins_mode/lib/libgazebo_ros_diff_drive_mode.so
-- Up-to-date: /home/hp/marscar_ws/install/gazebo_plugins_mode/lib/libgazebo_ros_ackermann_drive_mode.so
-- Up-to-date: /home/hp/marscar_ws/install/gazebo_plugins_mode/lib/libgazebo_ros_planar_move1.so
-- Up-to-date: /home/hp/marscar_ws/install/gazebo_plugins_mode/lib/libball_shooter_plugin.so
-- Up-to-date: /home/hp/marscar_ws/install/gazebo_plugins_mode/share/ament_index/resource_index/package_run_dependencies/gazebo_plugins_mode
-- Up-to-date: /home/hp/marscar_ws/install/gazebo_plugins_mode/share/ament_index/resource_index/parent_prefix_path/gazebo_plugins_mode
-- Up-to-date: /home/hp/marscar_ws/install/gazebo_plugins_mode/share/gazebo_plugins_mode/environment/ament_prefix_path.sh
-- Up-to-date: /home/hp/marscar_ws/install/gazebo_plugins_mode/share/gazebo_plugins_mode/environment/ament_prefix_path.dsv
-- Up-to-date: /home/hp/marscar_ws/install/gazebo_plugins_mode/share/gazebo_plugins_mode/environment/path.sh
-- Up-to-date: /home/hp/marscar_ws/install/gazebo_plugins_mode/share/gazebo_plugins_mode/environment/path.dsv
-- Up-to-date: /home/hp/marscar_ws/install/gazebo_plugins_mode/share/gazebo_plugins_mode/local_setup.bash
-- Up-to-date: /home/hp/marscar_ws/install/gazebo_plugins_mode/share/gazebo_plugins_mode/local_setup.sh
-- Up-to-date: /home/hp/marscar_ws/install/gazebo_plugins_mode/share/gazebo_plugins_mode/local_setup.zsh
-- Up-to-date: /home/hp/marscar_ws/install/gazebo_plugins_mode/share/gazebo_plugins_mode/local_setup.dsv
-- Installing: /home/hp/marscar_ws/install/gazebo_plugins_mode/share/gazebo_plugins_mode/package.dsv
-- Up-to-date: /home/hp/marscar_ws/install/gazebo_plugins_mode/share/ament_index/resource_index/packages/gazebo_plugins_mode
-- Up-to-date: /home/hp/marscar_ws/install/gazebo_plugins_mode/share/gazebo_plugins_mode/cmake/ament_cmake_export_libraries-extras.cmake
-- Up-to-date: /home/hp/marscar_ws/install/gazebo_plugins_mode/share/gazebo_plugins_mode/cmake/gazebo_plugins_modeConfig.cmake
-- Up-to-date: /home/hp/marscar_ws/install/gazebo_plugins_mode/share/gazebo_plugins_mode/cmake/gazebo_plugins_modeConfig-version.cmake
-- Up-to-date: /home/hp/marscar_ws/install/gazebo_plugins_mode/share/gazebo_plugins_mode/package.xml
