[0.033s] Invoking command in '/home/hp/marscar_ws/build/gazebo_plugins_mode': CMAKE_PREFIX_PATH=${CMAKE_PREFIX_PATH}:/home/hp/marscar_ws/install/mediapipe_ros2:/opt/ros/humble /usr/bin/cmake --build /home/hp/marscar_ws/build/gazebo_plugins_mode -- -j20 -l20
[0.240s] [ 16%] Built target gazebo_ros_planar_move1
[0.240s] [ 33%] Built target gazebo_ros_boom
[0.241s] [ 50%] Built target gazebo_ros_diff_drive_mode
[0.242s] [ 66%] Built target gazebo_ros_ackermann_drive_mode
[0.242s] [ 75%] [32mBuilding CXX object CMakeFiles/gazebo_ros_state_mode.dir/src/gazebo_ros_state_mode.cpp.o[0m
[0.243s] [ 91%] Built target ball_shooter_plugin
[14.871s] [100%] [32m[1mLinking CXX shared library libgazebo_ros_state_mode.so[0m
[15.851s] [100%] Built target gazebo_ros_state_mode
[15.868s] Invoked command in '/home/hp/marscar_ws/build/gazebo_plugins_mode' returned '0': CMAKE_PREFIX_PATH=${CMAKE_PREFIX_PATH}:/home/hp/marscar_ws/install/mediapipe_ros2:/opt/ros/humble /usr/bin/cmake --build /home/hp/marscar_ws/build/gazebo_plugins_mode -- -j20 -l20
[15.927s] Invoking command in '/home/hp/marscar_ws/build/gazebo_plugins_mode': CMAKE_PREFIX_PATH=${CMAKE_PREFIX_PATH}:/home/hp/marscar_ws/install/mediapipe_ros2:/opt/ros/humble /usr/bin/cmake --install /home/hp/marscar_ws/build/gazebo_plugins_mode
[15.939s] -- Install configuration: ""
[15.939s] -- Up-to-date: /home/hp/marscar_ws/install/gazebo_plugins_mode/share/gazebo_plugins_mode/environment/library_path.sh
[15.939s] -- Up-to-date: /home/hp/marscar_ws/install/gazebo_plugins_mode/share/gazebo_plugins_mode/environment/library_path.dsv
[15.939s] -- Up-to-date: /home/hp/marscar_ws/install/gazebo_plugins_mode/lib/libgazebo_ros_boom.so
[15.939s] -- Installing: /home/hp/marscar_ws/install/gazebo_plugins_mode/lib/libgazebo_ros_state_mode.so
[15.950s] -- Set runtime path of "/home/hp/marscar_ws/install/gazebo_plugins_mode/lib/libgazebo_ros_state_mode.so" to ""
[15.950s] -- Up-to-date: /home/hp/marscar_ws/install/gazebo_plugins_mode/lib/libgazebo_ros_diff_drive_mode.so
[15.950s] -- Up-to-date: /home/hp/marscar_ws/install/gazebo_plugins_mode/lib/libgazebo_ros_ackermann_drive_mode.so
[15.951s] -- Up-to-date: /home/hp/marscar_ws/install/gazebo_plugins_mode/lib/libgazebo_ros_planar_move1.so
[15.951s] -- Up-to-date: /home/hp/marscar_ws/install/gazebo_plugins_mode/lib/libball_shooter_plugin.so
[15.951s] -- Up-to-date: /home/hp/marscar_ws/install/gazebo_plugins_mode/share/ament_index/resource_index/package_run_dependencies/gazebo_plugins_mode
[15.951s] -- Up-to-date: /home/hp/marscar_ws/install/gazebo_plugins_mode/share/ament_index/resource_index/parent_prefix_path/gazebo_plugins_mode
[15.952s] -- Up-to-date: /home/hp/marscar_ws/install/gazebo_plugins_mode/share/gazebo_plugins_mode/environment/ament_prefix_path.sh
[15.952s] -- Up-to-date: /home/hp/marscar_ws/install/gazebo_plugins_mode/share/gazebo_plugins_mode/environment/ament_prefix_path.dsv
[15.952s] -- Up-to-date: /home/hp/marscar_ws/install/gazebo_plugins_mode/share/gazebo_plugins_mode/environment/path.sh
[15.952s] -- Up-to-date: /home/hp/marscar_ws/install/gazebo_plugins_mode/share/gazebo_plugins_mode/environment/path.dsv
[15.952s] -- Up-to-date: /home/hp/marscar_ws/install/gazebo_plugins_mode/share/gazebo_plugins_mode/local_setup.bash
[15.952s] -- Up-to-date: /home/hp/marscar_ws/install/gazebo_plugins_mode/share/gazebo_plugins_mode/local_setup.sh
[15.952s] -- Up-to-date: /home/hp/marscar_ws/install/gazebo_plugins_mode/share/gazebo_plugins_mode/local_setup.zsh
[15.952s] -- Up-to-date: /home/hp/marscar_ws/install/gazebo_plugins_mode/share/gazebo_plugins_mode/local_setup.dsv
[15.952s] -- Installing: /home/hp/marscar_ws/install/gazebo_plugins_mode/share/gazebo_plugins_mode/package.dsv
[15.952s] -- Up-to-date: /home/hp/marscar_ws/install/gazebo_plugins_mode/share/ament_index/resource_index/packages/gazebo_plugins_mode
[15.953s] -- Up-to-date: /home/hp/marscar_ws/install/gazebo_plugins_mode/share/gazebo_plugins_mode/cmake/ament_cmake_export_libraries-extras.cmake
[15.953s] -- Up-to-date: /home/hp/marscar_ws/install/gazebo_plugins_mode/share/gazebo_plugins_mode/cmake/gazebo_plugins_modeConfig.cmake
[15.953s] -- Up-to-date: /home/hp/marscar_ws/install/gazebo_plugins_mode/share/gazebo_plugins_mode/cmake/gazebo_plugins_modeConfig-version.cmake
[15.953s] -- Up-to-date: /home/hp/marscar_ws/install/gazebo_plugins_mode/share/gazebo_plugins_mode/package.xml
[15.959s] Invoked command in '/home/hp/marscar_ws/build/gazebo_plugins_mode' returned '0': CMAKE_PREFIX_PATH=${CMAKE_PREFIX_PATH}:/home/hp/marscar_ws/install/mediapipe_ros2:/opt/ros/humble /usr/bin/cmake --install /home/hp/marscar_ws/build/gazebo_plugins_mode
