[0.220s] DEBUG:colcon:Command line arguments: ['/usr/bin/colcon', 'build']
[0.220s] DEBUG:colcon:Parsed command line arguments: Namespace(log_base=None, log_level=None, verb_name='build', build_base='build', install_base='install', merge_install=False, symlink_install=False, test_result_base=None, continue_on_error=False, executor='parallel', parallel_workers=20, event_handlers=None, ignore_user_meta=False, metas=['./colcon.meta'], base_paths=['.'], packages_ignore=None, packages_ignore_regex=None, paths=None, packages_up_to=None, packages_up_to_regex=None, packages_above=None, packages_above_and_dependencies=None, packages_above_depth=None, packages_select_by_dep=None, packages_skip_by_dep=None, packages_skip_up_to=None, packages_select_build_failed=False, packages_skip_build_finished=False, packages_select_test_failures=False, packages_skip_test_passed=False, packages_select=None, packages_skip=None, packages_select_regex=None, packages_skip_regex=None, packages_start=None, packages_end=None, allow_overriding=[], cmake_args=None, cmake_target=None, cmake_target_skip_unavailable=False, cmake_clean_cache=False, cmake_clean_first=False, cmake_force_configure=False, ament_cmake_args=None, catkin_cmake_args=None, catkin_skip_building_tests=False, verb_parser=<colcon_defaults.argument_parser.defaults.DefaultArgumentsDecorator object at 0x7f01764d7d90>, verb_extension=<colcon_core.verb.build.BuildVerb object at 0x7f0176ce2650>, main=<bound method BuildVerb.main of <colcon_core.verb.build.BuildVerb object at 0x7f0176ce2650>>)
[0.235s] Level 1:colcon.colcon_core.package_discovery:discover_packages(colcon_meta) check parameters
[0.235s] Level 1:colcon.colcon_core.package_discovery:discover_packages(recursive) check parameters
[0.235s] Level 1:colcon.colcon_core.package_discovery:discover_packages(ignore) check parameters
[0.235s] Level 1:colcon.colcon_core.package_discovery:discover_packages(path) check parameters
[0.235s] Level 1:colcon.colcon_core.package_discovery:discover_packages(colcon_meta) discover
[0.236s] Level 1:colcon.colcon_core.package_discovery:discover_packages(recursive) discover
[0.236s] INFO:colcon.colcon_core.package_discovery:Crawling recursively for packages in '/home/hp/mars_car_ws'
[0.236s] Level 1:colcon.colcon_core.package_identification:_identify(.) by extensions ['ignore', 'ignore_ament_install']
[0.236s] Level 1:colcon.colcon_core.package_identification:_identify(.) by extension 'ignore'
[0.236s] Level 1:colcon.colcon_core.package_identification:_identify(.) by extension 'ignore_ament_install'
[0.236s] Level 1:colcon.colcon_core.package_identification:_identify(.) by extensions ['colcon_pkg']
[0.236s] Level 1:colcon.colcon_core.package_identification:_identify(.) by extension 'colcon_pkg'
[0.236s] Level 1:colcon.colcon_core.package_identification:_identify(.) by extensions ['colcon_meta']
[0.236s] Level 1:colcon.colcon_core.package_identification:_identify(.) by extension 'colcon_meta'
[0.236s] Level 1:colcon.colcon_core.package_identification:_identify(.) by extensions ['ros']
[0.236s] Level 1:colcon.colcon_core.package_identification:_identify(.) by extension 'ros'
[0.243s] Level 1:colcon.colcon_core.package_identification:_identify(.) by extensions ['cmake', 'python']
[0.243s] Level 1:colcon.colcon_core.package_identification:_identify(.) by extension 'cmake'
[0.243s] Level 1:colcon.colcon_core.package_identification:_identify(.) by extension 'python'
[0.243s] Level 1:colcon.colcon_core.package_identification:_identify(.) by extensions ['python_setup_py']
[0.243s] Level 1:colcon.colcon_core.package_identification:_identify(.) by extension 'python_setup_py'
[0.244s] Level 1:colcon.colcon_core.package_identification:_identify(build) by extensions ['ignore', 'ignore_ament_install']
[0.244s] Level 1:colcon.colcon_core.package_identification:_identify(build) by extension 'ignore'
[0.244s] Level 1:colcon.colcon_core.package_identification:_identify(build) ignored
[0.244s] Level 1:colcon.colcon_core.package_identification:_identify(install) by extensions ['ignore', 'ignore_ament_install']
[0.244s] Level 1:colcon.colcon_core.package_identification:_identify(install) by extension 'ignore'
[0.244s] Level 1:colcon.colcon_core.package_identification:_identify(install) ignored
[0.244s] Level 1:colcon.colcon_core.package_identification:_identify(log) by extensions ['ignore', 'ignore_ament_install']
[0.244s] Level 1:colcon.colcon_core.package_identification:_identify(log) by extension 'ignore'
[0.244s] Level 1:colcon.colcon_core.package_identification:_identify(log) ignored
[0.244s] Level 1:colcon.colcon_core.package_identification:_identify(src) by extensions ['ignore', 'ignore_ament_install']
[0.244s] Level 1:colcon.colcon_core.package_identification:_identify(src) by extension 'ignore'
[0.244s] Level 1:colcon.colcon_core.package_identification:_identify(src) by extension 'ignore_ament_install'
[0.244s] Level 1:colcon.colcon_core.package_identification:_identify(src) by extensions ['colcon_pkg']
[0.244s] Level 1:colcon.colcon_core.package_identification:_identify(src) by extension 'colcon_pkg'
[0.244s] Level 1:colcon.colcon_core.package_identification:_identify(src) by extensions ['colcon_meta']
[0.244s] Level 1:colcon.colcon_core.package_identification:_identify(src) by extension 'colcon_meta'
[0.244s] Level 1:colcon.colcon_core.package_identification:_identify(src) by extensions ['ros']
[0.244s] Level 1:colcon.colcon_core.package_identification:_identify(src) by extension 'ros'
[0.244s] Level 1:colcon.colcon_core.package_identification:_identify(src) by extensions ['cmake', 'python']
[0.244s] Level 1:colcon.colcon_core.package_identification:_identify(src) by extension 'cmake'
[0.244s] Level 1:colcon.colcon_core.package_identification:_identify(src) by extension 'python'
[0.244s] Level 1:colcon.colcon_core.package_identification:_identify(src) by extensions ['python_setup_py']
[0.244s] Level 1:colcon.colcon_core.package_identification:_identify(src) by extension 'python_setup_py'
[0.244s] Level 1:colcon.colcon_core.package_identification:_identify(src/LIO-SAM-ros2) by extensions ['ignore', 'ignore_ament_install']
[0.244s] Level 1:colcon.colcon_core.package_identification:_identify(src/LIO-SAM-ros2) by extension 'ignore'
[0.244s] Level 1:colcon.colcon_core.package_identification:_identify(src/LIO-SAM-ros2) by extension 'ignore_ament_install'
[0.244s] Level 1:colcon.colcon_core.package_identification:_identify(src/LIO-SAM-ros2) by extensions ['colcon_pkg']
[0.244s] Level 1:colcon.colcon_core.package_identification:_identify(src/LIO-SAM-ros2) by extension 'colcon_pkg'
[0.244s] Level 1:colcon.colcon_core.package_identification:_identify(src/LIO-SAM-ros2) by extensions ['colcon_meta']
[0.244s] Level 1:colcon.colcon_core.package_identification:_identify(src/LIO-SAM-ros2) by extension 'colcon_meta'
[0.245s] Level 1:colcon.colcon_core.package_identification:_identify(src/LIO-SAM-ros2) by extensions ['ros']
[0.245s] Level 1:colcon.colcon_core.package_identification:_identify(src/LIO-SAM-ros2) by extension 'ros'
[0.246s] DEBUG:colcon.colcon_core.package_identification:Package 'src/LIO-SAM-ros2' with type 'ros.ament_cmake' and name 'lio_sam'
[0.246s] Level 1:colcon.colcon_core.package_identification:_identify(src/ORB_SLAM3_ROS2-humble) by extensions ['ignore', 'ignore_ament_install']
[0.246s] Level 1:colcon.colcon_core.package_identification:_identify(src/ORB_SLAM3_ROS2-humble) by extension 'ignore'
[0.246s] Level 1:colcon.colcon_core.package_identification:_identify(src/ORB_SLAM3_ROS2-humble) by extension 'ignore_ament_install'
[0.246s] Level 1:colcon.colcon_core.package_identification:_identify(src/ORB_SLAM3_ROS2-humble) by extensions ['colcon_pkg']
[0.247s] Level 1:colcon.colcon_core.package_identification:_identify(src/ORB_SLAM3_ROS2-humble) by extension 'colcon_pkg'
[0.247s] Level 1:colcon.colcon_core.package_identification:_identify(src/ORB_SLAM3_ROS2-humble) by extensions ['colcon_meta']
[0.247s] Level 1:colcon.colcon_core.package_identification:_identify(src/ORB_SLAM3_ROS2-humble) by extension 'colcon_meta'
[0.247s] Level 1:colcon.colcon_core.package_identification:_identify(src/ORB_SLAM3_ROS2-humble) by extensions ['ros']
[0.247s] Level 1:colcon.colcon_core.package_identification:_identify(src/ORB_SLAM3_ROS2-humble) by extension 'ros'
[0.247s] DEBUG:colcon.colcon_core.package_identification:Package 'src/ORB_SLAM3_ROS2-humble' with type 'ros.ament_cmake' and name 'orbslam3'
[0.247s] Level 1:colcon.colcon_core.package_identification:_identify(src/gazebo_plugins_mode) by extensions ['ignore', 'ignore_ament_install']
[0.247s] Level 1:colcon.colcon_core.package_identification:_identify(src/gazebo_plugins_mode) by extension 'ignore'
[0.247s] Level 1:colcon.colcon_core.package_identification:_identify(src/gazebo_plugins_mode) by extension 'ignore_ament_install'
[0.247s] Level 1:colcon.colcon_core.package_identification:_identify(src/gazebo_plugins_mode) by extensions ['colcon_pkg']
[0.247s] Level 1:colcon.colcon_core.package_identification:_identify(src/gazebo_plugins_mode) by extension 'colcon_pkg'
[0.247s] Level 1:colcon.colcon_core.package_identification:_identify(src/gazebo_plugins_mode) by extensions ['colcon_meta']
[0.247s] Level 1:colcon.colcon_core.package_identification:_identify(src/gazebo_plugins_mode) by extension 'colcon_meta'
[0.247s] Level 1:colcon.colcon_core.package_identification:_identify(src/gazebo_plugins_mode) by extensions ['ros']
[0.247s] Level 1:colcon.colcon_core.package_identification:_identify(src/gazebo_plugins_mode) by extension 'ros'
[0.248s] DEBUG:colcon.colcon_core.package_identification:Package 'src/gazebo_plugins_mode' with type 'ros.ament_cmake' and name 'gazebo_plugins_mode'
[0.248s] Level 1:colcon.colcon_core.package_identification:_identify(src/marscar_gazebo_ros2) by extensions ['ignore', 'ignore_ament_install']
[0.248s] Level 1:colcon.colcon_core.package_identification:_identify(src/marscar_gazebo_ros2) by extension 'ignore'
[0.249s] Level 1:colcon.colcon_core.package_identification:_identify(src/marscar_gazebo_ros2) by extension 'ignore_ament_install'
[0.249s] Level 1:colcon.colcon_core.package_identification:_identify(src/marscar_gazebo_ros2) by extensions ['colcon_pkg']
[0.249s] Level 1:colcon.colcon_core.package_identification:_identify(src/marscar_gazebo_ros2) by extension 'colcon_pkg'
[0.249s] Level 1:colcon.colcon_core.package_identification:_identify(src/marscar_gazebo_ros2) by extensions ['colcon_meta']
[0.249s] Level 1:colcon.colcon_core.package_identification:_identify(src/marscar_gazebo_ros2) by extension 'colcon_meta'
[0.249s] Level 1:colcon.colcon_core.package_identification:_identify(src/marscar_gazebo_ros2) by extensions ['ros']
[0.249s] Level 1:colcon.colcon_core.package_identification:_identify(src/marscar_gazebo_ros2) by extension 'ros'
[0.249s] DEBUG:colcon.colcon_core.package_identification:Package 'src/marscar_gazebo_ros2' with type 'ros.ament_cmake' and name 'marscar_gazebo_ros2'
[0.249s] Level 1:colcon.colcon_core.package_identification:_identify(src/marscar_navigation2) by extensions ['ignore', 'ignore_ament_install']
[0.249s] Level 1:colcon.colcon_core.package_identification:_identify(src/marscar_navigation2) by extension 'ignore'
[0.249s] Level 1:colcon.colcon_core.package_identification:_identify(src/marscar_navigation2) by extension 'ignore_ament_install'
[0.249s] Level 1:colcon.colcon_core.package_identification:_identify(src/marscar_navigation2) by extensions ['colcon_pkg']
[0.249s] Level 1:colcon.colcon_core.package_identification:_identify(src/marscar_navigation2) by extension 'colcon_pkg'
[0.249s] Level 1:colcon.colcon_core.package_identification:_identify(src/marscar_navigation2) by extensions ['colcon_meta']
[0.249s] Level 1:colcon.colcon_core.package_identification:_identify(src/marscar_navigation2) by extension 'colcon_meta'
[0.250s] Level 1:colcon.colcon_core.package_identification:_identify(src/marscar_navigation2) by extensions ['ros']
[0.250s] Level 1:colcon.colcon_core.package_identification:_identify(src/marscar_navigation2) by extension 'ros'
[0.250s] DEBUG:colcon.colcon_core.package_identification:Package 'src/marscar_navigation2' with type 'ros.ament_cmake' and name 'marscar_navigation2'
[0.250s] Level 1:colcon.colcon_core.package_identification:_identify(src/mascar_cartographer) by extensions ['ignore', 'ignore_ament_install']
[0.250s] Level 1:colcon.colcon_core.package_identification:_identify(src/mascar_cartographer) by extension 'ignore'
[0.250s] Level 1:colcon.colcon_core.package_identification:_identify(src/mascar_cartographer) by extension 'ignore_ament_install'
[0.250s] Level 1:colcon.colcon_core.package_identification:_identify(src/mascar_cartographer) by extensions ['colcon_pkg']
[0.250s] Level 1:colcon.colcon_core.package_identification:_identify(src/mascar_cartographer) by extension 'colcon_pkg'
[0.250s] Level 1:colcon.colcon_core.package_identification:_identify(src/mascar_cartographer) by extensions ['colcon_meta']
[0.250s] Level 1:colcon.colcon_core.package_identification:_identify(src/mascar_cartographer) by extension 'colcon_meta'
[0.250s] Level 1:colcon.colcon_core.package_identification:_identify(src/mascar_cartographer) by extensions ['ros']
[0.250s] Level 1:colcon.colcon_core.package_identification:_identify(src/mascar_cartographer) by extension 'ros'
[0.250s] DEBUG:colcon.colcon_core.package_identification:Package 'src/mascar_cartographer' with type 'ros.ament_cmake' and name 'mascar_cartographer'
[0.251s] Level 1:colcon.colcon_core.package_identification:_identify(src/mediapipe_ros2) by extensions ['ignore', 'ignore_ament_install']
[0.251s] Level 1:colcon.colcon_core.package_identification:_identify(src/mediapipe_ros2) by extension 'ignore'
[0.251s] Level 1:colcon.colcon_core.package_identification:_identify(src/mediapipe_ros2) by extension 'ignore_ament_install'
[0.251s] Level 1:colcon.colcon_core.package_identification:_identify(src/mediapipe_ros2) by extensions ['colcon_pkg']
[0.251s] Level 1:colcon.colcon_core.package_identification:_identify(src/mediapipe_ros2) by extension 'colcon_pkg'
[0.251s] Level 1:colcon.colcon_core.package_identification:_identify(src/mediapipe_ros2) by extensions ['colcon_meta']
[0.251s] Level 1:colcon.colcon_core.package_identification:_identify(src/mediapipe_ros2) by extension 'colcon_meta'
[0.251s] Level 1:colcon.colcon_core.package_identification:_identify(src/mediapipe_ros2) by extensions ['ros']
[0.251s] Level 1:colcon.colcon_core.package_identification:_identify(src/mediapipe_ros2) by extension 'ros'
[0.251s] DEBUG:colcon.colcon_core.package_identification:Package 'src/mediapipe_ros2' with type 'ros.ament_python' and name 'mediapipe_ros2'
[0.251s] Level 1:colcon.colcon_core.package_discovery:discover_packages(recursive) using defaults
[0.251s] Level 1:colcon.colcon_core.package_discovery:discover_packages(ignore) discover
[0.251s] Level 1:colcon.colcon_core.package_discovery:discover_packages(ignore) using defaults
[0.251s] Level 1:colcon.colcon_core.package_discovery:discover_packages(path) discover
[0.251s] Level 1:colcon.colcon_core.package_discovery:discover_packages(path) using defaults
[0.266s] Level 1:colcon.colcon_core.package_discovery:discover_packages(prefix_path) check parameters
[0.266s] Level 1:colcon.colcon_core.package_discovery:discover_packages(prefix_path) discover
[0.268s] DEBUG:colcon.colcon_installed_package_information.package_discovery:Found 7 installed packages in /home/hp/mars_car_ws/install
[0.269s] DEBUG:colcon.colcon_installed_package_information.package_discovery:Found 387 installed packages in /opt/ros/humble
[0.271s] Level 1:colcon.colcon_core.package_discovery:discover_packages(prefix_path) using defaults
[0.311s] Level 5:colcon.colcon_core.verb:set package 'gazebo_plugins_mode' build argument 'cmake_args' from command line to 'None'
[0.311s] Level 5:colcon.colcon_core.verb:set package 'gazebo_plugins_mode' build argument 'cmake_target' from command line to 'None'
[0.311s] Level 5:colcon.colcon_core.verb:set package 'gazebo_plugins_mode' build argument 'cmake_target_skip_unavailable' from command line to 'False'
[0.311s] Level 5:colcon.colcon_core.verb:set package 'gazebo_plugins_mode' build argument 'cmake_clean_cache' from command line to 'False'
[0.311s] Level 5:colcon.colcon_core.verb:set package 'gazebo_plugins_mode' build argument 'cmake_clean_first' from command line to 'False'
[0.311s] Level 5:colcon.colcon_core.verb:set package 'gazebo_plugins_mode' build argument 'cmake_force_configure' from command line to 'False'
[0.311s] Level 5:colcon.colcon_core.verb:set package 'gazebo_plugins_mode' build argument 'ament_cmake_args' from command line to 'None'
[0.311s] Level 5:colcon.colcon_core.verb:set package 'gazebo_plugins_mode' build argument 'catkin_cmake_args' from command line to 'None'
[0.312s] Level 5:colcon.colcon_core.verb:set package 'gazebo_plugins_mode' build argument 'catkin_skip_building_tests' from command line to 'False'
[0.312s] DEBUG:colcon.colcon_core.verb:Building package 'gazebo_plugins_mode' with the following arguments: {'ament_cmake_args': None, 'build_base': '/home/hp/mars_car_ws/build/gazebo_plugins_mode', 'catkin_cmake_args': None, 'catkin_skip_building_tests': False, 'cmake_args': None, 'cmake_clean_cache': False, 'cmake_clean_first': False, 'cmake_force_configure': False, 'cmake_target': None, 'cmake_target_skip_unavailable': False, 'install_base': '/home/hp/mars_car_ws/install/gazebo_plugins_mode', 'merge_install': False, 'path': '/home/hp/mars_car_ws/src/gazebo_plugins_mode', 'symlink_install': False, 'test_result_base': None}
[0.312s] Level 5:colcon.colcon_core.verb:set package 'lio_sam' build argument 'cmake_args' from command line to 'None'
[0.312s] Level 5:colcon.colcon_core.verb:set package 'lio_sam' build argument 'cmake_target' from command line to 'None'
[0.312s] Level 5:colcon.colcon_core.verb:set package 'lio_sam' build argument 'cmake_target_skip_unavailable' from command line to 'False'
[0.312s] Level 5:colcon.colcon_core.verb:set package 'lio_sam' build argument 'cmake_clean_cache' from command line to 'False'
[0.312s] Level 5:colcon.colcon_core.verb:set package 'lio_sam' build argument 'cmake_clean_first' from command line to 'False'
[0.312s] Level 5:colcon.colcon_core.verb:set package 'lio_sam' build argument 'cmake_force_configure' from command line to 'False'
[0.312s] Level 5:colcon.colcon_core.verb:set package 'lio_sam' build argument 'ament_cmake_args' from command line to 'None'
[0.312s] Level 5:colcon.colcon_core.verb:set package 'lio_sam' build argument 'catkin_cmake_args' from command line to 'None'
[0.312s] Level 5:colcon.colcon_core.verb:set package 'lio_sam' build argument 'catkin_skip_building_tests' from command line to 'False'
[0.312s] DEBUG:colcon.colcon_core.verb:Building package 'lio_sam' with the following arguments: {'ament_cmake_args': None, 'build_base': '/home/hp/mars_car_ws/build/lio_sam', 'catkin_cmake_args': None, 'catkin_skip_building_tests': False, 'cmake_args': None, 'cmake_clean_cache': False, 'cmake_clean_first': False, 'cmake_force_configure': False, 'cmake_target': None, 'cmake_target_skip_unavailable': False, 'install_base': '/home/hp/mars_car_ws/install/lio_sam', 'merge_install': False, 'path': '/home/hp/mars_car_ws/src/LIO-SAM-ros2', 'symlink_install': False, 'test_result_base': None}
[0.313s] Level 5:colcon.colcon_core.verb:set package 'marscar_gazebo_ros2' build argument 'cmake_args' from command line to 'None'
[0.313s] Level 5:colcon.colcon_core.verb:set package 'marscar_gazebo_ros2' build argument 'cmake_target' from command line to 'None'
[0.313s] Level 5:colcon.colcon_core.verb:set package 'marscar_gazebo_ros2' build argument 'cmake_target_skip_unavailable' from command line to 'False'
[0.313s] Level 5:colcon.colcon_core.verb:set package 'marscar_gazebo_ros2' build argument 'cmake_clean_cache' from command line to 'False'
[0.313s] Level 5:colcon.colcon_core.verb:set package 'marscar_gazebo_ros2' build argument 'cmake_clean_first' from command line to 'False'
[0.313s] Level 5:colcon.colcon_core.verb:set package 'marscar_gazebo_ros2' build argument 'cmake_force_configure' from command line to 'False'
[0.313s] Level 5:colcon.colcon_core.verb:set package 'marscar_gazebo_ros2' build argument 'ament_cmake_args' from command line to 'None'
[0.313s] Level 5:colcon.colcon_core.verb:set package 'marscar_gazebo_ros2' build argument 'catkin_cmake_args' from command line to 'None'
[0.313s] Level 5:colcon.colcon_core.verb:set package 'marscar_gazebo_ros2' build argument 'catkin_skip_building_tests' from command line to 'False'
[0.313s] DEBUG:colcon.colcon_core.verb:Building package 'marscar_gazebo_ros2' with the following arguments: {'ament_cmake_args': None, 'build_base': '/home/hp/mars_car_ws/build/marscar_gazebo_ros2', 'catkin_cmake_args': None, 'catkin_skip_building_tests': False, 'cmake_args': None, 'cmake_clean_cache': False, 'cmake_clean_first': False, 'cmake_force_configure': False, 'cmake_target': None, 'cmake_target_skip_unavailable': False, 'install_base': '/home/hp/mars_car_ws/install/marscar_gazebo_ros2', 'merge_install': False, 'path': '/home/hp/mars_car_ws/src/marscar_gazebo_ros2', 'symlink_install': False, 'test_result_base': None}
[0.313s] Level 5:colcon.colcon_core.verb:set package 'marscar_navigation2' build argument 'cmake_args' from command line to 'None'
[0.313s] Level 5:colcon.colcon_core.verb:set package 'marscar_navigation2' build argument 'cmake_target' from command line to 'None'
[0.314s] Level 5:colcon.colcon_core.verb:set package 'marscar_navigation2' build argument 'cmake_target_skip_unavailable' from command line to 'False'
[0.314s] Level 5:colcon.colcon_core.verb:set package 'marscar_navigation2' build argument 'cmake_clean_cache' from command line to 'False'
[0.314s] Level 5:colcon.colcon_core.verb:set package 'marscar_navigation2' build argument 'cmake_clean_first' from command line to 'False'
[0.314s] Level 5:colcon.colcon_core.verb:set package 'marscar_navigation2' build argument 'cmake_force_configure' from command line to 'False'
[0.314s] Level 5:colcon.colcon_core.verb:set package 'marscar_navigation2' build argument 'ament_cmake_args' from command line to 'None'
[0.314s] Level 5:colcon.colcon_core.verb:set package 'marscar_navigation2' build argument 'catkin_cmake_args' from command line to 'None'
[0.314s] Level 5:colcon.colcon_core.verb:set package 'marscar_navigation2' build argument 'catkin_skip_building_tests' from command line to 'False'
[0.314s] DEBUG:colcon.colcon_core.verb:Building package 'marscar_navigation2' with the following arguments: {'ament_cmake_args': None, 'build_base': '/home/hp/mars_car_ws/build/marscar_navigation2', 'catkin_cmake_args': None, 'catkin_skip_building_tests': False, 'cmake_args': None, 'cmake_clean_cache': False, 'cmake_clean_first': False, 'cmake_force_configure': False, 'cmake_target': None, 'cmake_target_skip_unavailable': False, 'install_base': '/home/hp/mars_car_ws/install/marscar_navigation2', 'merge_install': False, 'path': '/home/hp/mars_car_ws/src/marscar_navigation2', 'symlink_install': False, 'test_result_base': None}
[0.314s] Level 5:colcon.colcon_core.verb:set package 'mascar_cartographer' build argument 'cmake_args' from command line to 'None'
[0.314s] Level 5:colcon.colcon_core.verb:set package 'mascar_cartographer' build argument 'cmake_target' from command line to 'None'
[0.314s] Level 5:colcon.colcon_core.verb:set package 'mascar_cartographer' build argument 'cmake_target_skip_unavailable' from command line to 'False'
[0.314s] Level 5:colcon.colcon_core.verb:set package 'mascar_cartographer' build argument 'cmake_clean_cache' from command line to 'False'
[0.314s] Level 5:colcon.colcon_core.verb:set package 'mascar_cartographer' build argument 'cmake_clean_first' from command line to 'False'
[0.314s] Level 5:colcon.colcon_core.verb:set package 'mascar_cartographer' build argument 'cmake_force_configure' from command line to 'False'
[0.314s] Level 5:colcon.colcon_core.verb:set package 'mascar_cartographer' build argument 'ament_cmake_args' from command line to 'None'
[0.314s] Level 5:colcon.colcon_core.verb:set package 'mascar_cartographer' build argument 'catkin_cmake_args' from command line to 'None'
[0.314s] Level 5:colcon.colcon_core.verb:set package 'mascar_cartographer' build argument 'catkin_skip_building_tests' from command line to 'False'
[0.314s] DEBUG:colcon.colcon_core.verb:Building package 'mascar_cartographer' with the following arguments: {'ament_cmake_args': None, 'build_base': '/home/hp/mars_car_ws/build/mascar_cartographer', 'catkin_cmake_args': None, 'catkin_skip_building_tests': False, 'cmake_args': None, 'cmake_clean_cache': False, 'cmake_clean_first': False, 'cmake_force_configure': False, 'cmake_target': None, 'cmake_target_skip_unavailable': False, 'install_base': '/home/hp/mars_car_ws/install/mascar_cartographer', 'merge_install': False, 'path': '/home/hp/mars_car_ws/src/mascar_cartographer', 'symlink_install': False, 'test_result_base': None}
[0.315s] Level 5:colcon.colcon_core.verb:set package 'mediapipe_ros2' build argument 'cmake_args' from command line to 'None'
[0.315s] Level 5:colcon.colcon_core.verb:set package 'mediapipe_ros2' build argument 'cmake_target' from command line to 'None'
[0.315s] Level 5:colcon.colcon_core.verb:set package 'mediapipe_ros2' build argument 'cmake_target_skip_unavailable' from command line to 'False'
[0.315s] Level 5:colcon.colcon_core.verb:set package 'mediapipe_ros2' build argument 'cmake_clean_cache' from command line to 'False'
[0.315s] Level 5:colcon.colcon_core.verb:set package 'mediapipe_ros2' build argument 'cmake_clean_first' from command line to 'False'
[0.315s] Level 5:colcon.colcon_core.verb:set package 'mediapipe_ros2' build argument 'cmake_force_configure' from command line to 'False'
[0.315s] Level 5:colcon.colcon_core.verb:set package 'mediapipe_ros2' build argument 'ament_cmake_args' from command line to 'None'
[0.315s] Level 5:colcon.colcon_core.verb:set package 'mediapipe_ros2' build argument 'catkin_cmake_args' from command line to 'None'
[0.315s] Level 5:colcon.colcon_core.verb:set package 'mediapipe_ros2' build argument 'catkin_skip_building_tests' from command line to 'False'
[0.315s] DEBUG:colcon.colcon_core.verb:Building package 'mediapipe_ros2' with the following arguments: {'ament_cmake_args': None, 'build_base': '/home/hp/mars_car_ws/build/mediapipe_ros2', 'catkin_cmake_args': None, 'catkin_skip_building_tests': False, 'cmake_args': None, 'cmake_clean_cache': False, 'cmake_clean_first': False, 'cmake_force_configure': False, 'cmake_target': None, 'cmake_target_skip_unavailable': False, 'install_base': '/home/hp/mars_car_ws/install/mediapipe_ros2', 'merge_install': False, 'path': '/home/hp/mars_car_ws/src/mediapipe_ros2', 'symlink_install': False, 'test_result_base': None}
[0.315s] Level 5:colcon.colcon_core.verb:set package 'orbslam3' build argument 'cmake_args' from command line to 'None'
[0.315s] Level 5:colcon.colcon_core.verb:set package 'orbslam3' build argument 'cmake_target' from command line to 'None'
[0.316s] Level 5:colcon.colcon_core.verb:set package 'orbslam3' build argument 'cmake_target_skip_unavailable' from command line to 'False'
[0.316s] Level 5:colcon.colcon_core.verb:set package 'orbslam3' build argument 'cmake_clean_cache' from command line to 'False'
[0.316s] Level 5:colcon.colcon_core.verb:set package 'orbslam3' build argument 'cmake_clean_first' from command line to 'False'
[0.316s] Level 5:colcon.colcon_core.verb:set package 'orbslam3' build argument 'cmake_force_configure' from command line to 'False'
[0.316s] Level 5:colcon.colcon_core.verb:set package 'orbslam3' build argument 'ament_cmake_args' from command line to 'None'
[0.316s] Level 5:colcon.colcon_core.verb:set package 'orbslam3' build argument 'catkin_cmake_args' from command line to 'None'
[0.316s] Level 5:colcon.colcon_core.verb:set package 'orbslam3' build argument 'catkin_skip_building_tests' from command line to 'False'
[0.316s] DEBUG:colcon.colcon_core.verb:Building package 'orbslam3' with the following arguments: {'ament_cmake_args': None, 'build_base': '/home/hp/mars_car_ws/build/orbslam3', 'catkin_cmake_args': None, 'catkin_skip_building_tests': False, 'cmake_args': None, 'cmake_clean_cache': False, 'cmake_clean_first': False, 'cmake_force_configure': False, 'cmake_target': None, 'cmake_target_skip_unavailable': False, 'install_base': '/home/hp/mars_car_ws/install/orbslam3', 'merge_install': False, 'path': '/home/hp/mars_car_ws/src/ORB_SLAM3_ROS2-humble', 'symlink_install': False, 'test_result_base': None}
[0.316s] INFO:colcon.colcon_core.executor:Executing jobs using 'parallel' executor
[0.318s] DEBUG:colcon.colcon_parallel_executor.executor.parallel:run_until_complete
[0.318s] INFO:colcon.colcon_ros.task.ament_cmake.build:Building ROS package in '/home/hp/mars_car_ws/src/gazebo_plugins_mode' with build type 'ament_cmake'
[0.318s] INFO:colcon.colcon_cmake.task.cmake.build:Building CMake package in '/home/hp/mars_car_ws/src/gazebo_plugins_mode'
[0.322s] INFO:colcon.colcon_core.plugin_system:Skipping extension 'colcon_core.shell.bat': Not used on non-Windows systems
[0.322s] INFO:colcon.colcon_core.shell:Skip shell extension 'powershell' for command environment: Not usable outside of PowerShell
[0.322s] DEBUG:colcon.colcon_core.shell:Skip shell extension 'dsv' for command environment
[0.325s] INFO:colcon.colcon_ros.task.ament_cmake.build:Building ROS package in '/home/hp/mars_car_ws/src/LIO-SAM-ros2' with build type 'ament_cmake'
[0.325s] INFO:colcon.colcon_cmake.task.cmake.build:Building CMake package in '/home/hp/mars_car_ws/src/LIO-SAM-ros2'
[0.326s] INFO:colcon.colcon_core.shell:Skip shell extension 'powershell' for command environment: Not usable outside of PowerShell
[0.326s] DEBUG:colcon.colcon_core.shell:Skip shell extension 'dsv' for command environment
[0.329s] INFO:colcon.colcon_ros.task.ament_cmake.build:Building ROS package in '/home/hp/mars_car_ws/src/marscar_gazebo_ros2' with build type 'ament_cmake'
[0.329s] INFO:colcon.colcon_cmake.task.cmake.build:Building CMake package in '/home/hp/mars_car_ws/src/marscar_gazebo_ros2'
[0.330s] INFO:colcon.colcon_core.shell:Skip shell extension 'powershell' for command environment: Not usable outside of PowerShell
[0.330s] DEBUG:colcon.colcon_core.shell:Skip shell extension 'dsv' for command environment
[0.333s] INFO:colcon.colcon_ros.task.ament_cmake.build:Building ROS package in '/home/hp/mars_car_ws/src/marscar_navigation2' with build type 'ament_cmake'
[0.334s] INFO:colcon.colcon_cmake.task.cmake.build:Building CMake package in '/home/hp/mars_car_ws/src/marscar_navigation2'
[0.334s] INFO:colcon.colcon_core.shell:Skip shell extension 'powershell' for command environment: Not usable outside of PowerShell
[0.334s] DEBUG:colcon.colcon_core.shell:Skip shell extension 'dsv' for command environment
[0.337s] INFO:colcon.colcon_ros.task.ament_cmake.build:Building ROS package in '/home/hp/mars_car_ws/src/mascar_cartographer' with build type 'ament_cmake'
[0.337s] INFO:colcon.colcon_cmake.task.cmake.build:Building CMake package in '/home/hp/mars_car_ws/src/mascar_cartographer'
[0.338s] INFO:colcon.colcon_core.shell:Skip shell extension 'powershell' for command environment: Not usable outside of PowerShell
[0.338s] DEBUG:colcon.colcon_core.shell:Skip shell extension 'dsv' for command environment
[0.341s] INFO:colcon.colcon_ros.task.ament_python.build:Building ROS package in '/home/hp/mars_car_ws/src/mediapipe_ros2' with build type 'ament_python'
[0.341s] Level 1:colcon.colcon_core.shell:create_environment_hook('mediapipe_ros2', 'ament_prefix_path')
[0.342s] INFO:colcon.colcon_core.shell:Creating environment hook '/home/hp/mars_car_ws/install/mediapipe_ros2/share/mediapipe_ros2/hook/ament_prefix_path.ps1'
[0.342s] INFO:colcon.colcon_core.shell:Creating environment descriptor '/home/hp/mars_car_ws/install/mediapipe_ros2/share/mediapipe_ros2/hook/ament_prefix_path.dsv'
[0.343s] INFO:colcon.colcon_core.shell:Creating environment hook '/home/hp/mars_car_ws/install/mediapipe_ros2/share/mediapipe_ros2/hook/ament_prefix_path.sh'
[0.344s] INFO:colcon.colcon_core.shell:Skip shell extension 'powershell' for command environment: Not usable outside of PowerShell
[0.344s] DEBUG:colcon.colcon_core.shell:Skip shell extension 'dsv' for command environment
[0.346s] INFO:colcon.colcon_ros.task.ament_cmake.build:Building ROS package in '/home/hp/mars_car_ws/src/ORB_SLAM3_ROS2-humble' with build type 'ament_cmake'
[0.347s] INFO:colcon.colcon_cmake.task.cmake.build:Building CMake package in '/home/hp/mars_car_ws/src/ORB_SLAM3_ROS2-humble'
[0.347s] INFO:colcon.colcon_core.shell:Skip shell extension 'powershell' for command environment: Not usable outside of PowerShell
[0.347s] DEBUG:colcon.colcon_core.shell:Skip shell extension 'dsv' for command environment
[0.354s] DEBUG:colcon.colcon_core.event_handler.log_command:Invoking command in '/home/hp/mars_car_ws/build/gazebo_plugins_mode': CMAKE_PREFIX_PATH=${CMAKE_PREFIX_PATH}:/home/hp/mars_car_ws/install/mediapipe_ros2:/opt/ros/humble /usr/bin/cmake --build /home/hp/mars_car_ws/build/gazebo_plugins_mode -- -j20 -l20
[0.356s] DEBUG:colcon.colcon_core.event_handler.log_command:Invoking command in '/home/hp/mars_car_ws/build/lio_sam': CMAKE_PREFIX_PATH=${CMAKE_PREFIX_PATH}:/home/hp/mars_car_ws/install/mediapipe_ros2:/opt/ros/humble /usr/bin/cmake --build /home/hp/mars_car_ws/build/lio_sam -- -j20 -l20
[0.359s] DEBUG:colcon.colcon_core.event_handler.log_command:Invoking command in '/home/hp/mars_car_ws/build/marscar_gazebo_ros2': CMAKE_PREFIX_PATH=${CMAKE_PREFIX_PATH}:/home/hp/mars_car_ws/install/mediapipe_ros2:/opt/ros/humble /usr/bin/cmake --build /home/hp/mars_car_ws/build/marscar_gazebo_ros2 -- -j20 -l20
[0.360s] DEBUG:colcon.colcon_core.event_handler.log_command:Invoking command in '/home/hp/mars_car_ws/build/marscar_navigation2': CMAKE_PREFIX_PATH=${CMAKE_PREFIX_PATH}:/home/hp/mars_car_ws/install/mediapipe_ros2:/opt/ros/humble /usr/bin/cmake --build /home/hp/mars_car_ws/build/marscar_navigation2 -- -j20 -l20
[0.363s] DEBUG:colcon.colcon_core.event_handler.log_command:Invoking command in '/home/hp/mars_car_ws/build/mascar_cartographer': CMAKE_PREFIX_PATH=${CMAKE_PREFIX_PATH}:/home/hp/mars_car_ws/install/mediapipe_ros2:/opt/ros/humble /usr/bin/cmake --build /home/hp/mars_car_ws/build/mascar_cartographer -- -j20 -l20
[0.575s] WARNING:colcon.colcon_ros.task.ament_python.build:Package 'mediapipe_ros2' doesn't explicitly install a marker in the package index (colcon-ros currently does it implicitly but that fallback will be removed in the future)
[0.575s] INFO:colcon.colcon_core.task.python.build:Building Python package in '/home/hp/mars_car_ws/src/mediapipe_ros2'
[0.577s] INFO:colcon.colcon_core.shell:Skip shell extension 'powershell' for command environment: Not usable outside of PowerShell
[0.577s] DEBUG:colcon.colcon_core.shell:Skip shell extension 'dsv' for command environment
[0.592s] DEBUG:colcon.colcon_core.event_handler.log_command:Invoking command in '/home/hp/mars_car_ws/build/orbslam3': CMAKE_PREFIX_PATH=${CMAKE_PREFIX_PATH}:/home/hp/mars_car_ws/install/mediapipe_ros2:/opt/ros/humble /usr/bin/cmake --build /home/hp/mars_car_ws/build/orbslam3 -- -j20 -l20
[0.593s] DEBUG:colcon.colcon_core.event_handler.log_command:Invoked command in '/home/hp/mars_car_ws/build/marscar_navigation2' returned '0': CMAKE_PREFIX_PATH=${CMAKE_PREFIX_PATH}:/home/hp/mars_car_ws/install/mediapipe_ros2:/opt/ros/humble /usr/bin/cmake --build /home/hp/mars_car_ws/build/marscar_navigation2 -- -j20 -l20
[0.594s] DEBUG:colcon.colcon_core.event_handler.log_command:Invoked command in '/home/hp/mars_car_ws/build/mascar_cartographer' returned '0': CMAKE_PREFIX_PATH=${CMAKE_PREFIX_PATH}:/home/hp/mars_car_ws/install/mediapipe_ros2:/opt/ros/humble /usr/bin/cmake --build /home/hp/mars_car_ws/build/mascar_cartographer -- -j20 -l20
[0.595s] DEBUG:colcon.colcon_core.event_handler.log_command:Invoked command in '/home/hp/mars_car_ws/build/gazebo_plugins_mode' returned '0': CMAKE_PREFIX_PATH=${CMAKE_PREFIX_PATH}:/home/hp/mars_car_ws/install/mediapipe_ros2:/opt/ros/humble /usr/bin/cmake --build /home/hp/mars_car_ws/build/gazebo_plugins_mode -- -j20 -l20
[0.613s] DEBUG:colcon.colcon_core.event_handler.log_command:Invoking command in '/home/hp/mars_car_ws/build/marscar_navigation2': CMAKE_PREFIX_PATH=${CMAKE_PREFIX_PATH}:/home/hp/mars_car_ws/install/mediapipe_ros2:/opt/ros/humble /usr/bin/cmake --install /home/hp/mars_car_ws/build/marscar_navigation2
[0.616s] DEBUG:colcon.colcon_core.event_handler.log_command:Invoking command in '/home/hp/mars_car_ws/build/mascar_cartographer': CMAKE_PREFIX_PATH=${CMAKE_PREFIX_PATH}:/home/hp/mars_car_ws/install/mediapipe_ros2:/opt/ros/humble /usr/bin/cmake --install /home/hp/mars_car_ws/build/mascar_cartographer
[0.617s] DEBUG:colcon.colcon_core.event_handler.log_command:Invoked command in '/home/hp/mars_car_ws/build/lio_sam' returned '0': CMAKE_PREFIX_PATH=${CMAKE_PREFIX_PATH}:/home/hp/mars_car_ws/install/mediapipe_ros2:/opt/ros/humble /usr/bin/cmake --build /home/hp/mars_car_ws/build/lio_sam -- -j20 -l20
[0.618s] DEBUG:colcon.colcon_core.event_handler.log_command:Invoked command in '/home/hp/mars_car_ws/build/marscar_gazebo_ros2' returned '0': CMAKE_PREFIX_PATH=${CMAKE_PREFIX_PATH}:/home/hp/mars_car_ws/install/mediapipe_ros2:/opt/ros/humble /usr/bin/cmake --build /home/hp/mars_car_ws/build/marscar_gazebo_ros2 -- -j20 -l20
[0.622s] Level 1:colcon.colcon_core.environment:create_environment_scripts_only(marscar_navigation2)
[0.628s] DEBUG:colcon.colcon_core.event_handler.log_command:Invoked command in '/home/hp/mars_car_ws/build/marscar_navigation2' returned '0': CMAKE_PREFIX_PATH=${CMAKE_PREFIX_PATH}:/home/hp/mars_car_ws/install/mediapipe_ros2:/opt/ros/humble /usr/bin/cmake --install /home/hp/mars_car_ws/build/marscar_navigation2
[0.631s] Level 1:colcon.colcon_core.environment:checking '/home/hp/mars_car_ws/install/marscar_navigation2' for CMake module files
[0.631s] Level 1:colcon.colcon_core.environment:checking '/home/hp/mars_car_ws/install/marscar_navigation2' for CMake config files
[0.631s] Level 1:colcon.colcon_core.shell:create_environment_hook('marscar_navigation2', 'cmake_prefix_path')
[0.632s] INFO:colcon.colcon_core.shell:Creating environment hook '/home/hp/mars_car_ws/install/marscar_navigation2/share/marscar_navigation2/hook/cmake_prefix_path.ps1'
[0.633s] INFO:colcon.colcon_core.shell:Creating environment descriptor '/home/hp/mars_car_ws/install/marscar_navigation2/share/marscar_navigation2/hook/cmake_prefix_path.dsv'
[0.633s] INFO:colcon.colcon_core.shell:Creating environment hook '/home/hp/mars_car_ws/install/marscar_navigation2/share/marscar_navigation2/hook/cmake_prefix_path.sh'
[0.633s] Level 1:colcon.colcon_core.environment:checking '/home/hp/mars_car_ws/install/marscar_navigation2/bin'
[0.633s] Level 1:colcon.colcon_core.environment:checking '/home/hp/mars_car_ws/install/marscar_navigation2/lib/pkgconfig/marscar_navigation2.pc'
[0.633s] Level 1:colcon.colcon_core.environment:checking '/home/hp/mars_car_ws/install/marscar_navigation2/lib/python3.10/site-packages'
[0.633s] Level 1:colcon.colcon_core.environment:checking '/home/hp/mars_car_ws/install/marscar_navigation2/bin'
[0.634s] INFO:colcon.colcon_core.shell:Creating package script '/home/hp/mars_car_ws/install/marscar_navigation2/share/marscar_navigation2/package.ps1'
[0.635s] INFO:colcon.colcon_core.shell:Creating package descriptor '/home/hp/mars_car_ws/install/marscar_navigation2/share/marscar_navigation2/package.dsv'
[0.635s] INFO:colcon.colcon_core.shell:Creating package script '/home/hp/mars_car_ws/install/marscar_navigation2/share/marscar_navigation2/package.sh'
[0.636s] INFO:colcon.colcon_core.shell:Creating package script '/home/hp/mars_car_ws/install/marscar_navigation2/share/marscar_navigation2/package.bash'
[0.637s] INFO:colcon.colcon_core.shell:Creating package script '/home/hp/mars_car_ws/install/marscar_navigation2/share/marscar_navigation2/package.zsh'
[0.637s] Level 1:colcon.colcon_core.environment:create_file_with_runtime_dependencies(/home/hp/mars_car_ws/install/marscar_navigation2/share/colcon-core/packages/marscar_navigation2)
[0.640s] DEBUG:colcon.colcon_core.event_handler.log_command:Invoking command in '/home/hp/mars_car_ws/build/gazebo_plugins_mode': CMAKE_PREFIX_PATH=${CMAKE_PREFIX_PATH}:/home/hp/mars_car_ws/install/mediapipe_ros2:/opt/ros/humble /usr/bin/cmake --install /home/hp/mars_car_ws/build/gazebo_plugins_mode
[0.641s] Level 1:colcon.colcon_core.environment:create_environment_scripts_only(mascar_cartographer)
[0.644s] Level 1:colcon.colcon_core.environment:checking '/home/hp/mars_car_ws/install/mascar_cartographer' for CMake module files
[0.644s] DEBUG:colcon.colcon_core.event_handler.log_command:Invoked command in '/home/hp/mars_car_ws/build/mascar_cartographer' returned '0': CMAKE_PREFIX_PATH=${CMAKE_PREFIX_PATH}:/home/hp/mars_car_ws/install/mediapipe_ros2:/opt/ros/humble /usr/bin/cmake --install /home/hp/mars_car_ws/build/mascar_cartographer
[0.646s] Level 1:colcon.colcon_core.environment:checking '/home/hp/mars_car_ws/install/mascar_cartographer' for CMake config files
[0.647s] Level 1:colcon.colcon_core.shell:create_environment_hook('mascar_cartographer', 'cmake_prefix_path')
[0.648s] INFO:colcon.colcon_core.shell:Creating environment hook '/home/hp/mars_car_ws/install/mascar_cartographer/share/mascar_cartographer/hook/cmake_prefix_path.ps1'
[0.649s] INFO:colcon.colcon_core.shell:Creating environment descriptor '/home/hp/mars_car_ws/install/mascar_cartographer/share/mascar_cartographer/hook/cmake_prefix_path.dsv'
[0.650s] INFO:colcon.colcon_core.shell:Creating environment hook '/home/hp/mars_car_ws/install/mascar_cartographer/share/mascar_cartographer/hook/cmake_prefix_path.sh'
[0.651s] Level 1:colcon.colcon_core.environment:checking '/home/hp/mars_car_ws/install/mascar_cartographer/bin'
[0.651s] Level 1:colcon.colcon_core.environment:checking '/home/hp/mars_car_ws/install/mascar_cartographer/lib/pkgconfig/mascar_cartographer.pc'
[0.651s] Level 1:colcon.colcon_core.environment:checking '/home/hp/mars_car_ws/install/mascar_cartographer/lib/python3.10/site-packages'
[0.652s] Level 1:colcon.colcon_core.environment:checking '/home/hp/mars_car_ws/install/mascar_cartographer/bin'
[0.653s] INFO:colcon.colcon_core.shell:Creating package script '/home/hp/mars_car_ws/install/mascar_cartographer/share/mascar_cartographer/package.ps1'
[0.653s] INFO:colcon.colcon_core.shell:Creating package descriptor '/home/hp/mars_car_ws/install/mascar_cartographer/share/mascar_cartographer/package.dsv'
[0.654s] INFO:colcon.colcon_core.shell:Creating package script '/home/hp/mars_car_ws/install/mascar_cartographer/share/mascar_cartographer/package.sh'
[0.654s] INFO:colcon.colcon_core.shell:Creating package script '/home/hp/mars_car_ws/install/mascar_cartographer/share/mascar_cartographer/package.bash'
[0.655s] INFO:colcon.colcon_core.shell:Creating package script '/home/hp/mars_car_ws/install/mascar_cartographer/share/mascar_cartographer/package.zsh'
[0.655s] Level 1:colcon.colcon_core.environment:create_file_with_runtime_dependencies(/home/hp/mars_car_ws/install/mascar_cartographer/share/colcon-core/packages/mascar_cartographer)
[0.659s] Level 1:colcon.colcon_core.environment:create_environment_scripts_only(marscar_navigation2)
[0.661s] Level 1:colcon.colcon_core.environment:checking '/home/hp/mars_car_ws/install/marscar_navigation2' for CMake module files
[0.662s] Level 1:colcon.colcon_core.environment:checking '/home/hp/mars_car_ws/install/marscar_navigation2' for CMake config files
[0.662s] Level 1:colcon.colcon_core.shell:create_environment_hook('marscar_navigation2', 'cmake_prefix_path')
[0.663s] INFO:colcon.colcon_core.shell:Creating environment hook '/home/hp/mars_car_ws/install/marscar_navigation2/share/marscar_navigation2/hook/cmake_prefix_path.ps1'
[0.664s] INFO:colcon.colcon_core.shell:Creating environment descriptor '/home/hp/mars_car_ws/install/marscar_navigation2/share/marscar_navigation2/hook/cmake_prefix_path.dsv'
[0.664s] INFO:colcon.colcon_core.shell:Creating environment hook '/home/hp/mars_car_ws/install/marscar_navigation2/share/marscar_navigation2/hook/cmake_prefix_path.sh'
[0.665s] Level 1:colcon.colcon_core.environment:checking '/home/hp/mars_car_ws/install/marscar_navigation2/bin'
[0.665s] Level 1:colcon.colcon_core.environment:checking '/home/hp/mars_car_ws/install/marscar_navigation2/lib/pkgconfig/marscar_navigation2.pc'
[0.665s] Level 1:colcon.colcon_core.environment:checking '/home/hp/mars_car_ws/install/marscar_navigation2/lib/python3.10/site-packages'
[0.665s] Level 1:colcon.colcon_core.environment:checking '/home/hp/mars_car_ws/install/marscar_navigation2/bin'
[0.667s] INFO:colcon.colcon_core.shell:Creating package script '/home/hp/mars_car_ws/install/marscar_navigation2/share/marscar_navigation2/package.ps1'
[0.667s] INFO:colcon.colcon_core.shell:Creating package descriptor '/home/hp/mars_car_ws/install/marscar_navigation2/share/marscar_navigation2/package.dsv'
[0.668s] INFO:colcon.colcon_core.shell:Creating package script '/home/hp/mars_car_ws/install/marscar_navigation2/share/marscar_navigation2/package.sh'
[0.668s] INFO:colcon.colcon_core.shell:Creating package script '/home/hp/mars_car_ws/install/marscar_navigation2/share/marscar_navigation2/package.bash'
[0.669s] INFO:colcon.colcon_core.shell:Creating package script '/home/hp/mars_car_ws/install/marscar_navigation2/share/marscar_navigation2/package.zsh'
[0.670s] Level 1:colcon.colcon_core.environment:create_file_with_runtime_dependencies(/home/hp/mars_car_ws/install/marscar_navigation2/share/colcon-core/packages/marscar_navigation2)
[0.670s] Level 1:colcon.colcon_core.environment:create_environment_scripts_only(gazebo_plugins_mode)
[0.672s] Level 1:colcon.colcon_core.environment:checking '/home/hp/mars_car_ws/install/gazebo_plugins_mode' for CMake module files
[0.673s] DEBUG:colcon.colcon_core.event_handler.log_command:Invoked command in '/home/hp/mars_car_ws/build/gazebo_plugins_mode' returned '0': CMAKE_PREFIX_PATH=${CMAKE_PREFIX_PATH}:/home/hp/mars_car_ws/install/mediapipe_ros2:/opt/ros/humble /usr/bin/cmake --install /home/hp/mars_car_ws/build/gazebo_plugins_mode
[0.674s] Level 1:colcon.colcon_core.environment:checking '/home/hp/mars_car_ws/install/gazebo_plugins_mode' for CMake config files
[0.674s] Level 1:colcon.colcon_core.shell:create_environment_hook('gazebo_plugins_mode', 'cmake_prefix_path')
[0.675s] INFO:colcon.colcon_core.shell:Creating environment hook '/home/hp/mars_car_ws/install/gazebo_plugins_mode/share/gazebo_plugins_mode/hook/cmake_prefix_path.ps1'
[0.676s] INFO:colcon.colcon_core.shell:Creating environment descriptor '/home/hp/mars_car_ws/install/gazebo_plugins_mode/share/gazebo_plugins_mode/hook/cmake_prefix_path.dsv'
[0.676s] INFO:colcon.colcon_core.shell:Creating environment hook '/home/hp/mars_car_ws/install/gazebo_plugins_mode/share/gazebo_plugins_mode/hook/cmake_prefix_path.sh'
[0.677s] Level 1:colcon.colcon_core.environment:checking '/home/hp/mars_car_ws/install/gazebo_plugins_mode/lib'
[0.677s] Level 1:colcon.colcon_core.shell:create_environment_hook('gazebo_plugins_mode', 'ld_library_path_lib')
[0.678s] INFO:colcon.colcon_core.shell:Creating environment hook '/home/hp/mars_car_ws/install/gazebo_plugins_mode/share/gazebo_plugins_mode/hook/ld_library_path_lib.ps1'
[0.678s] INFO:colcon.colcon_core.shell:Creating environment descriptor '/home/hp/mars_car_ws/install/gazebo_plugins_mode/share/gazebo_plugins_mode/hook/ld_library_path_lib.dsv'
[0.678s] INFO:colcon.colcon_core.shell:Creating environment hook '/home/hp/mars_car_ws/install/gazebo_plugins_mode/share/gazebo_plugins_mode/hook/ld_library_path_lib.sh'
[0.678s] Level 1:colcon.colcon_core.environment:checking '/home/hp/mars_car_ws/install/gazebo_plugins_mode/bin'
[0.678s] Level 1:colcon.colcon_core.environment:checking '/home/hp/mars_car_ws/install/gazebo_plugins_mode/lib/pkgconfig/gazebo_plugins_mode.pc'
[0.678s] Level 1:colcon.colcon_core.environment:checking '/home/hp/mars_car_ws/install/gazebo_plugins_mode/lib/python3.10/site-packages'
[0.679s] Level 1:colcon.colcon_core.environment:checking '/home/hp/mars_car_ws/install/gazebo_plugins_mode/bin'
[0.679s] INFO:colcon.colcon_core.shell:Creating package script '/home/hp/mars_car_ws/install/gazebo_plugins_mode/share/gazebo_plugins_mode/package.ps1'
[0.680s] INFO:colcon.colcon_core.shell:Creating package descriptor '/home/hp/mars_car_ws/install/gazebo_plugins_mode/share/gazebo_plugins_mode/package.dsv'
[0.680s] INFO:colcon.colcon_core.shell:Creating package script '/home/hp/mars_car_ws/install/gazebo_plugins_mode/share/gazebo_plugins_mode/package.sh'
[0.680s] INFO:colcon.colcon_core.shell:Creating package script '/home/hp/mars_car_ws/install/gazebo_plugins_mode/share/gazebo_plugins_mode/package.bash'
[0.681s] INFO:colcon.colcon_core.shell:Creating package script '/home/hp/mars_car_ws/install/gazebo_plugins_mode/share/gazebo_plugins_mode/package.zsh'
[0.681s] Level 1:colcon.colcon_core.environment:create_file_with_runtime_dependencies(/home/hp/mars_car_ws/install/gazebo_plugins_mode/share/colcon-core/packages/gazebo_plugins_mode)
[0.682s] DEBUG:colcon.colcon_core.event_handler.log_command:Invoked command in '/home/hp/mars_car_ws/build/orbslam3' returned '0': CMAKE_PREFIX_PATH=${CMAKE_PREFIX_PATH}:/home/hp/mars_car_ws/install/mediapipe_ros2:/opt/ros/humble /usr/bin/cmake --build /home/hp/mars_car_ws/build/orbslam3 -- -j20 -l20
[0.684s] DEBUG:colcon.colcon_core.event_handler.log_command:Invoking command in '/home/hp/mars_car_ws/build/marscar_gazebo_ros2': CMAKE_PREFIX_PATH=${CMAKE_PREFIX_PATH}:/home/hp/mars_car_ws/install/mediapipe_ros2:/opt/ros/humble /usr/bin/cmake --install /home/hp/mars_car_ws/build/marscar_gazebo_ros2
[0.687s] Level 1:colcon.colcon_core.environment:create_environment_scripts_only(mascar_cartographer)
[0.687s] DEBUG:colcon.colcon_core.event_handler.log_command:Invoking command in '/home/hp/mars_car_ws/build/lio_sam': CMAKE_PREFIX_PATH=${CMAKE_PREFIX_PATH}:/home/hp/mars_car_ws/install/mediapipe_ros2:/opt/ros/humble /usr/bin/cmake --install /home/hp/mars_car_ws/build/lio_sam
[0.689s] Level 1:colcon.colcon_core.environment:checking '/home/hp/mars_car_ws/install/mascar_cartographer' for CMake module files
[0.690s] Level 1:colcon.colcon_core.environment:checking '/home/hp/mars_car_ws/install/mascar_cartographer' for CMake config files
[0.690s] Level 1:colcon.colcon_core.shell:create_environment_hook('mascar_cartographer', 'cmake_prefix_path')
[0.692s] INFO:colcon.colcon_core.shell:Creating environment hook '/home/hp/mars_car_ws/install/mascar_cartographer/share/mascar_cartographer/hook/cmake_prefix_path.ps1'
[0.692s] INFO:colcon.colcon_core.shell:Creating environment descriptor '/home/hp/mars_car_ws/install/mascar_cartographer/share/mascar_cartographer/hook/cmake_prefix_path.dsv'
[0.692s] INFO:colcon.colcon_core.shell:Creating environment hook '/home/hp/mars_car_ws/install/mascar_cartographer/share/mascar_cartographer/hook/cmake_prefix_path.sh'
[0.693s] Level 1:colcon.colcon_core.environment:checking '/home/hp/mars_car_ws/install/mascar_cartographer/bin'
[0.693s] Level 1:colcon.colcon_core.environment:checking '/home/hp/mars_car_ws/install/mascar_cartographer/lib/pkgconfig/mascar_cartographer.pc'
[0.693s] Level 1:colcon.colcon_core.environment:checking '/home/hp/mars_car_ws/install/mascar_cartographer/lib/python3.10/site-packages'
[0.693s] Level 1:colcon.colcon_core.environment:checking '/home/hp/mars_car_ws/install/mascar_cartographer/bin'
[0.694s] INFO:colcon.colcon_core.shell:Creating package script '/home/hp/mars_car_ws/install/mascar_cartographer/share/mascar_cartographer/package.ps1'
[0.694s] INFO:colcon.colcon_core.shell:Creating package descriptor '/home/hp/mars_car_ws/install/mascar_cartographer/share/mascar_cartographer/package.dsv'
[0.695s] INFO:colcon.colcon_core.shell:Creating package script '/home/hp/mars_car_ws/install/mascar_cartographer/share/mascar_cartographer/package.sh'
[0.695s] INFO:colcon.colcon_core.shell:Creating package script '/home/hp/mars_car_ws/install/mascar_cartographer/share/mascar_cartographer/package.bash'
[0.695s] INFO:colcon.colcon_core.shell:Creating package script '/home/hp/mars_car_ws/install/mascar_cartographer/share/mascar_cartographer/package.zsh'
[0.696s] Level 1:colcon.colcon_core.environment:create_file_with_runtime_dependencies(/home/hp/mars_car_ws/install/mascar_cartographer/share/colcon-core/packages/mascar_cartographer)
[0.710s] Level 1:colcon.colcon_core.environment:create_environment_scripts_only(gazebo_plugins_mode)
[0.712s] Level 1:colcon.colcon_core.environment:checking '/home/hp/mars_car_ws/install/gazebo_plugins_mode' for CMake module files
[0.713s] Level 1:colcon.colcon_core.environment:checking '/home/hp/mars_car_ws/install/gazebo_plugins_mode' for CMake config files
[0.714s] Level 1:colcon.colcon_core.shell:create_environment_hook('gazebo_plugins_mode', 'cmake_prefix_path')
[0.715s] INFO:colcon.colcon_core.shell:Creating environment hook '/home/hp/mars_car_ws/install/gazebo_plugins_mode/share/gazebo_plugins_mode/hook/cmake_prefix_path.ps1'
[0.715s] INFO:colcon.colcon_core.shell:Creating environment descriptor '/home/hp/mars_car_ws/install/gazebo_plugins_mode/share/gazebo_plugins_mode/hook/cmake_prefix_path.dsv'
[0.716s] INFO:colcon.colcon_core.shell:Creating environment hook '/home/hp/mars_car_ws/install/gazebo_plugins_mode/share/gazebo_plugins_mode/hook/cmake_prefix_path.sh'
[0.717s] Level 1:colcon.colcon_core.environment:checking '/home/hp/mars_car_ws/install/gazebo_plugins_mode/lib'
[0.717s] Level 1:colcon.colcon_core.shell:create_environment_hook('gazebo_plugins_mode', 'ld_library_path_lib')
[0.719s] INFO:colcon.colcon_core.shell:Creating environment hook '/home/hp/mars_car_ws/install/gazebo_plugins_mode/share/gazebo_plugins_mode/hook/ld_library_path_lib.ps1'
[0.720s] INFO:colcon.colcon_core.shell:Creating environment descriptor '/home/hp/mars_car_ws/install/gazebo_plugins_mode/share/gazebo_plugins_mode/hook/ld_library_path_lib.dsv'
[0.720s] INFO:colcon.colcon_core.shell:Creating environment hook '/home/hp/mars_car_ws/install/gazebo_plugins_mode/share/gazebo_plugins_mode/hook/ld_library_path_lib.sh'
[0.721s] Level 1:colcon.colcon_core.environment:checking '/home/hp/mars_car_ws/install/gazebo_plugins_mode/bin'
[0.721s] Level 1:colcon.colcon_core.environment:checking '/home/hp/mars_car_ws/install/gazebo_plugins_mode/lib/pkgconfig/gazebo_plugins_mode.pc'
[0.722s] Level 1:colcon.colcon_core.environment:checking '/home/hp/mars_car_ws/install/gazebo_plugins_mode/lib/python3.10/site-packages'
[0.722s] Level 1:colcon.colcon_core.environment:checking '/home/hp/mars_car_ws/install/gazebo_plugins_mode/bin'
[0.724s] INFO:colcon.colcon_core.shell:Creating package script '/home/hp/mars_car_ws/install/gazebo_plugins_mode/share/gazebo_plugins_mode/package.ps1'
[0.724s] INFO:colcon.colcon_core.shell:Creating package descriptor '/home/hp/mars_car_ws/install/gazebo_plugins_mode/share/gazebo_plugins_mode/package.dsv'
[0.725s] INFO:colcon.colcon_core.shell:Creating package script '/home/hp/mars_car_ws/install/gazebo_plugins_mode/share/gazebo_plugins_mode/package.sh'
[0.726s] INFO:colcon.colcon_core.shell:Creating package script '/home/hp/mars_car_ws/install/gazebo_plugins_mode/share/gazebo_plugins_mode/package.bash'
[0.726s] INFO:colcon.colcon_core.shell:Creating package script '/home/hp/mars_car_ws/install/gazebo_plugins_mode/share/gazebo_plugins_mode/package.zsh'
[0.726s] Level 1:colcon.colcon_core.environment:create_file_with_runtime_dependencies(/home/hp/mars_car_ws/install/gazebo_plugins_mode/share/colcon-core/packages/gazebo_plugins_mode)
[0.728s] Level 1:colcon.colcon_core.environment:create_environment_scripts_only(lio_sam)
[0.730s] Level 1:colcon.colcon_core.environment:checking '/home/hp/mars_car_ws/install/lio_sam' for CMake module files
[0.731s] Level 1:colcon.colcon_core.environment:checking '/home/hp/mars_car_ws/install/lio_sam' for CMake config files
[0.734s] Level 1:colcon.colcon_core.shell:create_environment_hook('lio_sam', 'cmake_prefix_path')
[0.736s] INFO:colcon.colcon_core.shell:Creating environment hook '/home/hp/mars_car_ws/install/lio_sam/share/lio_sam/hook/cmake_prefix_path.ps1'
[0.737s] INFO:colcon.colcon_core.shell:Creating environment descriptor '/home/hp/mars_car_ws/install/lio_sam/share/lio_sam/hook/cmake_prefix_path.dsv'
[0.737s] INFO:colcon.colcon_core.shell:Creating environment hook '/home/hp/mars_car_ws/install/lio_sam/share/lio_sam/hook/cmake_prefix_path.sh'
[0.739s] Level 1:colcon.colcon_core.environment:checking '/home/hp/mars_car_ws/install/lio_sam/lib'
[0.739s] Level 1:colcon.colcon_core.shell:create_environment_hook('lio_sam', 'ld_library_path_lib')
[0.740s] INFO:colcon.colcon_core.shell:Creating environment hook '/home/hp/mars_car_ws/install/lio_sam/share/lio_sam/hook/ld_library_path_lib.ps1'
[0.741s] INFO:colcon.colcon_core.shell:Creating environment descriptor '/home/hp/mars_car_ws/install/lio_sam/share/lio_sam/hook/ld_library_path_lib.dsv'
[0.741s] INFO:colcon.colcon_core.shell:Creating environment hook '/home/hp/mars_car_ws/install/lio_sam/share/lio_sam/hook/ld_library_path_lib.sh'
[0.741s] Level 1:colcon.colcon_core.environment:checking '/home/hp/mars_car_ws/install/lio_sam/bin'
[0.741s] Level 1:colcon.colcon_core.environment:checking '/home/hp/mars_car_ws/install/lio_sam/lib/pkgconfig/lio_sam.pc'
[0.742s] Level 1:colcon.colcon_core.environment:checking '/home/hp/mars_car_ws/install/lio_sam/lib/python3.10/site-packages'
[0.742s] Level 1:colcon.colcon_core.environment:checking '/home/hp/mars_car_ws/install/lio_sam/bin'
[0.743s] INFO:colcon.colcon_core.shell:Creating package script '/home/hp/mars_car_ws/install/lio_sam/share/lio_sam/package.ps1'
[0.743s] INFO:colcon.colcon_core.shell:Creating package descriptor '/home/hp/mars_car_ws/install/lio_sam/share/lio_sam/package.dsv'
[0.744s] INFO:colcon.colcon_core.shell:Creating package script '/home/hp/mars_car_ws/install/lio_sam/share/lio_sam/package.sh'
[0.744s] INFO:colcon.colcon_core.shell:Creating package script '/home/hp/mars_car_ws/install/lio_sam/share/lio_sam/package.bash'
[0.744s] INFO:colcon.colcon_core.shell:Creating package script '/home/hp/mars_car_ws/install/lio_sam/share/lio_sam/package.zsh'
[0.745s] Level 1:colcon.colcon_core.environment:create_file_with_runtime_dependencies(/home/hp/mars_car_ws/install/lio_sam/share/colcon-core/packages/lio_sam)
[0.746s] Level 1:colcon.colcon_core.environment:create_environment_scripts_only(marscar_gazebo_ros2)
[0.748s] Level 1:colcon.colcon_core.environment:checking '/home/hp/mars_car_ws/install/marscar_gazebo_ros2' for CMake module files
[0.749s] Level 1:colcon.colcon_core.environment:checking '/home/hp/mars_car_ws/install/marscar_gazebo_ros2' for CMake config files
[0.753s] Level 1:colcon.colcon_core.shell:create_environment_hook('marscar_gazebo_ros2', 'cmake_prefix_path')
[0.754s] INFO:colcon.colcon_core.shell:Creating environment hook '/home/hp/mars_car_ws/install/marscar_gazebo_ros2/share/marscar_gazebo_ros2/hook/cmake_prefix_path.ps1'
[0.754s] INFO:colcon.colcon_core.shell:Creating environment descriptor '/home/hp/mars_car_ws/install/marscar_gazebo_ros2/share/marscar_gazebo_ros2/hook/cmake_prefix_path.dsv'
[0.754s] INFO:colcon.colcon_core.shell:Creating environment hook '/home/hp/mars_car_ws/install/marscar_gazebo_ros2/share/marscar_gazebo_ros2/hook/cmake_prefix_path.sh'
[0.755s] Level 1:colcon.colcon_core.environment:checking '/home/hp/mars_car_ws/install/marscar_gazebo_ros2/lib'
[0.755s] Level 1:colcon.colcon_core.shell:create_environment_hook('marscar_gazebo_ros2', 'ld_library_path_lib')
[0.756s] INFO:colcon.colcon_core.shell:Creating environment hook '/home/hp/mars_car_ws/install/marscar_gazebo_ros2/share/marscar_gazebo_ros2/hook/ld_library_path_lib.ps1'
[0.757s] INFO:colcon.colcon_core.shell:Creating environment descriptor '/home/hp/mars_car_ws/install/marscar_gazebo_ros2/share/marscar_gazebo_ros2/hook/ld_library_path_lib.dsv'
[0.757s] INFO:colcon.colcon_core.shell:Creating environment hook '/home/hp/mars_car_ws/install/marscar_gazebo_ros2/share/marscar_gazebo_ros2/hook/ld_library_path_lib.sh'
[0.758s] Level 1:colcon.colcon_core.environment:checking '/home/hp/mars_car_ws/install/marscar_gazebo_ros2/bin'
[0.758s] Level 1:colcon.colcon_core.environment:checking '/home/hp/mars_car_ws/install/marscar_gazebo_ros2/lib/pkgconfig/marscar_gazebo_ros2.pc'
[0.758s] Level 1:colcon.colcon_core.environment:checking '/home/hp/mars_car_ws/install/marscar_gazebo_ros2/lib/python3.10/site-packages'
[0.759s] Level 1:colcon.colcon_core.environment:checking '/home/hp/mars_car_ws/install/marscar_gazebo_ros2/bin'
[0.760s] INFO:colcon.colcon_core.shell:Creating package script '/home/hp/mars_car_ws/install/marscar_gazebo_ros2/share/marscar_gazebo_ros2/package.ps1'
[0.761s] INFO:colcon.colcon_core.shell:Creating package descriptor '/home/hp/mars_car_ws/install/marscar_gazebo_ros2/share/marscar_gazebo_ros2/package.dsv'
[0.761s] INFO:colcon.colcon_core.shell:Creating package script '/home/hp/mars_car_ws/install/marscar_gazebo_ros2/share/marscar_gazebo_ros2/package.sh'
[0.762s] INFO:colcon.colcon_core.shell:Creating package script '/home/hp/mars_car_ws/install/marscar_gazebo_ros2/share/marscar_gazebo_ros2/package.bash'
[0.762s] INFO:colcon.colcon_core.shell:Creating package script '/home/hp/mars_car_ws/install/marscar_gazebo_ros2/share/marscar_gazebo_ros2/package.zsh'
[0.762s] Level 1:colcon.colcon_core.environment:create_file_with_runtime_dependencies(/home/hp/mars_car_ws/install/marscar_gazebo_ros2/share/colcon-core/packages/marscar_gazebo_ros2)
[0.763s] Level 1:colcon.colcon_core.environment:create_environment_scripts_only(orbslam3)
[0.765s] Level 1:colcon.colcon_core.environment:checking '/home/hp/mars_car_ws/install/orbslam3' for CMake module files
[0.766s] Level 1:colcon.colcon_core.environment:checking '/home/hp/mars_car_ws/install/orbslam3' for CMake config files
[0.771s] Level 1:colcon.colcon_core.shell:create_environment_hook('orbslam3', 'cmake_prefix_path')
[0.772s] INFO:colcon.colcon_core.shell:Creating environment hook '/home/hp/mars_car_ws/install/orbslam3/share/orbslam3/hook/cmake_prefix_path.ps1'
[0.773s] INFO:colcon.colcon_core.shell:Creating environment descriptor '/home/hp/mars_car_ws/install/orbslam3/share/orbslam3/hook/cmake_prefix_path.dsv'
[0.773s] INFO:colcon.colcon_core.shell:Creating environment hook '/home/hp/mars_car_ws/install/orbslam3/share/orbslam3/hook/cmake_prefix_path.sh'
[0.774s] Level 1:colcon.colcon_core.environment:checking '/home/hp/mars_car_ws/install/orbslam3/lib'
[0.775s] Level 1:colcon.colcon_core.environment:checking '/home/hp/mars_car_ws/install/orbslam3/bin'
[0.776s] Level 1:colcon.colcon_core.environment:checking '/home/hp/mars_car_ws/install/orbslam3/lib/pkgconfig/orbslam3.pc'
[0.776s] Level 1:colcon.colcon_core.environment:checking '/home/hp/mars_car_ws/install/orbslam3/lib/python3.10/site-packages'
[0.776s] Level 1:colcon.colcon_core.environment:checking '/home/hp/mars_car_ws/install/orbslam3/bin'
[0.778s] INFO:colcon.colcon_core.shell:Creating package script '/home/hp/mars_car_ws/install/orbslam3/share/orbslam3/package.ps1'
[0.779s] INFO:colcon.colcon_core.shell:Creating package descriptor '/home/hp/mars_car_ws/install/orbslam3/share/orbslam3/package.dsv'
[0.779s] INFO:colcon.colcon_core.shell:Creating package script '/home/hp/mars_car_ws/install/orbslam3/share/orbslam3/package.sh'
[0.780s] INFO:colcon.colcon_core.shell:Creating package script '/home/hp/mars_car_ws/install/orbslam3/share/orbslam3/package.bash'
[0.781s] INFO:colcon.colcon_core.shell:Creating package script '/home/hp/mars_car_ws/install/orbslam3/share/orbslam3/package.zsh'
[0.781s] Level 1:colcon.colcon_core.environment:create_file_with_runtime_dependencies(/home/hp/mars_car_ws/install/orbslam3/share/colcon-core/packages/orbslam3)
[0.787s] DEBUG:colcon.colcon_core.event_handler.log_command:Invoking command in '/home/hp/mars_car_ws/build/orbslam3': CMAKE_PREFIX_PATH=${CMAKE_PREFIX_PATH}:/home/hp/mars_car_ws/install/mediapipe_ros2:/opt/ros/humble /usr/bin/cmake --install /home/hp/mars_car_ws/build/orbslam3
[0.787s] DEBUG:colcon.colcon_core.event_handler.log_command:Invoked command in '/home/hp/mars_car_ws/build/lio_sam' returned '0': CMAKE_PREFIX_PATH=${CMAKE_PREFIX_PATH}:/home/hp/mars_car_ws/install/mediapipe_ros2:/opt/ros/humble /usr/bin/cmake --install /home/hp/mars_car_ws/build/lio_sam
[0.804s] Level 1:colcon.colcon_core.environment:create_environment_scripts_only(lio_sam)
[0.805s] Level 1:colcon.colcon_core.environment:checking '/home/hp/mars_car_ws/install/lio_sam' for CMake module files
[0.806s] Level 1:colcon.colcon_core.environment:checking '/home/hp/mars_car_ws/install/lio_sam' for CMake config files
[0.809s] Level 1:colcon.colcon_core.shell:create_environment_hook('lio_sam', 'cmake_prefix_path')
[0.811s] INFO:colcon.colcon_core.shell:Creating environment hook '/home/hp/mars_car_ws/install/lio_sam/share/lio_sam/hook/cmake_prefix_path.ps1'
[0.812s] INFO:colcon.colcon_core.shell:Creating environment descriptor '/home/hp/mars_car_ws/install/lio_sam/share/lio_sam/hook/cmake_prefix_path.dsv'
[0.812s] INFO:colcon.colcon_core.shell:Creating environment hook '/home/hp/mars_car_ws/install/lio_sam/share/lio_sam/hook/cmake_prefix_path.sh'
[0.813s] Level 1:colcon.colcon_core.environment:checking '/home/hp/mars_car_ws/install/lio_sam/lib'
[0.814s] Level 1:colcon.colcon_core.shell:create_environment_hook('lio_sam', 'ld_library_path_lib')
[0.815s] INFO:colcon.colcon_core.shell:Creating environment hook '/home/hp/mars_car_ws/install/lio_sam/share/lio_sam/hook/ld_library_path_lib.ps1'
[0.816s] INFO:colcon.colcon_core.shell:Creating environment descriptor '/home/hp/mars_car_ws/install/lio_sam/share/lio_sam/hook/ld_library_path_lib.dsv'
[0.816s] INFO:colcon.colcon_core.shell:Creating environment hook '/home/hp/mars_car_ws/install/lio_sam/share/lio_sam/hook/ld_library_path_lib.sh'
[0.817s] Level 1:colcon.colcon_core.environment:checking '/home/hp/mars_car_ws/install/lio_sam/bin'
[0.817s] Level 1:colcon.colcon_core.environment:checking '/home/hp/mars_car_ws/install/lio_sam/lib/pkgconfig/lio_sam.pc'
[0.817s] Level 1:colcon.colcon_core.environment:checking '/home/hp/mars_car_ws/install/lio_sam/lib/python3.10/site-packages'
[0.818s] Level 1:colcon.colcon_core.environment:checking '/home/hp/mars_car_ws/install/lio_sam/bin'
[0.819s] INFO:colcon.colcon_core.shell:Creating package script '/home/hp/mars_car_ws/install/lio_sam/share/lio_sam/package.ps1'
[0.820s] INFO:colcon.colcon_core.shell:Creating package descriptor '/home/hp/mars_car_ws/install/lio_sam/share/lio_sam/package.dsv'
[0.821s] INFO:colcon.colcon_core.shell:Creating package script '/home/hp/mars_car_ws/install/lio_sam/share/lio_sam/package.sh'
[0.821s] INFO:colcon.colcon_core.shell:Creating package script '/home/hp/mars_car_ws/install/lio_sam/share/lio_sam/package.bash'
[0.821s] INFO:colcon.colcon_core.shell:Creating package script '/home/hp/mars_car_ws/install/lio_sam/share/lio_sam/package.zsh'
[0.822s] Level 1:colcon.colcon_core.environment:create_file_with_runtime_dependencies(/home/hp/mars_car_ws/install/lio_sam/share/colcon-core/packages/lio_sam)
[0.823s] Level 1:colcon.colcon_core.environment:create_environment_scripts_only(marscar_gazebo_ros2)
[0.824s] Level 1:colcon.colcon_core.environment:checking '/home/hp/mars_car_ws/install/marscar_gazebo_ros2' for CMake module files
[0.825s] Level 1:colcon.colcon_core.environment:checking '/home/hp/mars_car_ws/install/marscar_gazebo_ros2' for CMake config files
[0.833s] DEBUG:colcon.colcon_core.event_handler.log_command:Invoked command in '/home/hp/mars_car_ws/build/marscar_gazebo_ros2' returned '0': CMAKE_PREFIX_PATH=${CMAKE_PREFIX_PATH}:/home/hp/mars_car_ws/install/mediapipe_ros2:/opt/ros/humble /usr/bin/cmake --install /home/hp/mars_car_ws/build/marscar_gazebo_ros2
[0.833s] DEBUG:colcon.colcon_core.event_handler.log_command:Invoked command in '/home/hp/mars_car_ws/build/orbslam3' returned '0': CMAKE_PREFIX_PATH=${CMAKE_PREFIX_PATH}:/home/hp/mars_car_ws/install/mediapipe_ros2:/opt/ros/humble /usr/bin/cmake --install /home/hp/mars_car_ws/build/orbslam3
[0.834s] Level 1:colcon.colcon_core.shell:create_environment_hook('marscar_gazebo_ros2', 'cmake_prefix_path')
[0.835s] INFO:colcon.colcon_core.shell:Creating environment hook '/home/hp/mars_car_ws/install/marscar_gazebo_ros2/share/marscar_gazebo_ros2/hook/cmake_prefix_path.ps1'
[0.836s] INFO:colcon.colcon_core.shell:Creating environment descriptor '/home/hp/mars_car_ws/install/marscar_gazebo_ros2/share/marscar_gazebo_ros2/hook/cmake_prefix_path.dsv'
[0.836s] INFO:colcon.colcon_core.shell:Creating environment hook '/home/hp/mars_car_ws/install/marscar_gazebo_ros2/share/marscar_gazebo_ros2/hook/cmake_prefix_path.sh'
[0.837s] Level 1:colcon.colcon_core.environment:checking '/home/hp/mars_car_ws/install/marscar_gazebo_ros2/lib'
[0.837s] Level 1:colcon.colcon_core.shell:create_environment_hook('marscar_gazebo_ros2', 'ld_library_path_lib')
[0.838s] INFO:colcon.colcon_core.shell:Creating environment hook '/home/hp/mars_car_ws/install/marscar_gazebo_ros2/share/marscar_gazebo_ros2/hook/ld_library_path_lib.ps1'
[0.839s] INFO:colcon.colcon_core.shell:Creating environment descriptor '/home/hp/mars_car_ws/install/marscar_gazebo_ros2/share/marscar_gazebo_ros2/hook/ld_library_path_lib.dsv'
[0.839s] INFO:colcon.colcon_core.shell:Creating environment hook '/home/hp/mars_car_ws/install/marscar_gazebo_ros2/share/marscar_gazebo_ros2/hook/ld_library_path_lib.sh'
[0.839s] Level 1:colcon.colcon_core.environment:checking '/home/hp/mars_car_ws/install/marscar_gazebo_ros2/bin'
[0.840s] Level 1:colcon.colcon_core.environment:checking '/home/hp/mars_car_ws/install/marscar_gazebo_ros2/lib/pkgconfig/marscar_gazebo_ros2.pc'
[0.840s] Level 1:colcon.colcon_core.environment:checking '/home/hp/mars_car_ws/install/marscar_gazebo_ros2/lib/python3.10/site-packages'
[0.840s] Level 1:colcon.colcon_core.environment:checking '/home/hp/mars_car_ws/install/marscar_gazebo_ros2/bin'
[0.841s] INFO:colcon.colcon_core.shell:Creating package script '/home/hp/mars_car_ws/install/marscar_gazebo_ros2/share/marscar_gazebo_ros2/package.ps1'
[0.841s] INFO:colcon.colcon_core.shell:Creating package descriptor '/home/hp/mars_car_ws/install/marscar_gazebo_ros2/share/marscar_gazebo_ros2/package.dsv'
[0.841s] INFO:colcon.colcon_core.shell:Creating package script '/home/hp/mars_car_ws/install/marscar_gazebo_ros2/share/marscar_gazebo_ros2/package.sh'
[0.842s] INFO:colcon.colcon_core.shell:Creating package script '/home/hp/mars_car_ws/install/marscar_gazebo_ros2/share/marscar_gazebo_ros2/package.bash'
[0.842s] INFO:colcon.colcon_core.shell:Creating package script '/home/hp/mars_car_ws/install/marscar_gazebo_ros2/share/marscar_gazebo_ros2/package.zsh'
[0.842s] Level 1:colcon.colcon_core.environment:create_file_with_runtime_dependencies(/home/hp/mars_car_ws/install/marscar_gazebo_ros2/share/colcon-core/packages/marscar_gazebo_ros2)
[0.843s] Level 1:colcon.colcon_core.environment:create_environment_scripts_only(orbslam3)
[0.844s] Level 1:colcon.colcon_core.environment:checking '/home/hp/mars_car_ws/install/orbslam3' for CMake module files
[0.844s] Level 1:colcon.colcon_core.environment:checking '/home/hp/mars_car_ws/install/orbslam3' for CMake config files
[0.845s] Level 1:colcon.colcon_core.shell:create_environment_hook('orbslam3', 'cmake_prefix_path')
[0.846s] INFO:colcon.colcon_core.shell:Creating environment hook '/home/hp/mars_car_ws/install/orbslam3/share/orbslam3/hook/cmake_prefix_path.ps1'
[0.846s] INFO:colcon.colcon_core.shell:Creating environment descriptor '/home/hp/mars_car_ws/install/orbslam3/share/orbslam3/hook/cmake_prefix_path.dsv'
[0.846s] INFO:colcon.colcon_core.shell:Creating environment hook '/home/hp/mars_car_ws/install/orbslam3/share/orbslam3/hook/cmake_prefix_path.sh'
[0.846s] Level 1:colcon.colcon_core.environment:checking '/home/hp/mars_car_ws/install/orbslam3/lib'
[0.846s] Level 1:colcon.colcon_core.environment:checking '/home/hp/mars_car_ws/install/orbslam3/bin'
[0.846s] Level 1:colcon.colcon_core.environment:checking '/home/hp/mars_car_ws/install/orbslam3/lib/pkgconfig/orbslam3.pc'
[0.847s] Level 1:colcon.colcon_core.environment:checking '/home/hp/mars_car_ws/install/orbslam3/lib/python3.10/site-packages'
[0.847s] Level 1:colcon.colcon_core.environment:checking '/home/hp/mars_car_ws/install/orbslam3/bin'
[0.847s] INFO:colcon.colcon_core.shell:Creating package script '/home/hp/mars_car_ws/install/orbslam3/share/orbslam3/package.ps1'
[0.848s] INFO:colcon.colcon_core.shell:Creating package descriptor '/home/hp/mars_car_ws/install/orbslam3/share/orbslam3/package.dsv'
[0.848s] INFO:colcon.colcon_core.shell:Creating package script '/home/hp/mars_car_ws/install/orbslam3/share/orbslam3/package.sh'
[0.848s] INFO:colcon.colcon_core.shell:Creating package script '/home/hp/mars_car_ws/install/orbslam3/share/orbslam3/package.bash'
[0.848s] INFO:colcon.colcon_core.shell:Creating package script '/home/hp/mars_car_ws/install/orbslam3/share/orbslam3/package.zsh'
[0.849s] Level 1:colcon.colcon_core.environment:create_file_with_runtime_dependencies(/home/hp/mars_car_ws/install/orbslam3/share/colcon-core/packages/orbslam3)
[0.926s] DEBUG:colcon.colcon_core.event_handler.log_command:Invoking command in '/home/hp/mars_car_ws/src/mediapipe_ros2': PYTHONPATH=/home/hp/mars_car_ws/build/mediapipe_ros2/prefix_override:/home/hp/mars_car_ws/install/mediapipe_ros2/lib/python3.10/site-packages:${PYTHONPATH} /usr/bin/python3 setup.py egg_info --egg-base ../../build/mediapipe_ros2 build --build-base /home/hp/mars_car_ws/build/mediapipe_ros2/build install --record /home/hp/mars_car_ws/build/mediapipe_ros2/install.log --install-scripts $base/lib/mediapipe_ros2 --single-version-externally-managed
[1.117s] Level 1:colcon.colcon_core.environment:checking '/home/hp/mars_car_ws/install/mediapipe_ros2' for CMake module files
[1.117s] DEBUG:colcon.colcon_core.event_handler.log_command:Invoked command in '/home/hp/mars_car_ws/src/mediapipe_ros2' returned '0': PYTHONPATH=/home/hp/mars_car_ws/build/mediapipe_ros2/prefix_override:/home/hp/mars_car_ws/install/mediapipe_ros2/lib/python3.10/site-packages:${PYTHONPATH} /usr/bin/python3 setup.py egg_info --egg-base ../../build/mediapipe_ros2 build --build-base /home/hp/mars_car_ws/build/mediapipe_ros2/build install --record /home/hp/mars_car_ws/build/mediapipe_ros2/install.log --install-scripts $base/lib/mediapipe_ros2 --single-version-externally-managed
[1.118s] Level 1:colcon.colcon_core.environment:checking '/home/hp/mars_car_ws/install/mediapipe_ros2' for CMake config files
[1.118s] Level 1:colcon.colcon_core.environment:checking '/home/hp/mars_car_ws/install/mediapipe_ros2/lib'
[1.118s] Level 1:colcon.colcon_core.environment:checking '/home/hp/mars_car_ws/install/mediapipe_ros2/bin'
[1.118s] Level 1:colcon.colcon_core.environment:checking '/home/hp/mars_car_ws/install/mediapipe_ros2/lib/pkgconfig/mediapipe_ros2.pc'
[1.118s] Level 1:colcon.colcon_core.environment:checking '/home/hp/mars_car_ws/install/mediapipe_ros2/lib/python3.10/site-packages'
[1.118s] Level 1:colcon.colcon_core.shell:create_environment_hook('mediapipe_ros2', 'pythonpath')
[1.119s] INFO:colcon.colcon_core.shell:Creating environment hook '/home/hp/mars_car_ws/install/mediapipe_ros2/share/mediapipe_ros2/hook/pythonpath.ps1'
[1.120s] INFO:colcon.colcon_core.shell:Creating environment descriptor '/home/hp/mars_car_ws/install/mediapipe_ros2/share/mediapipe_ros2/hook/pythonpath.dsv'
[1.120s] INFO:colcon.colcon_core.shell:Creating environment hook '/home/hp/mars_car_ws/install/mediapipe_ros2/share/mediapipe_ros2/hook/pythonpath.sh'
[1.120s] Level 1:colcon.colcon_core.environment:checking '/home/hp/mars_car_ws/install/mediapipe_ros2/bin'
[1.120s] Level 1:colcon.colcon_core.environment:create_environment_scripts_only(mediapipe_ros2)
[1.121s] INFO:colcon.colcon_core.shell:Creating package script '/home/hp/mars_car_ws/install/mediapipe_ros2/share/mediapipe_ros2/package.ps1'
[1.122s] INFO:colcon.colcon_core.shell:Creating package descriptor '/home/hp/mars_car_ws/install/mediapipe_ros2/share/mediapipe_ros2/package.dsv'
[1.122s] INFO:colcon.colcon_core.shell:Creating package script '/home/hp/mars_car_ws/install/mediapipe_ros2/share/mediapipe_ros2/package.sh'
[1.122s] INFO:colcon.colcon_core.shell:Creating package script '/home/hp/mars_car_ws/install/mediapipe_ros2/share/mediapipe_ros2/package.bash'
[1.122s] INFO:colcon.colcon_core.shell:Creating package script '/home/hp/mars_car_ws/install/mediapipe_ros2/share/mediapipe_ros2/package.zsh'
[1.123s] Level 1:colcon.colcon_core.environment:create_file_with_runtime_dependencies(/home/hp/mars_car_ws/install/mediapipe_ros2/share/colcon-core/packages/mediapipe_ros2)
[1.123s] DEBUG:colcon.colcon_parallel_executor.executor.parallel:closing loop
[1.123s] DEBUG:colcon.colcon_parallel_executor.executor.parallel:loop closed
[1.123s] DEBUG:colcon.colcon_parallel_executor.executor.parallel:run_until_complete finished with '0'
[1.123s] DEBUG:colcon.colcon_core.event_reactor:joining thread
[1.127s] INFO:colcon.colcon_core.plugin_system:Skipping extension 'colcon_notification.desktop_notification.terminal_notifier': Not used on non-Darwin systems
[1.127s] INFO:colcon.colcon_core.plugin_system:Skipping extension 'colcon_notification.desktop_notification.win32': Not used on non-Windows systems
[1.127s] INFO:colcon.colcon_notification.desktop_notification:Sending desktop notification using 'notify2'
[1.146s] DEBUG:colcon.colcon_core.event_reactor:joined thread
[1.147s] INFO:colcon.colcon_core.shell:Creating prefix script '/home/hp/mars_car_ws/install/local_setup.ps1'
[1.148s] INFO:colcon.colcon_core.shell:Creating prefix util module '/home/hp/mars_car_ws/install/_local_setup_util_ps1.py'
[1.150s] INFO:colcon.colcon_core.shell:Creating prefix chain script '/home/hp/mars_car_ws/install/setup.ps1'
[1.151s] INFO:colcon.colcon_core.shell:Creating prefix script '/home/hp/mars_car_ws/install/local_setup.sh'
[1.152s] INFO:colcon.colcon_core.shell:Creating prefix util module '/home/hp/mars_car_ws/install/_local_setup_util_sh.py'
[1.153s] INFO:colcon.colcon_core.shell:Creating prefix chain script '/home/hp/mars_car_ws/install/setup.sh'
[1.155s] INFO:colcon.colcon_core.shell:Creating prefix script '/home/hp/mars_car_ws/install/local_setup.bash'
[1.155s] INFO:colcon.colcon_core.shell:Creating prefix chain script '/home/hp/mars_car_ws/install/setup.bash'
[1.157s] INFO:colcon.colcon_core.shell:Creating prefix script '/home/hp/mars_car_ws/install/local_setup.zsh'
[1.157s] INFO:colcon.colcon_core.shell:Creating prefix chain script '/home/hp/mars_car_ws/install/setup.zsh'
