[ 25%] Built target stereo-inertial
[ 50%] Built target mono
[ 75%] Built target rgbd
[100%] Built target stereo
-- Install configuration: ""
-- Up-to-date: /home/hp/mars_car_ws/install/orbslam3/lib/orbslam3/mono
-- Up-to-date: /home/hp/mars_car_ws/install/orbslam3/lib/orbslam3/rgbd
-- Up-to-date: /home/hp/mars_car_ws/install/orbslam3/lib/orbslam3/stereo
-- Up-to-date: /home/hp/mars_car_ws/install/orbslam3/lib/orbslam3/stereo-inertial
-- Up-to-date: /home/hp/mars_car_ws/install/orbslam3/share/orbslam3/config
-- Up-to-date: /home/hp/mars_car_ws/install/orbslam3/share/orbslam3/config/monocular-inertial
-- Up-to-date: /home/hp/mars_car_ws/install/orbslam3/share/orbslam3/config/monocular-inertial/TUM-VI_far.yaml
-- Up-to-date: /home/hp/mars_car_ws/install/orbslam3/share/orbslam3/config/monocular-inertial/RealSense_D435i.yaml
-- Up-to-date: /home/hp/mars_car_ws/install/orbslam3/share/orbslam3/config/monocular-inertial/TUM_IMU
-- Up-to-date: /home/hp/mars_car_ws/install/orbslam3/share/orbslam3/config/monocular-inertial/TUM_IMU/dataset-outdoors1_512.txt
-- Up-to-date: /home/hp/mars_car_ws/install/orbslam3/share/orbslam3/config/monocular-inertial/TUM_IMU/dataset-corridor2_1024.txt
-- Up-to-date: /home/hp/mars_car_ws/install/orbslam3/share/orbslam3/config/monocular-inertial/TUM_IMU/dataset-room4_512.txt
-- Up-to-date: /home/hp/mars_car_ws/install/orbslam3/share/orbslam3/config/monocular-inertial/TUM_IMU/dataset-room3_512.txt
-- Up-to-date: /home/hp/mars_car_ws/install/orbslam3/share/orbslam3/config/monocular-inertial/TUM_IMU/dataset-slides1_512.txt
-- Up-to-date: /home/hp/mars_car_ws/install/orbslam3/share/orbslam3/config/monocular-inertial/TUM_IMU/dataset-room2_512.txt
-- Up-to-date: /home/hp/mars_car_ws/install/orbslam3/share/orbslam3/config/monocular-inertial/TUM_IMU/dataset-room6_512.txt
-- Up-to-date: /home/hp/mars_car_ws/install/orbslam3/share/orbslam3/config/monocular-inertial/TUM_IMU/dataset-slides2_512.txt
-- Up-to-date: /home/hp/mars_car_ws/install/orbslam3/share/orbslam3/config/monocular-inertial/TUM_IMU/dataset-magistrale2_512.txt
-- Up-to-date: /home/hp/mars_car_ws/install/orbslam3/share/orbslam3/config/monocular-inertial/TUM_IMU/dataset-corridor5_512.txt
-- Up-to-date: /home/hp/mars_car_ws/install/orbslam3/share/orbslam3/config/monocular-inertial/TUM_IMU/dataset-room1_512.txt
-- Up-to-date: /home/hp/mars_car_ws/install/orbslam3/share/orbslam3/config/monocular-inertial/TUM_IMU/dataset-magistrale5_512.txt
-- Up-to-date: /home/hp/mars_car_ws/install/orbslam3/share/orbslam3/config/monocular-inertial/TUM_IMU/dataset-outdoors2_512.txt
-- Up-to-date: /home/hp/mars_car_ws/install/orbslam3/share/orbslam3/config/monocular-inertial/TUM_IMU/dataset-corridor1_512.txt
-- Up-to-date: /home/hp/mars_car_ws/install/orbslam3/share/orbslam3/config/monocular-inertial/TUM_IMU/dataset-corridor3_512.txt
-- Up-to-date: /home/hp/mars_car_ws/install/orbslam3/share/orbslam3/config/monocular-inertial/TUM_IMU/dataset-outdoors3_512.txt
-- Up-to-date: /home/hp/mars_car_ws/install/orbslam3/share/orbslam3/config/monocular-inertial/TUM_IMU/dataset-outdoors4_512.txt
-- Up-to-date: /home/hp/mars_car_ws/install/orbslam3/share/orbslam3/config/monocular-inertial/TUM_IMU/dataset-outdoors8_512.txt
-- Up-to-date: /home/hp/mars_car_ws/install/orbslam3/share/orbslam3/config/monocular-inertial/TUM_IMU/dataset-slides3_512.txt
-- Up-to-date: /home/hp/mars_car_ws/install/orbslam3/share/orbslam3/config/monocular-inertial/TUM_IMU/dataset-magistrale4_512.txt
-- Up-to-date: /home/hp/mars_car_ws/install/orbslam3/share/orbslam3/config/monocular-inertial/TUM_IMU/dataset-corridor4_512.txt
-- Up-to-date: /home/hp/mars_car_ws/install/orbslam3/share/orbslam3/config/monocular-inertial/TUM_IMU/dataset-outdoors7_512.txt
-- Up-to-date: /home/hp/mars_car_ws/install/orbslam3/share/orbslam3/config/monocular-inertial/TUM_IMU/dataset-outdoors6_512.txt
-- Up-to-date: /home/hp/mars_car_ws/install/orbslam3/share/orbslam3/config/monocular-inertial/TUM_IMU/dataset-magistrale3_512.txt
-- Up-to-date: /home/hp/mars_car_ws/install/orbslam3/share/orbslam3/config/monocular-inertial/TUM_IMU/dataset-corridor2_512.txt
-- Up-to-date: /home/hp/mars_car_ws/install/orbslam3/share/orbslam3/config/monocular-inertial/TUM_IMU/dataset-room5_512.txt
-- Up-to-date: /home/hp/mars_car_ws/install/orbslam3/share/orbslam3/config/monocular-inertial/TUM_IMU/dataset-magistrale1_512.txt
-- Up-to-date: /home/hp/mars_car_ws/install/orbslam3/share/orbslam3/config/monocular-inertial/TUM_IMU/dataset-magistrale6_512.txt
-- Up-to-date: /home/hp/mars_car_ws/install/orbslam3/share/orbslam3/config/monocular-inertial/TUM_IMU/dataset-outdoors5_512.txt
-- Up-to-date: /home/hp/mars_car_ws/install/orbslam3/share/orbslam3/config/monocular-inertial/EuRoC_TimeStamps
-- Up-to-date: /home/hp/mars_car_ws/install/orbslam3/share/orbslam3/config/monocular-inertial/EuRoC_TimeStamps/MH03.txt
-- Up-to-date: /home/hp/mars_car_ws/install/orbslam3/share/orbslam3/config/monocular-inertial/EuRoC_TimeStamps/V203.txt
-- Up-to-date: /home/hp/mars_car_ws/install/orbslam3/share/orbslam3/config/monocular-inertial/EuRoC_TimeStamps/MH02.txt
-- Up-to-date: /home/hp/mars_car_ws/install/orbslam3/share/orbslam3/config/monocular-inertial/EuRoC_TimeStamps/MH04.txt
-- Up-to-date: /home/hp/mars_car_ws/install/orbslam3/share/orbslam3/config/monocular-inertial/EuRoC_TimeStamps/MH05.txt
-- Up-to-date: /home/hp/mars_car_ws/install/orbslam3/share/orbslam3/config/monocular-inertial/EuRoC_TimeStamps/V201.txt
-- Up-to-date: /home/hp/mars_car_ws/install/orbslam3/share/orbslam3/config/monocular-inertial/EuRoC_TimeStamps/V202.txt
-- Up-to-date: /home/hp/mars_car_ws/install/orbslam3/share/orbslam3/config/monocular-inertial/EuRoC_TimeStamps/V101.txt
-- Up-to-date: /home/hp/mars_car_ws/install/orbslam3/share/orbslam3/config/monocular-inertial/EuRoC_TimeStamps/V103.txt
-- Up-to-date: /home/hp/mars_car_ws/install/orbslam3/share/orbslam3/config/monocular-inertial/EuRoC_TimeStamps/V102.txt
-- Up-to-date: /home/hp/mars_car_ws/install/orbslam3/share/orbslam3/config/monocular-inertial/EuRoC_TimeStamps/MH01.txt
-- Up-to-date: /home/hp/mars_car_ws/install/orbslam3/share/orbslam3/config/monocular-inertial/TUM_TimeStamps
-- Up-to-date: /home/hp/mars_car_ws/install/orbslam3/share/orbslam3/config/monocular-inertial/TUM_TimeStamps/dataset-outdoors1_512.txt
-- Up-to-date: /home/hp/mars_car_ws/install/orbslam3/share/orbslam3/config/monocular-inertial/TUM_TimeStamps/dataset-corridor2_1024.txt
-- Up-to-date: /home/hp/mars_car_ws/install/orbslam3/share/orbslam3/config/monocular-inertial/TUM_TimeStamps/dataset-room4_512.txt
-- Up-to-date: /home/hp/mars_car_ws/install/orbslam3/share/orbslam3/config/monocular-inertial/TUM_TimeStamps/dataset-room3_512.txt
-- Up-to-date: /home/hp/mars_car_ws/install/orbslam3/share/orbslam3/config/monocular-inertial/TUM_TimeStamps/dataset-slides1_512.txt
-- Up-to-date: /home/hp/mars_car_ws/install/orbslam3/share/orbslam3/config/monocular-inertial/TUM_TimeStamps/dataset-room2_512.txt
-- Up-to-date: /home/hp/mars_car_ws/install/orbslam3/share/orbslam3/config/monocular-inertial/TUM_TimeStamps/dataset-room6_512.txt
-- Up-to-date: /home/hp/mars_car_ws/install/orbslam3/share/orbslam3/config/monocular-inertial/TUM_TimeStamps/dataset-slides2_512.txt
-- Up-to-date: /home/hp/mars_car_ws/install/orbslam3/share/orbslam3/config/monocular-inertial/TUM_TimeStamps/dataset-magistrale2_512.txt
-- Up-to-date: /home/hp/mars_car_ws/install/orbslam3/share/orbslam3/config/monocular-inertial/TUM_TimeStamps/dataset-corridor5_512.txt
-- Up-to-date: /home/hp/mars_car_ws/install/orbslam3/share/orbslam3/config/monocular-inertial/TUM_TimeStamps/dataset-room1_512.txt
-- Up-to-date: /home/hp/mars_car_ws/install/orbslam3/share/orbslam3/config/monocular-inertial/TUM_TimeStamps/dataset-magistrale5_512.txt
-- Up-to-date: /home/hp/mars_car_ws/install/orbslam3/share/orbslam3/config/monocular-inertial/TUM_TimeStamps/dataset-outdoors2_512.txt
-- Up-to-date: /home/hp/mars_car_ws/install/orbslam3/share/orbslam3/config/monocular-inertial/TUM_TimeStamps/dataset-corridor1_512.txt
-- Up-to-date: /home/hp/mars_car_ws/install/orbslam3/share/orbslam3/config/monocular-inertial/TUM_TimeStamps/dataset-corridor3_512.txt
-- Up-to-date: /home/hp/mars_car_ws/install/orbslam3/share/orbslam3/config/monocular-inertial/TUM_TimeStamps/dataset-outdoors3_512.txt
-- Up-to-date: /home/hp/mars_car_ws/install/orbslam3/share/orbslam3/config/monocular-inertial/TUM_TimeStamps/dataset-outdoors4_512.txt
-- Up-to-date: /home/hp/mars_car_ws/install/orbslam3/share/orbslam3/config/monocular-inertial/TUM_TimeStamps/dataset-outdoors8_512.txt
-- Up-to-date: /home/hp/mars_car_ws/install/orbslam3/share/orbslam3/config/monocular-inertial/TUM_TimeStamps/dataset-slides3_512.txt
-- Up-to-date: /home/hp/mars_car_ws/install/orbslam3/share/orbslam3/config/monocular-inertial/TUM_TimeStamps/dataset-magistrale4_512.txt
-- Up-to-date: /home/hp/mars_car_ws/install/orbslam3/share/orbslam3/config/monocular-inertial/TUM_TimeStamps/dataset-corridor4_512.txt
-- Up-to-date: /home/hp/mars_car_ws/install/orbslam3/share/orbslam3/config/monocular-inertial/TUM_TimeStamps/dataset-outdoors7_512.txt
-- Up-to-date: /home/hp/mars_car_ws/install/orbslam3/share/orbslam3/config/monocular-inertial/TUM_TimeStamps/dataset-outdoors6_512.txt
-- Up-to-date: /home/hp/mars_car_ws/install/orbslam3/share/orbslam3/config/monocular-inertial/TUM_TimeStamps/dataset-magistrale3_512.txt
-- Up-to-date: /home/hp/mars_car_ws/install/orbslam3/share/orbslam3/config/monocular-inertial/TUM_TimeStamps/dataset-corridor2_512.txt
-- Up-to-date: /home/hp/mars_car_ws/install/orbslam3/share/orbslam3/config/monocular-inertial/TUM_TimeStamps/dataset-room5_512.txt
-- Up-to-date: /home/hp/mars_car_ws/install/orbslam3/share/orbslam3/config/monocular-inertial/TUM_TimeStamps/dataset-magistrale1_512.txt
-- Up-to-date: /home/hp/mars_car_ws/install/orbslam3/share/orbslam3/config/monocular-inertial/TUM_TimeStamps/dataset-magistrale6_512.txt
-- Up-to-date: /home/hp/mars_car_ws/install/orbslam3/share/orbslam3/config/monocular-inertial/TUM_TimeStamps/dataset-outdoors5_512.txt
-- Up-to-date: /home/hp/mars_car_ws/install/orbslam3/share/orbslam3/config/monocular-inertial/MultiSession
-- Up-to-date: /home/hp/mars_car_ws/install/orbslam3/share/orbslam3/config/monocular-inertial/MultiSession/EuRoC_V203.yaml
-- Up-to-date: /home/hp/mars_car_ws/install/orbslam3/share/orbslam3/config/monocular-inertial/MultiSession/EuRoC_MH02.yaml
-- Up-to-date: /home/hp/mars_car_ws/install/orbslam3/share/orbslam3/config/monocular-inertial/MultiSession/EuRoC_V102.yaml
-- Up-to-date: /home/hp/mars_car_ws/install/orbslam3/share/orbslam3/config/monocular-inertial/MultiSession/EuRoC_V202.yaml
-- Up-to-date: /home/hp/mars_car_ws/install/orbslam3/share/orbslam3/config/monocular-inertial/MultiSession/EuRoC_V101.yaml
-- Up-to-date: /home/hp/mars_car_ws/install/orbslam3/share/orbslam3/config/monocular-inertial/MultiSession/EuRoC_MH01.yaml
-- Up-to-date: /home/hp/mars_car_ws/install/orbslam3/share/orbslam3/config/monocular-inertial/MultiSession/EuRoC_MH03.yaml
-- Up-to-date: /home/hp/mars_car_ws/install/orbslam3/share/orbslam3/config/monocular-inertial/MultiSession/EuRoC_MH04.yaml
-- Up-to-date: /home/hp/mars_car_ws/install/orbslam3/share/orbslam3/config/monocular-inertial/MultiSession/EuRoC_MH05.yaml
-- Up-to-date: /home/hp/mars_car_ws/install/orbslam3/share/orbslam3/config/monocular-inertial/MultiSession/EuRoC_V103.yaml
-- Up-to-date: /home/hp/mars_car_ws/install/orbslam3/share/orbslam3/config/monocular-inertial/MultiSession/EuRoC_V201.yaml
-- Up-to-date: /home/hp/mars_car_ws/install/orbslam3/share/orbslam3/config/monocular-inertial/TUM-VI.yaml
-- Up-to-date: /home/hp/mars_car_ws/install/orbslam3/share/orbslam3/config/monocular-inertial/EuRoC.yaml
-- Up-to-date: /home/hp/mars_car_ws/install/orbslam3/share/orbslam3/config/monocular-inertial/EuRoC_IMU
-- Up-to-date: /home/hp/mars_car_ws/install/orbslam3/share/orbslam3/config/monocular-inertial/EuRoC_IMU/MH03.txt
-- Up-to-date: /home/hp/mars_car_ws/install/orbslam3/share/orbslam3/config/monocular-inertial/EuRoC_IMU/V203.txt
-- Up-to-date: /home/hp/mars_car_ws/install/orbslam3/share/orbslam3/config/monocular-inertial/EuRoC_IMU/MH02.txt
-- Up-to-date: /home/hp/mars_car_ws/install/orbslam3/share/orbslam3/config/monocular-inertial/EuRoC_IMU/MH04.txt
-- Up-to-date: /home/hp/mars_car_ws/install/orbslam3/share/orbslam3/config/monocular-inertial/EuRoC_IMU/MH05.txt
-- Up-to-date: /home/hp/mars_car_ws/install/orbslam3/share/orbslam3/config/monocular-inertial/EuRoC_IMU/V201.txt
-- Up-to-date: /home/hp/mars_car_ws/install/orbslam3/share/orbslam3/config/monocular-inertial/EuRoC_IMU/V202.txt
-- Up-to-date: /home/hp/mars_car_ws/install/orbslam3/share/orbslam3/config/monocular-inertial/EuRoC_IMU/V101.txt
-- Up-to-date: /home/hp/mars_car_ws/install/orbslam3/share/orbslam3/config/monocular-inertial/EuRoC_IMU/V103.txt
-- Up-to-date: /home/hp/mars_car_ws/install/orbslam3/share/orbslam3/config/monocular-inertial/EuRoC_IMU/V102.txt
-- Up-to-date: /home/hp/mars_car_ws/install/orbslam3/share/orbslam3/config/monocular-inertial/EuRoC_IMU/MH01.txt
-- Up-to-date: /home/hp/mars_car_ws/install/orbslam3/share/orbslam3/config/monocular-inertial/RealSense_T265.yaml
-- Up-to-date: /home/hp/mars_car_ws/install/orbslam3/share/orbslam3/config/rgb-d-inertial
-- Up-to-date: /home/hp/mars_car_ws/install/orbslam3/share/orbslam3/config/rgb-d-inertial/RealSense_D435i.yaml
-- Up-to-date: /home/hp/mars_car_ws/install/orbslam3/share/orbslam3/config/stereo-inertial
-- Up-to-date: /home/hp/mars_car_ws/install/orbslam3/share/orbslam3/config/stereo-inertial/TUM-VI_far.yaml
-- Up-to-date: /home/hp/mars_car_ws/install/orbslam3/share/orbslam3/config/stereo-inertial/RealSense_D435i.yaml
-- Up-to-date: /home/hp/mars_car_ws/install/orbslam3/share/orbslam3/config/stereo-inertial/TUM_IMU
-- Up-to-date: /home/hp/mars_car_ws/install/orbslam3/share/orbslam3/config/stereo-inertial/TUM_IMU/dataset-outdoors1_512.txt
-- Up-to-date: /home/hp/mars_car_ws/install/orbslam3/share/orbslam3/config/stereo-inertial/TUM_IMU/dataset-corridor2_1024.txt
-- Up-to-date: /home/hp/mars_car_ws/install/orbslam3/share/orbslam3/config/stereo-inertial/TUM_IMU/dataset-room4_512.txt
-- Up-to-date: /home/hp/mars_car_ws/install/orbslam3/share/orbslam3/config/stereo-inertial/TUM_IMU/dataset-room3_512.txt
-- Up-to-date: /home/hp/mars_car_ws/install/orbslam3/share/orbslam3/config/stereo-inertial/TUM_IMU/dataset-slides1_512.txt
-- Up-to-date: /home/hp/mars_car_ws/install/orbslam3/share/orbslam3/config/stereo-inertial/TUM_IMU/dataset-room2_512.txt
-- Up-to-date: /home/hp/mars_car_ws/install/orbslam3/share/orbslam3/config/stereo-inertial/TUM_IMU/dataset-room6_512.txt
-- Up-to-date: /home/hp/mars_car_ws/install/orbslam3/share/orbslam3/config/stereo-inertial/TUM_IMU/dataset-slides2_512.txt
-- Up-to-date: /home/hp/mars_car_ws/install/orbslam3/share/orbslam3/config/stereo-inertial/TUM_IMU/dataset-magistrale2_512.txt
-- Up-to-date: /home/hp/mars_car_ws/install/orbslam3/share/orbslam3/config/stereo-inertial/TUM_IMU/dataset-corridor5_512.txt
-- Up-to-date: /home/hp/mars_car_ws/install/orbslam3/share/orbslam3/config/stereo-inertial/TUM_IMU/dataset-room1_512.txt
-- Up-to-date: /home/hp/mars_car_ws/install/orbslam3/share/orbslam3/config/stereo-inertial/TUM_IMU/dataset-magistrale5_512.txt
-- Up-to-date: /home/hp/mars_car_ws/install/orbslam3/share/orbslam3/config/stereo-inertial/TUM_IMU/dataset-outdoors2_512.txt
-- Up-to-date: /home/hp/mars_car_ws/install/orbslam3/share/orbslam3/config/stereo-inertial/TUM_IMU/dataset-corridor1_512.txt
-- Up-to-date: /home/hp/mars_car_ws/install/orbslam3/share/orbslam3/config/stereo-inertial/TUM_IMU/dataset-corridor3_512.txt
-- Up-to-date: /home/hp/mars_car_ws/install/orbslam3/share/orbslam3/config/stereo-inertial/TUM_IMU/dataset-outdoors3_512.txt
-- Up-to-date: /home/hp/mars_car_ws/install/orbslam3/share/orbslam3/config/stereo-inertial/TUM_IMU/dataset-outdoors4_512.txt
-- Up-to-date: /home/hp/mars_car_ws/install/orbslam3/share/orbslam3/config/stereo-inertial/TUM_IMU/dataset-outdoors8_512.txt
-- Up-to-date: /home/hp/mars_car_ws/install/orbslam3/share/orbslam3/config/stereo-inertial/TUM_IMU/dataset-slides3_512.txt
-- Up-to-date: /home/hp/mars_car_ws/install/orbslam3/share/orbslam3/config/stereo-inertial/TUM_IMU/dataset-magistrale4_512.txt
-- Up-to-date: /home/hp/mars_car_ws/install/orbslam3/share/orbslam3/config/stereo-inertial/TUM_IMU/dataset-corridor4_512.txt
-- Up-to-date: /home/hp/mars_car_ws/install/orbslam3/share/orbslam3/config/stereo-inertial/TUM_IMU/dataset-outdoors7_512.txt
-- Up-to-date: /home/hp/mars_car_ws/install/orbslam3/share/orbslam3/config/stereo-inertial/TUM_IMU/dataset-outdoors6_512.txt
-- Up-to-date: /home/hp/mars_car_ws/install/orbslam3/share/orbslam3/config/stereo-inertial/TUM_IMU/dataset-magistrale3_512.txt
-- Up-to-date: /home/hp/mars_car_ws/install/orbslam3/share/orbslam3/config/stereo-inertial/TUM_IMU/dataset-corridor2_512.txt
-- Up-to-date: /home/hp/mars_car_ws/install/orbslam3/share/orbslam3/config/stereo-inertial/TUM_IMU/dataset-room5_512.txt
-- Up-to-date: /home/hp/mars_car_ws/install/orbslam3/share/orbslam3/config/stereo-inertial/TUM_IMU/dataset-magistrale1_512.txt
-- Up-to-date: /home/hp/mars_car_ws/install/orbslam3/share/orbslam3/config/stereo-inertial/TUM_IMU/dataset-magistrale6_512.txt
-- Up-to-date: /home/hp/mars_car_ws/install/orbslam3/share/orbslam3/config/stereo-inertial/TUM_IMU/dataset-outdoors5_512.txt
-- Up-to-date: /home/hp/mars_car_ws/install/orbslam3/share/orbslam3/config/stereo-inertial/EuRoC_TimeStamps
-- Up-to-date: /home/hp/mars_car_ws/install/orbslam3/share/orbslam3/config/stereo-inertial/EuRoC_TimeStamps/MH03.txt
-- Up-to-date: /home/hp/mars_car_ws/install/orbslam3/share/orbslam3/config/stereo-inertial/EuRoC_TimeStamps/V203.txt
-- Up-to-date: /home/hp/mars_car_ws/install/orbslam3/share/orbslam3/config/stereo-inertial/EuRoC_TimeStamps/MH02.txt
-- Up-to-date: /home/hp/mars_car_ws/install/orbslam3/share/orbslam3/config/stereo-inertial/EuRoC_TimeStamps/MH04.txt
-- Up-to-date: /home/hp/mars_car_ws/install/orbslam3/share/orbslam3/config/stereo-inertial/EuRoC_TimeStamps/V203_2.txt
-- Up-to-date: /home/hp/mars_car_ws/install/orbslam3/share/orbslam3/config/stereo-inertial/EuRoC_TimeStamps/MH05.txt
-- Up-to-date: /home/hp/mars_car_ws/install/orbslam3/share/orbslam3/config/stereo-inertial/EuRoC_TimeStamps/V201.txt
-- Up-to-date: /home/hp/mars_car_ws/install/orbslam3/share/orbslam3/config/stereo-inertial/EuRoC_TimeStamps/V202.txt
-- Up-to-date: /home/hp/mars_car_ws/install/orbslam3/share/orbslam3/config/stereo-inertial/EuRoC_TimeStamps/V101.txt
-- Up-to-date: /home/hp/mars_car_ws/install/orbslam3/share/orbslam3/config/stereo-inertial/EuRoC_TimeStamps/V103.txt
-- Up-to-date: /home/hp/mars_car_ws/install/orbslam3/share/orbslam3/config/stereo-inertial/EuRoC_TimeStamps/V102.txt
-- Up-to-date: /home/hp/mars_car_ws/install/orbslam3/share/orbslam3/config/stereo-inertial/EuRoC_TimeStamps/MH01.txt
-- Up-to-date: /home/hp/mars_car_ws/install/orbslam3/share/orbslam3/config/stereo-inertial/TUM_TimeStamps
-- Up-to-date: /home/hp/mars_car_ws/install/orbslam3/share/orbslam3/config/stereo-inertial/TUM_TimeStamps/dataset-outdoors1_512.txt
-- Up-to-date: /home/hp/mars_car_ws/install/orbslam3/share/orbslam3/config/stereo-inertial/TUM_TimeStamps/dataset-corridor2_1024.txt
-- Up-to-date: /home/hp/mars_car_ws/install/orbslam3/share/orbslam3/config/stereo-inertial/TUM_TimeStamps/dataset-room4_512.txt
-- Up-to-date: /home/hp/mars_car_ws/install/orbslam3/share/orbslam3/config/stereo-inertial/TUM_TimeStamps/dataset-room3_512.txt
-- Up-to-date: /home/hp/mars_car_ws/install/orbslam3/share/orbslam3/config/stereo-inertial/TUM_TimeStamps/dataset-slides1_512.txt
-- Up-to-date: /home/hp/mars_car_ws/install/orbslam3/share/orbslam3/config/stereo-inertial/TUM_TimeStamps/dataset-room2_512.txt
-- Up-to-date: /home/hp/mars_car_ws/install/orbslam3/share/orbslam3/config/stereo-inertial/TUM_TimeStamps/dataset-room6_512.txt
-- Up-to-date: /home/hp/mars_car_ws/install/orbslam3/share/orbslam3/config/stereo-inertial/TUM_TimeStamps/dataset-slides2_512.txt
-- Up-to-date: /home/hp/mars_car_ws/install/orbslam3/share/orbslam3/config/stereo-inertial/TUM_TimeStamps/dataset-magistrale2_512.txt
-- Up-to-date: /home/hp/mars_car_ws/install/orbslam3/share/orbslam3/config/stereo-inertial/TUM_TimeStamps/dataset-corridor5_512.txt
-- Up-to-date: /home/hp/mars_car_ws/install/orbslam3/share/orbslam3/config/stereo-inertial/TUM_TimeStamps/dataset-room1_512.txt
-- Up-to-date: /home/hp/mars_car_ws/install/orbslam3/share/orbslam3/config/stereo-inertial/TUM_TimeStamps/dataset-magistrale5_512.txt
-- Up-to-date: /home/hp/mars_car_ws/install/orbslam3/share/orbslam3/config/stereo-inertial/TUM_TimeStamps/dataset-outdoors2_512.txt
-- Up-to-date: /home/hp/mars_car_ws/install/orbslam3/share/orbslam3/config/stereo-inertial/TUM_TimeStamps/dataset-corridor1_512.txt
-- Up-to-date: /home/hp/mars_car_ws/install/orbslam3/share/orbslam3/config/stereo-inertial/TUM_TimeStamps/dataset-corridor3_512.txt
-- Up-to-date: /home/hp/mars_car_ws/install/orbslam3/share/orbslam3/config/stereo-inertial/TUM_TimeStamps/dataset-outdoors3_512.txt
-- Up-to-date: /home/hp/mars_car_ws/install/orbslam3/share/orbslam3/config/stereo-inertial/TUM_TimeStamps/dataset-outdoors4_512.txt
-- Up-to-date: /home/hp/mars_car_ws/install/orbslam3/share/orbslam3/config/stereo-inertial/TUM_TimeStamps/dataset-outdoors8_512.txt
-- Up-to-date: /home/hp/mars_car_ws/install/orbslam3/share/orbslam3/config/stereo-inertial/TUM_TimeStamps/dataset-slides3_512.txt
-- Up-to-date: /home/hp/mars_car_ws/install/orbslam3/share/orbslam3/config/stereo-inertial/TUM_TimeStamps/dataset-magistrale4_512.txt
-- Up-to-date: /home/hp/mars_car_ws/install/orbslam3/share/orbslam3/config/stereo-inertial/TUM_TimeStamps/dataset-corridor4_512.txt
-- Up-to-date: /home/hp/mars_car_ws/install/orbslam3/share/orbslam3/config/stereo-inertial/TUM_TimeStamps/dataset-outdoors7_512.txt
-- Up-to-date: /home/hp/mars_car_ws/install/orbslam3/share/orbslam3/config/stereo-inertial/TUM_TimeStamps/dataset-outdoors6_512.txt
-- Up-to-date: /home/hp/mars_car_ws/install/orbslam3/share/orbslam3/config/stereo-inertial/TUM_TimeStamps/dataset-magistrale3_512.txt
-- Up-to-date: /home/hp/mars_car_ws/install/orbslam3/share/orbslam3/config/stereo-inertial/TUM_TimeStamps/dataset-corridor2_512.txt
-- Up-to-date: /home/hp/mars_car_ws/install/orbslam3/share/orbslam3/config/stereo-inertial/TUM_TimeStamps/dataset-room5_512.txt
-- Up-to-date: /home/hp/mars_car_ws/install/orbslam3/share/orbslam3/config/stereo-inertial/TUM_TimeStamps/dataset-magistrale1_512.txt
-- Up-to-date: /home/hp/mars_car_ws/install/orbslam3/share/orbslam3/config/stereo-inertial/TUM_TimeStamps/dataset-magistrale6_512.txt
-- Up-to-date: /home/hp/mars_car_ws/install/orbslam3/share/orbslam3/config/stereo-inertial/TUM_TimeStamps/dataset-outdoors5_512.txt
-- Up-to-date: /home/hp/mars_car_ws/install/orbslam3/share/orbslam3/config/stereo-inertial/MultiSession
-- Up-to-date: /home/hp/mars_car_ws/install/orbslam3/share/orbslam3/config/stereo-inertial/MultiSession/EuRoC_V203.yaml
-- Up-to-date: /home/hp/mars_car_ws/install/orbslam3/share/orbslam3/config/stereo-inertial/MultiSession/EuRoC_MH02.yaml
-- Up-to-date: /home/hp/mars_car_ws/install/orbslam3/share/orbslam3/config/stereo-inertial/MultiSession/EuRoC_V102.yaml
-- Up-to-date: /home/hp/mars_car_ws/install/orbslam3/share/orbslam3/config/stereo-inertial/MultiSession/EuRoC_V202.yaml
-- Up-to-date: /home/hp/mars_car_ws/install/orbslam3/share/orbslam3/config/stereo-inertial/MultiSession/EuRoC_V101.yaml
-- Up-to-date: /home/hp/mars_car_ws/install/orbslam3/share/orbslam3/config/stereo-inertial/MultiSession/EuRoC_MH01.yaml
-- Up-to-date: /home/hp/mars_car_ws/install/orbslam3/share/orbslam3/config/stereo-inertial/MultiSession/EuRoC_MH03.yaml
-- Up-to-date: /home/hp/mars_car_ws/install/orbslam3/share/orbslam3/config/stereo-inertial/MultiSession/EuRoC_MH04.yaml
-- Up-to-date: /home/hp/mars_car_ws/install/orbslam3/share/orbslam3/config/stereo-inertial/MultiSession/EuRoC_MH05.yaml
-- Up-to-date: /home/hp/mars_car_ws/install/orbslam3/share/orbslam3/config/stereo-inertial/MultiSession/EuRoC_V103.yaml
-- Up-to-date: /home/hp/mars_car_ws/install/orbslam3/share/orbslam3/config/stereo-inertial/MultiSession/EuRoC_V201.yaml
-- Up-to-date: /home/hp/mars_car_ws/install/orbslam3/share/orbslam3/config/stereo-inertial/TUM-VI.yaml
-- Up-to-date: /home/hp/mars_car_ws/install/orbslam3/share/orbslam3/config/stereo-inertial/EuRoC.yaml
-- Up-to-date: /home/hp/mars_car_ws/install/orbslam3/share/orbslam3/config/stereo-inertial/EuRoC_IMU
-- Up-to-date: /home/hp/mars_car_ws/install/orbslam3/share/orbslam3/config/stereo-inertial/EuRoC_IMU/MH03.txt
-- Up-to-date: /home/hp/mars_car_ws/install/orbslam3/share/orbslam3/config/stereo-inertial/EuRoC_IMU/V203.txt
-- Up-to-date: /home/hp/mars_car_ws/install/orbslam3/share/orbslam3/config/stereo-inertial/EuRoC_IMU/MH02.txt
-- Up-to-date: /home/hp/mars_car_ws/install/orbslam3/share/orbslam3/config/stereo-inertial/EuRoC_IMU/MH04.txt
-- Up-to-date: /home/hp/mars_car_ws/install/orbslam3/share/orbslam3/config/stereo-inertial/EuRoC_IMU/MH05.txt
-- Up-to-date: /home/hp/mars_car_ws/install/orbslam3/share/orbslam3/config/stereo-inertial/EuRoC_IMU/V201.txt
-- Up-to-date: /home/hp/mars_car_ws/install/orbslam3/share/orbslam3/config/stereo-inertial/EuRoC_IMU/V202.txt
-- Up-to-date: /home/hp/mars_car_ws/install/orbslam3/share/orbslam3/config/stereo-inertial/EuRoC_IMU/V101.txt
-- Up-to-date: /home/hp/mars_car_ws/install/orbslam3/share/orbslam3/config/stereo-inertial/EuRoC_IMU/V103.txt
-- Up-to-date: /home/hp/mars_car_ws/install/orbslam3/share/orbslam3/config/stereo-inertial/EuRoC_IMU/V102.txt
-- Up-to-date: /home/hp/mars_car_ws/install/orbslam3/share/orbslam3/config/stereo-inertial/EuRoC_IMU/MH01.txt
-- Up-to-date: /home/hp/mars_car_ws/install/orbslam3/share/orbslam3/config/stereo-inertial/RealSense_T265.yaml
-- Up-to-date: /home/hp/mars_car_ws/install/orbslam3/share/orbslam3/config/stereo
-- Up-to-date: /home/hp/mars_car_ws/install/orbslam3/share/orbslam3/config/stereo/KITTI03.yaml
-- Up-to-date: /home/hp/mars_car_ws/install/orbslam3/share/orbslam3/config/stereo/RealSense_D435i.yaml
-- Up-to-date: /home/hp/mars_car_ws/install/orbslam3/share/orbslam3/config/stereo/EuRoC_TimeStamps
-- Up-to-date: /home/hp/mars_car_ws/install/orbslam3/share/orbslam3/config/stereo/EuRoC_TimeStamps/MH03.txt
-- Up-to-date: /home/hp/mars_car_ws/install/orbslam3/share/orbslam3/config/stereo/EuRoC_TimeStamps/V203.txt
-- Up-to-date: /home/hp/mars_car_ws/install/orbslam3/share/orbslam3/config/stereo/EuRoC_TimeStamps/MH02.txt
-- Up-to-date: /home/hp/mars_car_ws/install/orbslam3/share/orbslam3/config/stereo/EuRoC_TimeStamps/MH04.txt
-- Up-to-date: /home/hp/mars_car_ws/install/orbslam3/share/orbslam3/config/stereo/EuRoC_TimeStamps/MH05.txt
-- Up-to-date: /home/hp/mars_car_ws/install/orbslam3/share/orbslam3/config/stereo/EuRoC_TimeStamps/V201.txt
-- Up-to-date: /home/hp/mars_car_ws/install/orbslam3/share/orbslam3/config/stereo/EuRoC_TimeStamps/V202.txt
-- Up-to-date: /home/hp/mars_car_ws/install/orbslam3/share/orbslam3/config/stereo/EuRoC_TimeStamps/V101.txt
-- Up-to-date: /home/hp/mars_car_ws/install/orbslam3/share/orbslam3/config/stereo/EuRoC_TimeStamps/V103.txt
-- Up-to-date: /home/hp/mars_car_ws/install/orbslam3/share/orbslam3/config/stereo/EuRoC_TimeStamps/V102.txt
-- Up-to-date: /home/hp/mars_car_ws/install/orbslam3/share/orbslam3/config/stereo/EuRoC_TimeStamps/MH01.txt
-- Up-to-date: /home/hp/mars_car_ws/install/orbslam3/share/orbslam3/config/stereo/KITTI00-02.yaml
-- Up-to-date: /home/hp/mars_car_ws/install/orbslam3/share/orbslam3/config/stereo/TUM_TimeStamps
-- Up-to-date: /home/hp/mars_car_ws/install/orbslam3/share/orbslam3/config/stereo/TUM_TimeStamps/dataset-outdoors1_512.txt
-- Up-to-date: /home/hp/mars_car_ws/install/orbslam3/share/orbslam3/config/stereo/TUM_TimeStamps/dataset-corridor2_1024.txt
-- Up-to-date: /home/hp/mars_car_ws/install/orbslam3/share/orbslam3/config/stereo/TUM_TimeStamps/dataset-room4_512.txt
-- Up-to-date: /home/hp/mars_car_ws/install/orbslam3/share/orbslam3/config/stereo/TUM_TimeStamps/dataset-room3_512.txt
-- Up-to-date: /home/hp/mars_car_ws/install/orbslam3/share/orbslam3/config/stereo/TUM_TimeStamps/dataset-slides1_512.txt
-- Up-to-date: /home/hp/mars_car_ws/install/orbslam3/share/orbslam3/config/stereo/TUM_TimeStamps/dataset-room2_512.txt
-- Up-to-date: /home/hp/mars_car_ws/install/orbslam3/share/orbslam3/config/stereo/TUM_TimeStamps/dataset-room6_512.txt
-- Up-to-date: /home/hp/mars_car_ws/install/orbslam3/share/orbslam3/config/stereo/TUM_TimeStamps/dataset-slides2_512.txt
-- Up-to-date: /home/hp/mars_car_ws/install/orbslam3/share/orbslam3/config/stereo/TUM_TimeStamps/dataset-magistrale2_512.txt
-- Up-to-date: /home/hp/mars_car_ws/install/orbslam3/share/orbslam3/config/stereo/TUM_TimeStamps/dataset-corridor5_512.txt
-- Up-to-date: /home/hp/mars_car_ws/install/orbslam3/share/orbslam3/config/stereo/TUM_TimeStamps/dataset-room1_512.txt
-- Up-to-date: /home/hp/mars_car_ws/install/orbslam3/share/orbslam3/config/stereo/TUM_TimeStamps/dataset-magistrale5_512.txt
-- Up-to-date: /home/hp/mars_car_ws/install/orbslam3/share/orbslam3/config/stereo/TUM_TimeStamps/dataset-outdoors2_512.txt
-- Up-to-date: /home/hp/mars_car_ws/install/orbslam3/share/orbslam3/config/stereo/TUM_TimeStamps/dataset-corridor1_512.txt
-- Up-to-date: /home/hp/mars_car_ws/install/orbslam3/share/orbslam3/config/stereo/TUM_TimeStamps/dataset-corridor3_512.txt
-- Up-to-date: /home/hp/mars_car_ws/install/orbslam3/share/orbslam3/config/stereo/TUM_TimeStamps/dataset-outdoors3_512.txt
-- Up-to-date: /home/hp/mars_car_ws/install/orbslam3/share/orbslam3/config/stereo/TUM_TimeStamps/dataset-outdoors4_512.txt
-- Up-to-date: /home/hp/mars_car_ws/install/orbslam3/share/orbslam3/config/stereo/TUM_TimeStamps/dataset-outdoors8_512.txt
-- Up-to-date: /home/hp/mars_car_ws/install/orbslam3/share/orbslam3/config/stereo/TUM_TimeStamps/dataset-slides3_512.txt
-- Up-to-date: /home/hp/mars_car_ws/install/orbslam3/share/orbslam3/config/stereo/TUM_TimeStamps/dataset-magistrale4_512.txt
-- Up-to-date: /home/hp/mars_car_ws/install/orbslam3/share/orbslam3/config/stereo/TUM_TimeStamps/dataset-corridor4_512.txt
-- Up-to-date: /home/hp/mars_car_ws/install/orbslam3/share/orbslam3/config/stereo/TUM_TimeStamps/dataset-outdoors7_512.txt
-- Up-to-date: /home/hp/mars_car_ws/install/orbslam3/share/orbslam3/config/stereo/TUM_TimeStamps/dataset-outdoors6_512.txt
-- Up-to-date: /home/hp/mars_car_ws/install/orbslam3/share/orbslam3/config/stereo/TUM_TimeStamps/dataset-magistrale3_512.txt
-- Up-to-date: /home/hp/mars_car_ws/install/orbslam3/share/orbslam3/config/stereo/TUM_TimeStamps/dataset-corridor2_512.txt
-- Up-to-date: /home/hp/mars_car_ws/install/orbslam3/share/orbslam3/config/stereo/TUM_TimeStamps/dataset-room5_512.txt
-- Up-to-date: /home/hp/mars_car_ws/install/orbslam3/share/orbslam3/config/stereo/TUM_TimeStamps/dataset-magistrale1_512.txt
-- Up-to-date: /home/hp/mars_car_ws/install/orbslam3/share/orbslam3/config/stereo/TUM_TimeStamps/dataset-magistrale6_512.txt
-- Up-to-date: /home/hp/mars_car_ws/install/orbslam3/share/orbslam3/config/stereo/TUM_TimeStamps/dataset-outdoors5_512.txt
-- Up-to-date: /home/hp/mars_car_ws/install/orbslam3/share/orbslam3/config/stereo/MultiSession
-- Up-to-date: /home/hp/mars_car_ws/install/orbslam3/share/orbslam3/config/stereo/MultiSession/EuRoC_V203.yaml
-- Up-to-date: /home/hp/mars_car_ws/install/orbslam3/share/orbslam3/config/stereo/MultiSession/EuRoC_MH02.yaml
-- Up-to-date: /home/hp/mars_car_ws/install/orbslam3/share/orbslam3/config/stereo/MultiSession/EuRoC_V102.yaml
-- Up-to-date: /home/hp/mars_car_ws/install/orbslam3/share/orbslam3/config/stereo/MultiSession/EuRoC_V202.yaml
-- Up-to-date: /home/hp/mars_car_ws/install/orbslam3/share/orbslam3/config/stereo/MultiSession/EuRoC_V101.yaml
-- Up-to-date: /home/hp/mars_car_ws/install/orbslam3/share/orbslam3/config/stereo/MultiSession/EuRoC_MH01.yaml
-- Up-to-date: /home/hp/mars_car_ws/install/orbslam3/share/orbslam3/config/stereo/MultiSession/EuRoC_MH03.yaml
-- Up-to-date: /home/hp/mars_car_ws/install/orbslam3/share/orbslam3/config/stereo/MultiSession/EuRoC_MH04.yaml
-- Up-to-date: /home/hp/mars_car_ws/install/orbslam3/share/orbslam3/config/stereo/MultiSession/EuRoC_MH05.yaml
-- Up-to-date: /home/hp/mars_car_ws/install/orbslam3/share/orbslam3/config/stereo/MultiSession/EuRoC_V103.yaml
-- Up-to-date: /home/hp/mars_car_ws/install/orbslam3/share/orbslam3/config/stereo/MultiSession/EuRoC_V201.yaml
-- Up-to-date: /home/hp/mars_car_ws/install/orbslam3/share/orbslam3/config/stereo/TUM-VI.yaml
-- Up-to-date: /home/hp/mars_car_ws/install/orbslam3/share/orbslam3/config/stereo/EuRoC.yaml
-- Up-to-date: /home/hp/mars_car_ws/install/orbslam3/share/orbslam3/config/stereo/KITTI04-12.yaml
-- Up-to-date: /home/hp/mars_car_ws/install/orbslam3/share/orbslam3/config/stereo/RealSense_T265.yaml
-- Up-to-date: /home/hp/mars_car_ws/install/orbslam3/share/orbslam3/config/monocular
-- Up-to-date: /home/hp/mars_car_ws/install/orbslam3/share/orbslam3/config/monocular/KITTI03.yaml
-- Up-to-date: /home/hp/mars_car_ws/install/orbslam3/share/orbslam3/config/monocular/RealSense_D435i.yaml
-- Up-to-date: /home/hp/mars_car_ws/install/orbslam3/share/orbslam3/config/monocular/TUM1.yaml
-- Up-to-date: /home/hp/mars_car_ws/install/orbslam3/share/orbslam3/config/monocular/EuRoC_TimeStamps
-- Up-to-date: /home/hp/mars_car_ws/install/orbslam3/share/orbslam3/config/monocular/EuRoC_TimeStamps/MH03.txt
-- Up-to-date: /home/hp/mars_car_ws/install/orbslam3/share/orbslam3/config/monocular/EuRoC_TimeStamps/V203.txt
-- Up-to-date: /home/hp/mars_car_ws/install/orbslam3/share/orbslam3/config/monocular/EuRoC_TimeStamps/MH02.txt
-- Up-to-date: /home/hp/mars_car_ws/install/orbslam3/share/orbslam3/config/monocular/EuRoC_TimeStamps/MH04.txt
-- Up-to-date: /home/hp/mars_car_ws/install/orbslam3/share/orbslam3/config/monocular/EuRoC_TimeStamps/MH05.txt
-- Up-to-date: /home/hp/mars_car_ws/install/orbslam3/share/orbslam3/config/monocular/EuRoC_TimeStamps/V201.txt
-- Up-to-date: /home/hp/mars_car_ws/install/orbslam3/share/orbslam3/config/monocular/EuRoC_TimeStamps/V202.txt
-- Up-to-date: /home/hp/mars_car_ws/install/orbslam3/share/orbslam3/config/monocular/EuRoC_TimeStamps/V101.txt
-- Up-to-date: /home/hp/mars_car_ws/install/orbslam3/share/orbslam3/config/monocular/EuRoC_TimeStamps/V103.txt
-- Up-to-date: /home/hp/mars_car_ws/install/orbslam3/share/orbslam3/config/monocular/EuRoC_TimeStamps/V102.txt
-- Up-to-date: /home/hp/mars_car_ws/install/orbslam3/share/orbslam3/config/monocular/EuRoC_TimeStamps/MH01.txt
-- Up-to-date: /home/hp/mars_car_ws/install/orbslam3/share/orbslam3/config/monocular/KITTI00-02.yaml
-- Up-to-date: /home/hp/mars_car_ws/install/orbslam3/share/orbslam3/config/monocular/TUM_TimeStamps
-- Up-to-date: /home/hp/mars_car_ws/install/orbslam3/share/orbslam3/config/monocular/TUM_TimeStamps/dataset-outdoors1_512.txt
-- Up-to-date: /home/hp/mars_car_ws/install/orbslam3/share/orbslam3/config/monocular/TUM_TimeStamps/dataset-corridor2_1024.txt
-- Up-to-date: /home/hp/mars_car_ws/install/orbslam3/share/orbslam3/config/monocular/TUM_TimeStamps/dataset-room4_512.txt
-- Up-to-date: /home/hp/mars_car_ws/install/orbslam3/share/orbslam3/config/monocular/TUM_TimeStamps/dataset-room3_512.txt
-- Up-to-date: /home/hp/mars_car_ws/install/orbslam3/share/orbslam3/config/monocular/TUM_TimeStamps/dataset-slides1_512.txt
-- Up-to-date: /home/hp/mars_car_ws/install/orbslam3/share/orbslam3/config/monocular/TUM_TimeStamps/dataset-room2_512.txt
-- Up-to-date: /home/hp/mars_car_ws/install/orbslam3/share/orbslam3/config/monocular/TUM_TimeStamps/dataset-room6_512.txt
-- Up-to-date: /home/hp/mars_car_ws/install/orbslam3/share/orbslam3/config/monocular/TUM_TimeStamps/dataset-slides2_512.txt
-- Up-to-date: /home/hp/mars_car_ws/install/orbslam3/share/orbslam3/config/monocular/TUM_TimeStamps/dataset-magistrale2_512.txt
-- Up-to-date: /home/hp/mars_car_ws/install/orbslam3/share/orbslam3/config/monocular/TUM_TimeStamps/dataset-corridor5_512.txt
-- Up-to-date: /home/hp/mars_car_ws/install/orbslam3/share/orbslam3/config/monocular/TUM_TimeStamps/dataset-room1_512.txt
-- Up-to-date: /home/hp/mars_car_ws/install/orbslam3/share/orbslam3/config/monocular/TUM_TimeStamps/dataset-magistrale5_512.txt
-- Up-to-date: /home/hp/mars_car_ws/install/orbslam3/share/orbslam3/config/monocular/TUM_TimeStamps/dataset-outdoors2_512.txt
-- Up-to-date: /home/hp/mars_car_ws/install/orbslam3/share/orbslam3/config/monocular/TUM_TimeStamps/dataset-corridor1_512.txt
-- Up-to-date: /home/hp/mars_car_ws/install/orbslam3/share/orbslam3/config/monocular/TUM_TimeStamps/dataset-corridor3_512.txt
-- Up-to-date: /home/hp/mars_car_ws/install/orbslam3/share/orbslam3/config/monocular/TUM_TimeStamps/dataset-outdoors3_512.txt
-- Up-to-date: /home/hp/mars_car_ws/install/orbslam3/share/orbslam3/config/monocular/TUM_TimeStamps/dataset-outdoors4_512.txt
-- Up-to-date: /home/hp/mars_car_ws/install/orbslam3/share/orbslam3/config/monocular/TUM_TimeStamps/dataset-outdoors8_512.txt
-- Up-to-date: /home/hp/mars_car_ws/install/orbslam3/share/orbslam3/config/monocular/TUM_TimeStamps/dataset-slides3_512.txt
-- Up-to-date: /home/hp/mars_car_ws/install/orbslam3/share/orbslam3/config/monocular/TUM_TimeStamps/dataset-magistrale4_512.txt
-- Up-to-date: /home/hp/mars_car_ws/install/orbslam3/share/orbslam3/config/monocular/TUM_TimeStamps/dataset-corridor4_512.txt
-- Up-to-date: /home/hp/mars_car_ws/install/orbslam3/share/orbslam3/config/monocular/TUM_TimeStamps/dataset-outdoors7_512.txt
-- Up-to-date: /home/hp/mars_car_ws/install/orbslam3/share/orbslam3/config/monocular/TUM_TimeStamps/dataset-outdoors6_512.txt
-- Up-to-date: /home/hp/mars_car_ws/install/orbslam3/share/orbslam3/config/monocular/TUM_TimeStamps/dataset-magistrale3_512.txt
-- Up-to-date: /home/hp/mars_car_ws/install/orbslam3/share/orbslam3/config/monocular/TUM_TimeStamps/dataset-corridor2_512.txt
-- Up-to-date: /home/hp/mars_car_ws/install/orbslam3/share/orbslam3/config/monocular/TUM_TimeStamps/dataset-room5_512.txt
-- Up-to-date: /home/hp/mars_car_ws/install/orbslam3/share/orbslam3/config/monocular/TUM_TimeStamps/dataset-magistrale1_512.txt
-- Up-to-date: /home/hp/mars_car_ws/install/orbslam3/share/orbslam3/config/monocular/TUM_TimeStamps/dataset-magistrale6_512.txt
-- Up-to-date: /home/hp/mars_car_ws/install/orbslam3/share/orbslam3/config/monocular/TUM_TimeStamps/dataset-outdoors5_512.txt
-- Up-to-date: /home/hp/mars_car_ws/install/orbslam3/share/orbslam3/config/monocular/TUM3.yaml
-- Up-to-date: /home/hp/mars_car_ws/install/orbslam3/share/orbslam3/config/monocular/MultiSession
-- Up-to-date: /home/hp/mars_car_ws/install/orbslam3/share/orbslam3/config/monocular/MultiSession/EuRoC_V203.yaml
-- Up-to-date: /home/hp/mars_car_ws/install/orbslam3/share/orbslam3/config/monocular/MultiSession/EuRoC_MH02.yaml
-- Up-to-date: /home/hp/mars_car_ws/install/orbslam3/share/orbslam3/config/monocular/MultiSession/EuRoC_V102.yaml
-- Up-to-date: /home/hp/mars_car_ws/install/orbslam3/share/orbslam3/config/monocular/MultiSession/EuRoC_V202.yaml
-- Up-to-date: /home/hp/mars_car_ws/install/orbslam3/share/orbslam3/config/monocular/MultiSession/EuRoC_V101.yaml
-- Up-to-date: /home/hp/mars_car_ws/install/orbslam3/share/orbslam3/config/monocular/MultiSession/EuRoC_MH01.yaml
-- Up-to-date: /home/hp/mars_car_ws/install/orbslam3/share/orbslam3/config/monocular/MultiSession/EuRoC_MH03.yaml
-- Up-to-date: /home/hp/mars_car_ws/install/orbslam3/share/orbslam3/config/monocular/MultiSession/EuRoC_MH04.yaml
-- Up-to-date: /home/hp/mars_car_ws/install/orbslam3/share/orbslam3/config/monocular/MultiSession/EuRoC_MH05.yaml
-- Up-to-date: /home/hp/mars_car_ws/install/orbslam3/share/orbslam3/config/monocular/MultiSession/EuRoC_V103.yaml
-- Up-to-date: /home/hp/mars_car_ws/install/orbslam3/share/orbslam3/config/monocular/MultiSession/EuRoC_V201.yaml
-- Up-to-date: /home/hp/mars_car_ws/install/orbslam3/share/orbslam3/config/monocular/TUM-VI.yaml
-- Up-to-date: /home/hp/mars_car_ws/install/orbslam3/share/orbslam3/config/monocular/EuRoC.yaml
-- Up-to-date: /home/hp/mars_car_ws/install/orbslam3/share/orbslam3/config/monocular/KITTI04-12.yaml
-- Up-to-date: /home/hp/mars_car_ws/install/orbslam3/share/orbslam3/config/monocular/RealSense_T265.yaml
-- Up-to-date: /home/hp/mars_car_ws/install/orbslam3/share/orbslam3/config/monocular/TUM2.yaml
-- Up-to-date: /home/hp/mars_car_ws/install/orbslam3/share/orbslam3/config/rgb-d
-- Up-to-date: /home/hp/mars_car_ws/install/orbslam3/share/orbslam3/config/rgb-d/RealSense_D435i.yaml
-- Up-to-date: /home/hp/mars_car_ws/install/orbslam3/share/orbslam3/config/rgb-d/TUM1.yaml
-- Up-to-date: /home/hp/mars_car_ws/install/orbslam3/share/orbslam3/config/rgb-d/TUM3.yaml
-- Up-to-date: /home/hp/mars_car_ws/install/orbslam3/share/orbslam3/config/rgb-d/associations
-- Up-to-date: /home/hp/mars_car_ws/install/orbslam3/share/orbslam3/config/rgb-d/associations/fr3_office.txt
-- Up-to-date: /home/hp/mars_car_ws/install/orbslam3/share/orbslam3/config/rgb-d/associations/fr2_desk.txt
-- Up-to-date: /home/hp/mars_car_ws/install/orbslam3/share/orbslam3/config/rgb-d/associations/fr1_desk2.txt
-- Up-to-date: /home/hp/mars_car_ws/install/orbslam3/share/orbslam3/config/rgb-d/associations/fr2_xyz.txt
-- Up-to-date: /home/hp/mars_car_ws/install/orbslam3/share/orbslam3/config/rgb-d/associations/fr1_room.txt
-- Up-to-date: /home/hp/mars_car_ws/install/orbslam3/share/orbslam3/config/rgb-d/associations/fr3_nstr_tex_near.txt
-- Up-to-date: /home/hp/mars_car_ws/install/orbslam3/share/orbslam3/config/rgb-d/associations/fr1_desk.txt
-- Up-to-date: /home/hp/mars_car_ws/install/orbslam3/share/orbslam3/config/rgb-d/associations/fr1_xyz.txt
-- Up-to-date: /home/hp/mars_car_ws/install/orbslam3/share/orbslam3/config/rgb-d/associations/fr3_str_tex_near.txt
-- Up-to-date: /home/hp/mars_car_ws/install/orbslam3/share/orbslam3/config/rgb-d/associations/fr3_str_tex_far.txt
-- Up-to-date: /home/hp/mars_car_ws/install/orbslam3/share/orbslam3/config/rgb-d/associations/fr3_office_val.txt
-- Up-to-date: /home/hp/mars_car_ws/install/orbslam3/share/orbslam3/config/rgb-d/TUM2.yaml
-- Up-to-date: /home/hp/mars_car_ws/install/orbslam3/share/orbslam3/launch
-- Up-to-date: /home/hp/mars_car_ws/install/orbslam3/share/orbslam3/launch/orbslam3.launch.py
-- Up-to-date: /home/hp/mars_car_ws/install/orbslam3/share/ament_index/resource_index/package_run_dependencies/orbslam3
-- Up-to-date: /home/hp/mars_car_ws/install/orbslam3/share/ament_index/resource_index/parent_prefix_path/orbslam3
-- Up-to-date: /home/hp/mars_car_ws/install/orbslam3/share/orbslam3/environment/ament_prefix_path.sh
-- Up-to-date: /home/hp/mars_car_ws/install/orbslam3/share/orbslam3/environment/ament_prefix_path.dsv
-- Up-to-date: /home/hp/mars_car_ws/install/orbslam3/share/orbslam3/environment/path.sh
-- Up-to-date: /home/hp/mars_car_ws/install/orbslam3/share/orbslam3/environment/path.dsv
-- Up-to-date: /home/hp/mars_car_ws/install/orbslam3/share/orbslam3/local_setup.bash
-- Up-to-date: /home/hp/mars_car_ws/install/orbslam3/share/orbslam3/local_setup.sh
-- Up-to-date: /home/hp/mars_car_ws/install/orbslam3/share/orbslam3/local_setup.zsh
-- Up-to-date: /home/hp/mars_car_ws/install/orbslam3/share/orbslam3/local_setup.dsv
-- Installing: /home/hp/mars_car_ws/install/orbslam3/share/orbslam3/package.dsv
-- Up-to-date: /home/hp/mars_car_ws/install/orbslam3/share/ament_index/resource_index/packages/orbslam3
-- Up-to-date: /home/hp/mars_car_ws/install/orbslam3/share/orbslam3/cmake/orbslam3Config.cmake
-- Up-to-date: /home/hp/mars_car_ws/install/orbslam3/share/orbslam3/cmake/orbslam3Config-version.cmake
-- Up-to-date: /home/hp/mars_car_ws/install/orbslam3/share/orbslam3/package.xml
