[0.022s] Invoking command in '/home/hp/marscar_ws/build/mascar_cartographer': CMAKE_PREFIX_PATH=${CMAKE_PREFIX_PATH}:/home/hp/marscar_ws/install/mediapipe_ros2:/opt/ros/humble /usr/bin/cmake /home/hp/marscar_ws/src/mascar_cartographer -DCMAKE_INSTALL_PREFIX=/home/hp/marscar_ws/install/mascar_cartographer
[0.229s] -- The C compiler identification is GNU 11.4.0
[0.229s] -- The CXX compiler identification is GNU 11.4.0
[0.229s] -- Detecting C compiler ABI info
[0.229s] -- Detecting C compiler ABI info - done
[0.229s] -- Check for working C compiler: /usr/bin/cc - skipped
[0.229s] -- Detecting C compile features
[0.229s] -- Detecting C compile features - done
[0.230s] -- Detecting CXX compiler ABI info
[0.231s] -- Detecting CXX compiler ABI info - done
[0.234s] -- Check for working CXX compiler: /usr/bin/c++ - skipped
[0.235s] -- Detecting CXX compile features
[0.235s] -- Detecting CXX compile features - done
[0.238s] -- Found ament_cmake: 1.3.6 (/opt/ros/humble/share/ament_cmake/cmake)
[0.429s] -- Found Python3: /usr/bin/python3.10 (found version "3.10.12") found components: Interpreter 
[0.555s] -- Configuring done
[0.558s] -- Generating done
[0.559s] -- Build files have been written to: /home/hp/marscar_ws/build/mascar_cartographer
[0.561s] Invoked command in '/home/hp/marscar_ws/build/mascar_cartographer' returned '0': CMAKE_PREFIX_PATH=${CMAKE_PREFIX_PATH}:/home/hp/marscar_ws/install/mediapipe_ros2:/opt/ros/humble /usr/bin/cmake /home/hp/marscar_ws/src/mascar_cartographer -DCMAKE_INSTALL_PREFIX=/home/hp/marscar_ws/install/mascar_cartographer
[0.562s] Invoking command in '/home/hp/marscar_ws/build/mascar_cartographer': CMAKE_PREFIX_PATH=${CMAKE_PREFIX_PATH}:/home/hp/marscar_ws/install/mediapipe_ros2:/opt/ros/humble /usr/bin/cmake --build /home/hp/marscar_ws/build/mascar_cartographer -- -j20 -l20
[0.591s] Invoked command in '/home/hp/marscar_ws/build/mascar_cartographer' returned '0': CMAKE_PREFIX_PATH=${CMAKE_PREFIX_PATH}:/home/hp/marscar_ws/install/mediapipe_ros2:/opt/ros/humble /usr/bin/cmake --build /home/hp/marscar_ws/build/mascar_cartographer -- -j20 -l20
[0.608s] Invoking command in '/home/hp/marscar_ws/build/mascar_cartographer': CMAKE_PREFIX_PATH=${CMAKE_PREFIX_PATH}:/home/hp/marscar_ws/install/mediapipe_ros2:/opt/ros/humble /usr/bin/cmake --install /home/hp/marscar_ws/build/mascar_cartographer
[0.618s] -- Install configuration: ""
[0.619s] -- Installing: /home/hp/marscar_ws/install/mascar_cartographer/share/mascar_cartographer/config
[0.619s] -- Installing: /home/hp/marscar_ws/install/mascar_cartographer/share/mascar_cartographer/config/mascar_lds_2d.lua
[0.619s] -- Installing: /home/hp/marscar_ws/install/mascar_cartographer/share/mascar_cartographer/launch
[0.619s] -- Installing: /home/hp/marscar_ws/install/mascar_cartographer/share/mascar_cartographer/launch/cartographer.launch.py
[0.622s] -- Installing: /home/hp/marscar_ws/install/mascar_cartographer/share/mascar_cartographer/launch/occupancy_grid.launch.py
[0.622s] -- Installing: /home/hp/marscar_ws/install/mascar_cartographer/share/mascar_cartographer/rviz
[0.622s] -- Installing: /home/hp/marscar_ws/install/mascar_cartographer/share/mascar_cartographer/rviz/mascar_cartographer.rviz
[0.622s] -- Installing: /home/hp/marscar_ws/install/mascar_cartographer/share/ament_index/resource_index/package_run_dependencies/mascar_cartographer
[0.623s] -- Installing: /home/hp/marscar_ws/install/mascar_cartographer/share/ament_index/resource_index/parent_prefix_path/mascar_cartographer
[0.623s] -- Installing: /home/hp/marscar_ws/install/mascar_cartographer/share/mascar_cartographer/environment/ament_prefix_path.sh
[0.623s] -- Installing: /home/hp/marscar_ws/install/mascar_cartographer/share/mascar_cartographer/environment/ament_prefix_path.dsv
[0.623s] -- Installing: /home/hp/marscar_ws/install/mascar_cartographer/share/mascar_cartographer/environment/path.sh
[0.624s] -- Installing: /home/hp/marscar_ws/install/mascar_cartographer/share/mascar_cartographer/environment/path.dsv
[0.624s] -- Installing: /home/hp/marscar_ws/install/mascar_cartographer/share/mascar_cartographer/local_setup.bash
[0.624s] -- Installing: /home/hp/marscar_ws/install/mascar_cartographer/share/mascar_cartographer/local_setup.sh
[0.624s] -- Installing: /home/hp/marscar_ws/install/mascar_cartographer/share/mascar_cartographer/local_setup.zsh
[0.624s] -- Installing: /home/hp/marscar_ws/install/mascar_cartographer/share/mascar_cartographer/local_setup.dsv
[0.624s] -- Installing: /home/hp/marscar_ws/install/mascar_cartographer/share/mascar_cartographer/package.dsv
[0.625s] -- Installing: /home/hp/marscar_ws/install/mascar_cartographer/share/ament_index/resource_index/packages/mascar_cartographer
[0.625s] -- Installing: /home/hp/marscar_ws/install/mascar_cartographer/share/mascar_cartographer/cmake/mascar_cartographerConfig.cmake
[0.625s] -- Installing: /home/hp/marscar_ws/install/mascar_cartographer/share/mascar_cartographer/cmake/mascar_cartographerConfig-version.cmake
[0.625s] -- Installing: /home/hp/marscar_ws/install/mascar_cartographer/share/mascar_cartographer/package.xml
[0.632s] Invoked command in '/home/hp/marscar_ws/build/mascar_cartographer' returned '0': CMAKE_PREFIX_PATH=${CMAKE_PREFIX_PATH}:/home/hp/marscar_ws/install/mediapipe_ros2:/opt/ros/humble /usr/bin/cmake --install /home/hp/marscar_ws/build/mascar_cartographer
