-- The C compiler identification is GNU 11.4.0
-- The CXX compiler identification is GNU 11.4.0
-- Detecting C compiler ABI info
-- Detecting C compiler ABI info - done
-- Check for working C compiler: /usr/bin/cc - skipped
-- Detecting C compile features
-- Detecting C compile features - done
-- Detecting CXX compiler ABI info
-- Detecting CXX compiler ABI info - done
-- Check for working CXX compiler: /usr/bin/c++ - skipped
-- Detecting CXX compile features
-- Detecting CXX compile features - done
-- Found ament_cmake: 1.3.6 (/opt/ros/humble/share/ament_cmake/cmake)
-- Found Python3: /usr/bin/python3.10 (found version "3.10.12") found components: Interpreter 
-- Found rclcpp: 16.0.7 (/opt/ros/humble/share/rclcpp/cmake)
-- Found rosidl_generator_c: 3.1.5 (/opt/ros/humble/share/rosidl_generator_c/cmake)
-- Found rosidl_adapter: 3.1.5 (/opt/ros/humble/share/rosidl_adapter/cmake)
-- Found rosidl_generator_cpp: 3.1.5 (/opt/ros/humble/share/rosidl_generator_cpp/cmake)
-- Using all available rosidl_typesupport_c: rosidl_typesupport_fastrtps_c;rosidl_typesupport_introspection_c
-- Using all available rosidl_typesupport_cpp: rosidl_typesupport_fastrtps_cpp;rosidl_typesupport_introspection_cpp
-- Found rmw_implementation_cmake: 6.1.1 (/opt/ros/humble/share/rmw_implementation_cmake/cmake)
-- Found rmw_fastrtps_cpp: 6.2.5 (/opt/ros/humble/share/rmw_fastrtps_cpp/cmake)
-- Found OpenSSL: /usr/lib/x86_64-linux-gnu/libcrypto.so (found version "3.0.2")  
-- Found FastRTPS: /opt/ros/humble/include  
-- Using RMW implementation 'rmw_fastrtps_cpp' as default
-- Looking for pthread.h
-- Looking for pthread.h - found
-- Performing Test CMAKE_HAVE_LIBC_PTHREAD
-- Performing Test CMAKE_HAVE_LIBC_PTHREAD - Success
-- Found Threads: TRUE  
-- Found sensor_msgs: 4.2.3 (/opt/ros/humble/share/sensor_msgs/cmake)
-- Found cv_bridge: 3.2.1 (/opt/ros/humble/share/cv_bridge/cmake)
-- Found message_filters: 4.3.3 (/opt/ros/humble/share/message_filters/cmake)
-- Found ORB_SLAM3: /home/hp/ORB_SLAM3/lib/libORB_SLAM3.so  
-- Configuring done
-- Generating done
-- Build files have been written to: /home/hp/marscar_ws/build/orbslam3
[  8%] [32mBuilding CXX object CMakeFiles/mono.dir/src/monocular/mono.cpp.o[0m
[ 25%] [32mBuilding CXX object CMakeFiles/stereo.dir/src/stereo/stereo.cpp.o[0m
[ 25%] [32mBuilding CXX object CMakeFiles/rgbd.dir/src/rgbd/rgbd.cpp.o[0m
[ 33%] [32mBuilding CXX object CMakeFiles/stereo.dir/src/stereo/stereo-slam-node.cpp.o[0m
[ 50%] [32mBuilding CXX object CMakeFiles/mono.dir/src/monocular/monocular-slam-node.cpp.o[0m
[ 50%] [32mBuilding CXX object CMakeFiles/rgbd.dir/src/rgbd/rgbd-slam-node.cpp.o[0m
[ 58%] [32mBuilding CXX object CMakeFiles/stereo-inertial.dir/src/stereo-inertial/stereo-inertial.cpp.o[0m
[ 66%] [32mBuilding CXX object CMakeFiles/stereo-inertial.dir/src/stereo-inertial/stereo-inertial-node.cpp.o[0m
[ 75%] [32m[1mLinking CXX executable stereo-inertial[0m
[ 83%] [32m[1mLinking CXX executable mono[0m
[ 83%] Built target mono
[ 83%] Built target stereo-inertial
[ 91%] [32m[1mLinking CXX executable stereo[0m
[100%] [32m[1mLinking CXX executable rgbd[0m
[100%] Built target stereo
[100%] Built target rgbd
-- Install configuration: ""
-- Installing: /home/hp/marscar_ws/install/orbslam3/lib/orbslam3/mono
-- Set runtime path of "/home/hp/marscar_ws/install/orbslam3/lib/orbslam3/mono" to ""
-- Installing: /home/hp/marscar_ws/install/orbslam3/lib/orbslam3/rgbd
-- Set runtime path of "/home/hp/marscar_ws/install/orbslam3/lib/orbslam3/rgbd" to ""
-- Installing: /home/hp/marscar_ws/install/orbslam3/lib/orbslam3/stereo
-- Set runtime path of "/home/hp/marscar_ws/install/orbslam3/lib/orbslam3/stereo" to ""
-- Installing: /home/hp/marscar_ws/install/orbslam3/lib/orbslam3/stereo-inertial
-- Set runtime path of "/home/hp/marscar_ws/install/orbslam3/lib/orbslam3/stereo-inertial" to ""
-- Installing: /home/hp/marscar_ws/install/orbslam3/share/orbslam3/config
-- Installing: /home/hp/marscar_ws/install/orbslam3/share/orbslam3/config/monocular-inertial
-- Installing: /home/hp/marscar_ws/install/orbslam3/share/orbslam3/config/monocular-inertial/TUM-VI_far.yaml
-- Installing: /home/hp/marscar_ws/install/orbslam3/share/orbslam3/config/monocular-inertial/RealSense_D435i.yaml
-- Installing: /home/hp/marscar_ws/install/orbslam3/share/orbslam3/config/monocular-inertial/TUM_IMU
-- Installing: /home/hp/marscar_ws/install/orbslam3/share/orbslam3/config/monocular-inertial/TUM_IMU/dataset-outdoors1_512.txt
-- Installing: /home/hp/marscar_ws/install/orbslam3/share/orbslam3/config/monocular-inertial/TUM_IMU/dataset-corridor2_1024.txt
-- Installing: /home/hp/marscar_ws/install/orbslam3/share/orbslam3/config/monocular-inertial/TUM_IMU/dataset-room4_512.txt
-- Installing: /home/hp/marscar_ws/install/orbslam3/share/orbslam3/config/monocular-inertial/TUM_IMU/dataset-room3_512.txt
-- Installing: /home/hp/marscar_ws/install/orbslam3/share/orbslam3/config/monocular-inertial/TUM_IMU/dataset-slides1_512.txt
-- Installing: /home/hp/marscar_ws/install/orbslam3/share/orbslam3/config/monocular-inertial/TUM_IMU/dataset-room2_512.txt
-- Installing: /home/hp/marscar_ws/install/orbslam3/share/orbslam3/config/monocular-inertial/TUM_IMU/dataset-room6_512.txt
-- Installing: /home/hp/marscar_ws/install/orbslam3/share/orbslam3/config/monocular-inertial/TUM_IMU/dataset-slides2_512.txt
-- Installing: /home/hp/marscar_ws/install/orbslam3/share/orbslam3/config/monocular-inertial/TUM_IMU/dataset-magistrale2_512.txt
-- Installing: /home/hp/marscar_ws/install/orbslam3/share/orbslam3/config/monocular-inertial/TUM_IMU/dataset-corridor5_512.txt
-- Installing: /home/hp/marscar_ws/install/orbslam3/share/orbslam3/config/monocular-inertial/TUM_IMU/dataset-room1_512.txt
-- Installing: /home/hp/marscar_ws/install/orbslam3/share/orbslam3/config/monocular-inertial/TUM_IMU/dataset-magistrale5_512.txt
-- Installing: /home/hp/marscar_ws/install/orbslam3/share/orbslam3/config/monocular-inertial/TUM_IMU/dataset-outdoors2_512.txt
-- Installing: /home/hp/marscar_ws/install/orbslam3/share/orbslam3/config/monocular-inertial/TUM_IMU/dataset-corridor1_512.txt
-- Installing: /home/hp/marscar_ws/install/orbslam3/share/orbslam3/config/monocular-inertial/TUM_IMU/dataset-corridor3_512.txt
-- Installing: /home/hp/marscar_ws/install/orbslam3/share/orbslam3/config/monocular-inertial/TUM_IMU/dataset-outdoors3_512.txt
-- Installing: /home/hp/marscar_ws/install/orbslam3/share/orbslam3/config/monocular-inertial/TUM_IMU/dataset-outdoors4_512.txt
-- Installing: /home/hp/marscar_ws/install/orbslam3/share/orbslam3/config/monocular-inertial/TUM_IMU/dataset-outdoors8_512.txt
-- Installing: /home/hp/marscar_ws/install/orbslam3/share/orbslam3/config/monocular-inertial/TUM_IMU/dataset-slides3_512.txt
-- Installing: /home/hp/marscar_ws/install/orbslam3/share/orbslam3/config/monocular-inertial/TUM_IMU/dataset-magistrale4_512.txt
-- Installing: /home/hp/marscar_ws/install/orbslam3/share/orbslam3/config/monocular-inertial/TUM_IMU/dataset-corridor4_512.txt
-- Installing: /home/hp/marscar_ws/install/orbslam3/share/orbslam3/config/monocular-inertial/TUM_IMU/dataset-outdoors7_512.txt
-- Installing: /home/hp/marscar_ws/install/orbslam3/share/orbslam3/config/monocular-inertial/TUM_IMU/dataset-outdoors6_512.txt
-- Installing: /home/hp/marscar_ws/install/orbslam3/share/orbslam3/config/monocular-inertial/TUM_IMU/dataset-magistrale3_512.txt
-- Installing: /home/hp/marscar_ws/install/orbslam3/share/orbslam3/config/monocular-inertial/TUM_IMU/dataset-corridor2_512.txt
-- Installing: /home/hp/marscar_ws/install/orbslam3/share/orbslam3/config/monocular-inertial/TUM_IMU/dataset-room5_512.txt
-- Installing: /home/hp/marscar_ws/install/orbslam3/share/orbslam3/config/monocular-inertial/TUM_IMU/dataset-magistrale1_512.txt
-- Installing: /home/hp/marscar_ws/install/orbslam3/share/orbslam3/config/monocular-inertial/TUM_IMU/dataset-magistrale6_512.txt
-- Installing: /home/hp/marscar_ws/install/orbslam3/share/orbslam3/config/monocular-inertial/TUM_IMU/dataset-outdoors5_512.txt
-- Installing: /home/hp/marscar_ws/install/orbslam3/share/orbslam3/config/monocular-inertial/EuRoC_TimeStamps
-- Installing: /home/hp/marscar_ws/install/orbslam3/share/orbslam3/config/monocular-inertial/EuRoC_TimeStamps/MH03.txt
-- Installing: /home/hp/marscar_ws/install/orbslam3/share/orbslam3/config/monocular-inertial/EuRoC_TimeStamps/V203.txt
-- Installing: /home/hp/marscar_ws/install/orbslam3/share/orbslam3/config/monocular-inertial/EuRoC_TimeStamps/MH02.txt
-- Installing: /home/hp/marscar_ws/install/orbslam3/share/orbslam3/config/monocular-inertial/EuRoC_TimeStamps/MH04.txt
-- Installing: /home/hp/marscar_ws/install/orbslam3/share/orbslam3/config/monocular-inertial/EuRoC_TimeStamps/MH05.txt
-- Installing: /home/hp/marscar_ws/install/orbslam3/share/orbslam3/config/monocular-inertial/EuRoC_TimeStamps/V201.txt
-- Installing: /home/hp/marscar_ws/install/orbslam3/share/orbslam3/config/monocular-inertial/EuRoC_TimeStamps/V202.txt
-- Installing: /home/hp/marscar_ws/install/orbslam3/share/orbslam3/config/monocular-inertial/EuRoC_TimeStamps/V101.txt
-- Installing: /home/hp/marscar_ws/install/orbslam3/share/orbslam3/config/monocular-inertial/EuRoC_TimeStamps/V103.txt
-- Installing: /home/hp/marscar_ws/install/orbslam3/share/orbslam3/config/monocular-inertial/EuRoC_TimeStamps/V102.txt
-- Installing: /home/hp/marscar_ws/install/orbslam3/share/orbslam3/config/monocular-inertial/EuRoC_TimeStamps/MH01.txt
-- Installing: /home/hp/marscar_ws/install/orbslam3/share/orbslam3/config/monocular-inertial/TUM_TimeStamps
-- Installing: /home/hp/marscar_ws/install/orbslam3/share/orbslam3/config/monocular-inertial/TUM_TimeStamps/dataset-outdoors1_512.txt
-- Installing: /home/hp/marscar_ws/install/orbslam3/share/orbslam3/config/monocular-inertial/TUM_TimeStamps/dataset-corridor2_1024.txt
-- Installing: /home/hp/marscar_ws/install/orbslam3/share/orbslam3/config/monocular-inertial/TUM_TimeStamps/dataset-room4_512.txt
-- Installing: /home/hp/marscar_ws/install/orbslam3/share/orbslam3/config/monocular-inertial/TUM_TimeStamps/dataset-room3_512.txt
-- Installing: /home/hp/marscar_ws/install/orbslam3/share/orbslam3/config/monocular-inertial/TUM_TimeStamps/dataset-slides1_512.txt
-- Installing: /home/hp/marscar_ws/install/orbslam3/share/orbslam3/config/monocular-inertial/TUM_TimeStamps/dataset-room2_512.txt
-- Installing: /home/hp/marscar_ws/install/orbslam3/share/orbslam3/config/monocular-inertial/TUM_TimeStamps/dataset-room6_512.txt
-- Installing: /home/hp/marscar_ws/install/orbslam3/share/orbslam3/config/monocular-inertial/TUM_TimeStamps/dataset-slides2_512.txt
-- Installing: /home/hp/marscar_ws/install/orbslam3/share/orbslam3/config/monocular-inertial/TUM_TimeStamps/dataset-magistrale2_512.txt
-- Installing: /home/hp/marscar_ws/install/orbslam3/share/orbslam3/config/monocular-inertial/TUM_TimeStamps/dataset-corridor5_512.txt
-- Installing: /home/hp/marscar_ws/install/orbslam3/share/orbslam3/config/monocular-inertial/TUM_TimeStamps/dataset-room1_512.txt
-- Installing: /home/hp/marscar_ws/install/orbslam3/share/orbslam3/config/monocular-inertial/TUM_TimeStamps/dataset-magistrale5_512.txt
-- Installing: /home/hp/marscar_ws/install/orbslam3/share/orbslam3/config/monocular-inertial/TUM_TimeStamps/dataset-outdoors2_512.txt
-- Installing: /home/hp/marscar_ws/install/orbslam3/share/orbslam3/config/monocular-inertial/TUM_TimeStamps/dataset-corridor1_512.txt
-- Installing: /home/hp/marscar_ws/install/orbslam3/share/orbslam3/config/monocular-inertial/TUM_TimeStamps/dataset-corridor3_512.txt
-- Installing: /home/hp/marscar_ws/install/orbslam3/share/orbslam3/config/monocular-inertial/TUM_TimeStamps/dataset-outdoors3_512.txt
-- Installing: /home/hp/marscar_ws/install/orbslam3/share/orbslam3/config/monocular-inertial/TUM_TimeStamps/dataset-outdoors4_512.txt
-- Installing: /home/hp/marscar_ws/install/orbslam3/share/orbslam3/config/monocular-inertial/TUM_TimeStamps/dataset-outdoors8_512.txt
-- Installing: /home/hp/marscar_ws/install/orbslam3/share/orbslam3/config/monocular-inertial/TUM_TimeStamps/dataset-slides3_512.txt
-- Installing: /home/hp/marscar_ws/install/orbslam3/share/orbslam3/config/monocular-inertial/TUM_TimeStamps/dataset-magistrale4_512.txt
-- Installing: /home/hp/marscar_ws/install/orbslam3/share/orbslam3/config/monocular-inertial/TUM_TimeStamps/dataset-corridor4_512.txt
-- Installing: /home/hp/marscar_ws/install/orbslam3/share/orbslam3/config/monocular-inertial/TUM_TimeStamps/dataset-outdoors7_512.txt
-- Installing: /home/hp/marscar_ws/install/orbslam3/share/orbslam3/config/monocular-inertial/TUM_TimeStamps/dataset-outdoors6_512.txt
-- Installing: /home/hp/marscar_ws/install/orbslam3/share/orbslam3/config/monocular-inertial/TUM_TimeStamps/dataset-magistrale3_512.txt
-- Installing: /home/hp/marscar_ws/install/orbslam3/share/orbslam3/config/monocular-inertial/TUM_TimeStamps/dataset-corridor2_512.txt
-- Installing: /home/hp/marscar_ws/install/orbslam3/share/orbslam3/config/monocular-inertial/TUM_TimeStamps/dataset-room5_512.txt
-- Installing: /home/hp/marscar_ws/install/orbslam3/share/orbslam3/config/monocular-inertial/TUM_TimeStamps/dataset-magistrale1_512.txt
-- Installing: /home/hp/marscar_ws/install/orbslam3/share/orbslam3/config/monocular-inertial/TUM_TimeStamps/dataset-magistrale6_512.txt
-- Installing: /home/hp/marscar_ws/install/orbslam3/share/orbslam3/config/monocular-inertial/TUM_TimeStamps/dataset-outdoors5_512.txt
-- Installing: /home/hp/marscar_ws/install/orbslam3/share/orbslam3/config/monocular-inertial/MultiSession
-- Installing: /home/hp/marscar_ws/install/orbslam3/share/orbslam3/config/monocular-inertial/MultiSession/EuRoC_V203.yaml
-- Installing: /home/hp/marscar_ws/install/orbslam3/share/orbslam3/config/monocular-inertial/MultiSession/EuRoC_MH02.yaml
-- Installing: /home/hp/marscar_ws/install/orbslam3/share/orbslam3/config/monocular-inertial/MultiSession/EuRoC_V102.yaml
-- Installing: /home/hp/marscar_ws/install/orbslam3/share/orbslam3/config/monocular-inertial/MultiSession/EuRoC_V202.yaml
-- Installing: /home/hp/marscar_ws/install/orbslam3/share/orbslam3/config/monocular-inertial/MultiSession/EuRoC_V101.yaml
-- Installing: /home/hp/marscar_ws/install/orbslam3/share/orbslam3/config/monocular-inertial/MultiSession/EuRoC_MH01.yaml
-- Installing: /home/hp/marscar_ws/install/orbslam3/share/orbslam3/config/monocular-inertial/MultiSession/EuRoC_MH03.yaml
-- Installing: /home/hp/marscar_ws/install/orbslam3/share/orbslam3/config/monocular-inertial/MultiSession/EuRoC_MH04.yaml
-- Installing: /home/hp/marscar_ws/install/orbslam3/share/orbslam3/config/monocular-inertial/MultiSession/EuRoC_MH05.yaml
-- Installing: /home/hp/marscar_ws/install/orbslam3/share/orbslam3/config/monocular-inertial/MultiSession/EuRoC_V103.yaml
-- Installing: /home/hp/marscar_ws/install/orbslam3/share/orbslam3/config/monocular-inertial/MultiSession/EuRoC_V201.yaml
-- Installing: /home/hp/marscar_ws/install/orbslam3/share/orbslam3/config/monocular-inertial/TUM-VI.yaml
-- Installing: /home/hp/marscar_ws/install/orbslam3/share/orbslam3/config/monocular-inertial/EuRoC.yaml
-- Installing: /home/hp/marscar_ws/install/orbslam3/share/orbslam3/config/monocular-inertial/EuRoC_IMU
-- Installing: /home/hp/marscar_ws/install/orbslam3/share/orbslam3/config/monocular-inertial/EuRoC_IMU/MH03.txt
-- Installing: /home/hp/marscar_ws/install/orbslam3/share/orbslam3/config/monocular-inertial/EuRoC_IMU/V203.txt
-- Installing: /home/hp/marscar_ws/install/orbslam3/share/orbslam3/config/monocular-inertial/EuRoC_IMU/MH02.txt
-- Installing: /home/hp/marscar_ws/install/orbslam3/share/orbslam3/config/monocular-inertial/EuRoC_IMU/MH04.txt
-- Installing: /home/hp/marscar_ws/install/orbslam3/share/orbslam3/config/monocular-inertial/EuRoC_IMU/MH05.txt
-- Installing: /home/hp/marscar_ws/install/orbslam3/share/orbslam3/config/monocular-inertial/EuRoC_IMU/V201.txt
-- Installing: /home/hp/marscar_ws/install/orbslam3/share/orbslam3/config/monocular-inertial/EuRoC_IMU/V202.txt
-- Installing: /home/hp/marscar_ws/install/orbslam3/share/orbslam3/config/monocular-inertial/EuRoC_IMU/V101.txt
-- Installing: /home/hp/marscar_ws/install/orbslam3/share/orbslam3/config/monocular-inertial/EuRoC_IMU/V103.txt
-- Installing: /home/hp/marscar_ws/install/orbslam3/share/orbslam3/config/monocular-inertial/EuRoC_IMU/V102.txt
-- Installing: /home/hp/marscar_ws/install/orbslam3/share/orbslam3/config/monocular-inertial/EuRoC_IMU/MH01.txt
-- Installing: /home/hp/marscar_ws/install/orbslam3/share/orbslam3/config/monocular-inertial/RealSense_T265.yaml
-- Installing: /home/hp/marscar_ws/install/orbslam3/share/orbslam3/config/rgb-d-inertial
-- Installing: /home/hp/marscar_ws/install/orbslam3/share/orbslam3/config/rgb-d-inertial/RealSense_D435i.yaml
-- Installing: /home/hp/marscar_ws/install/orbslam3/share/orbslam3/config/stereo-inertial
-- Installing: /home/hp/marscar_ws/install/orbslam3/share/orbslam3/config/stereo-inertial/TUM-VI_far.yaml
-- Installing: /home/hp/marscar_ws/install/orbslam3/share/orbslam3/config/stereo-inertial/RealSense_D435i.yaml
-- Installing: /home/hp/marscar_ws/install/orbslam3/share/orbslam3/config/stereo-inertial/TUM_IMU
-- Installing: /home/hp/marscar_ws/install/orbslam3/share/orbslam3/config/stereo-inertial/TUM_IMU/dataset-outdoors1_512.txt
-- Installing: /home/hp/marscar_ws/install/orbslam3/share/orbslam3/config/stereo-inertial/TUM_IMU/dataset-corridor2_1024.txt
-- Installing: /home/hp/marscar_ws/install/orbslam3/share/orbslam3/config/stereo-inertial/TUM_IMU/dataset-room4_512.txt
-- Installing: /home/hp/marscar_ws/install/orbslam3/share/orbslam3/config/stereo-inertial/TUM_IMU/dataset-room3_512.txt
-- Installing: /home/hp/marscar_ws/install/orbslam3/share/orbslam3/config/stereo-inertial/TUM_IMU/dataset-slides1_512.txt
-- Installing: /home/hp/marscar_ws/install/orbslam3/share/orbslam3/config/stereo-inertial/TUM_IMU/dataset-room2_512.txt
-- Installing: /home/hp/marscar_ws/install/orbslam3/share/orbslam3/config/stereo-inertial/TUM_IMU/dataset-room6_512.txt
-- Installing: /home/hp/marscar_ws/install/orbslam3/share/orbslam3/config/stereo-inertial/TUM_IMU/dataset-slides2_512.txt
-- Installing: /home/hp/marscar_ws/install/orbslam3/share/orbslam3/config/stereo-inertial/TUM_IMU/dataset-magistrale2_512.txt
-- Installing: /home/hp/marscar_ws/install/orbslam3/share/orbslam3/config/stereo-inertial/TUM_IMU/dataset-corridor5_512.txt
-- Installing: /home/hp/marscar_ws/install/orbslam3/share/orbslam3/config/stereo-inertial/TUM_IMU/dataset-room1_512.txt
-- Installing: /home/hp/marscar_ws/install/orbslam3/share/orbslam3/config/stereo-inertial/TUM_IMU/dataset-magistrale5_512.txt
-- Installing: /home/hp/marscar_ws/install/orbslam3/share/orbslam3/config/stereo-inertial/TUM_IMU/dataset-outdoors2_512.txt
-- Installing: /home/hp/marscar_ws/install/orbslam3/share/orbslam3/config/stereo-inertial/TUM_IMU/dataset-corridor1_512.txt
-- Installing: /home/hp/marscar_ws/install/orbslam3/share/orbslam3/config/stereo-inertial/TUM_IMU/dataset-corridor3_512.txt
-- Installing: /home/hp/marscar_ws/install/orbslam3/share/orbslam3/config/stereo-inertial/TUM_IMU/dataset-outdoors3_512.txt
-- Installing: /home/hp/marscar_ws/install/orbslam3/share/orbslam3/config/stereo-inertial/TUM_IMU/dataset-outdoors4_512.txt
-- Installing: /home/hp/marscar_ws/install/orbslam3/share/orbslam3/config/stereo-inertial/TUM_IMU/dataset-outdoors8_512.txt
-- Installing: /home/hp/marscar_ws/install/orbslam3/share/orbslam3/config/stereo-inertial/TUM_IMU/dataset-slides3_512.txt
-- Installing: /home/hp/marscar_ws/install/orbslam3/share/orbslam3/config/stereo-inertial/TUM_IMU/dataset-magistrale4_512.txt
-- Installing: /home/hp/marscar_ws/install/orbslam3/share/orbslam3/config/stereo-inertial/TUM_IMU/dataset-corridor4_512.txt
-- Installing: /home/hp/marscar_ws/install/orbslam3/share/orbslam3/config/stereo-inertial/TUM_IMU/dataset-outdoors7_512.txt
-- Installing: /home/hp/marscar_ws/install/orbslam3/share/orbslam3/config/stereo-inertial/TUM_IMU/dataset-outdoors6_512.txt
-- Installing: /home/hp/marscar_ws/install/orbslam3/share/orbslam3/config/stereo-inertial/TUM_IMU/dataset-magistrale3_512.txt
-- Installing: /home/hp/marscar_ws/install/orbslam3/share/orbslam3/config/stereo-inertial/TUM_IMU/dataset-corridor2_512.txt
-- Installing: /home/hp/marscar_ws/install/orbslam3/share/orbslam3/config/stereo-inertial/TUM_IMU/dataset-room5_512.txt
-- Installing: /home/hp/marscar_ws/install/orbslam3/share/orbslam3/config/stereo-inertial/TUM_IMU/dataset-magistrale1_512.txt
-- Installing: /home/hp/marscar_ws/install/orbslam3/share/orbslam3/config/stereo-inertial/TUM_IMU/dataset-magistrale6_512.txt
-- Installing: /home/hp/marscar_ws/install/orbslam3/share/orbslam3/config/stereo-inertial/TUM_IMU/dataset-outdoors5_512.txt
-- Installing: /home/hp/marscar_ws/install/orbslam3/share/orbslam3/config/stereo-inertial/EuRoC_TimeStamps
-- Installing: /home/hp/marscar_ws/install/orbslam3/share/orbslam3/config/stereo-inertial/EuRoC_TimeStamps/MH03.txt
-- Installing: /home/hp/marscar_ws/install/orbslam3/share/orbslam3/config/stereo-inertial/EuRoC_TimeStamps/V203.txt
-- Installing: /home/hp/marscar_ws/install/orbslam3/share/orbslam3/config/stereo-inertial/EuRoC_TimeStamps/MH02.txt
-- Installing: /home/hp/marscar_ws/install/orbslam3/share/orbslam3/config/stereo-inertial/EuRoC_TimeStamps/MH04.txt
-- Installing: /home/hp/marscar_ws/install/orbslam3/share/orbslam3/config/stereo-inertial/EuRoC_TimeStamps/V203_2.txt
-- Installing: /home/hp/marscar_ws/install/orbslam3/share/orbslam3/config/stereo-inertial/EuRoC_TimeStamps/MH05.txt
-- Installing: /home/hp/marscar_ws/install/orbslam3/share/orbslam3/config/stereo-inertial/EuRoC_TimeStamps/V201.txt
-- Installing: /home/hp/marscar_ws/install/orbslam3/share/orbslam3/config/stereo-inertial/EuRoC_TimeStamps/V202.txt
-- Installing: /home/hp/marscar_ws/install/orbslam3/share/orbslam3/config/stereo-inertial/EuRoC_TimeStamps/V101.txt
-- Installing: /home/hp/marscar_ws/install/orbslam3/share/orbslam3/config/stereo-inertial/EuRoC_TimeStamps/V103.txt
-- Installing: /home/hp/marscar_ws/install/orbslam3/share/orbslam3/config/stereo-inertial/EuRoC_TimeStamps/V102.txt
-- Installing: /home/hp/marscar_ws/install/orbslam3/share/orbslam3/config/stereo-inertial/EuRoC_TimeStamps/MH01.txt
-- Installing: /home/hp/marscar_ws/install/orbslam3/share/orbslam3/config/stereo-inertial/TUM_TimeStamps
-- Installing: /home/hp/marscar_ws/install/orbslam3/share/orbslam3/config/stereo-inertial/TUM_TimeStamps/dataset-outdoors1_512.txt
-- Installing: /home/hp/marscar_ws/install/orbslam3/share/orbslam3/config/stereo-inertial/TUM_TimeStamps/dataset-corridor2_1024.txt
-- Installing: /home/hp/marscar_ws/install/orbslam3/share/orbslam3/config/stereo-inertial/TUM_TimeStamps/dataset-room4_512.txt
-- Installing: /home/hp/marscar_ws/install/orbslam3/share/orbslam3/config/stereo-inertial/TUM_TimeStamps/dataset-room3_512.txt
-- Installing: /home/hp/marscar_ws/install/orbslam3/share/orbslam3/config/stereo-inertial/TUM_TimeStamps/dataset-slides1_512.txt
-- Installing: /home/hp/marscar_ws/install/orbslam3/share/orbslam3/config/stereo-inertial/TUM_TimeStamps/dataset-room2_512.txt
-- Installing: /home/hp/marscar_ws/install/orbslam3/share/orbslam3/config/stereo-inertial/TUM_TimeStamps/dataset-room6_512.txt
-- Installing: /home/hp/marscar_ws/install/orbslam3/share/orbslam3/config/stereo-inertial/TUM_TimeStamps/dataset-slides2_512.txt
-- Installing: /home/hp/marscar_ws/install/orbslam3/share/orbslam3/config/stereo-inertial/TUM_TimeStamps/dataset-magistrale2_512.txt
-- Installing: /home/hp/marscar_ws/install/orbslam3/share/orbslam3/config/stereo-inertial/TUM_TimeStamps/dataset-corridor5_512.txt
-- Installing: /home/hp/marscar_ws/install/orbslam3/share/orbslam3/config/stereo-inertial/TUM_TimeStamps/dataset-room1_512.txt
-- Installing: /home/hp/marscar_ws/install/orbslam3/share/orbslam3/config/stereo-inertial/TUM_TimeStamps/dataset-magistrale5_512.txt
-- Installing: /home/hp/marscar_ws/install/orbslam3/share/orbslam3/config/stereo-inertial/TUM_TimeStamps/dataset-outdoors2_512.txt
-- Installing: /home/hp/marscar_ws/install/orbslam3/share/orbslam3/config/stereo-inertial/TUM_TimeStamps/dataset-corridor1_512.txt
-- Installing: /home/hp/marscar_ws/install/orbslam3/share/orbslam3/config/stereo-inertial/TUM_TimeStamps/dataset-corridor3_512.txt
-- Installing: /home/hp/marscar_ws/install/orbslam3/share/orbslam3/config/stereo-inertial/TUM_TimeStamps/dataset-outdoors3_512.txt
-- Installing: /home/hp/marscar_ws/install/orbslam3/share/orbslam3/config/stereo-inertial/TUM_TimeStamps/dataset-outdoors4_512.txt
-- Installing: /home/hp/marscar_ws/install/orbslam3/share/orbslam3/config/stereo-inertial/TUM_TimeStamps/dataset-outdoors8_512.txt
-- Installing: /home/hp/marscar_ws/install/orbslam3/share/orbslam3/config/stereo-inertial/TUM_TimeStamps/dataset-slides3_512.txt
-- Installing: /home/hp/marscar_ws/install/orbslam3/share/orbslam3/config/stereo-inertial/TUM_TimeStamps/dataset-magistrale4_512.txt
-- Installing: /home/hp/marscar_ws/install/orbslam3/share/orbslam3/config/stereo-inertial/TUM_TimeStamps/dataset-corridor4_512.txt
-- Installing: /home/hp/marscar_ws/install/orbslam3/share/orbslam3/config/stereo-inertial/TUM_TimeStamps/dataset-outdoors7_512.txt
-- Installing: /home/hp/marscar_ws/install/orbslam3/share/orbslam3/config/stereo-inertial/TUM_TimeStamps/dataset-outdoors6_512.txt
-- Installing: /home/hp/marscar_ws/install/orbslam3/share/orbslam3/config/stereo-inertial/TUM_TimeStamps/dataset-magistrale3_512.txt
-- Installing: /home/hp/marscar_ws/install/orbslam3/share/orbslam3/config/stereo-inertial/TUM_TimeStamps/dataset-corridor2_512.txt
-- Installing: /home/hp/marscar_ws/install/orbslam3/share/orbslam3/config/stereo-inertial/TUM_TimeStamps/dataset-room5_512.txt
-- Installing: /home/hp/marscar_ws/install/orbslam3/share/orbslam3/config/stereo-inertial/TUM_TimeStamps/dataset-magistrale1_512.txt
-- Installing: /home/hp/marscar_ws/install/orbslam3/share/orbslam3/config/stereo-inertial/TUM_TimeStamps/dataset-magistrale6_512.txt
-- Installing: /home/hp/marscar_ws/install/orbslam3/share/orbslam3/config/stereo-inertial/TUM_TimeStamps/dataset-outdoors5_512.txt
-- Installing: /home/hp/marscar_ws/install/orbslam3/share/orbslam3/config/stereo-inertial/MultiSession
-- Installing: /home/hp/marscar_ws/install/orbslam3/share/orbslam3/config/stereo-inertial/MultiSession/EuRoC_V203.yaml
-- Installing: /home/hp/marscar_ws/install/orbslam3/share/orbslam3/config/stereo-inertial/MultiSession/EuRoC_MH02.yaml
-- Installing: /home/hp/marscar_ws/install/orbslam3/share/orbslam3/config/stereo-inertial/MultiSession/EuRoC_V102.yaml
-- Installing: /home/hp/marscar_ws/install/orbslam3/share/orbslam3/config/stereo-inertial/MultiSession/EuRoC_V202.yaml
-- Installing: /home/hp/marscar_ws/install/orbslam3/share/orbslam3/config/stereo-inertial/MultiSession/EuRoC_V101.yaml
-- Installing: /home/hp/marscar_ws/install/orbslam3/share/orbslam3/config/stereo-inertial/MultiSession/EuRoC_MH01.yaml
-- Installing: /home/hp/marscar_ws/install/orbslam3/share/orbslam3/config/stereo-inertial/MultiSession/EuRoC_MH03.yaml
-- Installing: /home/hp/marscar_ws/install/orbslam3/share/orbslam3/config/stereo-inertial/MultiSession/EuRoC_MH04.yaml
-- Installing: /home/hp/marscar_ws/install/orbslam3/share/orbslam3/config/stereo-inertial/MultiSession/EuRoC_MH05.yaml
-- Installing: /home/hp/marscar_ws/install/orbslam3/share/orbslam3/config/stereo-inertial/MultiSession/EuRoC_V103.yaml
-- Installing: /home/hp/marscar_ws/install/orbslam3/share/orbslam3/config/stereo-inertial/MultiSession/EuRoC_V201.yaml
-- Installing: /home/hp/marscar_ws/install/orbslam3/share/orbslam3/config/stereo-inertial/TUM-VI.yaml
-- Installing: /home/hp/marscar_ws/install/orbslam3/share/orbslam3/config/stereo-inertial/EuRoC.yaml
-- Installing: /home/hp/marscar_ws/install/orbslam3/share/orbslam3/config/stereo-inertial/EuRoC_IMU
-- Installing: /home/hp/marscar_ws/install/orbslam3/share/orbslam3/config/stereo-inertial/EuRoC_IMU/MH03.txt
-- Installing: /home/hp/marscar_ws/install/orbslam3/share/orbslam3/config/stereo-inertial/EuRoC_IMU/V203.txt
-- Installing: /home/hp/marscar_ws/install/orbslam3/share/orbslam3/config/stereo-inertial/EuRoC_IMU/MH02.txt
-- Installing: /home/hp/marscar_ws/install/orbslam3/share/orbslam3/config/stereo-inertial/EuRoC_IMU/MH04.txt
-- Installing: /home/hp/marscar_ws/install/orbslam3/share/orbslam3/config/stereo-inertial/EuRoC_IMU/MH05.txt
-- Installing: /home/hp/marscar_ws/install/orbslam3/share/orbslam3/config/stereo-inertial/EuRoC_IMU/V201.txt
-- Installing: /home/hp/marscar_ws/install/orbslam3/share/orbslam3/config/stereo-inertial/EuRoC_IMU/V202.txt
-- Installing: /home/hp/marscar_ws/install/orbslam3/share/orbslam3/config/stereo-inertial/EuRoC_IMU/V101.txt
-- Installing: /home/hp/marscar_ws/install/orbslam3/share/orbslam3/config/stereo-inertial/EuRoC_IMU/V103.txt
-- Installing: /home/hp/marscar_ws/install/orbslam3/share/orbslam3/config/stereo-inertial/EuRoC_IMU/V102.txt
-- Installing: /home/hp/marscar_ws/install/orbslam3/share/orbslam3/config/stereo-inertial/EuRoC_IMU/MH01.txt
-- Installing: /home/hp/marscar_ws/install/orbslam3/share/orbslam3/config/stereo-inertial/RealSense_T265.yaml
-- Installing: /home/hp/marscar_ws/install/orbslam3/share/orbslam3/config/stereo
-- Installing: /home/hp/marscar_ws/install/orbslam3/share/orbslam3/config/stereo/KITTI03.yaml
-- Installing: /home/hp/marscar_ws/install/orbslam3/share/orbslam3/config/stereo/RealSense_D435i.yaml
-- Installing: /home/hp/marscar_ws/install/orbslam3/share/orbslam3/config/stereo/EuRoC_TimeStamps
-- Installing: /home/hp/marscar_ws/install/orbslam3/share/orbslam3/config/stereo/EuRoC_TimeStamps/MH03.txt
-- Installing: /home/hp/marscar_ws/install/orbslam3/share/orbslam3/config/stereo/EuRoC_TimeStamps/V203.txt
-- Installing: /home/hp/marscar_ws/install/orbslam3/share/orbslam3/config/stereo/EuRoC_TimeStamps/MH02.txt
-- Installing: /home/hp/marscar_ws/install/orbslam3/share/orbslam3/config/stereo/EuRoC_TimeStamps/MH04.txt
-- Installing: /home/hp/marscar_ws/install/orbslam3/share/orbslam3/config/stereo/EuRoC_TimeStamps/MH05.txt
-- Installing: /home/hp/marscar_ws/install/orbslam3/share/orbslam3/config/stereo/EuRoC_TimeStamps/V201.txt
-- Installing: /home/hp/marscar_ws/install/orbslam3/share/orbslam3/config/stereo/EuRoC_TimeStamps/V202.txt
-- Installing: /home/hp/marscar_ws/install/orbslam3/share/orbslam3/config/stereo/EuRoC_TimeStamps/V101.txt
-- Installing: /home/hp/marscar_ws/install/orbslam3/share/orbslam3/config/stereo/EuRoC_TimeStamps/V103.txt
-- Installing: /home/hp/marscar_ws/install/orbslam3/share/orbslam3/config/stereo/EuRoC_TimeStamps/V102.txt
-- Installing: /home/hp/marscar_ws/install/orbslam3/share/orbslam3/config/stereo/EuRoC_TimeStamps/MH01.txt
-- Installing: /home/hp/marscar_ws/install/orbslam3/share/orbslam3/config/stereo/KITTI00-02.yaml
-- Installing: /home/hp/marscar_ws/install/orbslam3/share/orbslam3/config/stereo/TUM_TimeStamps
-- Installing: /home/hp/marscar_ws/install/orbslam3/share/orbslam3/config/stereo/TUM_TimeStamps/dataset-outdoors1_512.txt
-- Installing: /home/hp/marscar_ws/install/orbslam3/share/orbslam3/config/stereo/TUM_TimeStamps/dataset-corridor2_1024.txt
-- Installing: /home/hp/marscar_ws/install/orbslam3/share/orbslam3/config/stereo/TUM_TimeStamps/dataset-room4_512.txt
-- Installing: /home/hp/marscar_ws/install/orbslam3/share/orbslam3/config/stereo/TUM_TimeStamps/dataset-room3_512.txt
-- Installing: /home/hp/marscar_ws/install/orbslam3/share/orbslam3/config/stereo/TUM_TimeStamps/dataset-slides1_512.txt
-- Installing: /home/hp/marscar_ws/install/orbslam3/share/orbslam3/config/stereo/TUM_TimeStamps/dataset-room2_512.txt
-- Installing: /home/hp/marscar_ws/install/orbslam3/share/orbslam3/config/stereo/TUM_TimeStamps/dataset-room6_512.txt
-- Installing: /home/hp/marscar_ws/install/orbslam3/share/orbslam3/config/stereo/TUM_TimeStamps/dataset-slides2_512.txt
-- Installing: /home/hp/marscar_ws/install/orbslam3/share/orbslam3/config/stereo/TUM_TimeStamps/dataset-magistrale2_512.txt
-- Installing: /home/hp/marscar_ws/install/orbslam3/share/orbslam3/config/stereo/TUM_TimeStamps/dataset-corridor5_512.txt
-- Installing: /home/hp/marscar_ws/install/orbslam3/share/orbslam3/config/stereo/TUM_TimeStamps/dataset-room1_512.txt
-- Installing: /home/hp/marscar_ws/install/orbslam3/share/orbslam3/config/stereo/TUM_TimeStamps/dataset-magistrale5_512.txt
-- Installing: /home/hp/marscar_ws/install/orbslam3/share/orbslam3/config/stereo/TUM_TimeStamps/dataset-outdoors2_512.txt
-- Installing: /home/hp/marscar_ws/install/orbslam3/share/orbslam3/config/stereo/TUM_TimeStamps/dataset-corridor1_512.txt
-- Installing: /home/hp/marscar_ws/install/orbslam3/share/orbslam3/config/stereo/TUM_TimeStamps/dataset-corridor3_512.txt
-- Installing: /home/hp/marscar_ws/install/orbslam3/share/orbslam3/config/stereo/TUM_TimeStamps/dataset-outdoors3_512.txt
-- Installing: /home/hp/marscar_ws/install/orbslam3/share/orbslam3/config/stereo/TUM_TimeStamps/dataset-outdoors4_512.txt
-- Installing: /home/hp/marscar_ws/install/orbslam3/share/orbslam3/config/stereo/TUM_TimeStamps/dataset-outdoors8_512.txt
-- Installing: /home/hp/marscar_ws/install/orbslam3/share/orbslam3/config/stereo/TUM_TimeStamps/dataset-slides3_512.txt
-- Installing: /home/hp/marscar_ws/install/orbslam3/share/orbslam3/config/stereo/TUM_TimeStamps/dataset-magistrale4_512.txt
-- Installing: /home/hp/marscar_ws/install/orbslam3/share/orbslam3/config/stereo/TUM_TimeStamps/dataset-corridor4_512.txt
-- Installing: /home/hp/marscar_ws/install/orbslam3/share/orbslam3/config/stereo/TUM_TimeStamps/dataset-outdoors7_512.txt
-- Installing: /home/hp/marscar_ws/install/orbslam3/share/orbslam3/config/stereo/TUM_TimeStamps/dataset-outdoors6_512.txt
-- Installing: /home/hp/marscar_ws/install/orbslam3/share/orbslam3/config/stereo/TUM_TimeStamps/dataset-magistrale3_512.txt
-- Installing: /home/hp/marscar_ws/install/orbslam3/share/orbslam3/config/stereo/TUM_TimeStamps/dataset-corridor2_512.txt
-- Installing: /home/hp/marscar_ws/install/orbslam3/share/orbslam3/config/stereo/TUM_TimeStamps/dataset-room5_512.txt
-- Installing: /home/hp/marscar_ws/install/orbslam3/share/orbslam3/config/stereo/TUM_TimeStamps/dataset-magistrale1_512.txt
-- Installing: /home/hp/marscar_ws/install/orbslam3/share/orbslam3/config/stereo/TUM_TimeStamps/dataset-magistrale6_512.txt
-- Installing: /home/hp/marscar_ws/install/orbslam3/share/orbslam3/config/stereo/TUM_TimeStamps/dataset-outdoors5_512.txt
-- Installing: /home/hp/marscar_ws/install/orbslam3/share/orbslam3/config/stereo/MultiSession
-- Installing: /home/hp/marscar_ws/install/orbslam3/share/orbslam3/config/stereo/MultiSession/EuRoC_V203.yaml
-- Installing: /home/hp/marscar_ws/install/orbslam3/share/orbslam3/config/stereo/MultiSession/EuRoC_MH02.yaml
-- Installing: /home/hp/marscar_ws/install/orbslam3/share/orbslam3/config/stereo/MultiSession/EuRoC_V102.yaml
-- Installing: /home/hp/marscar_ws/install/orbslam3/share/orbslam3/config/stereo/MultiSession/EuRoC_V202.yaml
-- Installing: /home/hp/marscar_ws/install/orbslam3/share/orbslam3/config/stereo/MultiSession/EuRoC_V101.yaml
-- Installing: /home/hp/marscar_ws/install/orbslam3/share/orbslam3/config/stereo/MultiSession/EuRoC_MH01.yaml
-- Installing: /home/hp/marscar_ws/install/orbslam3/share/orbslam3/config/stereo/MultiSession/EuRoC_MH03.yaml
-- Installing: /home/hp/marscar_ws/install/orbslam3/share/orbslam3/config/stereo/MultiSession/EuRoC_MH04.yaml
-- Installing: /home/hp/marscar_ws/install/orbslam3/share/orbslam3/config/stereo/MultiSession/EuRoC_MH05.yaml
-- Installing: /home/hp/marscar_ws/install/orbslam3/share/orbslam3/config/stereo/MultiSession/EuRoC_V103.yaml
-- Installing: /home/hp/marscar_ws/install/orbslam3/share/orbslam3/config/stereo/MultiSession/EuRoC_V201.yaml
-- Installing: /home/hp/marscar_ws/install/orbslam3/share/orbslam3/config/stereo/TUM-VI.yaml
-- Installing: /home/hp/marscar_ws/install/orbslam3/share/orbslam3/config/stereo/EuRoC.yaml
-- Installing: /home/hp/marscar_ws/install/orbslam3/share/orbslam3/config/stereo/KITTI04-12.yaml
-- Installing: /home/hp/marscar_ws/install/orbslam3/share/orbslam3/config/stereo/RealSense_T265.yaml
-- Installing: /home/hp/marscar_ws/install/orbslam3/share/orbslam3/config/monocular
-- Installing: /home/hp/marscar_ws/install/orbslam3/share/orbslam3/config/monocular/KITTI03.yaml
-- Installing: /home/hp/marscar_ws/install/orbslam3/share/orbslam3/config/monocular/RealSense_D435i.yaml
-- Installing: /home/hp/marscar_ws/install/orbslam3/share/orbslam3/config/monocular/TUM1.yaml
-- Installing: /home/hp/marscar_ws/install/orbslam3/share/orbslam3/config/monocular/EuRoC_TimeStamps
-- Installing: /home/hp/marscar_ws/install/orbslam3/share/orbslam3/config/monocular/EuRoC_TimeStamps/MH03.txt
-- Installing: /home/hp/marscar_ws/install/orbslam3/share/orbslam3/config/monocular/EuRoC_TimeStamps/V203.txt
-- Installing: /home/hp/marscar_ws/install/orbslam3/share/orbslam3/config/monocular/EuRoC_TimeStamps/MH02.txt
-- Installing: /home/hp/marscar_ws/install/orbslam3/share/orbslam3/config/monocular/EuRoC_TimeStamps/MH04.txt
-- Installing: /home/hp/marscar_ws/install/orbslam3/share/orbslam3/config/monocular/EuRoC_TimeStamps/MH05.txt
-- Installing: /home/hp/marscar_ws/install/orbslam3/share/orbslam3/config/monocular/EuRoC_TimeStamps/V201.txt
-- Installing: /home/hp/marscar_ws/install/orbslam3/share/orbslam3/config/monocular/EuRoC_TimeStamps/V202.txt
-- Installing: /home/hp/marscar_ws/install/orbslam3/share/orbslam3/config/monocular/EuRoC_TimeStamps/V101.txt
-- Installing: /home/hp/marscar_ws/install/orbslam3/share/orbslam3/config/monocular/EuRoC_TimeStamps/V103.txt
-- Installing: /home/hp/marscar_ws/install/orbslam3/share/orbslam3/config/monocular/EuRoC_TimeStamps/V102.txt
-- Installing: /home/hp/marscar_ws/install/orbslam3/share/orbslam3/config/monocular/EuRoC_TimeStamps/MH01.txt
-- Installing: /home/hp/marscar_ws/install/orbslam3/share/orbslam3/config/monocular/KITTI00-02.yaml
-- Installing: /home/hp/marscar_ws/install/orbslam3/share/orbslam3/config/monocular/TUM_TimeStamps
-- Installing: /home/hp/marscar_ws/install/orbslam3/share/orbslam3/config/monocular/TUM_TimeStamps/dataset-outdoors1_512.txt
-- Installing: /home/hp/marscar_ws/install/orbslam3/share/orbslam3/config/monocular/TUM_TimeStamps/dataset-corridor2_1024.txt
-- Installing: /home/hp/marscar_ws/install/orbslam3/share/orbslam3/config/monocular/TUM_TimeStamps/dataset-room4_512.txt
-- Installing: /home/hp/marscar_ws/install/orbslam3/share/orbslam3/config/monocular/TUM_TimeStamps/dataset-room3_512.txt
-- Installing: /home/hp/marscar_ws/install/orbslam3/share/orbslam3/config/monocular/TUM_TimeStamps/dataset-slides1_512.txt
-- Installing: /home/hp/marscar_ws/install/orbslam3/share/orbslam3/config/monocular/TUM_TimeStamps/dataset-room2_512.txt
-- Installing: /home/hp/marscar_ws/install/orbslam3/share/orbslam3/config/monocular/TUM_TimeStamps/dataset-room6_512.txt
-- Installing: /home/hp/marscar_ws/install/orbslam3/share/orbslam3/config/monocular/TUM_TimeStamps/dataset-slides2_512.txt
-- Installing: /home/hp/marscar_ws/install/orbslam3/share/orbslam3/config/monocular/TUM_TimeStamps/dataset-magistrale2_512.txt
-- Installing: /home/hp/marscar_ws/install/orbslam3/share/orbslam3/config/monocular/TUM_TimeStamps/dataset-corridor5_512.txt
-- Installing: /home/hp/marscar_ws/install/orbslam3/share/orbslam3/config/monocular/TUM_TimeStamps/dataset-room1_512.txt
-- Installing: /home/hp/marscar_ws/install/orbslam3/share/orbslam3/config/monocular/TUM_TimeStamps/dataset-magistrale5_512.txt
-- Installing: /home/hp/marscar_ws/install/orbslam3/share/orbslam3/config/monocular/TUM_TimeStamps/dataset-outdoors2_512.txt
-- Installing: /home/hp/marscar_ws/install/orbslam3/share/orbslam3/config/monocular/TUM_TimeStamps/dataset-corridor1_512.txt
-- Installing: /home/hp/marscar_ws/install/orbslam3/share/orbslam3/config/monocular/TUM_TimeStamps/dataset-corridor3_512.txt
-- Installing: /home/hp/marscar_ws/install/orbslam3/share/orbslam3/config/monocular/TUM_TimeStamps/dataset-outdoors3_512.txt
-- Installing: /home/hp/marscar_ws/install/orbslam3/share/orbslam3/config/monocular/TUM_TimeStamps/dataset-outdoors4_512.txt
-- Installing: /home/hp/marscar_ws/install/orbslam3/share/orbslam3/config/monocular/TUM_TimeStamps/dataset-outdoors8_512.txt
-- Installing: /home/hp/marscar_ws/install/orbslam3/share/orbslam3/config/monocular/TUM_TimeStamps/dataset-slides3_512.txt
-- Installing: /home/hp/marscar_ws/install/orbslam3/share/orbslam3/config/monocular/TUM_TimeStamps/dataset-magistrale4_512.txt
-- Installing: /home/hp/marscar_ws/install/orbslam3/share/orbslam3/config/monocular/TUM_TimeStamps/dataset-corridor4_512.txt
-- Installing: /home/hp/marscar_ws/install/orbslam3/share/orbslam3/config/monocular/TUM_TimeStamps/dataset-outdoors7_512.txt
-- Installing: /home/hp/marscar_ws/install/orbslam3/share/orbslam3/config/monocular/TUM_TimeStamps/dataset-outdoors6_512.txt
-- Installing: /home/hp/marscar_ws/install/orbslam3/share/orbslam3/config/monocular/TUM_TimeStamps/dataset-magistrale3_512.txt
-- Installing: /home/hp/marscar_ws/install/orbslam3/share/orbslam3/config/monocular/TUM_TimeStamps/dataset-corridor2_512.txt
-- Installing: /home/hp/marscar_ws/install/orbslam3/share/orbslam3/config/monocular/TUM_TimeStamps/dataset-room5_512.txt
-- Installing: /home/hp/marscar_ws/install/orbslam3/share/orbslam3/config/monocular/TUM_TimeStamps/dataset-magistrale1_512.txt
-- Installing: /home/hp/marscar_ws/install/orbslam3/share/orbslam3/config/monocular/TUM_TimeStamps/dataset-magistrale6_512.txt
-- Installing: /home/hp/marscar_ws/install/orbslam3/share/orbslam3/config/monocular/TUM_TimeStamps/dataset-outdoors5_512.txt
-- Installing: /home/hp/marscar_ws/install/orbslam3/share/orbslam3/config/monocular/TUM3.yaml
-- Installing: /home/hp/marscar_ws/install/orbslam3/share/orbslam3/config/monocular/MultiSession
-- Installing: /home/hp/marscar_ws/install/orbslam3/share/orbslam3/config/monocular/MultiSession/EuRoC_V203.yaml
-- Installing: /home/hp/marscar_ws/install/orbslam3/share/orbslam3/config/monocular/MultiSession/EuRoC_MH02.yaml
-- Installing: /home/hp/marscar_ws/install/orbslam3/share/orbslam3/config/monocular/MultiSession/EuRoC_V102.yaml
-- Installing: /home/hp/marscar_ws/install/orbslam3/share/orbslam3/config/monocular/MultiSession/EuRoC_V202.yaml
-- Installing: /home/hp/marscar_ws/install/orbslam3/share/orbslam3/config/monocular/MultiSession/EuRoC_V101.yaml
-- Installing: /home/hp/marscar_ws/install/orbslam3/share/orbslam3/config/monocular/MultiSession/EuRoC_MH01.yaml
-- Installing: /home/hp/marscar_ws/install/orbslam3/share/orbslam3/config/monocular/MultiSession/EuRoC_MH03.yaml
-- Installing: /home/hp/marscar_ws/install/orbslam3/share/orbslam3/config/monocular/MultiSession/EuRoC_MH04.yaml
-- Installing: /home/hp/marscar_ws/install/orbslam3/share/orbslam3/config/monocular/MultiSession/EuRoC_MH05.yaml
-- Installing: /home/hp/marscar_ws/install/orbslam3/share/orbslam3/config/monocular/MultiSession/EuRoC_V103.yaml
-- Installing: /home/hp/marscar_ws/install/orbslam3/share/orbslam3/config/monocular/MultiSession/EuRoC_V201.yaml
-- Installing: /home/hp/marscar_ws/install/orbslam3/share/orbslam3/config/monocular/TUM-VI.yaml
-- Installing: /home/hp/marscar_ws/install/orbslam3/share/orbslam3/config/monocular/EuRoC.yaml
-- Installing: /home/hp/marscar_ws/install/orbslam3/share/orbslam3/config/monocular/KITTI04-12.yaml
-- Installing: /home/hp/marscar_ws/install/orbslam3/share/orbslam3/config/monocular/RealSense_T265.yaml
-- Installing: /home/hp/marscar_ws/install/orbslam3/share/orbslam3/config/monocular/TUM2.yaml
-- Installing: /home/hp/marscar_ws/install/orbslam3/share/orbslam3/config/rgb-d
-- Installing: /home/hp/marscar_ws/install/orbslam3/share/orbslam3/config/rgb-d/RealSense_D435i.yaml
-- Installing: /home/hp/marscar_ws/install/orbslam3/share/orbslam3/config/rgb-d/TUM1.yaml
-- Installing: /home/hp/marscar_ws/install/orbslam3/share/orbslam3/config/rgb-d/TUM3.yaml
-- Installing: /home/hp/marscar_ws/install/orbslam3/share/orbslam3/config/rgb-d/associations
-- Installing: /home/hp/marscar_ws/install/orbslam3/share/orbslam3/config/rgb-d/associations/fr3_office.txt
-- Installing: /home/hp/marscar_ws/install/orbslam3/share/orbslam3/config/rgb-d/associations/fr2_desk.txt
-- Installing: /home/hp/marscar_ws/install/orbslam3/share/orbslam3/config/rgb-d/associations/fr1_desk2.txt
-- Installing: /home/hp/marscar_ws/install/orbslam3/share/orbslam3/config/rgb-d/associations/fr2_xyz.txt
-- Installing: /home/hp/marscar_ws/install/orbslam3/share/orbslam3/config/rgb-d/associations/fr1_room.txt
-- Installing: /home/hp/marscar_ws/install/orbslam3/share/orbslam3/config/rgb-d/associations/fr3_nstr_tex_near.txt
-- Installing: /home/hp/marscar_ws/install/orbslam3/share/orbslam3/config/rgb-d/associations/fr1_desk.txt
-- Installing: /home/hp/marscar_ws/install/orbslam3/share/orbslam3/config/rgb-d/associations/fr1_xyz.txt
-- Installing: /home/hp/marscar_ws/install/orbslam3/share/orbslam3/config/rgb-d/associations/fr3_str_tex_near.txt
-- Installing: /home/hp/marscar_ws/install/orbslam3/share/orbslam3/config/rgb-d/associations/fr3_str_tex_far.txt
-- Installing: /home/hp/marscar_ws/install/orbslam3/share/orbslam3/config/rgb-d/associations/fr3_office_val.txt
-- Installing: /home/hp/marscar_ws/install/orbslam3/share/orbslam3/config/rgb-d/TUM2.yaml
-- Installing: /home/hp/marscar_ws/install/orbslam3/share/orbslam3/launch
-- Installing: /home/hp/marscar_ws/install/orbslam3/share/orbslam3/launch/orbslam3.launch.py
-- Installing: /home/hp/marscar_ws/install/orbslam3/share/ament_index/resource_index/package_run_dependencies/orbslam3
-- Installing: /home/hp/marscar_ws/install/orbslam3/share/ament_index/resource_index/parent_prefix_path/orbslam3
-- Installing: /home/hp/marscar_ws/install/orbslam3/share/orbslam3/environment/ament_prefix_path.sh
-- Installing: /home/hp/marscar_ws/install/orbslam3/share/orbslam3/environment/ament_prefix_path.dsv
-- Installing: /home/hp/marscar_ws/install/orbslam3/share/orbslam3/environment/path.sh
-- Installing: /home/hp/marscar_ws/install/orbslam3/share/orbslam3/environment/path.dsv
-- Installing: /home/hp/marscar_ws/install/orbslam3/share/orbslam3/local_setup.bash
-- Installing: /home/hp/marscar_ws/install/orbslam3/share/orbslam3/local_setup.sh
-- Installing: /home/hp/marscar_ws/install/orbslam3/share/orbslam3/local_setup.zsh
-- Installing: /home/hp/marscar_ws/install/orbslam3/share/orbslam3/local_setup.dsv
-- Installing: /home/hp/marscar_ws/install/orbslam3/share/orbslam3/package.dsv
-- Installing: /home/hp/marscar_ws/install/orbslam3/share/ament_index/resource_index/packages/orbslam3
-- Installing: /home/hp/marscar_ws/install/orbslam3/share/orbslam3/cmake/orbslam3Config.cmake
-- Installing: /home/hp/marscar_ws/install/orbslam3/share/orbslam3/cmake/orbslam3Config-version.cmake
-- Installing: /home/hp/marscar_ws/install/orbslam3/share/orbslam3/package.xml
