-- Found ament_cmake: 1.3.6 (/opt/ros/humble/share/ament_cmake/cmake)
-- Found camera_info_manager: 3.1.7 (/opt/ros/humble/share/camera_info_manager/cmake)
-- Found rosidl_generator_c: 3.1.5 (/opt/ros/humble/share/rosidl_generator_c/cmake)
-- Found rosidl_adapter: 3.1.5 (/opt/ros/humble/share/rosidl_adapter/cmake)
-- Found rosidl_generator_cpp: 3.1.5 (/opt/ros/humble/share/rosidl_generator_cpp/cmake)
-- Using all available rosidl_typesupport_c: rosidl_typesupport_fastrtps_c;rosidl_typesupport_introspection_c
-- Using all available rosidl_typesupport_cpp: rosidl_typesupport_fastrtps_cpp;rosidl_typesupport_introspection_cpp
-- Found rmw_implementation_cmake: 6.1.1 (/opt/ros/humble/share/rmw_implementation_cmake/cmake)
-- Found rmw_fastrtps_cpp: 6.2.5 (/opt/ros/humble/share/rmw_fastrtps_cpp/cmake)
-- Using RMW implementation 'rmw_fastrtps_cpp' as default
-- Found gazebo_dev: 3.7.0 (/opt/ros/humble/share/gazebo_dev/cmake)
-- Found DART: /usr/include (Required is at least version "6.6") found components: dart 
-- Found Protobuf: /usr/lib/x86_64-linux-gnu/libprotobuf.so (found version "3.12.4") 
-- Looking for ignition-math6 -- found version 6.15.0
-- Searching for dependencies of ignition-math6
-- Looking for OGRE...
-- Found Ogre Ghadamon (1.9.0)
-- Found OGRE: optimized;/usr/lib/x86_64-linux-gnu/libOgreMain.so;debug;/usr/lib/x86_64-linux-gnu/libOgreMain.so
-- Looking for OGRE_Paging...
-- Found OGRE_Paging: optimized;/usr/lib/x86_64-linux-gnu/libOgrePaging.so;debug;/usr/lib/x86_64-linux-gnu/libOgrePaging.so
-- Looking for OGRE_Terrain...
-- Found OGRE_Terrain: optimized;/usr/lib/x86_64-linux-gnu/libOgreTerrain.so;debug;/usr/lib/x86_64-linux-gnu/libOgreTerrain.so
-- Looking for OGRE_Property...
-- Found OGRE_Property: optimized;/usr/lib/x86_64-linux-gnu/libOgreProperty.so;debug;/usr/lib/x86_64-linux-gnu/libOgreProperty.so
-- Looking for OGRE_RTShaderSystem...
-- Found OGRE_RTShaderSystem: optimized;/usr/lib/x86_64-linux-gnu/libOgreRTShaderSystem.so;debug;/usr/lib/x86_64-linux-gnu/libOgreRTShaderSystem.so
-- Looking for OGRE_Volume...
-- Found OGRE_Volume: optimized;/usr/lib/x86_64-linux-gnu/libOgreVolume.so;debug;/usr/lib/x86_64-linux-gnu/libOgreVolume.so
-- Looking for OGRE_Overlay...
-- Found OGRE_Overlay: optimized;/usr/lib/x86_64-linux-gnu/libOgreOverlay.so;debug;/usr/lib/x86_64-linux-gnu/libOgreOverlay.so
-- Looking for ignition-math6 -- found version 6.15.0
-- Looking for ignition-transport8 -- found version 8.2.1
-- Searching for dependencies of ignition-transport8
-- Found Protobuf: /usr/lib/x86_64-linux-gnu/libprotobuf.so (found suitable version "3.12.4", minimum required is "3") 
-- Config-file not installed for ZeroMQ -- checking for pkg-config
-- Checking for module 'libzmq >= 4'
--   Found libzmq , version 4.3.4
-- Checking for module 'uuid'
--   Found uuid, version 2.37.2
-- Looking for ignition-msgs5 -- found version 5.8.1
-- Searching for dependencies of ignition-msgs5
-- Looking for ignition-math6 -- found version 6.15.0
-- Checking for module 'tinyxml2'
--   Found tinyxml2, version 9.0.0
-- Looking for ignition-msgs5 -- found version 5.8.1
-- Looking for ignition-common3 -- found version 3.14.0
-- Searching for dependencies of ignition-common3
-- Looking for dlfcn.h - found
-- Looking for libdl - found
-- Searching for <ignition-common3> component [graphics]
-- Looking for ignition-common3-graphics -- found version 3.14.0
-- Searching for dependencies of ignition-common3-graphics
-- Looking for ignition-math6 -- found version 6.15.0
-- Looking for ignition-fuel_tools4 -- found version 4.4.0
-- Searching for dependencies of ignition-fuel_tools4
-- Checking for module 'jsoncpp'
--   Found jsoncpp, version 1.9.5
-- Checking for module 'libzip'
--   Found libzip, version 1.7.3
-- Looking for ignition-common3 -- found version 3.14.0
-- Looking for ignition-math6 -- found version 6.15.0
-- Looking for ignition-msgs5 -- found version 5.8.1
-- Gazebo version: 11.10
-- Found gazebo_msgs: 3.7.0 (/opt/ros/humble/share/gazebo_msgs/cmake)
-- Found gazebo_ros: 3.7.0 (/opt/ros/humble/share/gazebo_ros/cmake)
-- Found image_transport: 3.1.7 (/opt/ros/humble/share/image_transport/cmake)
-- Found cv_bridge: 3.2.1 (/opt/ros/humble/share/cv_bridge/cmake)
-- Found nav_msgs: 4.2.3 (/opt/ros/humble/share/nav_msgs/cmake)
-- Found std_srvs: 4.2.3 (/opt/ros/humble/share/std_srvs/cmake)
-- Found tf2: 0.25.5 (/opt/ros/humble/share/tf2/cmake)
-- Found tf2_geometry_msgs: 0.25.5 (/opt/ros/humble/share/tf2_geometry_msgs/cmake)
-- Found eigen3_cmake_module: 0.1.1 (/opt/ros/humble/share/eigen3_cmake_module/cmake)
-- Ensuring Eigen3 include directory is part of orocos-kdl CMake target
-- Found tinyxml_vendor: 0.8.3 (/opt/ros/humble/share/tinyxml_vendor/cmake)
-- Configuring done
-- Generating done
-- Build files have been written to: /home/hp/mars_car_ws/build/gazebo_plugins_mode
[35m[1mConsolidate compiler generated dependencies of target gazebo_ros_boom[0m
[35m[1mConsolidate compiler generated dependencies of target gazebo_ros_planar_move1[0m
[35m[1mConsolidate compiler generated dependencies of target gazebo_ros_ackermann_drive_mode[0m
[35m[1mConsolidate compiler generated dependencies of target gazebo_ros_diff_drive_mode[0m
[  8%] [32mBuilding CXX object CMakeFiles/gazebo_ros_state_mode.dir/src/gazebo_ros_state_mode.cpp.o[0m
[35m[1mConsolidate compiler generated dependencies of target ball_shooter_plugin[0m
[ 25%] Built target gazebo_ros_boom
[ 50%] Built target gazebo_ros_planar_move1
[ 58%] Built target gazebo_ros_ackermann_drive_mode
[ 75%] Built target gazebo_ros_diff_drive_mode
[ 91%] Built target ball_shooter_plugin
[100%] [32m[1mLinking CXX shared library libgazebo_ros_state_mode.so[0m
[100%] Built target gazebo_ros_state_mode
-- Install configuration: ""
-- Up-to-date: /home/hp/mars_car_ws/install/gazebo_plugins_mode/share/gazebo_plugins_mode/environment/library_path.sh
-- Installing: /home/hp/mars_car_ws/install/gazebo_plugins_mode/share/gazebo_plugins_mode/environment/library_path.dsv
-- Up-to-date: /home/hp/mars_car_ws/install/gazebo_plugins_mode/lib/libgazebo_ros_boom.so
-- Installing: /home/hp/mars_car_ws/install/gazebo_plugins_mode/lib/libgazebo_ros_state_mode.so
-- Set runtime path of "/home/hp/mars_car_ws/install/gazebo_plugins_mode/lib/libgazebo_ros_state_mode.so" to ""
-- Up-to-date: /home/hp/mars_car_ws/install/gazebo_plugins_mode/lib/libgazebo_ros_diff_drive_mode.so
-- Up-to-date: /home/hp/mars_car_ws/install/gazebo_plugins_mode/lib/libgazebo_ros_ackermann_drive_mode.so
-- Up-to-date: /home/hp/mars_car_ws/install/gazebo_plugins_mode/lib/libgazebo_ros_planar_move1.so
-- Up-to-date: /home/hp/mars_car_ws/install/gazebo_plugins_mode/lib/libball_shooter_plugin.so
-- Up-to-date: /home/hp/mars_car_ws/install/gazebo_plugins_mode/share/ament_index/resource_index/package_run_dependencies/gazebo_plugins_mode
-- Installing: /home/hp/mars_car_ws/install/gazebo_plugins_mode/share/ament_index/resource_index/parent_prefix_path/gazebo_plugins_mode
-- Up-to-date: /home/hp/mars_car_ws/install/gazebo_plugins_mode/share/gazebo_plugins_mode/environment/ament_prefix_path.sh
-- Installing: /home/hp/mars_car_ws/install/gazebo_plugins_mode/share/gazebo_plugins_mode/environment/ament_prefix_path.dsv
-- Up-to-date: /home/hp/mars_car_ws/install/gazebo_plugins_mode/share/gazebo_plugins_mode/environment/path.sh
-- Installing: /home/hp/mars_car_ws/install/gazebo_plugins_mode/share/gazebo_plugins_mode/environment/path.dsv
-- Up-to-date: /home/hp/mars_car_ws/install/gazebo_plugins_mode/share/gazebo_plugins_mode/local_setup.bash
-- Up-to-date: /home/hp/mars_car_ws/install/gazebo_plugins_mode/share/gazebo_plugins_mode/local_setup.sh
-- Up-to-date: /home/hp/mars_car_ws/install/gazebo_plugins_mode/share/gazebo_plugins_mode/local_setup.zsh
-- Installing: /home/hp/mars_car_ws/install/gazebo_plugins_mode/share/gazebo_plugins_mode/local_setup.dsv
-- Installing: /home/hp/mars_car_ws/install/gazebo_plugins_mode/share/gazebo_plugins_mode/package.dsv
-- Up-to-date: /home/hp/mars_car_ws/install/gazebo_plugins_mode/share/ament_index/resource_index/packages/gazebo_plugins_mode
-- Installing: /home/hp/mars_car_ws/install/gazebo_plugins_mode/share/gazebo_plugins_mode/cmake/ament_cmake_export_libraries-extras.cmake
-- Up-to-date: /home/hp/mars_car_ws/install/gazebo_plugins_mode/share/gazebo_plugins_mode/cmake/gazebo_plugins_modeConfig.cmake
-- Up-to-date: /home/hp/mars_car_ws/install/gazebo_plugins_mode/share/gazebo_plugins_mode/cmake/gazebo_plugins_modeConfig-version.cmake
-- Up-to-date: /home/hp/mars_car_ws/install/gazebo_plugins_mode/share/gazebo_plugins_mode/package.xml
