[0.035s] Invoking command in '/home/hp/mars_car_ws/build/gazebo_plugins_mode': CMAKE_PREFIX_PATH=${CMAKE_PREFIX_PATH}:/home/hp/mars_car_ws/install/mediapipe_ros2:/opt/ros/humble /usr/bin/cmake --build /home/hp/mars_car_ws/build/gazebo_plugins_mode -- -j20 -l20
[0.224s] -- Found ament_cmake: 1.3.6 (/opt/ros/humble/share/ament_cmake/cmake)
[0.224s] -- Found camera_info_manager: 3.1.7 (/opt/ros/humble/share/camera_info_manager/cmake)
[0.226s] -- Found rosidl_generator_c: 3.1.5 (/opt/ros/humble/share/rosidl_generator_c/cmake)
[0.233s] -- Found rosidl_adapter: 3.1.5 (/opt/ros/humble/share/rosidl_adapter/cmake)
[0.237s] -- Found rosidl_generator_cpp: 3.1.5 (/opt/ros/humble/share/rosidl_generator_cpp/cmake)
[0.253s] -- Using all available rosidl_typesupport_c: rosidl_typesupport_fastrtps_c;rosidl_typesupport_introspection_c
[0.278s] -- Using all available rosidl_typesupport_cpp: rosidl_typesupport_fastrtps_cpp;rosidl_typesupport_introspection_cpp
[0.360s] -- Found rmw_implementation_cmake: 6.1.1 (/opt/ros/humble/share/rmw_implementation_cmake/cmake)
[0.375s] -- Found rmw_fastrtps_cpp: 6.2.5 (/opt/ros/humble/share/rmw_fastrtps_cpp/cmake)
[0.450s] -- Using RMW implementation 'rmw_fastrtps_cpp' as default
[0.685s] -- Found gazebo_dev: 3.7.0 (/opt/ros/humble/share/gazebo_dev/cmake)
[0.707s] -- Found DART: /usr/include (Required is at least version "6.6") found components: dart 
[0.731s] -- Found Protobuf: /usr/lib/x86_64-linux-gnu/libprotobuf.so (found version "3.12.4") 
[0.732s] -- Looking for ignition-math6 -- found version 6.15.0
[0.737s] -- Searching for dependencies of ignition-math6
[0.738s] -- Looking for OGRE...
[0.742s] -- Found Ogre Ghadamon (1.9.0)
[0.742s] -- Found OGRE: optimized;/usr/lib/x86_64-linux-gnu/libOgreMain.so;debug;/usr/lib/x86_64-linux-gnu/libOgreMain.so
[0.749s] -- Looking for OGRE_Paging...
[0.750s] -- Found OGRE_Paging: optimized;/usr/lib/x86_64-linux-gnu/libOgrePaging.so;debug;/usr/lib/x86_64-linux-gnu/libOgrePaging.so
[0.750s] -- Looking for OGRE_Terrain...
[0.750s] -- Found OGRE_Terrain: optimized;/usr/lib/x86_64-linux-gnu/libOgreTerrain.so;debug;/usr/lib/x86_64-linux-gnu/libOgreTerrain.so
[0.750s] -- Looking for OGRE_Property...
[0.750s] -- Found OGRE_Property: optimized;/usr/lib/x86_64-linux-gnu/libOgreProperty.so;debug;/usr/lib/x86_64-linux-gnu/libOgreProperty.so
[0.750s] -- Looking for OGRE_RTShaderSystem...
[0.750s] -- Found OGRE_RTShaderSystem: optimized;/usr/lib/x86_64-linux-gnu/libOgreRTShaderSystem.so;debug;/usr/lib/x86_64-linux-gnu/libOgreRTShaderSystem.so
[0.750s] -- Looking for OGRE_Volume...
[0.750s] -- Found OGRE_Volume: optimized;/usr/lib/x86_64-linux-gnu/libOgreVolume.so;debug;/usr/lib/x86_64-linux-gnu/libOgreVolume.so
[0.751s] -- Looking for OGRE_Overlay...
[0.751s] -- Found OGRE_Overlay: optimized;/usr/lib/x86_64-linux-gnu/libOgreOverlay.so;debug;/usr/lib/x86_64-linux-gnu/libOgreOverlay.so
[0.820s] -- Looking for ignition-math6 -- found version 6.15.0
[0.820s] -- Looking for ignition-transport8 -- found version 8.2.1
[0.820s] -- Searching for dependencies of ignition-transport8
[0.833s] -- Found Protobuf: /usr/lib/x86_64-linux-gnu/libprotobuf.so (found suitable version "3.12.4", minimum required is "3") 
[0.840s] -- Config-file not installed for ZeroMQ -- checking for pkg-config
[0.843s] -- Checking for module 'libzmq >= 4'
[0.853s] --   Found libzmq , version 4.3.4
[0.878s] -- Checking for module 'uuid'
[0.886s] --   Found uuid, version 2.37.2
[0.905s] -- Looking for ignition-msgs5 -- found version 5.8.1
[0.905s] -- Searching for dependencies of ignition-msgs5
[0.918s] -- Looking for ignition-math6 -- found version 6.15.0
[0.921s] -- Checking for module 'tinyxml2'
[0.929s] --   Found tinyxml2, version 9.0.0
[0.950s] -- Looking for ignition-msgs5 -- found version 5.8.1
[0.950s] -- Looking for ignition-common3 -- found version 3.14.0
[0.950s] -- Searching for dependencies of ignition-common3
[0.950s] -- Looking for dlfcn.h - found
[0.950s] -- Looking for libdl - found
[0.959s] -- Searching for <ignition-common3> component [graphics]
[0.959s] -- Looking for ignition-common3-graphics -- found version 3.14.0
[0.959s] -- Searching for dependencies of ignition-common3-graphics
[0.960s] -- Looking for ignition-math6 -- found version 6.15.0
[0.961s] -- Looking for ignition-fuel_tools4 -- found version 4.4.0
[0.961s] -- Searching for dependencies of ignition-fuel_tools4
[0.987s] -- Checking for module 'jsoncpp'
[0.995s] --   Found jsoncpp, version 1.9.5
[1.018s] -- Checking for module 'libzip'
[1.026s] --   Found libzip, version 1.7.3
[1.045s] -- Looking for ignition-common3 -- found version 3.14.0
[1.045s] -- Looking for ignition-math6 -- found version 6.15.0
[1.046s] -- Looking for ignition-msgs5 -- found version 5.8.1
[1.047s] -- Gazebo version: 11.10
[1.048s] -- Found gazebo_msgs: 3.7.0 (/opt/ros/humble/share/gazebo_msgs/cmake)
[1.199s] -- Found gazebo_ros: 3.7.0 (/opt/ros/humble/share/gazebo_ros/cmake)
[1.205s] -- Found image_transport: 3.1.7 (/opt/ros/humble/share/image_transport/cmake)
[1.231s] -- Found cv_bridge: 3.2.1 (/opt/ros/humble/share/cv_bridge/cmake)
[1.241s] -- Found nav_msgs: 4.2.3 (/opt/ros/humble/share/nav_msgs/cmake)
[1.300s] -- Found std_srvs: 4.2.3 (/opt/ros/humble/share/std_srvs/cmake)
[1.313s] -- Found tf2: 0.25.5 (/opt/ros/humble/share/tf2/cmake)
[1.318s] -- Found tf2_geometry_msgs: 0.25.5 (/opt/ros/humble/share/tf2_geometry_msgs/cmake)
[1.322s] -- Found eigen3_cmake_module: 0.1.1 (/opt/ros/humble/share/eigen3_cmake_module/cmake)
[1.323s] -- Ensuring Eigen3 include directory is part of orocos-kdl CMake target
[1.564s] -- Found tinyxml_vendor: 0.8.3 (/opt/ros/humble/share/tinyxml_vendor/cmake)
[1.677s] -- Configuring done
[1.738s] -- Generating done
[1.739s] -- Build files have been written to: /home/hp/mars_car_ws/build/gazebo_plugins_mode
[1.761s] [35m[1mConsolidate compiler generated dependencies of target gazebo_ros_boom[0m
[1.761s] [35m[1mConsolidate compiler generated dependencies of target gazebo_ros_planar_move1[0m
[1.762s] [35m[1mConsolidate compiler generated dependencies of target gazebo_ros_ackermann_drive_mode[0m
[1.762s] [35m[1mConsolidate compiler generated dependencies of target gazebo_ros_diff_drive_mode[0m
[1.766s] [  8%] [32mBuilding CXX object CMakeFiles/gazebo_ros_state_mode.dir/src/gazebo_ros_state_mode.cpp.o[0m
[1.767s] [35m[1mConsolidate compiler generated dependencies of target ball_shooter_plugin[0m
[1.783s] [ 25%] Built target gazebo_ros_boom
[1.784s] [ 50%] Built target gazebo_ros_planar_move1
[1.784s] [ 58%] Built target gazebo_ros_ackermann_drive_mode
[1.790s] [ 75%] Built target gazebo_ros_diff_drive_mode
[1.795s] [ 91%] Built target ball_shooter_plugin
[10.494s] [100%] [32m[1mLinking CXX shared library libgazebo_ros_state_mode.so[0m
[10.899s] [100%] Built target gazebo_ros_state_mode
[10.906s] Invoked command in '/home/hp/mars_car_ws/build/gazebo_plugins_mode' returned '0': CMAKE_PREFIX_PATH=${CMAKE_PREFIX_PATH}:/home/hp/mars_car_ws/install/mediapipe_ros2:/opt/ros/humble /usr/bin/cmake --build /home/hp/mars_car_ws/build/gazebo_plugins_mode -- -j20 -l20
[10.943s] Invoking command in '/home/hp/mars_car_ws/build/gazebo_plugins_mode': CMAKE_PREFIX_PATH=${CMAKE_PREFIX_PATH}:/home/hp/mars_car_ws/install/mediapipe_ros2:/opt/ros/humble /usr/bin/cmake --install /home/hp/mars_car_ws/build/gazebo_plugins_mode
[10.951s] -- Install configuration: ""
[10.951s] -- Up-to-date: /home/hp/mars_car_ws/install/gazebo_plugins_mode/share/gazebo_plugins_mode/environment/library_path.sh
[10.951s] -- Installing: /home/hp/mars_car_ws/install/gazebo_plugins_mode/share/gazebo_plugins_mode/environment/library_path.dsv
[10.951s] -- Up-to-date: /home/hp/mars_car_ws/install/gazebo_plugins_mode/lib/libgazebo_ros_boom.so
[10.951s] -- Installing: /home/hp/mars_car_ws/install/gazebo_plugins_mode/lib/libgazebo_ros_state_mode.so
[10.958s] -- Set runtime path of "/home/hp/mars_car_ws/install/gazebo_plugins_mode/lib/libgazebo_ros_state_mode.so" to ""
[10.958s] -- Up-to-date: /home/hp/mars_car_ws/install/gazebo_plugins_mode/lib/libgazebo_ros_diff_drive_mode.so
[10.958s] -- Up-to-date: /home/hp/mars_car_ws/install/gazebo_plugins_mode/lib/libgazebo_ros_ackermann_drive_mode.so
[10.959s] -- Up-to-date: /home/hp/mars_car_ws/install/gazebo_plugins_mode/lib/libgazebo_ros_planar_move1.so
[10.959s] -- Up-to-date: /home/hp/mars_car_ws/install/gazebo_plugins_mode/lib/libball_shooter_plugin.so
[10.959s] -- Up-to-date: /home/hp/mars_car_ws/install/gazebo_plugins_mode/share/ament_index/resource_index/package_run_dependencies/gazebo_plugins_mode
[10.959s] -- Installing: /home/hp/mars_car_ws/install/gazebo_plugins_mode/share/ament_index/resource_index/parent_prefix_path/gazebo_plugins_mode
[10.959s] -- Up-to-date: /home/hp/mars_car_ws/install/gazebo_plugins_mode/share/gazebo_plugins_mode/environment/ament_prefix_path.sh
[10.959s] -- Installing: /home/hp/mars_car_ws/install/gazebo_plugins_mode/share/gazebo_plugins_mode/environment/ament_prefix_path.dsv
[10.959s] -- Up-to-date: /home/hp/mars_car_ws/install/gazebo_plugins_mode/share/gazebo_plugins_mode/environment/path.sh
[10.959s] -- Installing: /home/hp/mars_car_ws/install/gazebo_plugins_mode/share/gazebo_plugins_mode/environment/path.dsv
[10.959s] -- Up-to-date: /home/hp/mars_car_ws/install/gazebo_plugins_mode/share/gazebo_plugins_mode/local_setup.bash
[10.959s] -- Up-to-date: /home/hp/mars_car_ws/install/gazebo_plugins_mode/share/gazebo_plugins_mode/local_setup.sh
[10.959s] -- Up-to-date: /home/hp/mars_car_ws/install/gazebo_plugins_mode/share/gazebo_plugins_mode/local_setup.zsh
[10.960s] -- Installing: /home/hp/mars_car_ws/install/gazebo_plugins_mode/share/gazebo_plugins_mode/local_setup.dsv
[10.960s] -- Installing: /home/hp/mars_car_ws/install/gazebo_plugins_mode/share/gazebo_plugins_mode/package.dsv
[10.960s] -- Up-to-date: /home/hp/mars_car_ws/install/gazebo_plugins_mode/share/ament_index/resource_index/packages/gazebo_plugins_mode
[10.960s] -- Installing: /home/hp/mars_car_ws/install/gazebo_plugins_mode/share/gazebo_plugins_mode/cmake/ament_cmake_export_libraries-extras.cmake
[10.960s] -- Up-to-date: /home/hp/mars_car_ws/install/gazebo_plugins_mode/share/gazebo_plugins_mode/cmake/gazebo_plugins_modeConfig.cmake
[10.960s] -- Up-to-date: /home/hp/mars_car_ws/install/gazebo_plugins_mode/share/gazebo_plugins_mode/cmake/gazebo_plugins_modeConfig-version.cmake
[10.960s] -- Up-to-date: /home/hp/mars_car_ws/install/gazebo_plugins_mode/share/gazebo_plugins_mode/package.xml
[10.962s] Invoked command in '/home/hp/mars_car_ws/build/gazebo_plugins_mode' returned '0': CMAKE_PREFIX_PATH=${CMAKE_PREFIX_PATH}:/home/hp/mars_car_ws/install/mediapipe_ros2:/opt/ros/humble /usr/bin/cmake --install /home/hp/mars_car_ws/build/gazebo_plugins_mode
