-- The C compiler identification is GNU 11.4.0
-- The CXX compiler identification is GNU 11.4.0
-- Detecting C compiler ABI info
-- Detecting C compiler ABI info - done
-- Check for working C compiler: /usr/bin/cc - skipped
-- Detecting C compile features
-- Detecting C compile features - done
-- Detecting CXX compiler ABI info
-- Detecting CXX compiler ABI info - done
-- Check for working CXX compiler: /usr/bin/c++ - skipped
-- Detecting CXX compile features
-- Detecting CXX compile features - done
-- Found ament_cmake: 1.3.6 (/opt/ros/humble/share/ament_cmake/cmake)
-- Found Python3: /usr/bin/python3.10 (found version "3.10.12") found components: Interpreter 
-- Found rosidl_default_generators: 1.2.0 (/opt/ros/humble/share/rosidl_default_generators/cmake)
-- Using all available rosidl_typesupport_c: rosidl_typesupport_fastrtps_c;rosidl_typesupport_introspection_c
-- Found rosidl_adapter: 3.1.5 (/opt/ros/humble/share/rosidl_adapter/cmake)
-- Using all available rosidl_typesupport_cpp: rosidl_typesupport_fastrtps_cpp;rosidl_typesupport_introspection_cpp
-- Found rclcpp: 16.0.7 (/opt/ros/humble/share/rclcpp/cmake)
-- Found rmw_implementation_cmake: 6.1.1 (/opt/ros/humble/share/rmw_implementation_cmake/cmake)
-- Found rmw_fastrtps_cpp: 6.2.5 (/opt/ros/humble/share/rmw_fastrtps_cpp/cmake)
-- Found OpenSSL: /usr/lib/x86_64-linux-gnu/libcrypto.so (found version "3.0.2")  
-- Found FastRTPS: /opt/ros/humble/include  
-- Using RMW implementation 'rmw_fastrtps_cpp' as default
-- Looking for pthread.h
-- Looking for pthread.h - found
-- Performing Test CMAKE_HAVE_LIBC_PTHREAD
-- Performing Test CMAKE_HAVE_LIBC_PTHREAD - Success
-- Found Threads: TRUE  
-- Found rclpy: 3.3.11 (/opt/ros/humble/share/rclpy/cmake)
-- Found cv_bridge: 3.2.1 (/opt/ros/humble/share/cv_bridge/cmake)
-- Found nav_msgs: 4.2.3 (/opt/ros/humble/share/nav_msgs/cmake)
-- Found visualization_msgs: 4.2.3 (/opt/ros/humble/share/visualization_msgs/cmake)
-- Found pcl_msgs: 1.0.0 (/opt/ros/humble/share/pcl_msgs/cmake)
-- Found tf2: 0.25.5 (/opt/ros/humble/share/tf2/cmake)
-- Found tf2_geometry_msgs: 0.25.5 (/opt/ros/humble/share/tf2_geometry_msgs/cmake)
-- Found eigen3_cmake_module: 0.1.1 (/opt/ros/humble/share/eigen3_cmake_module/cmake)
-- Found Eigen3: TRUE (found version "3.4.0") 
-- Ensuring Eigen3 include directory is part of orocos-kdl CMake target
-- Found tf2_sensor_msgs: 0.25.5 (/opt/ros/humble/share/tf2_sensor_msgs/cmake)
-- Found tf2_eigen: 0.25.5 (/opt/ros/humble/share/tf2_eigen/cmake)
-- Found OpenCV: /usr (found version "4.5.4") 
-- Checking for module 'eigen3'
--   Found eigen3, version 3.4.0
-- Found Eigen: /usr/include/eigen3 (Required is at least version "3.1") 
-- Eigen found (include: /usr/include/eigen3, version: 3.4.0)
-- Found Boost: /usr/lib/x86_64-linux-gnu/cmake/Boost-1.74.0/BoostConfig.cmake (found suitable version "1.74.0", minimum required is "1.65.0") found components: system filesystem date_time iostreams serialization 
-- Checking for module 'flann'
--   Found flann, version 1.9.1
-- Found FLANN: /usr/lib/x86_64-linux-gnu/libflann_cpp.so  
-- FLANN found (include: /usr/include, lib: /usr/lib/x86_64-linux-gnu/libflann_cpp.so)
-- Found GLEW: /usr/lib/x86_64-linux-gnu/libGLEW.so  
-- Found OpenGL: /usr/lib/x86_64-linux-gnu/libOpenGL.so  found components: OpenGL GLX 
-- Found MPI_C: /usr/lib/x86_64-linux-gnu/libmpi.so (found version "3.1") 
-- Found MPI: TRUE (found version "3.1") found components: C 
-- Found JsonCpp: /usr/lib/x86_64-linux-gnu/libjsoncpp.so (found suitable version "1.9.5", minimum required is "0.7.0") 
-- Found ZLIB: /usr/lib/x86_64-linux-gnu/libz.so (found version "1.2.11") 
-- Found PNG: /usr/lib/x86_64-linux-gnu/libpng.so (found version "1.6.37") 
-- Found Eigen3: /usr/include/eigen3 (found version "3.4.0") 
-- Found X11: /usr/include   
-- Looking for XOpenDisplay in /usr/lib/x86_64-linux-gnu/libX11.so;/usr/lib/x86_64-linux-gnu/libXext.so
-- Looking for XOpenDisplay in /usr/lib/x86_64-linux-gnu/libX11.so;/usr/lib/x86_64-linux-gnu/libXext.so - found
-- Looking for gethostbyname
-- Looking for gethostbyname - found
-- Looking for connect
-- Looking for connect - found
-- Looking for remove
-- Looking for remove - found
-- Looking for shmat
-- Looking for shmat - found
-- Looking for IceConnectionNumber in ICE
-- Looking for IceConnectionNumber in ICE - found
-- Found EXPAT: /usr/lib/x86_64-linux-gnu/libexpat.so (found version "2.4.7") 
-- Found double-conversion: /usr/lib/x86_64-linux-gnu/libdouble-conversion.so  
-- Found LZ4: /usr/lib/x86_64-linux-gnu/liblz4.so (found version "1.9.3") 
-- Found LZMA: /usr/lib/x86_64-linux-gnu/liblzma.so (found version "5.2.5") 
-- Found JPEG: /usr/lib/x86_64-linux-gnu/libjpeg.so (found version "80") 
-- Found TIFF: /usr/lib/x86_64-linux-gnu/libtiff.so (found version "4.3.0")  
-- Found Freetype: /usr/lib/x86_64-linux-gnu/libfreetype.so (found version "2.11.1") 
-- Found utf8cpp: /usr/include/utf8cpp  
-- Checking for module 'libusb-1.0'
--   Found libusb-1.0, version 1.0.25
-- Found libusb: /usr/lib/x86_64-linux-gnu/libusb-1.0.so  
-- Found OpenNI: /usr/lib/libOpenNI.so;libusb::libusb (found version "1.5.4.0") 
-- OpenNI found (version: 1.5.4.0, include: /usr/include/ni, lib: /usr/lib/libOpenNI.so;libusb::libusb)
-- Found OpenNI2: /usr/lib/x86_64-linux-gnu/libOpenNI2.so;libusb::libusb (found version "2.2.0.33") 
-- OpenNI2 found (version: 2.2.0.33, include: /usr/include/openni2, lib: /usr/lib/x86_64-linux-gnu/libOpenNI2.so;libusb::libusb)
-- Eigen found (include: /usr/include/eigen3, version: 3.4.0)
-- OpenNI found (version: 1.5.4.0, include: /usr/include/ni, lib: /usr/lib/libOpenNI.so;libusb::libusb)
-- OpenNI2 found (version: 2.2.0.33, include: /usr/include/openni2, lib: /usr/lib/x86_64-linux-gnu/libOpenNI2.so;libusb::libusb)
-- Found Qhull version 8.0.2
-- OpenNI found (version: 1.5.4.0, include: /usr/include/ni, lib: /usr/lib/libOpenNI.so;libusb::libusb)
-- looking for PCL_COMMON
-- Found PCL_COMMON: /usr/lib/x86_64-linux-gnu/libpcl_common.so  
-- looking for PCL_KDTREE
-- Found PCL_KDTREE: /usr/lib/x86_64-linux-gnu/libpcl_kdtree.so  
-- looking for PCL_OCTREE
-- Found PCL_OCTREE: /usr/lib/x86_64-linux-gnu/libpcl_octree.so  
-- looking for PCL_SEARCH
-- Found PCL_SEARCH: /usr/lib/x86_64-linux-gnu/libpcl_search.so  
-- looking for PCL_SAMPLE_CONSENSUS
-- Found PCL_SAMPLE_CONSENSUS: /usr/lib/x86_64-linux-gnu/libpcl_sample_consensus.so  
-- looking for PCL_FILTERS
-- Found PCL_FILTERS: /usr/lib/x86_64-linux-gnu/libpcl_filters.so  
-- looking for PCL_2D
-- Found PCL_2D: /usr/include/pcl-1.12  
-- looking for PCL_GEOMETRY
-- Found PCL_GEOMETRY: /usr/include/pcl-1.12  
-- looking for PCL_IO
-- Found PCL_IO: /usr/lib/x86_64-linux-gnu/libpcl_io.so  
-- looking for PCL_FEATURES
-- Found PCL_FEATURES: /usr/lib/x86_64-linux-gnu/libpcl_features.so  
-- looking for PCL_ML
-- Found PCL_ML: /usr/lib/x86_64-linux-gnu/libpcl_ml.so  
-- looking for PCL_SEGMENTATION
-- Found PCL_SEGMENTATION: /usr/lib/x86_64-linux-gnu/libpcl_segmentation.so  
-- looking for PCL_VISUALIZATION
-- Found PCL_VISUALIZATION: /usr/lib/x86_64-linux-gnu/libpcl_visualization.so  
-- looking for PCL_SURFACE
-- Found PCL_SURFACE: /usr/lib/x86_64-linux-gnu/libpcl_surface.so  
-- looking for PCL_REGISTRATION
-- Found PCL_REGISTRATION: /usr/lib/x86_64-linux-gnu/libpcl_registration.so  
-- looking for PCL_KEYPOINTS
-- Found PCL_KEYPOINTS: /usr/lib/x86_64-linux-gnu/libpcl_keypoints.so  
-- looking for PCL_TRACKING
-- Found PCL_TRACKING: /usr/lib/x86_64-linux-gnu/libpcl_tracking.so  
-- looking for PCL_RECOGNITION
-- Found PCL_RECOGNITION: /usr/lib/x86_64-linux-gnu/libpcl_recognition.so  
-- looking for PCL_STEREO
-- Found PCL_STEREO: /usr/lib/x86_64-linux-gnu/libpcl_stereo.so  
-- looking for PCL_APPS
-- Found PCL_APPS: /usr/lib/x86_64-linux-gnu/libpcl_apps.so  
-- looking for PCL_IN_HAND_SCANNER
-- Found PCL_IN_HAND_SCANNER: /usr/include/pcl-1.12  
-- looking for PCL_MODELER
-- Found PCL_MODELER: /usr/include/pcl-1.12  
-- looking for PCL_POINT_CLOUD_EDITOR
-- Found PCL_POINT_CLOUD_EDITOR: /usr/include/pcl-1.12  
-- looking for PCL_OUTOFCORE
-- Found PCL_OUTOFCORE: /usr/lib/x86_64-linux-gnu/libpcl_outofcore.so  
-- looking for PCL_PEOPLE
-- Found PCL_PEOPLE: /usr/lib/x86_64-linux-gnu/libpcl_people.so  
-- Found PCL: pcl_common;pcl_kdtree;pcl_octree;pcl_search;pcl_sample_consensus;pcl_filters;pcl_io;pcl_features;pcl_ml;pcl_segmentation;pcl_visualization;pcl_surface;pcl_registration;pcl_keypoints;pcl_tracking;pcl_recognition;pcl_stereo;pcl_apps;pcl_outofcore;pcl_people;Boost::system;Boost::filesystem;Boost::date_time;Boost::iostreams;Boost::serialization;/usr/lib/libOpenNI.so;libusb::libusb;/usr/lib/x86_64-linux-gnu/libOpenNI2.so;libusb::libusb;VTK::ChartsCore;VTK::CommonColor;VTK::CommonComputationalGeometry;VTK::CommonCore;VTK::CommonDataModel;VTK::CommonExecutionModel;VTK::CommonMath;VTK::CommonMisc;VTK::CommonTransforms;VTK::FiltersCore;VTK::FiltersExtraction;VTK::FiltersGeneral;VTK::FiltersGeometry;VTK::FiltersModeling;VTK::FiltersSources;VTK::ImagingCore;VTK::ImagingSources;VTK::InteractionImage;VTK::InteractionStyle;VTK::InteractionWidgets;VTK::IOCore;VTK::IOGeometry;VTK::IOImage;VTK::IOLegacy;VTK::IOPLY;VTK::RenderingAnnotation;VTK::RenderingCore;VTK::RenderingContext2D;VTK::RenderingLOD;VTK::RenderingFreeType;VTK::ViewsCore;VTK::ViewsContext2D;VTK::RenderingOpenGL2;VTK::GUISupportQt;FLANN::FLANN;QHULL::QHULL  
-- Found Boost: /usr/lib/x86_64-linux-gnu/cmake/Boost-1.74.0/BoostConfig.cmake (found suitable version "1.74.0", minimum required is "1.65") found components: serialization system filesystem thread program_options date_time timer chrono regex 
-- GTSAM include directory:  /usr/lib/cmake/GTSAM/../../../include
-- Found Eigen: /usr/include/eigen3  
-- Eigen found (include: /usr/include/eigen3, version: 3.4.0)
-- Found OpenMP_C: -fopenmp (found version "4.5") 
-- Found OpenMP_CXX: -fopenmp (found version "4.5") 
-- Found OpenMP: TRUE (found version "4.5")  
-- Found ament_cmake_ros: 0.10.0 (/opt/ros/humble/share/ament_cmake_ros/cmake)
-- Using all available rosidl_typesupport_c: rosidl_typesupport_fastrtps_c;rosidl_typesupport_introspection_c
-- Using all available rosidl_typesupport_cpp: rosidl_typesupport_fastrtps_cpp;rosidl_typesupport_introspection_cpp
-- Found PythonInterp: /usr/bin/python3 (found suitable version "3.10.12", minimum required is "3.6") 
-- Found python_cmake_module: 0.10.0 (/opt/ros/humble/share/python_cmake_module/cmake)
-- Found PythonLibs: /usr/lib/x86_64-linux-gnu/libpython3.10.so (found suitable version "3.10.12", minimum required is "3.5") 
-- Using PYTHON_EXECUTABLE: /usr/bin/python3
-- Using PYTHON_INCLUDE_DIRS: /usr/include/python3.10
-- Using PYTHON_LIBRARIES: /usr/lib/x86_64-linux-gnu/libpython3.10.so
-- Found PythonExtra: .so  
-- Found ament_lint_auto: 0.12.9 (/opt/ros/humble/share/ament_lint_auto/cmake)
-- Added test 'copyright' to check source files copyright and LICENSE
-- Added test 'cppcheck' to perform static code analysis on C / C++ code
-- Configured cppcheck include dirs: /home/hp/marscar_ws/src/LIO-SAM-ros2/include/lio_sam
-- Configured cppcheck exclude dirs and/or files: 
-- Added test 'cpplint' to check C / C++ code against the Google style
-- Configured cpplint exclude dirs and/or files: 
-- Added test 'flake8' to check Python code syntax and style conventions
-- Added test 'lint_cmake' to check CMake code style
-- Added test 'pep257' to check Python code against some of the docstring style conventions in PEP 257
-- Added test 'uncrustify' to check C / C++ code style
-- Configured uncrustify additional arguments: 
-- Added test 'xmllint' to check XML markup files
-- Configuring done
-- Generating done
-- Build files have been written to: /home/hp/marscar_ws/build/lio_sam
[  2%] [34m[1mGenerating C code for ROS interfaces[0m
[  4%] [34m[1mGenerating C++ code for ROS interfaces[0m
[  4%] Built target ament_cmake_python_copy_lio_sam
running egg_info
creating lio_sam.egg-info
writing lio_sam.egg-info/PKG-INFO
writing dependency_links to lio_sam.egg-info/dependency_links.txt
writing top-level names to lio_sam.egg-info/top_level.txt
writing manifest file 'lio_sam.egg-info/SOURCES.txt'
reading manifest file 'lio_sam.egg-info/SOURCES.txt'
writing manifest file 'lio_sam.egg-info/SOURCES.txt'
[  4%] Built target ament_cmake_python_build_lio_sam_egg
[  4%] Built target lio_sam__cpp
[ 10%] [34m[1mGenerating C++ type support dispatch for ROS interfaces[0m
[ 10%] [34m[1mGenerating C++ introspection for ROS interfaces[0m
[ 10%] [34m[1mGenerating C++ type support for eProsima Fast-RTPS[0m
[ 12%] [32mBuilding C object CMakeFiles/lio_sam__rosidl_generator_c.dir/rosidl_generator_c/lio_sam/srv/detail/save_map__functions.c.o[0m
[ 14%] [32mBuilding C object CMakeFiles/lio_sam__rosidl_generator_c.dir/rosidl_generator_c/lio_sam/msg/detail/cloud_info__functions.c.o[0m
[ 17%] [32m[1mLinking C shared library liblio_sam__rosidl_generator_c.so[0m
[ 17%] Built target lio_sam__rosidl_generator_c
[ 19%] [34m[1mGenerating C introspection for ROS interfaces[0m
[ 21%] [34m[1mGenerating C type support dispatch for ROS interfaces[0m
[ 23%] [34m[1mGenerating C type support for eProsima Fast-RTPS[0m
[ 25%] [32mBuilding CXX object CMakeFiles/lio_sam__rosidl_typesupport_cpp.dir/rosidl_typesupport_cpp/lio_sam/msg/cloud_info__type_support.cpp.o[0m
[ 27%] [32mBuilding CXX object CMakeFiles/lio_sam__rosidl_typesupport_cpp.dir/rosidl_typesupport_cpp/lio_sam/srv/save_map__type_support.cpp.o[0m
[ 29%] [32mBuilding CXX object CMakeFiles/lio_sam__rosidl_typesupport_introspection_cpp.dir/rosidl_typesupport_introspection_cpp/lio_sam/srv/detail/save_map__type_support.cpp.o[0m
[ 31%] [32mBuilding CXX object CMakeFiles/lio_sam__rosidl_typesupport_introspection_cpp.dir/rosidl_typesupport_introspection_cpp/lio_sam/msg/detail/cloud_info__type_support.cpp.o[0m
[ 34%] [32mBuilding CXX object CMakeFiles/lio_sam__rosidl_typesupport_fastrtps_cpp.dir/rosidl_typesupport_fastrtps_cpp/lio_sam/msg/detail/dds_fastrtps/cloud_info__type_support.cpp.o[0m
[ 36%] [32mBuilding CXX object CMakeFiles/lio_sam__rosidl_typesupport_fastrtps_cpp.dir/rosidl_typesupport_fastrtps_cpp/lio_sam/srv/detail/dds_fastrtps/save_map__type_support.cpp.o[0m
[ 38%] [32mBuilding CXX object CMakeFiles/lio_sam__rosidl_typesupport_c.dir/rosidl_typesupport_c/lio_sam/srv/save_map__type_support.cpp.o[0m
[ 40%] [32mBuilding CXX object CMakeFiles/lio_sam__rosidl_typesupport_c.dir/rosidl_typesupport_c/lio_sam/msg/cloud_info__type_support.cpp.o[0m
[ 42%] [32m[1mLinking CXX shared library liblio_sam__rosidl_typesupport_c.so[0m
[ 42%] Built target lio_sam__rosidl_typesupport_c
[ 44%] [32mBuilding C object CMakeFiles/lio_sam__rosidl_typesupport_introspection_c.dir/rosidl_typesupport_introspection_c/lio_sam/msg/detail/cloud_info__type_support.c.o[0m
[ 46%] [32mBuilding C object CMakeFiles/lio_sam__rosidl_typesupport_introspection_c.dir/rosidl_typesupport_introspection_c/lio_sam/srv/detail/save_map__type_support.c.o[0m
[ 48%] [32m[1mLinking C shared library liblio_sam__rosidl_typesupport_introspection_c.so[0m
[ 51%] [32m[1mLinking CXX shared library liblio_sam__rosidl_typesupport_cpp.so[0m
[ 51%] Built target lio_sam__rosidl_typesupport_introspection_c
[ 51%] Built target lio_sam__rosidl_typesupport_cpp
[ 53%] [32mBuilding CXX object CMakeFiles/lio_sam__rosidl_typesupport_fastrtps_c.dir/rosidl_typesupport_fastrtps_c/lio_sam/srv/detail/save_map__type_support_c.cpp.o[0m
[ 55%] [32mBuilding CXX object CMakeFiles/lio_sam__rosidl_typesupport_fastrtps_c.dir/rosidl_typesupport_fastrtps_c/lio_sam/msg/detail/cloud_info__type_support_c.cpp.o[0m
[ 57%] [32mBuilding CXX object CMakeFiles/lio_sam_mapOptimization.dir/src/mapOptmization.cpp.o[0m
[ 59%] [32mBuilding CXX object CMakeFiles/lio_sam_featureExtraction.dir/src/featureExtraction.cpp.o[0m
[ 61%] [32mBuilding CXX object CMakeFiles/lio_sam_imageProjection.dir/src/imageProjection.cpp.o[0m
[ 63%] [32mBuilding CXX object CMakeFiles/lio_sam_imuPreintegration.dir/src/imuPreintegration.cpp.o[0m
[ 65%] [32m[1mLinking CXX shared library liblio_sam__rosidl_typesupport_fastrtps_cpp.so[0m
[ 65%] Built target lio_sam__rosidl_typesupport_fastrtps_cpp
[ 68%] [32m[1mLinking CXX shared library liblio_sam__rosidl_typesupport_introspection_cpp.so[0m
[ 68%] Built target lio_sam__rosidl_typesupport_introspection_cpp
[ 70%] [32m[1mLinking CXX shared library liblio_sam__rosidl_typesupport_fastrtps_c.so[0m
[ 70%] Built target lio_sam__rosidl_typesupport_fastrtps_c
[ 70%] Built target lio_sam
[ 72%] [34m[1mGenerating Python code for ROS interfaces[0m
[ 72%] Built target lio_sam__py
[ 74%] [32mBuilding C object CMakeFiles/lio_sam__rosidl_generator_py.dir/rosidl_generator_py/lio_sam/msg/_cloud_info_s.c.o[0m
[ 76%] [32mBuilding C object CMakeFiles/lio_sam__rosidl_generator_py.dir/rosidl_generator_py/lio_sam/srv/_save_map_s.c.o[0m
[ 78%] [32m[1mLinking C shared library rosidl_generator_py/lio_sam/liblio_sam__rosidl_generator_py.so[0m
[ 78%] Built target lio_sam__rosidl_generator_py
[ 85%] [32mBuilding C object CMakeFiles/lio_sam__rosidl_typesupport_fastrtps_c__pyext.dir/rosidl_generator_py/lio_sam/_lio_sam_s.ep.rosidl_typesupport_fastrtps_c.c.o[0m
[ 85%] [32mBuilding C object CMakeFiles/lio_sam__rosidl_typesupport_c__pyext.dir/rosidl_generator_py/lio_sam/_lio_sam_s.ep.rosidl_typesupport_c.c.o[0m
[ 85%] [32mBuilding C object CMakeFiles/lio_sam__rosidl_typesupport_introspection_c__pyext.dir/rosidl_generator_py/lio_sam/_lio_sam_s.ep.rosidl_typesupport_introspection_c.c.o[0m
[ 87%] [32m[1mLinking C shared library rosidl_generator_py/lio_sam/lio_sam_s__rosidl_typesupport_c.cpython-310-x86_64-linux-gnu.so[0m
[ 89%] [32m[1mLinking C shared library rosidl_generator_py/lio_sam/lio_sam_s__rosidl_typesupport_introspection_c.cpython-310-x86_64-linux-gnu.so[0m
[ 91%] [32m[1mLinking C shared library rosidl_generator_py/lio_sam/lio_sam_s__rosidl_typesupport_fastrtps_c.cpython-310-x86_64-linux-gnu.so[0m
[ 91%] Built target lio_sam__rosidl_typesupport_c__pyext
[ 91%] Built target lio_sam__rosidl_typesupport_introspection_c__pyext
[ 91%] Built target lio_sam__rosidl_typesupport_fastrtps_c__pyext
[ 93%] [32m[1mLinking CXX executable lio_sam_featureExtraction[0m
[ 93%] Built target lio_sam_featureExtraction
[ 95%] [32m[1mLinking CXX executable lio_sam_imageProjection[0m
[ 95%] Built target lio_sam_imageProjection
[ 97%] [32m[1mLinking CXX executable lio_sam_imuPreintegration[0m
[ 97%] Built target lio_sam_imuPreintegration
[100%] [32m[1mLinking CXX executable lio_sam_mapOptimization[0m
[100%] Built target lio_sam_mapOptimization
-- Install configuration: "Release"
-- Installing: /home/hp/marscar_ws/install/lio_sam/share/ament_index/resource_index/rosidl_interfaces/lio_sam
-- Installing: /home/hp/marscar_ws/install/lio_sam/include/lio_sam/lio_sam
-- Installing: /home/hp/marscar_ws/install/lio_sam/include/lio_sam/lio_sam/msg
-- Installing: /home/hp/marscar_ws/install/lio_sam/include/lio_sam/lio_sam/msg/cloud_info.h
-- Installing: /home/hp/marscar_ws/install/lio_sam/include/lio_sam/lio_sam/msg/rosidl_generator_c__visibility_control.h
-- Installing: /home/hp/marscar_ws/install/lio_sam/include/lio_sam/lio_sam/msg/detail
-- Installing: /home/hp/marscar_ws/install/lio_sam/include/lio_sam/lio_sam/msg/detail/cloud_info__type_support.h
-- Installing: /home/hp/marscar_ws/install/lio_sam/include/lio_sam/lio_sam/msg/detail/cloud_info__struct.h
-- Installing: /home/hp/marscar_ws/install/lio_sam/include/lio_sam/lio_sam/msg/detail/cloud_info__functions.h
-- Installing: /home/hp/marscar_ws/install/lio_sam/include/lio_sam/lio_sam/msg/detail/cloud_info__functions.c
-- Installing: /home/hp/marscar_ws/install/lio_sam/include/lio_sam/lio_sam/srv
-- Installing: /home/hp/marscar_ws/install/lio_sam/include/lio_sam/lio_sam/srv/detail
-- Installing: /home/hp/marscar_ws/install/lio_sam/include/lio_sam/lio_sam/srv/detail/save_map__type_support.h
-- Installing: /home/hp/marscar_ws/install/lio_sam/include/lio_sam/lio_sam/srv/detail/save_map__functions.h
-- Installing: /home/hp/marscar_ws/install/lio_sam/include/lio_sam/lio_sam/srv/detail/save_map__struct.h
-- Installing: /home/hp/marscar_ws/install/lio_sam/include/lio_sam/lio_sam/srv/detail/save_map__functions.c
-- Installing: /home/hp/marscar_ws/install/lio_sam/include/lio_sam/lio_sam/srv/save_map.h
-- Installing: /home/hp/marscar_ws/install/lio_sam/share/lio_sam/environment/library_path.sh
-- Installing: /home/hp/marscar_ws/install/lio_sam/share/lio_sam/environment/library_path.dsv
-- Installing: /home/hp/marscar_ws/install/lio_sam/lib/liblio_sam__rosidl_generator_c.so
-- Set runtime path of "/home/hp/marscar_ws/install/lio_sam/lib/liblio_sam__rosidl_generator_c.so" to ""
-- Up-to-date: /home/hp/marscar_ws/install/lio_sam/include/lio_sam/lio_sam
-- Up-to-date: /home/hp/marscar_ws/install/lio_sam/include/lio_sam/lio_sam/msg
-- Up-to-date: /home/hp/marscar_ws/install/lio_sam/include/lio_sam/lio_sam/msg/detail
-- Installing: /home/hp/marscar_ws/install/lio_sam/include/lio_sam/lio_sam/msg/detail/cloud_info__rosidl_typesupport_fastrtps_c.h
-- Installing: /home/hp/marscar_ws/install/lio_sam/include/lio_sam/lio_sam/msg/rosidl_typesupport_fastrtps_c__visibility_control.h
-- Up-to-date: /home/hp/marscar_ws/install/lio_sam/include/lio_sam/lio_sam/srv
-- Up-to-date: /home/hp/marscar_ws/install/lio_sam/include/lio_sam/lio_sam/srv/detail
-- Installing: /home/hp/marscar_ws/install/lio_sam/include/lio_sam/lio_sam/srv/detail/save_map__rosidl_typesupport_fastrtps_c.h
-- Installing: /home/hp/marscar_ws/install/lio_sam/lib/liblio_sam__rosidl_typesupport_fastrtps_c.so
-- Set runtime path of "/home/hp/marscar_ws/install/lio_sam/lib/liblio_sam__rosidl_typesupport_fastrtps_c.so" to ""
-- Up-to-date: /home/hp/marscar_ws/install/lio_sam/include/lio_sam/lio_sam
-- Up-to-date: /home/hp/marscar_ws/install/lio_sam/include/lio_sam/lio_sam/msg
-- Up-to-date: /home/hp/marscar_ws/install/lio_sam/include/lio_sam/lio_sam/msg/detail
-- Installing: /home/hp/marscar_ws/install/lio_sam/include/lio_sam/lio_sam/msg/detail/cloud_info__type_support.c
-- Installing: /home/hp/marscar_ws/install/lio_sam/include/lio_sam/lio_sam/msg/detail/cloud_info__rosidl_typesupport_introspection_c.h
-- Installing: /home/hp/marscar_ws/install/lio_sam/include/lio_sam/lio_sam/msg/rosidl_typesupport_introspection_c__visibility_control.h
-- Up-to-date: /home/hp/marscar_ws/install/lio_sam/include/lio_sam/lio_sam/srv
-- Up-to-date: /home/hp/marscar_ws/install/lio_sam/include/lio_sam/lio_sam/srv/detail
-- Installing: /home/hp/marscar_ws/install/lio_sam/include/lio_sam/lio_sam/srv/detail/save_map__rosidl_typesupport_introspection_c.h
-- Installing: /home/hp/marscar_ws/install/lio_sam/include/lio_sam/lio_sam/srv/detail/save_map__type_support.c
-- Installing: /home/hp/marscar_ws/install/lio_sam/lib/liblio_sam__rosidl_typesupport_introspection_c.so
-- Set runtime path of "/home/hp/marscar_ws/install/lio_sam/lib/liblio_sam__rosidl_typesupport_introspection_c.so" to ""
-- Installing: /home/hp/marscar_ws/install/lio_sam/lib/liblio_sam__rosidl_typesupport_c.so
-- Set runtime path of "/home/hp/marscar_ws/install/lio_sam/lib/liblio_sam__rosidl_typesupport_c.so" to ""
-- Up-to-date: /home/hp/marscar_ws/install/lio_sam/include/lio_sam/lio_sam
-- Up-to-date: /home/hp/marscar_ws/install/lio_sam/include/lio_sam/lio_sam/msg
-- Installing: /home/hp/marscar_ws/install/lio_sam/include/lio_sam/lio_sam/msg/cloud_info.hpp
-- Up-to-date: /home/hp/marscar_ws/install/lio_sam/include/lio_sam/lio_sam/msg/detail
-- Installing: /home/hp/marscar_ws/install/lio_sam/include/lio_sam/lio_sam/msg/detail/cloud_info__traits.hpp
-- Installing: /home/hp/marscar_ws/install/lio_sam/include/lio_sam/lio_sam/msg/detail/cloud_info__struct.hpp
-- Installing: /home/hp/marscar_ws/install/lio_sam/include/lio_sam/lio_sam/msg/detail/cloud_info__builder.hpp
-- Up-to-date: /home/hp/marscar_ws/install/lio_sam/include/lio_sam/lio_sam/srv
-- Up-to-date: /home/hp/marscar_ws/install/lio_sam/include/lio_sam/lio_sam/srv/detail
-- Installing: /home/hp/marscar_ws/install/lio_sam/include/lio_sam/lio_sam/srv/detail/save_map__traits.hpp
-- Installing: /home/hp/marscar_ws/install/lio_sam/include/lio_sam/lio_sam/srv/detail/save_map__struct.hpp
-- Installing: /home/hp/marscar_ws/install/lio_sam/include/lio_sam/lio_sam/srv/detail/save_map__builder.hpp
-- Installing: /home/hp/marscar_ws/install/lio_sam/include/lio_sam/lio_sam/srv/save_map.hpp
-- Up-to-date: /home/hp/marscar_ws/install/lio_sam/include/lio_sam/lio_sam
-- Up-to-date: /home/hp/marscar_ws/install/lio_sam/include/lio_sam/lio_sam/msg
-- Installing: /home/hp/marscar_ws/install/lio_sam/include/lio_sam/lio_sam/msg/rosidl_typesupport_fastrtps_cpp__visibility_control.h
-- Up-to-date: /home/hp/marscar_ws/install/lio_sam/include/lio_sam/lio_sam/msg/detail
-- Installing: /home/hp/marscar_ws/install/lio_sam/include/lio_sam/lio_sam/msg/detail/dds_fastrtps
-- Installing: /home/hp/marscar_ws/install/lio_sam/include/lio_sam/lio_sam/msg/detail/cloud_info__rosidl_typesupport_fastrtps_cpp.hpp
-- Up-to-date: /home/hp/marscar_ws/install/lio_sam/include/lio_sam/lio_sam/srv
-- Up-to-date: /home/hp/marscar_ws/install/lio_sam/include/lio_sam/lio_sam/srv/detail
-- Installing: /home/hp/marscar_ws/install/lio_sam/include/lio_sam/lio_sam/srv/detail/dds_fastrtps
-- Installing: /home/hp/marscar_ws/install/lio_sam/include/lio_sam/lio_sam/srv/detail/save_map__rosidl_typesupport_fastrtps_cpp.hpp
-- Installing: /home/hp/marscar_ws/install/lio_sam/lib/liblio_sam__rosidl_typesupport_fastrtps_cpp.so
-- Set runtime path of "/home/hp/marscar_ws/install/lio_sam/lib/liblio_sam__rosidl_typesupport_fastrtps_cpp.so" to ""
-- Up-to-date: /home/hp/marscar_ws/install/lio_sam/include/lio_sam/lio_sam
-- Up-to-date: /home/hp/marscar_ws/install/lio_sam/include/lio_sam/lio_sam/msg
-- Up-to-date: /home/hp/marscar_ws/install/lio_sam/include/lio_sam/lio_sam/msg/detail
-- Installing: /home/hp/marscar_ws/install/lio_sam/include/lio_sam/lio_sam/msg/detail/cloud_info__rosidl_typesupport_introspection_cpp.hpp
-- Installing: /home/hp/marscar_ws/install/lio_sam/include/lio_sam/lio_sam/msg/detail/cloud_info__type_support.cpp
-- Up-to-date: /home/hp/marscar_ws/install/lio_sam/include/lio_sam/lio_sam/srv
-- Up-to-date: /home/hp/marscar_ws/install/lio_sam/include/lio_sam/lio_sam/srv/detail
-- Installing: /home/hp/marscar_ws/install/lio_sam/include/lio_sam/lio_sam/srv/detail/save_map__rosidl_typesupport_introspection_cpp.hpp
-- Installing: /home/hp/marscar_ws/install/lio_sam/include/lio_sam/lio_sam/srv/detail/save_map__type_support.cpp
-- Installing: /home/hp/marscar_ws/install/lio_sam/lib/liblio_sam__rosidl_typesupport_introspection_cpp.so
-- Set runtime path of "/home/hp/marscar_ws/install/lio_sam/lib/liblio_sam__rosidl_typesupport_introspection_cpp.so" to ""
-- Installing: /home/hp/marscar_ws/install/lio_sam/lib/liblio_sam__rosidl_typesupport_cpp.so
-- Set runtime path of "/home/hp/marscar_ws/install/lio_sam/lib/liblio_sam__rosidl_typesupport_cpp.so" to ""
-- Installing: /home/hp/marscar_ws/install/lio_sam/share/lio_sam/environment/pythonpath.sh
-- Installing: /home/hp/marscar_ws/install/lio_sam/share/lio_sam/environment/pythonpath.dsv
-- Installing: /home/hp/marscar_ws/install/lio_sam/local/lib/python3.10/dist-packages/lio_sam-1.0.0-py3.10.egg-info
-- Installing: /home/hp/marscar_ws/install/lio_sam/local/lib/python3.10/dist-packages/lio_sam-1.0.0-py3.10.egg-info/top_level.txt
-- Installing: /home/hp/marscar_ws/install/lio_sam/local/lib/python3.10/dist-packages/lio_sam-1.0.0-py3.10.egg-info/SOURCES.txt
-- Installing: /home/hp/marscar_ws/install/lio_sam/local/lib/python3.10/dist-packages/lio_sam-1.0.0-py3.10.egg-info/PKG-INFO
-- Installing: /home/hp/marscar_ws/install/lio_sam/local/lib/python3.10/dist-packages/lio_sam-1.0.0-py3.10.egg-info/dependency_links.txt
-- Installing: /home/hp/marscar_ws/install/lio_sam/local/lib/python3.10/dist-packages/lio_sam
-- Installing: /home/hp/marscar_ws/install/lio_sam/local/lib/python3.10/dist-packages/lio_sam/msg
-- Installing: /home/hp/marscar_ws/install/lio_sam/local/lib/python3.10/dist-packages/lio_sam/msg/_cloud_info.py
-- Installing: /home/hp/marscar_ws/install/lio_sam/local/lib/python3.10/dist-packages/lio_sam/msg/_cloud_info_s.c
-- Installing: /home/hp/marscar_ws/install/lio_sam/local/lib/python3.10/dist-packages/lio_sam/msg/__init__.py
-- Installing: /home/hp/marscar_ws/install/lio_sam/local/lib/python3.10/dist-packages/lio_sam/lio_sam_s__rosidl_typesupport_introspection_c.cpython-310-x86_64-linux-gnu.so
-- Installing: /home/hp/marscar_ws/install/lio_sam/local/lib/python3.10/dist-packages/lio_sam/_lio_sam_s.ep.rosidl_typesupport_c.c
-- Installing: /home/hp/marscar_ws/install/lio_sam/local/lib/python3.10/dist-packages/lio_sam/lio_sam_s__rosidl_typesupport_c.cpython-310-x86_64-linux-gnu.so
-- Installing: /home/hp/marscar_ws/install/lio_sam/local/lib/python3.10/dist-packages/lio_sam/_lio_sam_s.ep.rosidl_typesupport_fastrtps_c.c
-- Installing: /home/hp/marscar_ws/install/lio_sam/local/lib/python3.10/dist-packages/lio_sam/lio_sam_s__rosidl_typesupport_fastrtps_c.cpython-310-x86_64-linux-gnu.so
-- Installing: /home/hp/marscar_ws/install/lio_sam/local/lib/python3.10/dist-packages/lio_sam/srv
-- Installing: /home/hp/marscar_ws/install/lio_sam/local/lib/python3.10/dist-packages/lio_sam/srv/_save_map_s.c
-- Installing: /home/hp/marscar_ws/install/lio_sam/local/lib/python3.10/dist-packages/lio_sam/srv/_save_map.py
-- Installing: /home/hp/marscar_ws/install/lio_sam/local/lib/python3.10/dist-packages/lio_sam/srv/__init__.py
-- Installing: /home/hp/marscar_ws/install/lio_sam/local/lib/python3.10/dist-packages/lio_sam/_lio_sam_s.ep.rosidl_typesupport_introspection_c.c
-- Installing: /home/hp/marscar_ws/install/lio_sam/local/lib/python3.10/dist-packages/lio_sam/__init__.py
-- Installing: /home/hp/marscar_ws/install/lio_sam/local/lib/python3.10/dist-packages/lio_sam/liblio_sam__rosidl_generator_py.so
Listing '/home/hp/marscar_ws/install/lio_sam/local/lib/python3.10/dist-packages/lio_sam'...
Compiling '/home/hp/marscar_ws/install/lio_sam/local/lib/python3.10/dist-packages/lio_sam/__init__.py'...
Listing '/home/hp/marscar_ws/install/lio_sam/local/lib/python3.10/dist-packages/lio_sam/msg'...
Compiling '/home/hp/marscar_ws/install/lio_sam/local/lib/python3.10/dist-packages/lio_sam/msg/__init__.py'...
Compiling '/home/hp/marscar_ws/install/lio_sam/local/lib/python3.10/dist-packages/lio_sam/msg/_cloud_info.py'...
Listing '/home/hp/marscar_ws/install/lio_sam/local/lib/python3.10/dist-packages/lio_sam/srv'...
Compiling '/home/hp/marscar_ws/install/lio_sam/local/lib/python3.10/dist-packages/lio_sam/srv/__init__.py'...
Compiling '/home/hp/marscar_ws/install/lio_sam/local/lib/python3.10/dist-packages/lio_sam/srv/_save_map.py'...
-- Installing: /home/hp/marscar_ws/install/lio_sam/local/lib/python3.10/dist-packages/lio_sam/lio_sam_s__rosidl_typesupport_fastrtps_c.cpython-310-x86_64-linux-gnu.so
-- Set runtime path of "/home/hp/marscar_ws/install/lio_sam/local/lib/python3.10/dist-packages/lio_sam/lio_sam_s__rosidl_typesupport_fastrtps_c.cpython-310-x86_64-linux-gnu.so" to ""
-- Installing: /home/hp/marscar_ws/install/lio_sam/local/lib/python3.10/dist-packages/lio_sam/lio_sam_s__rosidl_typesupport_introspection_c.cpython-310-x86_64-linux-gnu.so
-- Set runtime path of "/home/hp/marscar_ws/install/lio_sam/local/lib/python3.10/dist-packages/lio_sam/lio_sam_s__rosidl_typesupport_introspection_c.cpython-310-x86_64-linux-gnu.so" to ""
-- Installing: /home/hp/marscar_ws/install/lio_sam/local/lib/python3.10/dist-packages/lio_sam/lio_sam_s__rosidl_typesupport_c.cpython-310-x86_64-linux-gnu.so
-- Set runtime path of "/home/hp/marscar_ws/install/lio_sam/local/lib/python3.10/dist-packages/lio_sam/lio_sam_s__rosidl_typesupport_c.cpython-310-x86_64-linux-gnu.so" to ""
-- Installing: /home/hp/marscar_ws/install/lio_sam/lib/liblio_sam__rosidl_generator_py.so
-- Set runtime path of "/home/hp/marscar_ws/install/lio_sam/lib/liblio_sam__rosidl_generator_py.so" to ""
-- Installing: /home/hp/marscar_ws/install/lio_sam/share/lio_sam/msg/CloudInfo.idl
-- Installing: /home/hp/marscar_ws/install/lio_sam/share/lio_sam/srv/SaveMap.idl
-- Installing: /home/hp/marscar_ws/install/lio_sam/share/lio_sam/msg/CloudInfo.msg
-- Installing: /home/hp/marscar_ws/install/lio_sam/share/lio_sam/srv/SaveMap.srv
-- Installing: /home/hp/marscar_ws/install/lio_sam/share/lio_sam/srv/SaveMap_Request.msg
-- Installing: /home/hp/marscar_ws/install/lio_sam/share/lio_sam/srv/SaveMap_Response.msg
-- Installing: /home/hp/marscar_ws/install/lio_sam/share/lio_sam//launch
-- Installing: /home/hp/marscar_ws/install/lio_sam/share/lio_sam//launch/run.launch.py
-- Installing: /home/hp/marscar_ws/install/lio_sam/share/lio_sam//config
-- Installing: /home/hp/marscar_ws/install/lio_sam/share/lio_sam//config/rviz2.rviz
-- Installing: /home/hp/marscar_ws/install/lio_sam/share/lio_sam//config/robot.urdf.xacro
-- Installing: /home/hp/marscar_ws/install/lio_sam/share/lio_sam//config/doc
-- Installing: /home/hp/marscar_ws/install/lio_sam/share/lio_sam//config/doc/device-hand.png
-- Installing: /home/hp/marscar_ws/install/lio_sam/share/lio_sam//config/doc/device-jackal.png
-- Installing: /home/hp/marscar_ws/install/lio_sam/share/lio_sam//config/doc/device-hand-2.png
-- Installing: /home/hp/marscar_ws/install/lio_sam/share/lio_sam//config/doc/loop-closure-2.gif
-- Installing: /home/hp/marscar_ws/install/lio_sam/share/lio_sam//config/doc/device-boat.png
-- Installing: /home/hp/marscar_ws/install/lio_sam/share/lio_sam//config/doc/kitti-map.png
-- Installing: /home/hp/marscar_ws/install/lio_sam/share/lio_sam//config/doc/paper.pdf
-- Installing: /home/hp/marscar_ws/install/lio_sam/share/lio_sam//config/doc/kitti-demo.gif
-- Installing: /home/hp/marscar_ws/install/lio_sam/share/lio_sam//config/doc/gps-demo.gif
-- Installing: /home/hp/marscar_ws/install/lio_sam/share/lio_sam//config/doc/ouster-demo.gif
-- Installing: /home/hp/marscar_ws/install/lio_sam/share/lio_sam//config/doc/imu-debug.gif
-- Installing: /home/hp/marscar_ws/install/lio_sam/share/lio_sam//config/doc/demo.gif
-- Installing: /home/hp/marscar_ws/install/lio_sam/share/lio_sam//config/doc/ouster-device.jpg
-- Installing: /home/hp/marscar_ws/install/lio_sam/share/lio_sam//config/doc/loop-closure.gif
-- Installing: /home/hp/marscar_ws/install/lio_sam/share/lio_sam//config/doc/system.png
-- Installing: /home/hp/marscar_ws/install/lio_sam/share/lio_sam//config/doc/imu-transform.png
-- Installing: /home/hp/marscar_ws/install/lio_sam/share/lio_sam//config/doc/kitti2bag
-- Installing: /home/hp/marscar_ws/install/lio_sam/share/lio_sam//config/doc/kitti2bag/README.md
-- Installing: /home/hp/marscar_ws/install/lio_sam/share/lio_sam//config/doc/kitti2bag/kitti2bag.py
-- Installing: /home/hp/marscar_ws/install/lio_sam/share/lio_sam//config/params.yaml
-- Installing: /home/hp/marscar_ws/install/lio_sam/lib/lio_sam/lio_sam_imageProjection
-- Set runtime path of "/home/hp/marscar_ws/install/lio_sam/lib/lio_sam/lio_sam_imageProjection" to ""
-- Installing: /home/hp/marscar_ws/install/lio_sam/lib/lio_sam/lio_sam_imuPreintegration
-- Set runtime path of "/home/hp/marscar_ws/install/lio_sam/lib/lio_sam/lio_sam_imuPreintegration" to ""
-- Installing: /home/hp/marscar_ws/install/lio_sam/lib/lio_sam/lio_sam_featureExtraction
-- Set runtime path of "/home/hp/marscar_ws/install/lio_sam/lib/lio_sam/lio_sam_featureExtraction" to ""
-- Installing: /home/hp/marscar_ws/install/lio_sam/lib/lio_sam/lio_sam_mapOptimization
-- Set runtime path of "/home/hp/marscar_ws/install/lio_sam/lib/lio_sam/lio_sam_mapOptimization" to ""
-- Up-to-date: /home/hp/marscar_ws/install/lio_sam/include
-- Up-to-date: /home/hp/marscar_ws/install/lio_sam/include/lio_sam
-- Installing: /home/hp/marscar_ws/install/lio_sam/include/lio_sam/utility.hpp
-- Installing: /home/hp/marscar_ws/install/lio_sam/share/ament_index/resource_index/package_run_dependencies/lio_sam
-- Installing: /home/hp/marscar_ws/install/lio_sam/share/ament_index/resource_index/parent_prefix_path/lio_sam
-- Installing: /home/hp/marscar_ws/install/lio_sam/share/lio_sam/environment/ament_prefix_path.sh
-- Installing: /home/hp/marscar_ws/install/lio_sam/share/lio_sam/environment/ament_prefix_path.dsv
-- Installing: /home/hp/marscar_ws/install/lio_sam/share/lio_sam/environment/path.sh
-- Installing: /home/hp/marscar_ws/install/lio_sam/share/lio_sam/environment/path.dsv
-- Installing: /home/hp/marscar_ws/install/lio_sam/share/lio_sam/local_setup.bash
-- Installing: /home/hp/marscar_ws/install/lio_sam/share/lio_sam/local_setup.sh
-- Installing: /home/hp/marscar_ws/install/lio_sam/share/lio_sam/local_setup.zsh
-- Installing: /home/hp/marscar_ws/install/lio_sam/share/lio_sam/local_setup.dsv
-- Installing: /home/hp/marscar_ws/install/lio_sam/share/lio_sam/package.dsv
-- Installing: /home/hp/marscar_ws/install/lio_sam/share/ament_index/resource_index/packages/lio_sam
-- Installing: /home/hp/marscar_ws/install/lio_sam/share/lio_sam/cmake/export_lio_sam__rosidl_generator_cExport.cmake
-- Installing: /home/hp/marscar_ws/install/lio_sam/share/lio_sam/cmake/export_lio_sam__rosidl_generator_cExport-release.cmake
-- Installing: /home/hp/marscar_ws/install/lio_sam/share/lio_sam/cmake/export_lio_sam__rosidl_typesupport_fastrtps_cExport.cmake
-- Installing: /home/hp/marscar_ws/install/lio_sam/share/lio_sam/cmake/export_lio_sam__rosidl_typesupport_fastrtps_cExport-release.cmake
-- Installing: /home/hp/marscar_ws/install/lio_sam/share/lio_sam/cmake/lio_sam__rosidl_typesupport_introspection_cExport.cmake
-- Installing: /home/hp/marscar_ws/install/lio_sam/share/lio_sam/cmake/lio_sam__rosidl_typesupport_introspection_cExport-release.cmake
-- Installing: /home/hp/marscar_ws/install/lio_sam/share/lio_sam/cmake/lio_sam__rosidl_typesupport_cExport.cmake
-- Installing: /home/hp/marscar_ws/install/lio_sam/share/lio_sam/cmake/lio_sam__rosidl_typesupport_cExport-release.cmake
-- Installing: /home/hp/marscar_ws/install/lio_sam/share/lio_sam/cmake/export_lio_sam__rosidl_generator_cppExport.cmake
-- Installing: /home/hp/marscar_ws/install/lio_sam/share/lio_sam/cmake/export_lio_sam__rosidl_typesupport_fastrtps_cppExport.cmake
-- Installing: /home/hp/marscar_ws/install/lio_sam/share/lio_sam/cmake/export_lio_sam__rosidl_typesupport_fastrtps_cppExport-release.cmake
-- Installing: /home/hp/marscar_ws/install/lio_sam/share/lio_sam/cmake/lio_sam__rosidl_typesupport_introspection_cppExport.cmake
-- Installing: /home/hp/marscar_ws/install/lio_sam/share/lio_sam/cmake/lio_sam__rosidl_typesupport_introspection_cppExport-release.cmake
-- Installing: /home/hp/marscar_ws/install/lio_sam/share/lio_sam/cmake/lio_sam__rosidl_typesupport_cppExport.cmake
-- Installing: /home/hp/marscar_ws/install/lio_sam/share/lio_sam/cmake/lio_sam__rosidl_typesupport_cppExport-release.cmake
-- Installing: /home/hp/marscar_ws/install/lio_sam/share/lio_sam/cmake/export_lio_sam__rosidl_generator_pyExport.cmake
-- Installing: /home/hp/marscar_ws/install/lio_sam/share/lio_sam/cmake/export_lio_sam__rosidl_generator_pyExport-release.cmake
-- Installing: /home/hp/marscar_ws/install/lio_sam/share/lio_sam/cmake/rosidl_cmake-extras.cmake
-- Installing: /home/hp/marscar_ws/install/lio_sam/share/lio_sam/cmake/ament_cmake_export_dependencies-extras.cmake
-- Installing: /home/hp/marscar_ws/install/lio_sam/share/lio_sam/cmake/ament_cmake_export_include_directories-extras.cmake
-- Installing: /home/hp/marscar_ws/install/lio_sam/share/lio_sam/cmake/ament_cmake_export_libraries-extras.cmake
-- Installing: /home/hp/marscar_ws/install/lio_sam/share/lio_sam/cmake/ament_cmake_export_targets-extras.cmake
-- Installing: /home/hp/marscar_ws/install/lio_sam/share/lio_sam/cmake/rosidl_cmake_export_typesupport_targets-extras.cmake
-- Installing: /home/hp/marscar_ws/install/lio_sam/share/lio_sam/cmake/rosidl_cmake_export_typesupport_libraries-extras.cmake
-- Installing: /home/hp/marscar_ws/install/lio_sam/share/lio_sam/cmake/lio_samConfig.cmake
-- Installing: /home/hp/marscar_ws/install/lio_sam/share/lio_sam/cmake/lio_samConfig-version.cmake
-- Installing: /home/hp/marscar_ws/install/lio_sam/share/lio_sam/package.xml
