[0.028s] Invoking command in '/home/hp/marscar_ws/build/lio_sam': CMAKE_PREFIX_PATH=${CMAKE_PREFIX_PATH}:/home/hp/marscar_ws/install/mediapipe_ros2:/opt/ros/humble /usr/bin/cmake /home/hp/marscar_ws/src/LIO-SAM-ros2 -DCMAKE_INSTALL_PREFIX=/home/hp/marscar_ws/install/lio_sam
[0.231s] -- The C compiler identification is GNU 11.4.0
[0.231s] -- The CXX compiler identification is GNU 11.4.0
[0.232s] -- Detecting C compiler ABI info
[0.233s] -- Detecting C compiler ABI info - done
[0.233s] -- Check for working C compiler: /usr/bin/cc - skipped
[0.234s] -- Detecting C compile features
[0.234s] -- Detecting C compile features - done
[0.234s] -- Detecting CXX compiler ABI info
[0.242s] -- Detecting CXX compiler ABI info - done
[0.242s] -- Check for working CXX compiler: /usr/bin/c++ - skipped
[0.243s] -- Detecting CXX compile features
[0.243s] -- Detecting CXX compile features - done
[0.244s] -- Found ament_cmake: 1.3.6 (/opt/ros/humble/share/ament_cmake/cmake)
[0.435s] -- Found Python3: /usr/bin/python3.10 (found version "3.10.12") found components: Interpreter 
[0.497s] -- Found rosidl_default_generators: 1.2.0 (/opt/ros/humble/share/rosidl_default_generators/cmake)
[0.501s] -- Using all available rosidl_typesupport_c: rosidl_typesupport_fastrtps_c;rosidl_typesupport_introspection_c
[0.511s] -- Found rosidl_adapter: 3.1.5 (/opt/ros/humble/share/rosidl_adapter/cmake)
[0.551s] -- Using all available rosidl_typesupport_cpp: rosidl_typesupport_fastrtps_cpp;rosidl_typesupport_introspection_cpp
[0.585s] -- Found rclcpp: 16.0.7 (/opt/ros/humble/share/rclcpp/cmake)
[0.656s] -- Found rmw_implementation_cmake: 6.1.1 (/opt/ros/humble/share/rmw_implementation_cmake/cmake)
[0.662s] -- Found rmw_fastrtps_cpp: 6.2.5 (/opt/ros/humble/share/rmw_fastrtps_cpp/cmake)
[0.737s] -- Found OpenSSL: /usr/lib/x86_64-linux-gnu/libcrypto.so (found version "3.0.2")  
[0.757s] -- Found FastRTPS: /opt/ros/humble/include  
[0.792s] -- Using RMW implementation 'rmw_fastrtps_cpp' as default
[0.799s] -- Looking for pthread.h
[0.849s] -- Looking for pthread.h - found
[0.850s] -- Performing Test CMAKE_HAVE_LIBC_PTHREAD
[0.900s] -- Performing Test CMAKE_HAVE_LIBC_PTHREAD - Success
[0.901s] -- Found Threads: TRUE  
[1.016s] -- Found rclpy: 3.3.11 (/opt/ros/humble/share/rclpy/cmake)
[1.017s] -- Found cv_bridge: 3.2.1 (/opt/ros/humble/share/cv_bridge/cmake)
[1.119s] -- Found nav_msgs: 4.2.3 (/opt/ros/humble/share/nav_msgs/cmake)
[1.177s] -- Found visualization_msgs: 4.2.3 (/opt/ros/humble/share/visualization_msgs/cmake)
[1.263s] -- Found pcl_msgs: 1.0.0 (/opt/ros/humble/share/pcl_msgs/cmake)
[1.323s] -- Found tf2: 0.25.5 (/opt/ros/humble/share/tf2/cmake)
[1.332s] -- Found tf2_geometry_msgs: 0.25.5 (/opt/ros/humble/share/tf2_geometry_msgs/cmake)
[1.343s] -- Found eigen3_cmake_module: 0.1.1 (/opt/ros/humble/share/eigen3_cmake_module/cmake)
[1.343s] -- Found Eigen3: TRUE (found version "3.4.0") 
[1.343s] -- Ensuring Eigen3 include directory is part of orocos-kdl CMake target
[1.634s] -- Found tf2_sensor_msgs: 0.25.5 (/opt/ros/humble/share/tf2_sensor_msgs/cmake)
[1.656s] -- Found tf2_eigen: 0.25.5 (/opt/ros/humble/share/tf2_eigen/cmake)
[1.664s] -- Found OpenCV: /usr (found version "4.5.4") 
[1.677s] -- Checking for module 'eigen3'
[1.689s] --   Found eigen3, version 3.4.0
[1.717s] -- Found Eigen: /usr/include/eigen3 (Required is at least version "3.1") 
[1.717s] -- Eigen found (include: /usr/include/eigen3, version: 3.4.0)
[1.738s] -- Found Boost: /usr/lib/x86_64-linux-gnu/cmake/Boost-1.74.0/BoostConfig.cmake (found suitable version "1.74.0", minimum required is "1.65.0") found components: system filesystem date_time iostreams serialization 
[1.755s] -- Checking for module 'flann'
[1.767s] --   Found flann, version 1.9.1
[1.803s] -- Found FLANN: /usr/lib/x86_64-linux-gnu/libflann_cpp.so  
[1.803s] -- FLANN found (include: /usr/include, lib: /usr/lib/x86_64-linux-gnu/libflann_cpp.so)
[1.842s] -- Found GLEW: /usr/lib/x86_64-linux-gnu/libGLEW.so  
[1.847s] -- Found OpenGL: /usr/lib/x86_64-linux-gnu/libOpenGL.so  found components: OpenGL GLX 
[1.986s] -- Found MPI_C: /usr/lib/x86_64-linux-gnu/libmpi.so (found version "3.1") 
[1.986s] -- Found MPI: TRUE (found version "3.1") found components: C 
[1.990s] -- Found JsonCpp: /usr/lib/x86_64-linux-gnu/libjsoncpp.so (found suitable version "1.9.5", minimum required is "0.7.0") 
[2.002s] -- Found ZLIB: /usr/lib/x86_64-linux-gnu/libz.so (found version "1.2.11") 
[2.028s] -- Found PNG: /usr/lib/x86_64-linux-gnu/libpng.so (found version "1.6.37") 
[2.044s] -- Found Eigen3: /usr/include/eigen3 (found version "3.4.0") 
[2.171s] -- Found X11: /usr/include   
[2.171s] -- Looking for XOpenDisplay in /usr/lib/x86_64-linux-gnu/libX11.so;/usr/lib/x86_64-linux-gnu/libXext.so
[2.273s] -- Looking for XOpenDisplay in /usr/lib/x86_64-linux-gnu/libX11.so;/usr/lib/x86_64-linux-gnu/libXext.so - found
[2.273s] -- Looking for gethostbyname
[2.369s] -- Looking for gethostbyname - found
[2.369s] -- Looking for connect
[2.471s] -- Looking for connect - found
[2.472s] -- Looking for remove
[2.568s] -- Looking for remove - found
[2.568s] -- Looking for shmat
[2.664s] -- Looking for shmat - found
[2.664s] -- Looking for IceConnectionNumber in ICE
[2.764s] -- Looking for IceConnectionNumber in ICE - found
[2.883s] -- Found EXPAT: /usr/lib/x86_64-linux-gnu/libexpat.so (found version "2.4.7") 
[2.886s] -- Found double-conversion: /usr/lib/x86_64-linux-gnu/libdouble-conversion.so  
[2.890s] -- Found LZ4: /usr/lib/x86_64-linux-gnu/liblz4.so (found version "1.9.3") 
[2.892s] -- Found LZMA: /usr/lib/x86_64-linux-gnu/liblzma.so (found version "5.2.5") 
[2.911s] -- Found JPEG: /usr/lib/x86_64-linux-gnu/libjpeg.so (found version "80") 
[2.921s] -- Found TIFF: /usr/lib/x86_64-linux-gnu/libtiff.so (found version "4.3.0")  
[2.927s] -- Found Freetype: /usr/lib/x86_64-linux-gnu/libfreetype.so (found version "2.11.1") 
[2.936s] -- Found utf8cpp: /usr/include/utf8cpp  
[3.054s] -- Checking for module 'libusb-1.0'
[3.074s] --   Found libusb-1.0, version 1.0.25
[3.124s] -- Found libusb: /usr/lib/x86_64-linux-gnu/libusb-1.0.so  
[3.126s] -- Found OpenNI: /usr/lib/libOpenNI.so;libusb::libusb (found version "1.5.4.0") 
[3.126s] -- OpenNI found (version: 1.5.4.0, include: /usr/include/ni, lib: /usr/lib/libOpenNI.so;libusb::libusb)
[3.211s] -- Found OpenNI2: /usr/lib/x86_64-linux-gnu/libOpenNI2.so;libusb::libusb (found version "2.2.0.33") 
[3.211s] -- OpenNI2 found (version: 2.2.0.33, include: /usr/include/openni2, lib: /usr/lib/x86_64-linux-gnu/libOpenNI2.so;libusb::libusb)
[3.212s] [0m** WARNING ** io features related to pcap will be disabled[0m
[3.447s] -- Eigen found (include: /usr/include/eigen3, version: 3.4.0)
[3.456s] -- OpenNI found (version: 1.5.4.0, include: /usr/include/ni, lib: /usr/lib/libOpenNI.so;libusb::libusb)
[3.465s] -- OpenNI2 found (version: 2.2.0.33, include: /usr/include/openni2, lib: /usr/lib/x86_64-linux-gnu/libOpenNI2.so;libusb::libusb)
[3.682s] -- Found Qhull version 8.0.2
[3.833s] -- OpenNI found (version: 1.5.4.0, include: /usr/include/ni, lib: /usr/lib/libOpenNI.so;libusb::libusb)
[3.974s] -- looking for PCL_COMMON
[3.974s] -- Found PCL_COMMON: /usr/lib/x86_64-linux-gnu/libpcl_common.so  
[3.975s] -- looking for PCL_KDTREE
[3.975s] -- Found PCL_KDTREE: /usr/lib/x86_64-linux-gnu/libpcl_kdtree.so  
[3.975s] -- looking for PCL_OCTREE
[3.976s] -- Found PCL_OCTREE: /usr/lib/x86_64-linux-gnu/libpcl_octree.so  
[3.976s] -- looking for PCL_SEARCH
[3.977s] -- Found PCL_SEARCH: /usr/lib/x86_64-linux-gnu/libpcl_search.so  
[3.977s] -- looking for PCL_SAMPLE_CONSENSUS
[3.978s] -- Found PCL_SAMPLE_CONSENSUS: /usr/lib/x86_64-linux-gnu/libpcl_sample_consensus.so  
[3.978s] -- looking for PCL_FILTERS
[3.979s] -- Found PCL_FILTERS: /usr/lib/x86_64-linux-gnu/libpcl_filters.so  
[3.979s] -- looking for PCL_2D
[3.979s] -- Found PCL_2D: /usr/include/pcl-1.12  
[3.979s] -- looking for PCL_GEOMETRY
[3.979s] -- Found PCL_GEOMETRY: /usr/include/pcl-1.12  
[3.979s] -- looking for PCL_IO
[3.981s] -- Found PCL_IO: /usr/lib/x86_64-linux-gnu/libpcl_io.so  
[3.981s] -- looking for PCL_FEATURES
[3.982s] -- Found PCL_FEATURES: /usr/lib/x86_64-linux-gnu/libpcl_features.so  
[3.982s] -- looking for PCL_ML
[3.983s] -- Found PCL_ML: /usr/lib/x86_64-linux-gnu/libpcl_ml.so  
[3.983s] -- looking for PCL_SEGMENTATION
[3.984s] -- Found PCL_SEGMENTATION: /usr/lib/x86_64-linux-gnu/libpcl_segmentation.so  
[3.984s] -- looking for PCL_VISUALIZATION
[3.985s] -- Found PCL_VISUALIZATION: /usr/lib/x86_64-linux-gnu/libpcl_visualization.so  
[3.985s] -- looking for PCL_SURFACE
[3.986s] -- Found PCL_SURFACE: /usr/lib/x86_64-linux-gnu/libpcl_surface.so  
[3.986s] -- looking for PCL_REGISTRATION
[3.987s] -- Found PCL_REGISTRATION: /usr/lib/x86_64-linux-gnu/libpcl_registration.so  
[3.987s] -- looking for PCL_KEYPOINTS
[3.988s] -- Found PCL_KEYPOINTS: /usr/lib/x86_64-linux-gnu/libpcl_keypoints.so  
[3.988s] -- looking for PCL_TRACKING
[3.989s] -- Found PCL_TRACKING: /usr/lib/x86_64-linux-gnu/libpcl_tracking.so  
[3.989s] -- looking for PCL_RECOGNITION
[3.990s] -- Found PCL_RECOGNITION: /usr/lib/x86_64-linux-gnu/libpcl_recognition.so  
[3.990s] -- looking for PCL_STEREO
[3.991s] -- Found PCL_STEREO: /usr/lib/x86_64-linux-gnu/libpcl_stereo.so  
[3.991s] -- looking for PCL_APPS
[3.991s] -- Found PCL_APPS: /usr/lib/x86_64-linux-gnu/libpcl_apps.so  
[3.992s] -- looking for PCL_IN_HAND_SCANNER
[3.992s] -- Found PCL_IN_HAND_SCANNER: /usr/include/pcl-1.12  
[3.992s] -- looking for PCL_MODELER
[3.993s] -- Found PCL_MODELER: /usr/include/pcl-1.12  
[3.993s] -- looking for PCL_POINT_CLOUD_EDITOR
[3.993s] -- Found PCL_POINT_CLOUD_EDITOR: /usr/include/pcl-1.12  
[3.993s] -- looking for PCL_OUTOFCORE
[3.994s] -- Found PCL_OUTOFCORE: /usr/lib/x86_64-linux-gnu/libpcl_outofcore.so  
[3.994s] -- looking for PCL_PEOPLE
[3.995s] -- Found PCL_PEOPLE: /usr/lib/x86_64-linux-gnu/libpcl_people.so  
[3.995s] -- Found PCL: pcl_common;pcl_kdtree;pcl_octree;pcl_search;pcl_sample_consensus;pcl_filters;pcl_io;pcl_features;pcl_ml;pcl_segmentation;pcl_visualization;pcl_surface;pcl_registration;pcl_keypoints;pcl_tracking;pcl_recognition;pcl_stereo;pcl_apps;pcl_outofcore;pcl_people;Boost::system;Boost::filesystem;Boost::date_time;Boost::iostreams;Boost::serialization;/usr/lib/libOpenNI.so;libusb::libusb;/usr/lib/x86_64-linux-gnu/libOpenNI2.so;libusb::libusb;VTK::ChartsCore;VTK::CommonColor;VTK::CommonComputationalGeometry;VTK::CommonCore;VTK::CommonDataModel;VTK::CommonExecutionModel;VTK::CommonMath;VTK::CommonMisc;VTK::CommonTransforms;VTK::FiltersCore;VTK::FiltersExtraction;VTK::FiltersGeneral;VTK::FiltersGeometry;VTK::FiltersModeling;VTK::FiltersSources;VTK::ImagingCore;VTK::ImagingSources;VTK::InteractionImage;VTK::InteractionStyle;VTK::InteractionWidgets;VTK::IOCore;VTK::IOGeometry;VTK::IOImage;VTK::IOLegacy;VTK::IOPLY;VTK::RenderingAnnotation;VTK::RenderingCore;VTK::RenderingContext2D;VTK::RenderingLOD;VTK::RenderingFreeType;VTK::ViewsCore;VTK::ViewsContext2D;VTK::RenderingOpenGL2;VTK::GUISupportQt;FLANN::FLANN;QHULL::QHULL  
[4.043s] -- Found Boost: /usr/lib/x86_64-linux-gnu/cmake/Boost-1.74.0/BoostConfig.cmake (found suitable version "1.74.0", minimum required is "1.65") found components: serialization system filesystem thread program_options date_time timer chrono regex 
[4.046s] -- GTSAM include directory:  /usr/lib/cmake/GTSAM/../../../include
[4.056s] -- Found Eigen: /usr/include/eigen3  
[4.056s] -- Eigen found (include: /usr/include/eigen3, version: 3.4.0)
[4.398s] -- Found OpenMP_C: -fopenmp (found version "4.5") 
[4.521s] -- Found OpenMP_CXX: -fopenmp (found version "4.5") 
[4.522s] -- Found OpenMP: TRUE (found version "4.5")  
[5.007s] -- Found ament_cmake_ros: 0.10.0 (/opt/ros/humble/share/ament_cmake_ros/cmake)
[5.441s] -- Using all available rosidl_typesupport_c: rosidl_typesupport_fastrtps_c;rosidl_typesupport_introspection_c
[6.015s] -- Using all available rosidl_typesupport_cpp: rosidl_typesupport_fastrtps_cpp;rosidl_typesupport_introspection_cpp
[6.052s] -- Found PythonInterp: /usr/bin/python3 (found suitable version "3.10.12", minimum required is "3.6") 
[6.054s] -- Found python_cmake_module: 0.10.0 (/opt/ros/humble/share/python_cmake_module/cmake)
[6.096s] -- Found PythonLibs: /usr/lib/x86_64-linux-gnu/libpython3.10.so (found suitable version "3.10.12", minimum required is "3.5") 
[6.096s] -- Using PYTHON_EXECUTABLE: /usr/bin/python3
[6.096s] -- Using PYTHON_INCLUDE_DIRS: /usr/include/python3.10
[6.096s] -- Using PYTHON_LIBRARIES: /usr/lib/x86_64-linux-gnu/libpython3.10.so
[6.131s] -- Found PythonExtra: .so  
[6.469s] -- Found ament_lint_auto: 0.12.9 (/opt/ros/humble/share/ament_lint_auto/cmake)
[6.493s] -- Added test 'copyright' to check source files copyright and LICENSE
[6.493s] -- Added test 'cppcheck' to perform static code analysis on C / C++ code
[6.493s] -- Configured cppcheck include dirs: /home/hp/marscar_ws/src/LIO-SAM-ros2/include/lio_sam
[6.493s] -- Configured cppcheck exclude dirs and/or files: 
[6.498s] -- Added test 'cpplint' to check C / C++ code against the Google style
[6.498s] -- Configured cpplint exclude dirs and/or files: 
[6.498s] -- Added test 'flake8' to check Python code syntax and style conventions
[6.498s] -- Added test 'lint_cmake' to check CMake code style
[6.498s] -- Added test 'pep257' to check Python code against some of the docstring style conventions in PEP 257
[6.498s] -- Added test 'uncrustify' to check C / C++ code style
[6.498s] -- Configured uncrustify additional arguments: 
[6.498s] -- Added test 'xmllint' to check XML markup files
[6.500s] -- Configuring done
[6.626s] -- Generating done
[6.630s] -- Build files have been written to: /home/hp/marscar_ws/build/lio_sam
[6.653s] Invoked command in '/home/hp/marscar_ws/build/lio_sam' returned '0': CMAKE_PREFIX_PATH=${CMAKE_PREFIX_PATH}:/home/hp/marscar_ws/install/mediapipe_ros2:/opt/ros/humble /usr/bin/cmake /home/hp/marscar_ws/src/LIO-SAM-ros2 -DCMAKE_INSTALL_PREFIX=/home/hp/marscar_ws/install/lio_sam
[6.655s] Invoking command in '/home/hp/marscar_ws/build/lio_sam': CMAKE_PREFIX_PATH=${CMAKE_PREFIX_PATH}:/home/hp/marscar_ws/install/mediapipe_ros2:/opt/ros/humble /usr/bin/cmake --build /home/hp/marscar_ws/build/lio_sam -- -j20 -l20
[6.721s] [  2%] [34m[1mGenerating C code for ROS interfaces[0m
[6.735s] [  4%] [34m[1mGenerating C++ code for ROS interfaces[0m
[6.745s] [  4%] Built target ament_cmake_python_copy_lio_sam
[7.191s] running egg_info
[7.192s] creating lio_sam.egg-info
[7.193s] writing lio_sam.egg-info/PKG-INFO
[7.193s] writing dependency_links to lio_sam.egg-info/dependency_links.txt
[7.193s] writing top-level names to lio_sam.egg-info/top_level.txt
[7.194s] writing manifest file 'lio_sam.egg-info/SOURCES.txt'
[7.197s] reading manifest file 'lio_sam.egg-info/SOURCES.txt'
[7.198s] writing manifest file 'lio_sam.egg-info/SOURCES.txt'
[7.247s] [  4%] Built target ament_cmake_python_build_lio_sam_egg
[7.335s] [  4%] Built target lio_sam__cpp
[7.351s] [ 10%] [34m[1mGenerating C++ type support dispatch for ROS interfaces[0m
[7.351s] [ 10%] [34m[1mGenerating C++ introspection for ROS interfaces[0m
[7.351s] [ 10%] [34m[1mGenerating C++ type support for eProsima Fast-RTPS[0m
[7.452s] [ 12%] [32mBuilding C object CMakeFiles/lio_sam__rosidl_generator_c.dir/rosidl_generator_c/lio_sam/srv/detail/save_map__functions.c.o[0m
[7.454s] [ 14%] [32mBuilding C object CMakeFiles/lio_sam__rosidl_generator_c.dir/rosidl_generator_c/lio_sam/msg/detail/cloud_info__functions.c.o[0m
[7.663s] [ 17%] [32m[1mLinking C shared library liblio_sam__rosidl_generator_c.so[0m
[7.720s] [ 17%] Built target lio_sam__rosidl_generator_c
[7.743s] [ 19%] [34m[1mGenerating C introspection for ROS interfaces[0m
[7.743s] [ 21%] [34m[1mGenerating C type support dispatch for ROS interfaces[0m
[7.743s] [ 23%] [34m[1mGenerating C type support for eProsima Fast-RTPS[0m
[8.029s] [ 25%] [32mBuilding CXX object CMakeFiles/lio_sam__rosidl_typesupport_cpp.dir/rosidl_typesupport_cpp/lio_sam/msg/cloud_info__type_support.cpp.o[0m
[8.029s] [ 27%] [32mBuilding CXX object CMakeFiles/lio_sam__rosidl_typesupport_cpp.dir/rosidl_typesupport_cpp/lio_sam/srv/save_map__type_support.cpp.o[0m
[8.089s] [ 29%] [32mBuilding CXX object CMakeFiles/lio_sam__rosidl_typesupport_introspection_cpp.dir/rosidl_typesupport_introspection_cpp/lio_sam/srv/detail/save_map__type_support.cpp.o[0m
[8.091s] [ 31%] [32mBuilding CXX object CMakeFiles/lio_sam__rosidl_typesupport_introspection_cpp.dir/rosidl_typesupport_introspection_cpp/lio_sam/msg/detail/cloud_info__type_support.cpp.o[0m
[8.157s] [ 34%] [32mBuilding CXX object CMakeFiles/lio_sam__rosidl_typesupport_fastrtps_cpp.dir/rosidl_typesupport_fastrtps_cpp/lio_sam/msg/detail/dds_fastrtps/cloud_info__type_support.cpp.o[0m
[8.182s] [ 36%] [32mBuilding CXX object CMakeFiles/lio_sam__rosidl_typesupport_fastrtps_cpp.dir/rosidl_typesupport_fastrtps_cpp/lio_sam/srv/detail/dds_fastrtps/save_map__type_support.cpp.o[0m
[8.274s] [ 38%] [32mBuilding CXX object CMakeFiles/lio_sam__rosidl_typesupport_c.dir/rosidl_typesupport_c/lio_sam/srv/save_map__type_support.cpp.o[0m
[8.302s] [ 40%] [32mBuilding CXX object CMakeFiles/lio_sam__rosidl_typesupport_c.dir/rosidl_typesupport_c/lio_sam/msg/cloud_info__type_support.cpp.o[0m
[8.395s] [ 42%] [32m[1mLinking CXX shared library liblio_sam__rosidl_typesupport_c.so[0m
[8.477s] [ 42%] Built target lio_sam__rosidl_typesupport_c
[8.588s] [ 44%] [32mBuilding C object CMakeFiles/lio_sam__rosidl_typesupport_introspection_c.dir/rosidl_typesupport_introspection_c/lio_sam/msg/detail/cloud_info__type_support.c.o[0m
[8.592s] [ 46%] [32mBuilding C object CMakeFiles/lio_sam__rosidl_typesupport_introspection_c.dir/rosidl_typesupport_introspection_c/lio_sam/srv/detail/save_map__type_support.c.o[0m
[8.700s] [ 48%] [32m[1mLinking C shared library liblio_sam__rosidl_typesupport_introspection_c.so[0m
[8.724s] [ 51%] [32m[1mLinking CXX shared library liblio_sam__rosidl_typesupport_cpp.so[0m
[8.756s] [ 51%] Built target lio_sam__rosidl_typesupport_introspection_c
[8.785s] [ 51%] Built target lio_sam__rosidl_typesupport_cpp
[8.809s] [ 53%] [32mBuilding CXX object CMakeFiles/lio_sam__rosidl_typesupport_fastrtps_c.dir/rosidl_typesupport_fastrtps_c/lio_sam/srv/detail/save_map__type_support_c.cpp.o[0m
[8.809s] [ 55%] [32mBuilding CXX object CMakeFiles/lio_sam__rosidl_typesupport_fastrtps_c.dir/rosidl_typesupport_fastrtps_c/lio_sam/msg/detail/cloud_info__type_support_c.cpp.o[0m
[8.815s] [ 57%] [32mBuilding CXX object CMakeFiles/lio_sam_mapOptimization.dir/src/mapOptmization.cpp.o[0m
[8.816s] [ 59%] [32mBuilding CXX object CMakeFiles/lio_sam_featureExtraction.dir/src/featureExtraction.cpp.o[0m
[8.817s] [ 61%] [32mBuilding CXX object CMakeFiles/lio_sam_imageProjection.dir/src/imageProjection.cpp.o[0m
[8.833s] [ 63%] [32mBuilding CXX object CMakeFiles/lio_sam_imuPreintegration.dir/src/imuPreintegration.cpp.o[0m
[9.141s] [ 65%] [32m[1mLinking CXX shared library liblio_sam__rosidl_typesupport_fastrtps_cpp.so[0m
[9.253s] [ 65%] Built target lio_sam__rosidl_typesupport_fastrtps_cpp
[9.470s] [ 68%] [32m[1mLinking CXX shared library liblio_sam__rosidl_typesupport_introspection_cpp.so[0m
[9.575s] [ 68%] Built target lio_sam__rosidl_typesupport_introspection_cpp
[9.706s] [ 70%] [32m[1mLinking CXX shared library liblio_sam__rosidl_typesupport_fastrtps_c.so[0m
[9.818s] [ 70%] Built target lio_sam__rosidl_typesupport_fastrtps_c
[9.845s] [ 70%] Built target lio_sam
[9.873s] [ 72%] [34m[1mGenerating Python code for ROS interfaces[0m
[10.929s] [ 72%] Built target lio_sam__py
[10.957s] [ 74%] [32mBuilding C object CMakeFiles/lio_sam__rosidl_generator_py.dir/rosidl_generator_py/lio_sam/msg/_cloud_info_s.c.o[0m
[10.958s] [ 76%] [32mBuilding C object CMakeFiles/lio_sam__rosidl_generator_py.dir/rosidl_generator_py/lio_sam/srv/_save_map_s.c.o[0m
[11.447s] [ 78%] [32m[1mLinking C shared library rosidl_generator_py/lio_sam/liblio_sam__rosidl_generator_py.so[0m
[11.506s] [ 78%] Built target lio_sam__rosidl_generator_py
[11.533s] [ 85%] [32mBuilding C object CMakeFiles/lio_sam__rosidl_typesupport_fastrtps_c__pyext.dir/rosidl_generator_py/lio_sam/_lio_sam_s.ep.rosidl_typesupport_fastrtps_c.c.o[0m
[11.533s] [ 85%] [32mBuilding C object CMakeFiles/lio_sam__rosidl_typesupport_c__pyext.dir/rosidl_generator_py/lio_sam/_lio_sam_s.ep.rosidl_typesupport_c.c.o[0m
[11.534s] [ 85%] [32mBuilding C object CMakeFiles/lio_sam__rosidl_typesupport_introspection_c__pyext.dir/rosidl_generator_py/lio_sam/_lio_sam_s.ep.rosidl_typesupport_introspection_c.c.o[0m
[11.760s] [ 87%] [32m[1mLinking C shared library rosidl_generator_py/lio_sam/lio_sam_s__rosidl_typesupport_c.cpython-310-x86_64-linux-gnu.so[0m
[11.761s] [ 89%] [32m[1mLinking C shared library rosidl_generator_py/lio_sam/lio_sam_s__rosidl_typesupport_introspection_c.cpython-310-x86_64-linux-gnu.so[0m
[11.772s] [ 91%] [32m[1mLinking C shared library rosidl_generator_py/lio_sam/lio_sam_s__rosidl_typesupport_fastrtps_c.cpython-310-x86_64-linux-gnu.so[0m
[11.822s] [ 91%] Built target lio_sam__rosidl_typesupport_c__pyext
[11.825s] [ 91%] Built target lio_sam__rosidl_typesupport_introspection_c__pyext
[11.840s] [ 91%] Built target lio_sam__rosidl_typesupport_fastrtps_c__pyext
[31.070s] [ 93%] [32m[1mLinking CXX executable lio_sam_featureExtraction[0m
[31.438s] [ 93%] Built target lio_sam_featureExtraction
[35.498s] [ 95%] [32m[1mLinking CXX executable lio_sam_imageProjection[0m
[35.848s] [ 95%] Built target lio_sam_imageProjection
[42.896s] [ 97%] [32m[1mLinking CXX executable lio_sam_imuPreintegration[0m
[43.294s] [ 97%] Built target lio_sam_imuPreintegration
[63.256s] [100%] [32m[1mLinking CXX executable lio_sam_mapOptimization[0m
[63.599s] /usr/bin/ld: warning: libtbb.so.2, needed by /usr/lib/x86_64-linux-gnu/libopencv_core.so.4.5.4d, may conflict with libtbb.so.12
[63.756s] [100%] Built target lio_sam_mapOptimization
[63.770s] Invoked command in '/home/hp/marscar_ws/build/lio_sam' returned '0': CMAKE_PREFIX_PATH=${CMAKE_PREFIX_PATH}:/home/hp/marscar_ws/install/mediapipe_ros2:/opt/ros/humble /usr/bin/cmake --build /home/hp/marscar_ws/build/lio_sam -- -j20 -l20
[63.880s] Invoking command in '/home/hp/marscar_ws/build/lio_sam': CMAKE_PREFIX_PATH=${CMAKE_PREFIX_PATH}:/home/hp/marscar_ws/install/mediapipe_ros2:/opt/ros/humble /usr/bin/cmake --install /home/hp/marscar_ws/build/lio_sam
[63.892s] -- Install configuration: "Release"
[63.892s] -- Installing: /home/hp/marscar_ws/install/lio_sam/share/ament_index/resource_index/rosidl_interfaces/lio_sam
[63.892s] -- Installing: /home/hp/marscar_ws/install/lio_sam/include/lio_sam/lio_sam
[63.893s] -- Installing: /home/hp/marscar_ws/install/lio_sam/include/lio_sam/lio_sam/msg
[63.893s] -- Installing: /home/hp/marscar_ws/install/lio_sam/include/lio_sam/lio_sam/msg/cloud_info.h
[63.893s] -- Installing: /home/hp/marscar_ws/install/lio_sam/include/lio_sam/lio_sam/msg/rosidl_generator_c__visibility_control.h
[63.893s] -- Installing: /home/hp/marscar_ws/install/lio_sam/include/lio_sam/lio_sam/msg/detail
[63.893s] -- Installing: /home/hp/marscar_ws/install/lio_sam/include/lio_sam/lio_sam/msg/detail/cloud_info__type_support.h
[63.894s] -- Installing: /home/hp/marscar_ws/install/lio_sam/include/lio_sam/lio_sam/msg/detail/cloud_info__struct.h
[63.894s] -- Installing: /home/hp/marscar_ws/install/lio_sam/include/lio_sam/lio_sam/msg/detail/cloud_info__functions.h
[63.894s] -- Installing: /home/hp/marscar_ws/install/lio_sam/include/lio_sam/lio_sam/msg/detail/cloud_info__functions.c
[63.894s] -- Installing: /home/hp/marscar_ws/install/lio_sam/include/lio_sam/lio_sam/srv
[63.894s] -- Installing: /home/hp/marscar_ws/install/lio_sam/include/lio_sam/lio_sam/srv/detail
[63.894s] -- Installing: /home/hp/marscar_ws/install/lio_sam/include/lio_sam/lio_sam/srv/detail/save_map__type_support.h
[63.894s] -- Installing: /home/hp/marscar_ws/install/lio_sam/include/lio_sam/lio_sam/srv/detail/save_map__functions.h
[63.894s] -- Installing: /home/hp/marscar_ws/install/lio_sam/include/lio_sam/lio_sam/srv/detail/save_map__struct.h
[63.894s] -- Installing: /home/hp/marscar_ws/install/lio_sam/include/lio_sam/lio_sam/srv/detail/save_map__functions.c
[63.894s] -- Installing: /home/hp/marscar_ws/install/lio_sam/include/lio_sam/lio_sam/srv/save_map.h
[63.894s] -- Installing: /home/hp/marscar_ws/install/lio_sam/share/lio_sam/environment/library_path.sh
[63.894s] -- Installing: /home/hp/marscar_ws/install/lio_sam/share/lio_sam/environment/library_path.dsv
[63.895s] -- Installing: /home/hp/marscar_ws/install/lio_sam/lib/liblio_sam__rosidl_generator_c.so
[63.895s] -- Set runtime path of "/home/hp/marscar_ws/install/lio_sam/lib/liblio_sam__rosidl_generator_c.so" to ""
[63.895s] -- Up-to-date: /home/hp/marscar_ws/install/lio_sam/include/lio_sam/lio_sam
[63.895s] -- Up-to-date: /home/hp/marscar_ws/install/lio_sam/include/lio_sam/lio_sam/msg
[63.895s] -- Up-to-date: /home/hp/marscar_ws/install/lio_sam/include/lio_sam/lio_sam/msg/detail
[63.895s] -- Installing: /home/hp/marscar_ws/install/lio_sam/include/lio_sam/lio_sam/msg/detail/cloud_info__rosidl_typesupport_fastrtps_c.h
[63.895s] -- Installing: /home/hp/marscar_ws/install/lio_sam/include/lio_sam/lio_sam/msg/rosidl_typesupport_fastrtps_c__visibility_control.h
[63.895s] -- Up-to-date: /home/hp/marscar_ws/install/lio_sam/include/lio_sam/lio_sam/srv
[63.895s] -- Up-to-date: /home/hp/marscar_ws/install/lio_sam/include/lio_sam/lio_sam/srv/detail
[63.895s] -- Installing: /home/hp/marscar_ws/install/lio_sam/include/lio_sam/lio_sam/srv/detail/save_map__rosidl_typesupport_fastrtps_c.h
[63.895s] -- Installing: /home/hp/marscar_ws/install/lio_sam/lib/liblio_sam__rosidl_typesupport_fastrtps_c.so
[63.896s] -- Set runtime path of "/home/hp/marscar_ws/install/lio_sam/lib/liblio_sam__rosidl_typesupport_fastrtps_c.so" to ""
[63.896s] -- Up-to-date: /home/hp/marscar_ws/install/lio_sam/include/lio_sam/lio_sam
[63.896s] -- Up-to-date: /home/hp/marscar_ws/install/lio_sam/include/lio_sam/lio_sam/msg
[63.896s] -- Up-to-date: /home/hp/marscar_ws/install/lio_sam/include/lio_sam/lio_sam/msg/detail
[63.896s] -- Installing: /home/hp/marscar_ws/install/lio_sam/include/lio_sam/lio_sam/msg/detail/cloud_info__type_support.c
[63.896s] -- Installing: /home/hp/marscar_ws/install/lio_sam/include/lio_sam/lio_sam/msg/detail/cloud_info__rosidl_typesupport_introspection_c.h
[63.897s] -- Installing: /home/hp/marscar_ws/install/lio_sam/include/lio_sam/lio_sam/msg/rosidl_typesupport_introspection_c__visibility_control.h
[63.897s] -- Up-to-date: /home/hp/marscar_ws/install/lio_sam/include/lio_sam/lio_sam/srv
[63.897s] -- Up-to-date: /home/hp/marscar_ws/install/lio_sam/include/lio_sam/lio_sam/srv/detail
[63.897s] -- Installing: /home/hp/marscar_ws/install/lio_sam/include/lio_sam/lio_sam/srv/detail/save_map__rosidl_typesupport_introspection_c.h
[63.897s] -- Installing: /home/hp/marscar_ws/install/lio_sam/include/lio_sam/lio_sam/srv/detail/save_map__type_support.c
[63.897s] -- Installing: /home/hp/marscar_ws/install/lio_sam/lib/liblio_sam__rosidl_typesupport_introspection_c.so
[63.897s] -- Set runtime path of "/home/hp/marscar_ws/install/lio_sam/lib/liblio_sam__rosidl_typesupport_introspection_c.so" to ""
[63.897s] -- Installing: /home/hp/marscar_ws/install/lio_sam/lib/liblio_sam__rosidl_typesupport_c.so
[63.897s] -- Set runtime path of "/home/hp/marscar_ws/install/lio_sam/lib/liblio_sam__rosidl_typesupport_c.so" to ""
[63.898s] -- Up-to-date: /home/hp/marscar_ws/install/lio_sam/include/lio_sam/lio_sam
[63.898s] -- Up-to-date: /home/hp/marscar_ws/install/lio_sam/include/lio_sam/lio_sam/msg
[63.898s] -- Installing: /home/hp/marscar_ws/install/lio_sam/include/lio_sam/lio_sam/msg/cloud_info.hpp
[63.898s] -- Up-to-date: /home/hp/marscar_ws/install/lio_sam/include/lio_sam/lio_sam/msg/detail
[63.898s] -- Installing: /home/hp/marscar_ws/install/lio_sam/include/lio_sam/lio_sam/msg/detail/cloud_info__traits.hpp
[63.898s] -- Installing: /home/hp/marscar_ws/install/lio_sam/include/lio_sam/lio_sam/msg/detail/cloud_info__struct.hpp
[63.898s] -- Installing: /home/hp/marscar_ws/install/lio_sam/include/lio_sam/lio_sam/msg/detail/cloud_info__builder.hpp
[63.898s] -- Up-to-date: /home/hp/marscar_ws/install/lio_sam/include/lio_sam/lio_sam/srv
[63.898s] -- Up-to-date: /home/hp/marscar_ws/install/lio_sam/include/lio_sam/lio_sam/srv/detail
[63.898s] -- Installing: /home/hp/marscar_ws/install/lio_sam/include/lio_sam/lio_sam/srv/detail/save_map__traits.hpp
[63.898s] -- Installing: /home/hp/marscar_ws/install/lio_sam/include/lio_sam/lio_sam/srv/detail/save_map__struct.hpp
[63.898s] -- Installing: /home/hp/marscar_ws/install/lio_sam/include/lio_sam/lio_sam/srv/detail/save_map__builder.hpp
[63.898s] -- Installing: /home/hp/marscar_ws/install/lio_sam/include/lio_sam/lio_sam/srv/save_map.hpp
[63.899s] -- Up-to-date: /home/hp/marscar_ws/install/lio_sam/include/lio_sam/lio_sam
[63.899s] -- Up-to-date: /home/hp/marscar_ws/install/lio_sam/include/lio_sam/lio_sam/msg
[63.899s] -- Installing: /home/hp/marscar_ws/install/lio_sam/include/lio_sam/lio_sam/msg/rosidl_typesupport_fastrtps_cpp__visibility_control.h
[63.899s] -- Up-to-date: /home/hp/marscar_ws/install/lio_sam/include/lio_sam/lio_sam/msg/detail
[63.899s] -- Installing: /home/hp/marscar_ws/install/lio_sam/include/lio_sam/lio_sam/msg/detail/dds_fastrtps
[63.899s] -- Installing: /home/hp/marscar_ws/install/lio_sam/include/lio_sam/lio_sam/msg/detail/cloud_info__rosidl_typesupport_fastrtps_cpp.hpp
[63.899s] -- Up-to-date: /home/hp/marscar_ws/install/lio_sam/include/lio_sam/lio_sam/srv
[63.899s] -- Up-to-date: /home/hp/marscar_ws/install/lio_sam/include/lio_sam/lio_sam/srv/detail
[63.899s] -- Installing: /home/hp/marscar_ws/install/lio_sam/include/lio_sam/lio_sam/srv/detail/dds_fastrtps
[63.899s] -- Installing: /home/hp/marscar_ws/install/lio_sam/include/lio_sam/lio_sam/srv/detail/save_map__rosidl_typesupport_fastrtps_cpp.hpp
[63.899s] -- Installing: /home/hp/marscar_ws/install/lio_sam/lib/liblio_sam__rosidl_typesupport_fastrtps_cpp.so
[63.899s] -- Set runtime path of "/home/hp/marscar_ws/install/lio_sam/lib/liblio_sam__rosidl_typesupport_fastrtps_cpp.so" to ""
[63.899s] -- Up-to-date: /home/hp/marscar_ws/install/lio_sam/include/lio_sam/lio_sam
[63.899s] -- Up-to-date: /home/hp/marscar_ws/install/lio_sam/include/lio_sam/lio_sam/msg
[63.899s] -- Up-to-date: /home/hp/marscar_ws/install/lio_sam/include/lio_sam/lio_sam/msg/detail
[63.899s] -- Installing: /home/hp/marscar_ws/install/lio_sam/include/lio_sam/lio_sam/msg/detail/cloud_info__rosidl_typesupport_introspection_cpp.hpp
[63.900s] -- Installing: /home/hp/marscar_ws/install/lio_sam/include/lio_sam/lio_sam/msg/detail/cloud_info__type_support.cpp
[63.900s] -- Up-to-date: /home/hp/marscar_ws/install/lio_sam/include/lio_sam/lio_sam/srv
[63.900s] -- Up-to-date: /home/hp/marscar_ws/install/lio_sam/include/lio_sam/lio_sam/srv/detail
[63.900s] -- Installing: /home/hp/marscar_ws/install/lio_sam/include/lio_sam/lio_sam/srv/detail/save_map__rosidl_typesupport_introspection_cpp.hpp
[63.900s] -- Installing: /home/hp/marscar_ws/install/lio_sam/include/lio_sam/lio_sam/srv/detail/save_map__type_support.cpp
[63.900s] -- Installing: /home/hp/marscar_ws/install/lio_sam/lib/liblio_sam__rosidl_typesupport_introspection_cpp.so
[63.900s] -- Set runtime path of "/home/hp/marscar_ws/install/lio_sam/lib/liblio_sam__rosidl_typesupport_introspection_cpp.so" to ""
[63.900s] -- Installing: /home/hp/marscar_ws/install/lio_sam/lib/liblio_sam__rosidl_typesupport_cpp.so
[63.900s] -- Set runtime path of "/home/hp/marscar_ws/install/lio_sam/lib/liblio_sam__rosidl_typesupport_cpp.so" to ""
[63.900s] -- Installing: /home/hp/marscar_ws/install/lio_sam/share/lio_sam/environment/pythonpath.sh
[63.900s] -- Installing: /home/hp/marscar_ws/install/lio_sam/share/lio_sam/environment/pythonpath.dsv
[63.900s] -- Installing: /home/hp/marscar_ws/install/lio_sam/local/lib/python3.10/dist-packages/lio_sam-1.0.0-py3.10.egg-info
[63.900s] -- Installing: /home/hp/marscar_ws/install/lio_sam/local/lib/python3.10/dist-packages/lio_sam-1.0.0-py3.10.egg-info/top_level.txt
[63.900s] -- Installing: /home/hp/marscar_ws/install/lio_sam/local/lib/python3.10/dist-packages/lio_sam-1.0.0-py3.10.egg-info/SOURCES.txt
[63.901s] -- Installing: /home/hp/marscar_ws/install/lio_sam/local/lib/python3.10/dist-packages/lio_sam-1.0.0-py3.10.egg-info/PKG-INFO
[63.901s] -- Installing: /home/hp/marscar_ws/install/lio_sam/local/lib/python3.10/dist-packages/lio_sam-1.0.0-py3.10.egg-info/dependency_links.txt
[63.901s] -- Installing: /home/hp/marscar_ws/install/lio_sam/local/lib/python3.10/dist-packages/lio_sam
[63.901s] -- Installing: /home/hp/marscar_ws/install/lio_sam/local/lib/python3.10/dist-packages/lio_sam/msg
[63.901s] -- Installing: /home/hp/marscar_ws/install/lio_sam/local/lib/python3.10/dist-packages/lio_sam/msg/_cloud_info.py
[63.901s] -- Installing: /home/hp/marscar_ws/install/lio_sam/local/lib/python3.10/dist-packages/lio_sam/msg/_cloud_info_s.c
[63.901s] -- Installing: /home/hp/marscar_ws/install/lio_sam/local/lib/python3.10/dist-packages/lio_sam/msg/__init__.py
[63.901s] -- Installing: /home/hp/marscar_ws/install/lio_sam/local/lib/python3.10/dist-packages/lio_sam/lio_sam_s__rosidl_typesupport_introspection_c.cpython-310-x86_64-linux-gnu.so
[63.901s] -- Installing: /home/hp/marscar_ws/install/lio_sam/local/lib/python3.10/dist-packages/lio_sam/_lio_sam_s.ep.rosidl_typesupport_c.c
[63.901s] -- Installing: /home/hp/marscar_ws/install/lio_sam/local/lib/python3.10/dist-packages/lio_sam/lio_sam_s__rosidl_typesupport_c.cpython-310-x86_64-linux-gnu.so
[63.901s] -- Installing: /home/hp/marscar_ws/install/lio_sam/local/lib/python3.10/dist-packages/lio_sam/_lio_sam_s.ep.rosidl_typesupport_fastrtps_c.c
[63.901s] -- Installing: /home/hp/marscar_ws/install/lio_sam/local/lib/python3.10/dist-packages/lio_sam/lio_sam_s__rosidl_typesupport_fastrtps_c.cpython-310-x86_64-linux-gnu.so
[63.901s] -- Installing: /home/hp/marscar_ws/install/lio_sam/local/lib/python3.10/dist-packages/lio_sam/srv
[63.901s] -- Installing: /home/hp/marscar_ws/install/lio_sam/local/lib/python3.10/dist-packages/lio_sam/srv/_save_map_s.c
[63.901s] -- Installing: /home/hp/marscar_ws/install/lio_sam/local/lib/python3.10/dist-packages/lio_sam/srv/_save_map.py
[63.902s] -- Installing: /home/hp/marscar_ws/install/lio_sam/local/lib/python3.10/dist-packages/lio_sam/srv/__init__.py
[63.902s] -- Installing: /home/hp/marscar_ws/install/lio_sam/local/lib/python3.10/dist-packages/lio_sam/_lio_sam_s.ep.rosidl_typesupport_introspection_c.c
[63.902s] -- Installing: /home/hp/marscar_ws/install/lio_sam/local/lib/python3.10/dist-packages/lio_sam/__init__.py
[63.902s] -- Installing: /home/hp/marscar_ws/install/lio_sam/local/lib/python3.10/dist-packages/lio_sam/liblio_sam__rosidl_generator_py.so
[63.928s] Listing '/home/hp/marscar_ws/install/lio_sam/local/lib/python3.10/dist-packages/lio_sam'...
[63.928s] Compiling '/home/hp/marscar_ws/install/lio_sam/local/lib/python3.10/dist-packages/lio_sam/__init__.py'...
[63.928s] Listing '/home/hp/marscar_ws/install/lio_sam/local/lib/python3.10/dist-packages/lio_sam/msg'...
[63.928s] Compiling '/home/hp/marscar_ws/install/lio_sam/local/lib/python3.10/dist-packages/lio_sam/msg/__init__.py'...
[63.928s] Compiling '/home/hp/marscar_ws/install/lio_sam/local/lib/python3.10/dist-packages/lio_sam/msg/_cloud_info.py'...
[63.928s] Listing '/home/hp/marscar_ws/install/lio_sam/local/lib/python3.10/dist-packages/lio_sam/srv'...
[63.928s] Compiling '/home/hp/marscar_ws/install/lio_sam/local/lib/python3.10/dist-packages/lio_sam/srv/__init__.py'...
[63.928s] Compiling '/home/hp/marscar_ws/install/lio_sam/local/lib/python3.10/dist-packages/lio_sam/srv/_save_map.py'...
[63.931s] -- Installing: /home/hp/marscar_ws/install/lio_sam/local/lib/python3.10/dist-packages/lio_sam/lio_sam_s__rosidl_typesupport_fastrtps_c.cpython-310-x86_64-linux-gnu.so
[63.931s] -- Set runtime path of "/home/hp/marscar_ws/install/lio_sam/local/lib/python3.10/dist-packages/lio_sam/lio_sam_s__rosidl_typesupport_fastrtps_c.cpython-310-x86_64-linux-gnu.so" to ""
[63.931s] -- Installing: /home/hp/marscar_ws/install/lio_sam/local/lib/python3.10/dist-packages/lio_sam/lio_sam_s__rosidl_typesupport_introspection_c.cpython-310-x86_64-linux-gnu.so
[63.931s] -- Set runtime path of "/home/hp/marscar_ws/install/lio_sam/local/lib/python3.10/dist-packages/lio_sam/lio_sam_s__rosidl_typesupport_introspection_c.cpython-310-x86_64-linux-gnu.so" to ""
[63.931s] -- Installing: /home/hp/marscar_ws/install/lio_sam/local/lib/python3.10/dist-packages/lio_sam/lio_sam_s__rosidl_typesupport_c.cpython-310-x86_64-linux-gnu.so
[63.931s] -- Set runtime path of "/home/hp/marscar_ws/install/lio_sam/local/lib/python3.10/dist-packages/lio_sam/lio_sam_s__rosidl_typesupport_c.cpython-310-x86_64-linux-gnu.so" to ""
[63.931s] -- Installing: /home/hp/marscar_ws/install/lio_sam/lib/liblio_sam__rosidl_generator_py.so
[63.931s] -- Set runtime path of "/home/hp/marscar_ws/install/lio_sam/lib/liblio_sam__rosidl_generator_py.so" to ""
[63.931s] -- Installing: /home/hp/marscar_ws/install/lio_sam/share/lio_sam/msg/CloudInfo.idl
[63.931s] -- Installing: /home/hp/marscar_ws/install/lio_sam/share/lio_sam/srv/SaveMap.idl
[63.931s] -- Installing: /home/hp/marscar_ws/install/lio_sam/share/lio_sam/msg/CloudInfo.msg
[63.931s] -- Installing: /home/hp/marscar_ws/install/lio_sam/share/lio_sam/srv/SaveMap.srv
[63.932s] -- Installing: /home/hp/marscar_ws/install/lio_sam/share/lio_sam/srv/SaveMap_Request.msg
[63.932s] -- Installing: /home/hp/marscar_ws/install/lio_sam/share/lio_sam/srv/SaveMap_Response.msg
[63.932s] -- Installing: /home/hp/marscar_ws/install/lio_sam/share/lio_sam//launch
[63.932s] -- Installing: /home/hp/marscar_ws/install/lio_sam/share/lio_sam//launch/run.launch.py
[63.932s] -- Installing: /home/hp/marscar_ws/install/lio_sam/share/lio_sam//config
[63.932s] -- Installing: /home/hp/marscar_ws/install/lio_sam/share/lio_sam//config/rviz2.rviz
[63.932s] -- Installing: /home/hp/marscar_ws/install/lio_sam/share/lio_sam//config/robot.urdf.xacro
[63.932s] -- Installing: /home/hp/marscar_ws/install/lio_sam/share/lio_sam//config/doc
[63.932s] -- Installing: /home/hp/marscar_ws/install/lio_sam/share/lio_sam//config/doc/device-hand.png
[63.932s] -- Installing: /home/hp/marscar_ws/install/lio_sam/share/lio_sam//config/doc/device-jackal.png
[63.932s] -- Installing: /home/hp/marscar_ws/install/lio_sam/share/lio_sam//config/doc/device-hand-2.png
[63.933s] -- Installing: /home/hp/marscar_ws/install/lio_sam/share/lio_sam//config/doc/loop-closure-2.gif
[63.941s] -- Installing: /home/hp/marscar_ws/install/lio_sam/share/lio_sam//config/doc/device-boat.png
[63.941s] -- Installing: /home/hp/marscar_ws/install/lio_sam/share/lio_sam//config/doc/kitti-map.png
[63.941s] -- Installing: /home/hp/marscar_ws/install/lio_sam/share/lio_sam//config/doc/paper.pdf
[63.944s] -- Installing: /home/hp/marscar_ws/install/lio_sam/share/lio_sam//config/doc/kitti-demo.gif
[63.951s] -- Installing: /home/hp/marscar_ws/install/lio_sam/share/lio_sam//config/doc/gps-demo.gif
[63.955s] -- Installing: /home/hp/marscar_ws/install/lio_sam/share/lio_sam//config/doc/ouster-demo.gif
[63.960s] -- Installing: /home/hp/marscar_ws/install/lio_sam/share/lio_sam//config/doc/imu-debug.gif
[63.962s] -- Installing: /home/hp/marscar_ws/install/lio_sam/share/lio_sam//config/doc/demo.gif
[63.966s] -- Installing: /home/hp/marscar_ws/install/lio_sam/share/lio_sam//config/doc/ouster-device.jpg
[63.966s] -- Installing: /home/hp/marscar_ws/install/lio_sam/share/lio_sam//config/doc/loop-closure.gif
[63.973s] -- Installing: /home/hp/marscar_ws/install/lio_sam/share/lio_sam//config/doc/system.png
[63.973s] -- Installing: /home/hp/marscar_ws/install/lio_sam/share/lio_sam//config/doc/imu-transform.png
[63.974s] -- Installing: /home/hp/marscar_ws/install/lio_sam/share/lio_sam//config/doc/kitti2bag
[63.974s] -- Installing: /home/hp/marscar_ws/install/lio_sam/share/lio_sam//config/doc/kitti2bag/README.md
[63.974s] -- Installing: /home/hp/marscar_ws/install/lio_sam/share/lio_sam//config/doc/kitti2bag/kitti2bag.py
[63.974s] -- Installing: /home/hp/marscar_ws/install/lio_sam/share/lio_sam//config/params.yaml
[63.974s] -- Installing: /home/hp/marscar_ws/install/lio_sam/lib/lio_sam/lio_sam_imageProjection
[63.975s] -- Set runtime path of "/home/hp/marscar_ws/install/lio_sam/lib/lio_sam/lio_sam_imageProjection" to ""
[63.975s] -- Installing: /home/hp/marscar_ws/install/lio_sam/lib/lio_sam/lio_sam_imuPreintegration
[63.977s] -- Set runtime path of "/home/hp/marscar_ws/install/lio_sam/lib/lio_sam/lio_sam_imuPreintegration" to ""
[63.977s] -- Installing: /home/hp/marscar_ws/install/lio_sam/lib/lio_sam/lio_sam_featureExtraction
[63.977s] -- Set runtime path of "/home/hp/marscar_ws/install/lio_sam/lib/lio_sam/lio_sam_featureExtraction" to ""
[63.978s] -- Installing: /home/hp/marscar_ws/install/lio_sam/lib/lio_sam/lio_sam_mapOptimization
[63.979s] -- Set runtime path of "/home/hp/marscar_ws/install/lio_sam/lib/lio_sam/lio_sam_mapOptimization" to ""
[63.979s] -- Up-to-date: /home/hp/marscar_ws/install/lio_sam/include
[63.979s] -- Up-to-date: /home/hp/marscar_ws/install/lio_sam/include/lio_sam
[63.980s] -- Installing: /home/hp/marscar_ws/install/lio_sam/include/lio_sam/utility.hpp
[63.980s] -- Installing: /home/hp/marscar_ws/install/lio_sam/share/ament_index/resource_index/package_run_dependencies/lio_sam
[63.980s] -- Installing: /home/hp/marscar_ws/install/lio_sam/share/ament_index/resource_index/parent_prefix_path/lio_sam
[63.980s] -- Installing: /home/hp/marscar_ws/install/lio_sam/share/lio_sam/environment/ament_prefix_path.sh
[63.980s] -- Installing: /home/hp/marscar_ws/install/lio_sam/share/lio_sam/environment/ament_prefix_path.dsv
[63.980s] -- Installing: /home/hp/marscar_ws/install/lio_sam/share/lio_sam/environment/path.sh
[63.980s] -- Installing: /home/hp/marscar_ws/install/lio_sam/share/lio_sam/environment/path.dsv
[63.980s] -- Installing: /home/hp/marscar_ws/install/lio_sam/share/lio_sam/local_setup.bash
[63.980s] -- Installing: /home/hp/marscar_ws/install/lio_sam/share/lio_sam/local_setup.sh
[63.980s] -- Installing: /home/hp/marscar_ws/install/lio_sam/share/lio_sam/local_setup.zsh
[63.980s] -- Installing: /home/hp/marscar_ws/install/lio_sam/share/lio_sam/local_setup.dsv
[63.980s] -- Installing: /home/hp/marscar_ws/install/lio_sam/share/lio_sam/package.dsv
[63.980s] -- Installing: /home/hp/marscar_ws/install/lio_sam/share/ament_index/resource_index/packages/lio_sam
[63.980s] -- Installing: /home/hp/marscar_ws/install/lio_sam/share/lio_sam/cmake/export_lio_sam__rosidl_generator_cExport.cmake
[63.980s] -- Installing: /home/hp/marscar_ws/install/lio_sam/share/lio_sam/cmake/export_lio_sam__rosidl_generator_cExport-release.cmake
[63.980s] -- Installing: /home/hp/marscar_ws/install/lio_sam/share/lio_sam/cmake/export_lio_sam__rosidl_typesupport_fastrtps_cExport.cmake
[63.980s] -- Installing: /home/hp/marscar_ws/install/lio_sam/share/lio_sam/cmake/export_lio_sam__rosidl_typesupport_fastrtps_cExport-release.cmake
[63.980s] -- Installing: /home/hp/marscar_ws/install/lio_sam/share/lio_sam/cmake/lio_sam__rosidl_typesupport_introspection_cExport.cmake
[63.980s] -- Installing: /home/hp/marscar_ws/install/lio_sam/share/lio_sam/cmake/lio_sam__rosidl_typesupport_introspection_cExport-release.cmake
[63.981s] -- Installing: /home/hp/marscar_ws/install/lio_sam/share/lio_sam/cmake/lio_sam__rosidl_typesupport_cExport.cmake
[63.981s] -- Installing: /home/hp/marscar_ws/install/lio_sam/share/lio_sam/cmake/lio_sam__rosidl_typesupport_cExport-release.cmake
[63.981s] -- Installing: /home/hp/marscar_ws/install/lio_sam/share/lio_sam/cmake/export_lio_sam__rosidl_generator_cppExport.cmake
[63.981s] -- Installing: /home/hp/marscar_ws/install/lio_sam/share/lio_sam/cmake/export_lio_sam__rosidl_typesupport_fastrtps_cppExport.cmake
[63.981s] -- Installing: /home/hp/marscar_ws/install/lio_sam/share/lio_sam/cmake/export_lio_sam__rosidl_typesupport_fastrtps_cppExport-release.cmake
[63.981s] -- Installing: /home/hp/marscar_ws/install/lio_sam/share/lio_sam/cmake/lio_sam__rosidl_typesupport_introspection_cppExport.cmake
[63.981s] -- Installing: /home/hp/marscar_ws/install/lio_sam/share/lio_sam/cmake/lio_sam__rosidl_typesupport_introspection_cppExport-release.cmake
[63.981s] -- Installing: /home/hp/marscar_ws/install/lio_sam/share/lio_sam/cmake/lio_sam__rosidl_typesupport_cppExport.cmake
[63.981s] -- Installing: /home/hp/marscar_ws/install/lio_sam/share/lio_sam/cmake/lio_sam__rosidl_typesupport_cppExport-release.cmake
[63.981s] -- Installing: /home/hp/marscar_ws/install/lio_sam/share/lio_sam/cmake/export_lio_sam__rosidl_generator_pyExport.cmake
[63.981s] -- Installing: /home/hp/marscar_ws/install/lio_sam/share/lio_sam/cmake/export_lio_sam__rosidl_generator_pyExport-release.cmake
[63.981s] -- Installing: /home/hp/marscar_ws/install/lio_sam/share/lio_sam/cmake/rosidl_cmake-extras.cmake
[63.981s] -- Installing: /home/hp/marscar_ws/install/lio_sam/share/lio_sam/cmake/ament_cmake_export_dependencies-extras.cmake
[63.981s] -- Installing: /home/hp/marscar_ws/install/lio_sam/share/lio_sam/cmake/ament_cmake_export_include_directories-extras.cmake
[63.981s] -- Installing: /home/hp/marscar_ws/install/lio_sam/share/lio_sam/cmake/ament_cmake_export_libraries-extras.cmake
[63.981s] -- Installing: /home/hp/marscar_ws/install/lio_sam/share/lio_sam/cmake/ament_cmake_export_targets-extras.cmake
[63.981s] -- Installing: /home/hp/marscar_ws/install/lio_sam/share/lio_sam/cmake/rosidl_cmake_export_typesupport_targets-extras.cmake
[63.981s] -- Installing: /home/hp/marscar_ws/install/lio_sam/share/lio_sam/cmake/rosidl_cmake_export_typesupport_libraries-extras.cmake
[63.981s] -- Installing: /home/hp/marscar_ws/install/lio_sam/share/lio_sam/cmake/lio_samConfig.cmake
[63.981s] -- Installing: /home/hp/marscar_ws/install/lio_sam/share/lio_sam/cmake/lio_samConfig-version.cmake
[63.981s] -- Installing: /home/hp/marscar_ws/install/lio_sam/share/lio_sam/package.xml
[63.985s] Invoked command in '/home/hp/marscar_ws/build/lio_sam' returned '0': CMAKE_PREFIX_PATH=${CMAKE_PREFIX_PATH}:/home/hp/marscar_ws/install/mediapipe_ros2:/opt/ros/humble /usr/bin/cmake --install /home/hp/marscar_ws/build/lio_sam
