[0.436s] Invoking command in '/home/hp/marscar_ws/src/mediapipe_ros2': PYTHONPATH=/home/hp/marscar_ws/build/mediapipe_ros2/prefix_override:/home/hp/marscar_ws/install/mediapipe_ros2/lib/python3.10/site-packages:${PYTHONPATH} /usr/bin/python3 setup.py egg_info --egg-base ../../build/mediapipe_ros2 build --build-base /home/hp/marscar_ws/build/mediapipe_ros2/build install --record /home/hp/marscar_ws/build/mediapipe_ros2/install.log --install-scripts $base/lib/mediapipe_ros2 --single-version-externally-managed
[0.580s] /usr/lib/python3/dist-packages/setuptools/dist.py:723: UserWarning: Usage of dash-separated 'script-dir' will not be supported in future versions. Please use the underscore name 'script_dir' instead
[0.580s]   warnings.warn(
[0.586s] running egg_info
[0.586s] creating ../../build/mediapipe_ros2/mediapipe_ros2.egg-info
[0.586s] writing ../../build/mediapipe_ros2/mediapipe_ros2.egg-info/PKG-INFO
[0.586s] writing dependency_links to ../../build/mediapipe_ros2/mediapipe_ros2.egg-info/dependency_links.txt
[0.587s] writing entry points to ../../build/mediapipe_ros2/mediapipe_ros2.egg-info/entry_points.txt
[0.587s] writing requirements to ../../build/mediapipe_ros2/mediapipe_ros2.egg-info/requires.txt
[0.587s] writing top-level names to ../../build/mediapipe_ros2/mediapipe_ros2.egg-info/top_level.txt
[0.587s] writing manifest file '../../build/mediapipe_ros2/mediapipe_ros2.egg-info/SOURCES.txt'
[0.587s] reading manifest file '../../build/mediapipe_ros2/mediapipe_ros2.egg-info/SOURCES.txt'
[0.588s] writing manifest file '../../build/mediapipe_ros2/mediapipe_ros2.egg-info/SOURCES.txt'
[0.588s] running build
[0.588s] running build_py
[0.588s] creating /home/hp/marscar_ws/build/mediapipe_ros2/build
[0.588s] creating /home/hp/marscar_ws/build/mediapipe_ros2/build/lib
[0.588s] creating /home/hp/marscar_ws/build/mediapipe_ros2/build/lib/mediapipe_ros2
[0.588s] copying mediapipe_ros2/set_pose_entity.py -> /home/hp/marscar_ws/build/mediapipe_ros2/build/lib/mediapipe_ros2
[0.588s] copying mediapipe_ros2/gesture_to_cmdvel.py -> /home/hp/marscar_ws/build/mediapipe_ros2/build/lib/mediapipe_ros2
[0.588s] copying mediapipe_ros2/hands.py -> /home/hp/marscar_ws/build/mediapipe_ros2/build/lib/mediapipe_ros2
[0.588s] copying mediapipe_ros2/__init__.py -> /home/hp/marscar_ws/build/mediapipe_ros2/build/lib/mediapipe_ros2
[0.588s] running install
[0.588s] /usr/lib/python3/dist-packages/setuptools/command/install.py:34: SetuptoolsDeprecationWarning: setup.py install is deprecated. Use build and pip and other standards-based tools.
[0.588s]   warnings.warn(
[0.588s] running install_lib
[0.589s] creating /home/hp/marscar_ws/install/mediapipe_ros2/lib/python3.10/site-packages/mediapipe_ros2
[0.589s] copying /home/hp/marscar_ws/build/mediapipe_ros2/build/lib/mediapipe_ros2/set_pose_entity.py -> /home/hp/marscar_ws/install/mediapipe_ros2/lib/python3.10/site-packages/mediapipe_ros2
[0.589s] copying /home/hp/marscar_ws/build/mediapipe_ros2/build/lib/mediapipe_ros2/gesture_to_cmdvel.py -> /home/hp/marscar_ws/install/mediapipe_ros2/lib/python3.10/site-packages/mediapipe_ros2
[0.589s] copying /home/hp/marscar_ws/build/mediapipe_ros2/build/lib/mediapipe_ros2/hands.py -> /home/hp/marscar_ws/install/mediapipe_ros2/lib/python3.10/site-packages/mediapipe_ros2
[0.589s] copying /home/hp/marscar_ws/build/mediapipe_ros2/build/lib/mediapipe_ros2/__init__.py -> /home/hp/marscar_ws/install/mediapipe_ros2/lib/python3.10/site-packages/mediapipe_ros2
[0.589s] byte-compiling /home/hp/marscar_ws/install/mediapipe_ros2/lib/python3.10/site-packages/mediapipe_ros2/set_pose_entity.py to set_pose_entity.cpython-310.pyc
[0.590s] byte-compiling /home/hp/marscar_ws/install/mediapipe_ros2/lib/python3.10/site-packages/mediapipe_ros2/gesture_to_cmdvel.py to gesture_to_cmdvel.cpython-310.pyc
[0.590s] byte-compiling /home/hp/marscar_ws/install/mediapipe_ros2/lib/python3.10/site-packages/mediapipe_ros2/hands.py to hands.cpython-310.pyc
[0.591s] byte-compiling /home/hp/marscar_ws/install/mediapipe_ros2/lib/python3.10/site-packages/mediapipe_ros2/__init__.py to __init__.cpython-310.pyc
[0.591s] running install_data
[0.591s] copying package.xml -> /home/hp/marscar_ws/install/mediapipe_ros2/share/mediapipe_ros2
[0.591s] copying ./launch/hand_gesture.launch.py -> /home/hp/marscar_ws/install/mediapipe_ros2/share/mediapipe_ros2
[0.591s] creating /home/hp/marscar_ws/install/mediapipe_ros2/share/mediapipe_ros2/resource
[0.591s] copying resource/mediapipe_ros2 -> /home/hp/marscar_ws/install/mediapipe_ros2/share/mediapipe_ros2/resource
[0.592s] copying resource/left.png -> /home/hp/marscar_ws/install/mediapipe_ros2/share/mediapipe_ros2/resource
[0.592s] copying resource/back.png -> /home/hp/marscar_ws/install/mediapipe_ros2/share/mediapipe_ros2/resource
[0.592s] copying resource/front.png -> /home/hp/marscar_ws/install/mediapipe_ros2/share/mediapipe_ros2/resource
[0.592s] copying resource/right.png -> /home/hp/marscar_ws/install/mediapipe_ros2/share/mediapipe_ros2/resource
[0.592s] copying resource/stop.png -> /home/hp/marscar_ws/install/mediapipe_ros2/share/mediapipe_ros2/resource
[0.592s] creating /home/hp/marscar_ws/install/mediapipe_ros2/share/mediapipe_ros2/keypoint_classifier
[0.592s] copying keypoint_classifier/keypoint_classifier.py -> /home/hp/marscar_ws/install/mediapipe_ros2/share/mediapipe_ros2/keypoint_classifier
[0.592s] copying keypoint_classifier/keypoint_classifier.tflite -> /home/hp/marscar_ws/install/mediapipe_ros2/share/mediapipe_ros2/keypoint_classifier
[0.592s] copying keypoint_classifier/keypoint_classifier_label.csv -> /home/hp/marscar_ws/install/mediapipe_ros2/share/mediapipe_ros2/keypoint_classifier
[0.592s] running install_egg_info
[0.593s] Copying ../../build/mediapipe_ros2/mediapipe_ros2.egg-info to /home/hp/marscar_ws/install/mediapipe_ros2/lib/python3.10/site-packages/mediapipe_ros2-0.0.0-py3.10.egg-info
[0.593s] running install_scripts
[0.606s] Installing gesture_to_cmdvel script to /home/hp/marscar_ws/install/mediapipe_ros2/lib/mediapipe_ros2
[0.606s] Installing hands script to /home/hp/marscar_ws/install/mediapipe_ros2/lib/mediapipe_ros2
[0.606s] Installing set_pose_entity script to /home/hp/marscar_ws/install/mediapipe_ros2/lib/mediapipe_ros2
[0.607s] writing list of installed files to '/home/hp/marscar_ws/build/mediapipe_ros2/install.log'
[0.621s] Invoked command in '/home/hp/marscar_ws/src/mediapipe_ros2' returned '0': PYTHONPATH=/home/hp/marscar_ws/build/mediapipe_ros2/prefix_override:/home/hp/marscar_ws/install/mediapipe_ros2/lib/python3.10/site-packages:${PYTHONPATH} /usr/bin/python3 setup.py egg_info --egg-base ../../build/mediapipe_ros2 build --build-base /home/hp/marscar_ws/build/mediapipe_ros2/build install --record /home/hp/marscar_ws/build/mediapipe_ros2/install.log --install-scripts $base/lib/mediapipe_ros2 --single-version-externally-managed
