[0.217s] DEBUG:colcon:Command line arguments: ['/usr/bin/colcon', 'build']
[0.217s] DEBUG:colcon:Parsed command line arguments: Namespace(log_base=None, log_level=None, verb_name='build', build_base='build', install_base='install', merge_install=False, symlink_install=False, test_result_base=None, continue_on_error=False, executor='parallel', parallel_workers=20, event_handlers=None, ignore_user_meta=False, metas=['./colcon.meta'], base_paths=['.'], packages_ignore=None, packages_ignore_regex=None, paths=None, packages_up_to=None, packages_up_to_regex=None, packages_above=None, packages_above_and_dependencies=None, packages_above_depth=None, packages_select_by_dep=None, packages_skip_by_dep=None, packages_skip_up_to=None, packages_select_build_failed=False, packages_skip_build_finished=False, packages_select_test_failures=False, packages_skip_test_passed=False, packages_select=None, packages_skip=None, packages_select_regex=None, packages_skip_regex=None, packages_start=None, packages_end=None, allow_overriding=[], cmake_args=None, cmake_target=None, cmake_target_skip_unavailable=False, cmake_clean_cache=False, cmake_clean_first=False, cmake_force_configure=False, ament_cmake_args=None, catkin_cmake_args=None, catkin_skip_building_tests=False, verb_parser=<colcon_defaults.argument_parser.defaults.DefaultArgumentsDecorator object at 0x7f9578fe7a30>, verb_extension=<colcon_core.verb.build.BuildVerb object at 0x7f957980b5b0>, main=<bound method BuildVerb.main of <colcon_core.verb.build.BuildVerb object at 0x7f957980b5b0>>)
[0.232s] Level 1:colcon.colcon_core.package_discovery:discover_packages(colcon_meta) check parameters
[0.232s] Level 1:colcon.colcon_core.package_discovery:discover_packages(recursive) check parameters
[0.232s] Level 1:colcon.colcon_core.package_discovery:discover_packages(ignore) check parameters
[0.232s] Level 1:colcon.colcon_core.package_discovery:discover_packages(path) check parameters
[0.232s] Level 1:colcon.colcon_core.package_discovery:discover_packages(colcon_meta) discover
[0.233s] Level 1:colcon.colcon_core.package_discovery:discover_packages(recursive) discover
[0.233s] INFO:colcon.colcon_core.package_discovery:Crawling recursively for packages in '/home/hp/marscar_ws'
[0.233s] Level 1:colcon.colcon_core.package_identification:_identify(.) by extensions ['ignore', 'ignore_ament_install']
[0.233s] Level 1:colcon.colcon_core.package_identification:_identify(.) by extension 'ignore'
[0.233s] Level 1:colcon.colcon_core.package_identification:_identify(.) by extension 'ignore_ament_install'
[0.233s] Level 1:colcon.colcon_core.package_identification:_identify(.) by extensions ['colcon_pkg']
[0.233s] Level 1:colcon.colcon_core.package_identification:_identify(.) by extension 'colcon_pkg'
[0.233s] Level 1:colcon.colcon_core.package_identification:_identify(.) by extensions ['colcon_meta']
[0.233s] Level 1:colcon.colcon_core.package_identification:_identify(.) by extension 'colcon_meta'
[0.233s] Level 1:colcon.colcon_core.package_identification:_identify(.) by extensions ['ros']
[0.233s] Level 1:colcon.colcon_core.package_identification:_identify(.) by extension 'ros'
[0.240s] Level 1:colcon.colcon_core.package_identification:_identify(.) by extensions ['cmake', 'python']
[0.240s] Level 1:colcon.colcon_core.package_identification:_identify(.) by extension 'cmake'
[0.240s] Level 1:colcon.colcon_core.package_identification:_identify(.) by extension 'python'
[0.240s] Level 1:colcon.colcon_core.package_identification:_identify(.) by extensions ['python_setup_py']
[0.240s] Level 1:colcon.colcon_core.package_identification:_identify(.) by extension 'python_setup_py'
[0.241s] Level 1:colcon.colcon_core.package_identification:_identify(build) by extensions ['ignore', 'ignore_ament_install']
[0.241s] Level 1:colcon.colcon_core.package_identification:_identify(build) by extension 'ignore'
[0.241s] Level 1:colcon.colcon_core.package_identification:_identify(build) ignored
[0.241s] Level 1:colcon.colcon_core.package_identification:_identify(install) by extensions ['ignore', 'ignore_ament_install']
[0.241s] Level 1:colcon.colcon_core.package_identification:_identify(install) by extension 'ignore'
[0.241s] Level 1:colcon.colcon_core.package_identification:_identify(install) ignored
[0.241s] Level 1:colcon.colcon_core.package_identification:_identify(log) by extensions ['ignore', 'ignore_ament_install']
[0.241s] Level 1:colcon.colcon_core.package_identification:_identify(log) by extension 'ignore'
[0.241s] Level 1:colcon.colcon_core.package_identification:_identify(log) ignored
[0.241s] Level 1:colcon.colcon_core.package_identification:_identify(src) by extensions ['ignore', 'ignore_ament_install']
[0.241s] Level 1:colcon.colcon_core.package_identification:_identify(src) by extension 'ignore'
[0.241s] Level 1:colcon.colcon_core.package_identification:_identify(src) by extension 'ignore_ament_install'
[0.241s] Level 1:colcon.colcon_core.package_identification:_identify(src) by extensions ['colcon_pkg']
[0.241s] Level 1:colcon.colcon_core.package_identification:_identify(src) by extension 'colcon_pkg'
[0.241s] Level 1:colcon.colcon_core.package_identification:_identify(src) by extensions ['colcon_meta']
[0.241s] Level 1:colcon.colcon_core.package_identification:_identify(src) by extension 'colcon_meta'
[0.241s] Level 1:colcon.colcon_core.package_identification:_identify(src) by extensions ['ros']
[0.241s] Level 1:colcon.colcon_core.package_identification:_identify(src) by extension 'ros'
[0.241s] Level 1:colcon.colcon_core.package_identification:_identify(src) by extensions ['cmake', 'python']
[0.241s] Level 1:colcon.colcon_core.package_identification:_identify(src) by extension 'cmake'
[0.241s] Level 1:colcon.colcon_core.package_identification:_identify(src) by extension 'python'
[0.241s] Level 1:colcon.colcon_core.package_identification:_identify(src) by extensions ['python_setup_py']
[0.241s] Level 1:colcon.colcon_core.package_identification:_identify(src) by extension 'python_setup_py'
[0.241s] Level 1:colcon.colcon_core.package_identification:_identify(src/LIO-SAM-ros2) by extensions ['ignore', 'ignore_ament_install']
[0.241s] Level 1:colcon.colcon_core.package_identification:_identify(src/LIO-SAM-ros2) by extension 'ignore'
[0.241s] Level 1:colcon.colcon_core.package_identification:_identify(src/LIO-SAM-ros2) by extension 'ignore_ament_install'
[0.241s] Level 1:colcon.colcon_core.package_identification:_identify(src/LIO-SAM-ros2) by extensions ['colcon_pkg']
[0.241s] Level 1:colcon.colcon_core.package_identification:_identify(src/LIO-SAM-ros2) by extension 'colcon_pkg'
[0.241s] Level 1:colcon.colcon_core.package_identification:_identify(src/LIO-SAM-ros2) by extensions ['colcon_meta']
[0.241s] Level 1:colcon.colcon_core.package_identification:_identify(src/LIO-SAM-ros2) by extension 'colcon_meta'
[0.241s] Level 1:colcon.colcon_core.package_identification:_identify(src/LIO-SAM-ros2) by extensions ['ros']
[0.242s] Level 1:colcon.colcon_core.package_identification:_identify(src/LIO-SAM-ros2) by extension 'ros'
[0.243s] DEBUG:colcon.colcon_core.package_identification:Package 'src/LIO-SAM-ros2' with type 'ros.ament_cmake' and name 'lio_sam'
[0.243s] Level 1:colcon.colcon_core.package_identification:_identify(src/ORB_SLAM3_ROS2-humble) by extensions ['ignore', 'ignore_ament_install']
[0.243s] Level 1:colcon.colcon_core.package_identification:_identify(src/ORB_SLAM3_ROS2-humble) by extension 'ignore'
[0.244s] Level 1:colcon.colcon_core.package_identification:_identify(src/ORB_SLAM3_ROS2-humble) by extension 'ignore_ament_install'
[0.244s] Level 1:colcon.colcon_core.package_identification:_identify(src/ORB_SLAM3_ROS2-humble) by extensions ['colcon_pkg']
[0.244s] Level 1:colcon.colcon_core.package_identification:_identify(src/ORB_SLAM3_ROS2-humble) by extension 'colcon_pkg'
[0.244s] Level 1:colcon.colcon_core.package_identification:_identify(src/ORB_SLAM3_ROS2-humble) by extensions ['colcon_meta']
[0.244s] Level 1:colcon.colcon_core.package_identification:_identify(src/ORB_SLAM3_ROS2-humble) by extension 'colcon_meta'
[0.244s] Level 1:colcon.colcon_core.package_identification:_identify(src/ORB_SLAM3_ROS2-humble) by extensions ['ros']
[0.244s] Level 1:colcon.colcon_core.package_identification:_identify(src/ORB_SLAM3_ROS2-humble) by extension 'ros'
[0.244s] DEBUG:colcon.colcon_core.package_identification:Package 'src/ORB_SLAM3_ROS2-humble' with type 'ros.ament_cmake' and name 'orbslam3'
[0.244s] Level 1:colcon.colcon_core.package_identification:_identify(src/gazebo_plugins_mode) by extensions ['ignore', 'ignore_ament_install']
[0.244s] Level 1:colcon.colcon_core.package_identification:_identify(src/gazebo_plugins_mode) by extension 'ignore'
[0.244s] Level 1:colcon.colcon_core.package_identification:_identify(src/gazebo_plugins_mode) by extension 'ignore_ament_install'
[0.244s] Level 1:colcon.colcon_core.package_identification:_identify(src/gazebo_plugins_mode) by extensions ['colcon_pkg']
[0.244s] Level 1:colcon.colcon_core.package_identification:_identify(src/gazebo_plugins_mode) by extension 'colcon_pkg'
[0.244s] Level 1:colcon.colcon_core.package_identification:_identify(src/gazebo_plugins_mode) by extensions ['colcon_meta']
[0.244s] Level 1:colcon.colcon_core.package_identification:_identify(src/gazebo_plugins_mode) by extension 'colcon_meta'
[0.244s] Level 1:colcon.colcon_core.package_identification:_identify(src/gazebo_plugins_mode) by extensions ['ros']
[0.244s] Level 1:colcon.colcon_core.package_identification:_identify(src/gazebo_plugins_mode) by extension 'ros'
[0.245s] DEBUG:colcon.colcon_core.package_identification:Package 'src/gazebo_plugins_mode' with type 'ros.ament_cmake' and name 'gazebo_plugins_mode'
[0.245s] Level 1:colcon.colcon_core.package_identification:_identify(src/marscar_gazebo_ros2) by extensions ['ignore', 'ignore_ament_install']
[0.245s] Level 1:colcon.colcon_core.package_identification:_identify(src/marscar_gazebo_ros2) by extension 'ignore'
[0.245s] Level 1:colcon.colcon_core.package_identification:_identify(src/marscar_gazebo_ros2) by extension 'ignore_ament_install'
[0.246s] Level 1:colcon.colcon_core.package_identification:_identify(src/marscar_gazebo_ros2) by extensions ['colcon_pkg']
[0.246s] Level 1:colcon.colcon_core.package_identification:_identify(src/marscar_gazebo_ros2) by extension 'colcon_pkg'
[0.246s] Level 1:colcon.colcon_core.package_identification:_identify(src/marscar_gazebo_ros2) by extensions ['colcon_meta']
[0.246s] Level 1:colcon.colcon_core.package_identification:_identify(src/marscar_gazebo_ros2) by extension 'colcon_meta'
[0.246s] Level 1:colcon.colcon_core.package_identification:_identify(src/marscar_gazebo_ros2) by extensions ['ros']
[0.246s] Level 1:colcon.colcon_core.package_identification:_identify(src/marscar_gazebo_ros2) by extension 'ros'
[0.246s] DEBUG:colcon.colcon_core.package_identification:Package 'src/marscar_gazebo_ros2' with type 'ros.ament_cmake' and name 'marscar_gazebo_ros2'
[0.246s] Level 1:colcon.colcon_core.package_identification:_identify(src/marscar_navigation2) by extensions ['ignore', 'ignore_ament_install']
[0.246s] Level 1:colcon.colcon_core.package_identification:_identify(src/marscar_navigation2) by extension 'ignore'
[0.246s] Level 1:colcon.colcon_core.package_identification:_identify(src/marscar_navigation2) by extension 'ignore_ament_install'
[0.246s] Level 1:colcon.colcon_core.package_identification:_identify(src/marscar_navigation2) by extensions ['colcon_pkg']
[0.246s] Level 1:colcon.colcon_core.package_identification:_identify(src/marscar_navigation2) by extension 'colcon_pkg'
[0.246s] Level 1:colcon.colcon_core.package_identification:_identify(src/marscar_navigation2) by extensions ['colcon_meta']
[0.246s] Level 1:colcon.colcon_core.package_identification:_identify(src/marscar_navigation2) by extension 'colcon_meta'
[0.246s] Level 1:colcon.colcon_core.package_identification:_identify(src/marscar_navigation2) by extensions ['ros']
[0.246s] Level 1:colcon.colcon_core.package_identification:_identify(src/marscar_navigation2) by extension 'ros'
[0.247s] DEBUG:colcon.colcon_core.package_identification:Package 'src/marscar_navigation2' with type 'ros.ament_cmake' and name 'marscar_navigation2'
[0.247s] Level 1:colcon.colcon_core.package_identification:_identify(src/mascar_cartographer) by extensions ['ignore', 'ignore_ament_install']
[0.247s] Level 1:colcon.colcon_core.package_identification:_identify(src/mascar_cartographer) by extension 'ignore'
[0.247s] Level 1:colcon.colcon_core.package_identification:_identify(src/mascar_cartographer) by extension 'ignore_ament_install'
[0.247s] Level 1:colcon.colcon_core.package_identification:_identify(src/mascar_cartographer) by extensions ['colcon_pkg']
[0.247s] Level 1:colcon.colcon_core.package_identification:_identify(src/mascar_cartographer) by extension 'colcon_pkg'
[0.247s] Level 1:colcon.colcon_core.package_identification:_identify(src/mascar_cartographer) by extensions ['colcon_meta']
[0.247s] Level 1:colcon.colcon_core.package_identification:_identify(src/mascar_cartographer) by extension 'colcon_meta'
[0.247s] Level 1:colcon.colcon_core.package_identification:_identify(src/mascar_cartographer) by extensions ['ros']
[0.247s] Level 1:colcon.colcon_core.package_identification:_identify(src/mascar_cartographer) by extension 'ros'
[0.247s] DEBUG:colcon.colcon_core.package_identification:Package 'src/mascar_cartographer' with type 'ros.ament_cmake' and name 'mascar_cartographer'
[0.247s] Level 1:colcon.colcon_core.package_identification:_identify(src/mediapipe_ros2) by extensions ['ignore', 'ignore_ament_install']
[0.247s] Level 1:colcon.colcon_core.package_identification:_identify(src/mediapipe_ros2) by extension 'ignore'
[0.247s] Level 1:colcon.colcon_core.package_identification:_identify(src/mediapipe_ros2) by extension 'ignore_ament_install'
[0.248s] Level 1:colcon.colcon_core.package_identification:_identify(src/mediapipe_ros2) by extensions ['colcon_pkg']
[0.248s] Level 1:colcon.colcon_core.package_identification:_identify(src/mediapipe_ros2) by extension 'colcon_pkg'
[0.248s] Level 1:colcon.colcon_core.package_identification:_identify(src/mediapipe_ros2) by extensions ['colcon_meta']
[0.248s] Level 1:colcon.colcon_core.package_identification:_identify(src/mediapipe_ros2) by extension 'colcon_meta'
[0.248s] Level 1:colcon.colcon_core.package_identification:_identify(src/mediapipe_ros2) by extensions ['ros']
[0.248s] Level 1:colcon.colcon_core.package_identification:_identify(src/mediapipe_ros2) by extension 'ros'
[0.248s] DEBUG:colcon.colcon_core.package_identification:Package 'src/mediapipe_ros2' with type 'ros.ament_python' and name 'mediapipe_ros2'
[0.248s] Level 1:colcon.colcon_core.package_discovery:discover_packages(recursive) using defaults
[0.248s] Level 1:colcon.colcon_core.package_discovery:discover_packages(ignore) discover
[0.248s] Level 1:colcon.colcon_core.package_discovery:discover_packages(ignore) using defaults
[0.248s] Level 1:colcon.colcon_core.package_discovery:discover_packages(path) discover
[0.248s] Level 1:colcon.colcon_core.package_discovery:discover_packages(path) using defaults
[0.263s] Level 1:colcon.colcon_core.package_discovery:discover_packages(prefix_path) check parameters
[0.263s] Level 1:colcon.colcon_core.package_discovery:discover_packages(prefix_path) discover
[0.265s] DEBUG:colcon.colcon_installed_package_information.package_discovery:Found 7 installed packages in /home/hp/marscar_ws/install
[0.266s] DEBUG:colcon.colcon_installed_package_information.package_discovery:Found 387 installed packages in /opt/ros/humble
[0.268s] Level 1:colcon.colcon_core.package_discovery:discover_packages(prefix_path) using defaults
[0.308s] Level 5:colcon.colcon_core.verb:set package 'gazebo_plugins_mode' build argument 'cmake_args' from command line to 'None'
[0.308s] Level 5:colcon.colcon_core.verb:set package 'gazebo_plugins_mode' build argument 'cmake_target' from command line to 'None'
[0.308s] Level 5:colcon.colcon_core.verb:set package 'gazebo_plugins_mode' build argument 'cmake_target_skip_unavailable' from command line to 'False'
[0.308s] Level 5:colcon.colcon_core.verb:set package 'gazebo_plugins_mode' build argument 'cmake_clean_cache' from command line to 'False'
[0.308s] Level 5:colcon.colcon_core.verb:set package 'gazebo_plugins_mode' build argument 'cmake_clean_first' from command line to 'False'
[0.308s] Level 5:colcon.colcon_core.verb:set package 'gazebo_plugins_mode' build argument 'cmake_force_configure' from command line to 'False'
[0.308s] Level 5:colcon.colcon_core.verb:set package 'gazebo_plugins_mode' build argument 'ament_cmake_args' from command line to 'None'
[0.308s] Level 5:colcon.colcon_core.verb:set package 'gazebo_plugins_mode' build argument 'catkin_cmake_args' from command line to 'None'
[0.309s] Level 5:colcon.colcon_core.verb:set package 'gazebo_plugins_mode' build argument 'catkin_skip_building_tests' from command line to 'False'
[0.309s] DEBUG:colcon.colcon_core.verb:Building package 'gazebo_plugins_mode' with the following arguments: {'ament_cmake_args': None, 'build_base': '/home/hp/marscar_ws/build/gazebo_plugins_mode', 'catkin_cmake_args': None, 'catkin_skip_building_tests': False, 'cmake_args': None, 'cmake_clean_cache': False, 'cmake_clean_first': False, 'cmake_force_configure': False, 'cmake_target': None, 'cmake_target_skip_unavailable': False, 'install_base': '/home/hp/marscar_ws/install/gazebo_plugins_mode', 'merge_install': False, 'path': '/home/hp/marscar_ws/src/gazebo_plugins_mode', 'symlink_install': False, 'test_result_base': None}
[0.309s] Level 5:colcon.colcon_core.verb:set package 'lio_sam' build argument 'cmake_args' from command line to 'None'
[0.309s] Level 5:colcon.colcon_core.verb:set package 'lio_sam' build argument 'cmake_target' from command line to 'None'
[0.309s] Level 5:colcon.colcon_core.verb:set package 'lio_sam' build argument 'cmake_target_skip_unavailable' from command line to 'False'
[0.309s] Level 5:colcon.colcon_core.verb:set package 'lio_sam' build argument 'cmake_clean_cache' from command line to 'False'
[0.309s] Level 5:colcon.colcon_core.verb:set package 'lio_sam' build argument 'cmake_clean_first' from command line to 'False'
[0.309s] Level 5:colcon.colcon_core.verb:set package 'lio_sam' build argument 'cmake_force_configure' from command line to 'False'
[0.309s] Level 5:colcon.colcon_core.verb:set package 'lio_sam' build argument 'ament_cmake_args' from command line to 'None'
[0.309s] Level 5:colcon.colcon_core.verb:set package 'lio_sam' build argument 'catkin_cmake_args' from command line to 'None'
[0.309s] Level 5:colcon.colcon_core.verb:set package 'lio_sam' build argument 'catkin_skip_building_tests' from command line to 'False'
[0.309s] DEBUG:colcon.colcon_core.verb:Building package 'lio_sam' with the following arguments: {'ament_cmake_args': None, 'build_base': '/home/hp/marscar_ws/build/lio_sam', 'catkin_cmake_args': None, 'catkin_skip_building_tests': False, 'cmake_args': None, 'cmake_clean_cache': False, 'cmake_clean_first': False, 'cmake_force_configure': False, 'cmake_target': None, 'cmake_target_skip_unavailable': False, 'install_base': '/home/hp/marscar_ws/install/lio_sam', 'merge_install': False, 'path': '/home/hp/marscar_ws/src/LIO-SAM-ros2', 'symlink_install': False, 'test_result_base': None}
[0.310s] Level 5:colcon.colcon_core.verb:set package 'marscar_gazebo_ros2' build argument 'cmake_args' from command line to 'None'
[0.310s] Level 5:colcon.colcon_core.verb:set package 'marscar_gazebo_ros2' build argument 'cmake_target' from command line to 'None'
[0.310s] Level 5:colcon.colcon_core.verb:set package 'marscar_gazebo_ros2' build argument 'cmake_target_skip_unavailable' from command line to 'False'
[0.310s] Level 5:colcon.colcon_core.verb:set package 'marscar_gazebo_ros2' build argument 'cmake_clean_cache' from command line to 'False'
[0.310s] Level 5:colcon.colcon_core.verb:set package 'marscar_gazebo_ros2' build argument 'cmake_clean_first' from command line to 'False'
[0.310s] Level 5:colcon.colcon_core.verb:set package 'marscar_gazebo_ros2' build argument 'cmake_force_configure' from command line to 'False'
[0.310s] Level 5:colcon.colcon_core.verb:set package 'marscar_gazebo_ros2' build argument 'ament_cmake_args' from command line to 'None'
[0.310s] Level 5:colcon.colcon_core.verb:set package 'marscar_gazebo_ros2' build argument 'catkin_cmake_args' from command line to 'None'
[0.310s] Level 5:colcon.colcon_core.verb:set package 'marscar_gazebo_ros2' build argument 'catkin_skip_building_tests' from command line to 'False'
[0.310s] DEBUG:colcon.colcon_core.verb:Building package 'marscar_gazebo_ros2' with the following arguments: {'ament_cmake_args': None, 'build_base': '/home/hp/marscar_ws/build/marscar_gazebo_ros2', 'catkin_cmake_args': None, 'catkin_skip_building_tests': False, 'cmake_args': None, 'cmake_clean_cache': False, 'cmake_clean_first': False, 'cmake_force_configure': False, 'cmake_target': None, 'cmake_target_skip_unavailable': False, 'install_base': '/home/hp/marscar_ws/install/marscar_gazebo_ros2', 'merge_install': False, 'path': '/home/hp/marscar_ws/src/marscar_gazebo_ros2', 'symlink_install': False, 'test_result_base': None}
[0.311s] Level 5:colcon.colcon_core.verb:set package 'marscar_navigation2' build argument 'cmake_args' from command line to 'None'
[0.311s] Level 5:colcon.colcon_core.verb:set package 'marscar_navigation2' build argument 'cmake_target' from command line to 'None'
[0.311s] Level 5:colcon.colcon_core.verb:set package 'marscar_navigation2' build argument 'cmake_target_skip_unavailable' from command line to 'False'
[0.311s] Level 5:colcon.colcon_core.verb:set package 'marscar_navigation2' build argument 'cmake_clean_cache' from command line to 'False'
[0.311s] Level 5:colcon.colcon_core.verb:set package 'marscar_navigation2' build argument 'cmake_clean_first' from command line to 'False'
[0.311s] Level 5:colcon.colcon_core.verb:set package 'marscar_navigation2' build argument 'cmake_force_configure' from command line to 'False'
[0.311s] Level 5:colcon.colcon_core.verb:set package 'marscar_navigation2' build argument 'ament_cmake_args' from command line to 'None'
[0.311s] Level 5:colcon.colcon_core.verb:set package 'marscar_navigation2' build argument 'catkin_cmake_args' from command line to 'None'
[0.311s] Level 5:colcon.colcon_core.verb:set package 'marscar_navigation2' build argument 'catkin_skip_building_tests' from command line to 'False'
[0.311s] DEBUG:colcon.colcon_core.verb:Building package 'marscar_navigation2' with the following arguments: {'ament_cmake_args': None, 'build_base': '/home/hp/marscar_ws/build/marscar_navigation2', 'catkin_cmake_args': None, 'catkin_skip_building_tests': False, 'cmake_args': None, 'cmake_clean_cache': False, 'cmake_clean_first': False, 'cmake_force_configure': False, 'cmake_target': None, 'cmake_target_skip_unavailable': False, 'install_base': '/home/hp/marscar_ws/install/marscar_navigation2', 'merge_install': False, 'path': '/home/hp/marscar_ws/src/marscar_navigation2', 'symlink_install': False, 'test_result_base': None}
[0.311s] Level 5:colcon.colcon_core.verb:set package 'mascar_cartographer' build argument 'cmake_args' from command line to 'None'
[0.311s] Level 5:colcon.colcon_core.verb:set package 'mascar_cartographer' build argument 'cmake_target' from command line to 'None'
[0.311s] Level 5:colcon.colcon_core.verb:set package 'mascar_cartographer' build argument 'cmake_target_skip_unavailable' from command line to 'False'
[0.311s] Level 5:colcon.colcon_core.verb:set package 'mascar_cartographer' build argument 'cmake_clean_cache' from command line to 'False'
[0.311s] Level 5:colcon.colcon_core.verb:set package 'mascar_cartographer' build argument 'cmake_clean_first' from command line to 'False'
[0.311s] Level 5:colcon.colcon_core.verb:set package 'mascar_cartographer' build argument 'cmake_force_configure' from command line to 'False'
[0.311s] Level 5:colcon.colcon_core.verb:set package 'mascar_cartographer' build argument 'ament_cmake_args' from command line to 'None'
[0.311s] Level 5:colcon.colcon_core.verb:set package 'mascar_cartographer' build argument 'catkin_cmake_args' from command line to 'None'
[0.311s] Level 5:colcon.colcon_core.verb:set package 'mascar_cartographer' build argument 'catkin_skip_building_tests' from command line to 'False'
[0.311s] DEBUG:colcon.colcon_core.verb:Building package 'mascar_cartographer' with the following arguments: {'ament_cmake_args': None, 'build_base': '/home/hp/marscar_ws/build/mascar_cartographer', 'catkin_cmake_args': None, 'catkin_skip_building_tests': False, 'cmake_args': None, 'cmake_clean_cache': False, 'cmake_clean_first': False, 'cmake_force_configure': False, 'cmake_target': None, 'cmake_target_skip_unavailable': False, 'install_base': '/home/hp/marscar_ws/install/mascar_cartographer', 'merge_install': False, 'path': '/home/hp/marscar_ws/src/mascar_cartographer', 'symlink_install': False, 'test_result_base': None}
[0.312s] Level 5:colcon.colcon_core.verb:set package 'mediapipe_ros2' build argument 'cmake_args' from command line to 'None'
[0.312s] Level 5:colcon.colcon_core.verb:set package 'mediapipe_ros2' build argument 'cmake_target' from command line to 'None'
[0.312s] Level 5:colcon.colcon_core.verb:set package 'mediapipe_ros2' build argument 'cmake_target_skip_unavailable' from command line to 'False'
[0.312s] Level 5:colcon.colcon_core.verb:set package 'mediapipe_ros2' build argument 'cmake_clean_cache' from command line to 'False'
[0.312s] Level 5:colcon.colcon_core.verb:set package 'mediapipe_ros2' build argument 'cmake_clean_first' from command line to 'False'
[0.312s] Level 5:colcon.colcon_core.verb:set package 'mediapipe_ros2' build argument 'cmake_force_configure' from command line to 'False'
[0.312s] Level 5:colcon.colcon_core.verb:set package 'mediapipe_ros2' build argument 'ament_cmake_args' from command line to 'None'
[0.312s] Level 5:colcon.colcon_core.verb:set package 'mediapipe_ros2' build argument 'catkin_cmake_args' from command line to 'None'
[0.312s] Level 5:colcon.colcon_core.verb:set package 'mediapipe_ros2' build argument 'catkin_skip_building_tests' from command line to 'False'
[0.312s] DEBUG:colcon.colcon_core.verb:Building package 'mediapipe_ros2' with the following arguments: {'ament_cmake_args': None, 'build_base': '/home/hp/marscar_ws/build/mediapipe_ros2', 'catkin_cmake_args': None, 'catkin_skip_building_tests': False, 'cmake_args': None, 'cmake_clean_cache': False, 'cmake_clean_first': False, 'cmake_force_configure': False, 'cmake_target': None, 'cmake_target_skip_unavailable': False, 'install_base': '/home/hp/marscar_ws/install/mediapipe_ros2', 'merge_install': False, 'path': '/home/hp/marscar_ws/src/mediapipe_ros2', 'symlink_install': False, 'test_result_base': None}
[0.313s] Level 5:colcon.colcon_core.verb:set package 'orbslam3' build argument 'cmake_args' from command line to 'None'
[0.313s] Level 5:colcon.colcon_core.verb:set package 'orbslam3' build argument 'cmake_target' from command line to 'None'
[0.313s] Level 5:colcon.colcon_core.verb:set package 'orbslam3' build argument 'cmake_target_skip_unavailable' from command line to 'False'
[0.313s] Level 5:colcon.colcon_core.verb:set package 'orbslam3' build argument 'cmake_clean_cache' from command line to 'False'
[0.313s] Level 5:colcon.colcon_core.verb:set package 'orbslam3' build argument 'cmake_clean_first' from command line to 'False'
[0.313s] Level 5:colcon.colcon_core.verb:set package 'orbslam3' build argument 'cmake_force_configure' from command line to 'False'
[0.313s] Level 5:colcon.colcon_core.verb:set package 'orbslam3' build argument 'ament_cmake_args' from command line to 'None'
[0.313s] Level 5:colcon.colcon_core.verb:set package 'orbslam3' build argument 'catkin_cmake_args' from command line to 'None'
[0.313s] Level 5:colcon.colcon_core.verb:set package 'orbslam3' build argument 'catkin_skip_building_tests' from command line to 'False'
[0.313s] DEBUG:colcon.colcon_core.verb:Building package 'orbslam3' with the following arguments: {'ament_cmake_args': None, 'build_base': '/home/hp/marscar_ws/build/orbslam3', 'catkin_cmake_args': None, 'catkin_skip_building_tests': False, 'cmake_args': None, 'cmake_clean_cache': False, 'cmake_clean_first': False, 'cmake_force_configure': False, 'cmake_target': None, 'cmake_target_skip_unavailable': False, 'install_base': '/home/hp/marscar_ws/install/orbslam3', 'merge_install': False, 'path': '/home/hp/marscar_ws/src/ORB_SLAM3_ROS2-humble', 'symlink_install': False, 'test_result_base': None}
[0.313s] INFO:colcon.colcon_core.executor:Executing jobs using 'parallel' executor
[0.315s] DEBUG:colcon.colcon_parallel_executor.executor.parallel:run_until_complete
[0.315s] INFO:colcon.colcon_ros.task.ament_cmake.build:Building ROS package in '/home/hp/marscar_ws/src/gazebo_plugins_mode' with build type 'ament_cmake'
[0.316s] INFO:colcon.colcon_cmake.task.cmake.build:Building CMake package in '/home/hp/marscar_ws/src/gazebo_plugins_mode'
[0.319s] INFO:colcon.colcon_core.plugin_system:Skipping extension 'colcon_core.shell.bat': Not used on non-Windows systems
[0.319s] INFO:colcon.colcon_core.shell:Skip shell extension 'powershell' for command environment: Not usable outside of PowerShell
[0.319s] DEBUG:colcon.colcon_core.shell:Skip shell extension 'dsv' for command environment
[0.323s] INFO:colcon.colcon_ros.task.ament_cmake.build:Building ROS package in '/home/hp/marscar_ws/src/LIO-SAM-ros2' with build type 'ament_cmake'
[0.323s] INFO:colcon.colcon_cmake.task.cmake.build:Building CMake package in '/home/hp/marscar_ws/src/LIO-SAM-ros2'
[0.323s] INFO:colcon.colcon_core.shell:Skip shell extension 'powershell' for command environment: Not usable outside of PowerShell
[0.323s] DEBUG:colcon.colcon_core.shell:Skip shell extension 'dsv' for command environment
[0.326s] INFO:colcon.colcon_ros.task.ament_cmake.build:Building ROS package in '/home/hp/marscar_ws/src/marscar_gazebo_ros2' with build type 'ament_cmake'
[0.326s] INFO:colcon.colcon_cmake.task.cmake.build:Building CMake package in '/home/hp/marscar_ws/src/marscar_gazebo_ros2'
[0.327s] INFO:colcon.colcon_core.shell:Skip shell extension 'powershell' for command environment: Not usable outside of PowerShell
[0.327s] DEBUG:colcon.colcon_core.shell:Skip shell extension 'dsv' for command environment
[0.330s] INFO:colcon.colcon_ros.task.ament_cmake.build:Building ROS package in '/home/hp/marscar_ws/src/marscar_navigation2' with build type 'ament_cmake'
[0.330s] INFO:colcon.colcon_cmake.task.cmake.build:Building CMake package in '/home/hp/marscar_ws/src/marscar_navigation2'
[0.331s] INFO:colcon.colcon_core.shell:Skip shell extension 'powershell' for command environment: Not usable outside of PowerShell
[0.331s] DEBUG:colcon.colcon_core.shell:Skip shell extension 'dsv' for command environment
[0.334s] INFO:colcon.colcon_ros.task.ament_cmake.build:Building ROS package in '/home/hp/marscar_ws/src/mascar_cartographer' with build type 'ament_cmake'
[0.334s] INFO:colcon.colcon_cmake.task.cmake.build:Building CMake package in '/home/hp/marscar_ws/src/mascar_cartographer'
[0.335s] INFO:colcon.colcon_core.shell:Skip shell extension 'powershell' for command environment: Not usable outside of PowerShell
[0.335s] DEBUG:colcon.colcon_core.shell:Skip shell extension 'dsv' for command environment
[0.338s] INFO:colcon.colcon_ros.task.ament_python.build:Building ROS package in '/home/hp/marscar_ws/src/mediapipe_ros2' with build type 'ament_python'
[0.338s] Level 1:colcon.colcon_core.shell:create_environment_hook('mediapipe_ros2', 'ament_prefix_path')
[0.339s] INFO:colcon.colcon_core.shell:Creating environment hook '/home/hp/marscar_ws/install/mediapipe_ros2/share/mediapipe_ros2/hook/ament_prefix_path.ps1'
[0.339s] INFO:colcon.colcon_core.shell:Creating environment descriptor '/home/hp/marscar_ws/install/mediapipe_ros2/share/mediapipe_ros2/hook/ament_prefix_path.dsv'
[0.340s] INFO:colcon.colcon_core.shell:Creating environment hook '/home/hp/marscar_ws/install/mediapipe_ros2/share/mediapipe_ros2/hook/ament_prefix_path.sh'
[0.341s] INFO:colcon.colcon_core.shell:Skip shell extension 'powershell' for command environment: Not usable outside of PowerShell
[0.341s] DEBUG:colcon.colcon_core.shell:Skip shell extension 'dsv' for command environment
[0.344s] INFO:colcon.colcon_ros.task.ament_cmake.build:Building ROS package in '/home/hp/marscar_ws/src/ORB_SLAM3_ROS2-humble' with build type 'ament_cmake'
[0.344s] INFO:colcon.colcon_cmake.task.cmake.build:Building CMake package in '/home/hp/marscar_ws/src/ORB_SLAM3_ROS2-humble'
[0.344s] INFO:colcon.colcon_core.shell:Skip shell extension 'powershell' for command environment: Not usable outside of PowerShell
[0.344s] DEBUG:colcon.colcon_core.shell:Skip shell extension 'dsv' for command environment
[0.351s] DEBUG:colcon.colcon_core.event_handler.log_command:Invoking command in '/home/hp/marscar_ws/build/gazebo_plugins_mode': CMAKE_PREFIX_PATH=${CMAKE_PREFIX_PATH}:/home/hp/marscar_ws/install/mediapipe_ros2:/opt/ros/humble /usr/bin/cmake --build /home/hp/marscar_ws/build/gazebo_plugins_mode -- -j20 -l20
[0.354s] DEBUG:colcon.colcon_core.event_handler.log_command:Invoking command in '/home/hp/marscar_ws/build/lio_sam': CMAKE_PREFIX_PATH=${CMAKE_PREFIX_PATH}:/home/hp/marscar_ws/install/mediapipe_ros2:/opt/ros/humble /usr/bin/cmake --build /home/hp/marscar_ws/build/lio_sam -- -j20 -l20
[0.356s] DEBUG:colcon.colcon_core.event_handler.log_command:Invoking command in '/home/hp/marscar_ws/build/marscar_gazebo_ros2': CMAKE_PREFIX_PATH=${CMAKE_PREFIX_PATH}:/home/hp/marscar_ws/install/mediapipe_ros2:/opt/ros/humble /usr/bin/cmake --build /home/hp/marscar_ws/build/marscar_gazebo_ros2 -- -j20 -l20
[0.358s] DEBUG:colcon.colcon_core.event_handler.log_command:Invoking command in '/home/hp/marscar_ws/build/marscar_navigation2': CMAKE_PREFIX_PATH=${CMAKE_PREFIX_PATH}:/home/hp/marscar_ws/install/mediapipe_ros2:/opt/ros/humble /usr/bin/cmake --build /home/hp/marscar_ws/build/marscar_navigation2 -- -j20 -l20
[0.360s] DEBUG:colcon.colcon_core.event_handler.log_command:Invoking command in '/home/hp/marscar_ws/build/mascar_cartographer': CMAKE_PREFIX_PATH=${CMAKE_PREFIX_PATH}:/home/hp/marscar_ws/install/mediapipe_ros2:/opt/ros/humble /usr/bin/cmake --build /home/hp/marscar_ws/build/mascar_cartographer -- -j20 -l20
[0.599s] WARNING:colcon.colcon_ros.task.ament_python.build:Package 'mediapipe_ros2' doesn't explicitly install a marker in the package index (colcon-ros currently does it implicitly but that fallback will be removed in the future)
[0.600s] INFO:colcon.colcon_core.task.python.build:Building Python package in '/home/hp/marscar_ws/src/mediapipe_ros2'
[0.601s] INFO:colcon.colcon_core.shell:Skip shell extension 'powershell' for command environment: Not usable outside of PowerShell
[0.602s] DEBUG:colcon.colcon_core.shell:Skip shell extension 'dsv' for command environment
[0.615s] DEBUG:colcon.colcon_core.event_handler.log_command:Invoking command in '/home/hp/marscar_ws/build/orbslam3': CMAKE_PREFIX_PATH=${CMAKE_PREFIX_PATH}:/home/hp/marscar_ws/install/mediapipe_ros2:/opt/ros/humble /usr/bin/cmake --build /home/hp/marscar_ws/build/orbslam3 -- -j20 -l20
[0.616s] DEBUG:colcon.colcon_core.event_handler.log_command:Invoked command in '/home/hp/marscar_ws/build/mascar_cartographer' returned '0': CMAKE_PREFIX_PATH=${CMAKE_PREFIX_PATH}:/home/hp/marscar_ws/install/mediapipe_ros2:/opt/ros/humble /usr/bin/cmake --build /home/hp/marscar_ws/build/mascar_cartographer -- -j20 -l20
[0.616s] DEBUG:colcon.colcon_core.event_handler.log_command:Invoked command in '/home/hp/marscar_ws/build/marscar_navigation2' returned '0': CMAKE_PREFIX_PATH=${CMAKE_PREFIX_PATH}:/home/hp/marscar_ws/install/mediapipe_ros2:/opt/ros/humble /usr/bin/cmake --build /home/hp/marscar_ws/build/marscar_navigation2 -- -j20 -l20
[0.617s] DEBUG:colcon.colcon_core.event_handler.log_command:Invoked command in '/home/hp/marscar_ws/build/gazebo_plugins_mode' returned '0': CMAKE_PREFIX_PATH=${CMAKE_PREFIX_PATH}:/home/hp/marscar_ws/install/mediapipe_ros2:/opt/ros/humble /usr/bin/cmake --build /home/hp/marscar_ws/build/gazebo_plugins_mode -- -j20 -l20
[0.635s] DEBUG:colcon.colcon_core.event_handler.log_command:Invoking command in '/home/hp/marscar_ws/build/marscar_navigation2': CMAKE_PREFIX_PATH=${CMAKE_PREFIX_PATH}:/home/hp/marscar_ws/install/mediapipe_ros2:/opt/ros/humble /usr/bin/cmake --install /home/hp/marscar_ws/build/marscar_navigation2
[0.637s] DEBUG:colcon.colcon_core.event_handler.log_command:Invoking command in '/home/hp/marscar_ws/build/mascar_cartographer': CMAKE_PREFIX_PATH=${CMAKE_PREFIX_PATH}:/home/hp/marscar_ws/install/mediapipe_ros2:/opt/ros/humble /usr/bin/cmake --install /home/hp/marscar_ws/build/mascar_cartographer
[0.638s] DEBUG:colcon.colcon_core.event_handler.log_command:Invoked command in '/home/hp/marscar_ws/build/lio_sam' returned '0': CMAKE_PREFIX_PATH=${CMAKE_PREFIX_PATH}:/home/hp/marscar_ws/install/mediapipe_ros2:/opt/ros/humble /usr/bin/cmake --build /home/hp/marscar_ws/build/lio_sam -- -j20 -l20
[0.644s] Level 1:colcon.colcon_core.environment:create_environment_scripts_only(marscar_navigation2)
[0.645s] DEBUG:colcon.colcon_core.event_handler.log_command:Invoked command in '/home/hp/marscar_ws/build/marscar_navigation2' returned '0': CMAKE_PREFIX_PATH=${CMAKE_PREFIX_PATH}:/home/hp/marscar_ws/install/mediapipe_ros2:/opt/ros/humble /usr/bin/cmake --install /home/hp/marscar_ws/build/marscar_navigation2
[0.654s] Level 1:colcon.colcon_core.environment:checking '/home/hp/marscar_ws/install/marscar_navigation2' for CMake module files
[0.655s] Level 1:colcon.colcon_core.environment:checking '/home/hp/marscar_ws/install/marscar_navigation2' for CMake config files
[0.655s] Level 1:colcon.colcon_core.shell:create_environment_hook('marscar_navigation2', 'cmake_prefix_path')
[0.657s] INFO:colcon.colcon_core.shell:Creating environment hook '/home/hp/marscar_ws/install/marscar_navigation2/share/marscar_navigation2/hook/cmake_prefix_path.ps1'
[0.658s] INFO:colcon.colcon_core.shell:Creating environment descriptor '/home/hp/marscar_ws/install/marscar_navigation2/share/marscar_navigation2/hook/cmake_prefix_path.dsv'
[0.658s] INFO:colcon.colcon_core.shell:Creating environment hook '/home/hp/marscar_ws/install/marscar_navigation2/share/marscar_navigation2/hook/cmake_prefix_path.sh'
[0.659s] Level 1:colcon.colcon_core.environment:checking '/home/hp/marscar_ws/install/marscar_navigation2/bin'
[0.659s] Level 1:colcon.colcon_core.environment:checking '/home/hp/marscar_ws/install/marscar_navigation2/lib/pkgconfig/marscar_navigation2.pc'
[0.659s] Level 1:colcon.colcon_core.environment:checking '/home/hp/marscar_ws/install/marscar_navigation2/lib/python3.10/site-packages'
[0.659s] Level 1:colcon.colcon_core.environment:checking '/home/hp/marscar_ws/install/marscar_navigation2/bin'
[0.661s] INFO:colcon.colcon_core.shell:Creating package script '/home/hp/marscar_ws/install/marscar_navigation2/share/marscar_navigation2/package.ps1'
[0.662s] INFO:colcon.colcon_core.shell:Creating package descriptor '/home/hp/marscar_ws/install/marscar_navigation2/share/marscar_navigation2/package.dsv'
[0.663s] INFO:colcon.colcon_core.shell:Creating package script '/home/hp/marscar_ws/install/marscar_navigation2/share/marscar_navigation2/package.sh'
[0.664s] INFO:colcon.colcon_core.shell:Creating package script '/home/hp/marscar_ws/install/marscar_navigation2/share/marscar_navigation2/package.bash'
[0.665s] INFO:colcon.colcon_core.shell:Creating package script '/home/hp/marscar_ws/install/marscar_navigation2/share/marscar_navigation2/package.zsh'
[0.665s] Level 1:colcon.colcon_core.environment:create_file_with_runtime_dependencies(/home/hp/marscar_ws/install/marscar_navigation2/share/colcon-core/packages/marscar_navigation2)
[0.668s] Level 1:colcon.colcon_core.environment:create_environment_scripts_only(mascar_cartographer)
[0.671s] Level 1:colcon.colcon_core.environment:checking '/home/hp/marscar_ws/install/mascar_cartographer' for CMake module files
[0.671s] DEBUG:colcon.colcon_core.event_handler.log_command:Invoked command in '/home/hp/marscar_ws/build/mascar_cartographer' returned '0': CMAKE_PREFIX_PATH=${CMAKE_PREFIX_PATH}:/home/hp/marscar_ws/install/mediapipe_ros2:/opt/ros/humble /usr/bin/cmake --install /home/hp/marscar_ws/build/mascar_cartographer
[0.672s] Level 1:colcon.colcon_core.environment:checking '/home/hp/marscar_ws/install/mascar_cartographer' for CMake config files
[0.672s] Level 1:colcon.colcon_core.shell:create_environment_hook('mascar_cartographer', 'cmake_prefix_path')
[0.674s] INFO:colcon.colcon_core.shell:Creating environment hook '/home/hp/marscar_ws/install/mascar_cartographer/share/mascar_cartographer/hook/cmake_prefix_path.ps1'
[0.674s] INFO:colcon.colcon_core.shell:Creating environment descriptor '/home/hp/marscar_ws/install/mascar_cartographer/share/mascar_cartographer/hook/cmake_prefix_path.dsv'
[0.675s] INFO:colcon.colcon_core.shell:Creating environment hook '/home/hp/marscar_ws/install/mascar_cartographer/share/mascar_cartographer/hook/cmake_prefix_path.sh'
[0.676s] Level 1:colcon.colcon_core.environment:checking '/home/hp/marscar_ws/install/mascar_cartographer/bin'
[0.676s] Level 1:colcon.colcon_core.environment:checking '/home/hp/marscar_ws/install/mascar_cartographer/lib/pkgconfig/mascar_cartographer.pc'
[0.676s] Level 1:colcon.colcon_core.environment:checking '/home/hp/marscar_ws/install/mascar_cartographer/lib/python3.10/site-packages'
[0.676s] Level 1:colcon.colcon_core.environment:checking '/home/hp/marscar_ws/install/mascar_cartographer/bin'
[0.678s] INFO:colcon.colcon_core.shell:Creating package script '/home/hp/marscar_ws/install/mascar_cartographer/share/mascar_cartographer/package.ps1'
[0.679s] INFO:colcon.colcon_core.shell:Creating package descriptor '/home/hp/marscar_ws/install/mascar_cartographer/share/mascar_cartographer/package.dsv'
[0.680s] INFO:colcon.colcon_core.shell:Creating package script '/home/hp/marscar_ws/install/mascar_cartographer/share/mascar_cartographer/package.sh'
[0.680s] INFO:colcon.colcon_core.shell:Creating package script '/home/hp/marscar_ws/install/mascar_cartographer/share/mascar_cartographer/package.bash'
[0.681s] INFO:colcon.colcon_core.shell:Creating package script '/home/hp/marscar_ws/install/mascar_cartographer/share/mascar_cartographer/package.zsh'
[0.681s] Level 1:colcon.colcon_core.environment:create_file_with_runtime_dependencies(/home/hp/marscar_ws/install/mascar_cartographer/share/colcon-core/packages/mascar_cartographer)
[0.684s] DEBUG:colcon.colcon_core.event_handler.log_command:Invoking command in '/home/hp/marscar_ws/build/gazebo_plugins_mode': CMAKE_PREFIX_PATH=${CMAKE_PREFIX_PATH}:/home/hp/marscar_ws/install/mediapipe_ros2:/opt/ros/humble /usr/bin/cmake --install /home/hp/marscar_ws/build/gazebo_plugins_mode
[0.684s] DEBUG:colcon.colcon_core.event_handler.log_command:Invoked command in '/home/hp/marscar_ws/build/marscar_gazebo_ros2' returned '0': CMAKE_PREFIX_PATH=${CMAKE_PREFIX_PATH}:/home/hp/marscar_ws/install/mediapipe_ros2:/opt/ros/humble /usr/bin/cmake --build /home/hp/marscar_ws/build/marscar_gazebo_ros2 -- -j20 -l20
[0.689s] Level 1:colcon.colcon_core.environment:create_environment_scripts_only(marscar_navigation2)
[0.692s] Level 1:colcon.colcon_core.environment:checking '/home/hp/marscar_ws/install/marscar_navigation2' for CMake module files
[0.696s] Level 1:colcon.colcon_core.environment:checking '/home/hp/marscar_ws/install/marscar_navigation2' for CMake config files
[0.696s] Level 1:colcon.colcon_core.shell:create_environment_hook('marscar_navigation2', 'cmake_prefix_path')
[0.698s] INFO:colcon.colcon_core.shell:Creating environment hook '/home/hp/marscar_ws/install/marscar_navigation2/share/marscar_navigation2/hook/cmake_prefix_path.ps1'
[0.699s] INFO:colcon.colcon_core.shell:Creating environment descriptor '/home/hp/marscar_ws/install/marscar_navigation2/share/marscar_navigation2/hook/cmake_prefix_path.dsv'
[0.699s] INFO:colcon.colcon_core.shell:Creating environment hook '/home/hp/marscar_ws/install/marscar_navigation2/share/marscar_navigation2/hook/cmake_prefix_path.sh'
[0.700s] Level 1:colcon.colcon_core.environment:checking '/home/hp/marscar_ws/install/marscar_navigation2/bin'
[0.700s] Level 1:colcon.colcon_core.environment:checking '/home/hp/marscar_ws/install/marscar_navigation2/lib/pkgconfig/marscar_navigation2.pc'
[0.700s] Level 1:colcon.colcon_core.environment:checking '/home/hp/marscar_ws/install/marscar_navigation2/lib/python3.10/site-packages'
[0.700s] Level 1:colcon.colcon_core.environment:checking '/home/hp/marscar_ws/install/marscar_navigation2/bin'
[0.702s] INFO:colcon.colcon_core.shell:Creating package script '/home/hp/marscar_ws/install/marscar_navigation2/share/marscar_navigation2/package.ps1'
[0.703s] INFO:colcon.colcon_core.shell:Creating package descriptor '/home/hp/marscar_ws/install/marscar_navigation2/share/marscar_navigation2/package.dsv'
[0.704s] INFO:colcon.colcon_core.shell:Creating package script '/home/hp/marscar_ws/install/marscar_navigation2/share/marscar_navigation2/package.sh'
[0.704s] INFO:colcon.colcon_core.shell:Creating package script '/home/hp/marscar_ws/install/marscar_navigation2/share/marscar_navigation2/package.bash'
[0.705s] INFO:colcon.colcon_core.shell:Creating package script '/home/hp/marscar_ws/install/marscar_navigation2/share/marscar_navigation2/package.zsh'
[0.705s] Level 1:colcon.colcon_core.environment:create_file_with_runtime_dependencies(/home/hp/marscar_ws/install/marscar_navigation2/share/colcon-core/packages/marscar_navigation2)
[0.707s] DEBUG:colcon.colcon_core.event_handler.log_command:Invoked command in '/home/hp/marscar_ws/build/orbslam3' returned '0': CMAKE_PREFIX_PATH=${CMAKE_PREFIX_PATH}:/home/hp/marscar_ws/install/mediapipe_ros2:/opt/ros/humble /usr/bin/cmake --build /home/hp/marscar_ws/build/orbslam3 -- -j20 -l20
[0.710s] DEBUG:colcon.colcon_core.event_handler.log_command:Invoking command in '/home/hp/marscar_ws/build/lio_sam': CMAKE_PREFIX_PATH=${CMAKE_PREFIX_PATH}:/home/hp/marscar_ws/install/mediapipe_ros2:/opt/ros/humble /usr/bin/cmake --install /home/hp/marscar_ws/build/lio_sam
[0.712s] Level 1:colcon.colcon_core.environment:create_environment_scripts_only(mascar_cartographer)
[0.715s] Level 1:colcon.colcon_core.environment:checking '/home/hp/marscar_ws/install/mascar_cartographer' for CMake module files
[0.716s] Level 1:colcon.colcon_core.environment:checking '/home/hp/marscar_ws/install/mascar_cartographer' for CMake config files
[0.716s] Level 1:colcon.colcon_core.shell:create_environment_hook('mascar_cartographer', 'cmake_prefix_path')
[0.718s] INFO:colcon.colcon_core.shell:Creating environment hook '/home/hp/marscar_ws/install/mascar_cartographer/share/mascar_cartographer/hook/cmake_prefix_path.ps1'
[0.719s] INFO:colcon.colcon_core.shell:Creating environment descriptor '/home/hp/marscar_ws/install/mascar_cartographer/share/mascar_cartographer/hook/cmake_prefix_path.dsv'
[0.719s] INFO:colcon.colcon_core.shell:Creating environment hook '/home/hp/marscar_ws/install/mascar_cartographer/share/mascar_cartographer/hook/cmake_prefix_path.sh'
[0.720s] Level 1:colcon.colcon_core.environment:checking '/home/hp/marscar_ws/install/mascar_cartographer/bin'
[0.720s] Level 1:colcon.colcon_core.environment:checking '/home/hp/marscar_ws/install/mascar_cartographer/lib/pkgconfig/mascar_cartographer.pc'
[0.720s] Level 1:colcon.colcon_core.environment:checking '/home/hp/marscar_ws/install/mascar_cartographer/lib/python3.10/site-packages'
[0.721s] Level 1:colcon.colcon_core.environment:checking '/home/hp/marscar_ws/install/mascar_cartographer/bin'
[0.723s] INFO:colcon.colcon_core.shell:Creating package script '/home/hp/marscar_ws/install/mascar_cartographer/share/mascar_cartographer/package.ps1'
[0.723s] INFO:colcon.colcon_core.shell:Creating package descriptor '/home/hp/marscar_ws/install/mascar_cartographer/share/mascar_cartographer/package.dsv'
[0.724s] INFO:colcon.colcon_core.shell:Creating package script '/home/hp/marscar_ws/install/mascar_cartographer/share/mascar_cartographer/package.sh'
[0.724s] INFO:colcon.colcon_core.shell:Creating package script '/home/hp/marscar_ws/install/mascar_cartographer/share/mascar_cartographer/package.bash'
[0.725s] INFO:colcon.colcon_core.shell:Creating package script '/home/hp/marscar_ws/install/mascar_cartographer/share/mascar_cartographer/package.zsh'
[0.725s] Level 1:colcon.colcon_core.environment:create_file_with_runtime_dependencies(/home/hp/marscar_ws/install/mascar_cartographer/share/colcon-core/packages/mascar_cartographer)
[0.726s] Level 1:colcon.colcon_core.environment:create_environment_scripts_only(gazebo_plugins_mode)
[0.729s] Level 1:colcon.colcon_core.environment:checking '/home/hp/marscar_ws/install/gazebo_plugins_mode' for CMake module files
[0.730s] DEBUG:colcon.colcon_core.event_handler.log_command:Invoked command in '/home/hp/marscar_ws/build/gazebo_plugins_mode' returned '0': CMAKE_PREFIX_PATH=${CMAKE_PREFIX_PATH}:/home/hp/marscar_ws/install/mediapipe_ros2:/opt/ros/humble /usr/bin/cmake --install /home/hp/marscar_ws/build/gazebo_plugins_mode
[0.730s] Level 1:colcon.colcon_core.environment:checking '/home/hp/marscar_ws/install/gazebo_plugins_mode' for CMake config files
[0.731s] Level 1:colcon.colcon_core.shell:create_environment_hook('gazebo_plugins_mode', 'cmake_prefix_path')
[0.732s] INFO:colcon.colcon_core.shell:Creating environment hook '/home/hp/marscar_ws/install/gazebo_plugins_mode/share/gazebo_plugins_mode/hook/cmake_prefix_path.ps1'
[0.732s] INFO:colcon.colcon_core.shell:Creating environment descriptor '/home/hp/marscar_ws/install/gazebo_plugins_mode/share/gazebo_plugins_mode/hook/cmake_prefix_path.dsv'
[0.732s] INFO:colcon.colcon_core.shell:Creating environment hook '/home/hp/marscar_ws/install/gazebo_plugins_mode/share/gazebo_plugins_mode/hook/cmake_prefix_path.sh'
[0.733s] Level 1:colcon.colcon_core.environment:checking '/home/hp/marscar_ws/install/gazebo_plugins_mode/lib'
[0.733s] Level 1:colcon.colcon_core.shell:create_environment_hook('gazebo_plugins_mode', 'ld_library_path_lib')
[0.734s] INFO:colcon.colcon_core.shell:Creating environment hook '/home/hp/marscar_ws/install/gazebo_plugins_mode/share/gazebo_plugins_mode/hook/ld_library_path_lib.ps1'
[0.734s] INFO:colcon.colcon_core.shell:Creating environment descriptor '/home/hp/marscar_ws/install/gazebo_plugins_mode/share/gazebo_plugins_mode/hook/ld_library_path_lib.dsv'
[0.734s] INFO:colcon.colcon_core.shell:Creating environment hook '/home/hp/marscar_ws/install/gazebo_plugins_mode/share/gazebo_plugins_mode/hook/ld_library_path_lib.sh'
[0.735s] Level 1:colcon.colcon_core.environment:checking '/home/hp/marscar_ws/install/gazebo_plugins_mode/bin'
[0.735s] Level 1:colcon.colcon_core.environment:checking '/home/hp/marscar_ws/install/gazebo_plugins_mode/lib/pkgconfig/gazebo_plugins_mode.pc'
[0.735s] Level 1:colcon.colcon_core.environment:checking '/home/hp/marscar_ws/install/gazebo_plugins_mode/lib/python3.10/site-packages'
[0.735s] Level 1:colcon.colcon_core.environment:checking '/home/hp/marscar_ws/install/gazebo_plugins_mode/bin'
[0.736s] INFO:colcon.colcon_core.shell:Creating package script '/home/hp/marscar_ws/install/gazebo_plugins_mode/share/gazebo_plugins_mode/package.ps1'
[0.736s] INFO:colcon.colcon_core.shell:Creating package descriptor '/home/hp/marscar_ws/install/gazebo_plugins_mode/share/gazebo_plugins_mode/package.dsv'
[0.737s] INFO:colcon.colcon_core.shell:Creating package script '/home/hp/marscar_ws/install/gazebo_plugins_mode/share/gazebo_plugins_mode/package.sh'
[0.737s] INFO:colcon.colcon_core.shell:Creating package script '/home/hp/marscar_ws/install/gazebo_plugins_mode/share/gazebo_plugins_mode/package.bash'
[0.737s] INFO:colcon.colcon_core.shell:Creating package script '/home/hp/marscar_ws/install/gazebo_plugins_mode/share/gazebo_plugins_mode/package.zsh'
[0.737s] Level 1:colcon.colcon_core.environment:create_file_with_runtime_dependencies(/home/hp/marscar_ws/install/gazebo_plugins_mode/share/colcon-core/packages/gazebo_plugins_mode)
[0.747s] DEBUG:colcon.colcon_core.event_handler.log_command:Invoking command in '/home/hp/marscar_ws/build/orbslam3': CMAKE_PREFIX_PATH=${CMAKE_PREFIX_PATH}:/home/hp/marscar_ws/install/mediapipe_ros2:/opt/ros/humble /usr/bin/cmake --install /home/hp/marscar_ws/build/orbslam3
[0.750s] DEBUG:colcon.colcon_core.event_handler.log_command:Invoking command in '/home/hp/marscar_ws/build/marscar_gazebo_ros2': CMAKE_PREFIX_PATH=${CMAKE_PREFIX_PATH}:/home/hp/marscar_ws/install/mediapipe_ros2:/opt/ros/humble /usr/bin/cmake --install /home/hp/marscar_ws/build/marscar_gazebo_ros2
[0.757s] Level 1:colcon.colcon_core.environment:create_environment_scripts_only(lio_sam)
[0.759s] Level 1:colcon.colcon_core.environment:checking '/home/hp/marscar_ws/install/lio_sam' for CMake module files
[0.762s] Level 1:colcon.colcon_core.environment:checking '/home/hp/marscar_ws/install/lio_sam' for CMake config files
[0.781s] DEBUG:colcon.colcon_core.event_handler.log_command:Invoked command in '/home/hp/marscar_ws/build/lio_sam' returned '0': CMAKE_PREFIX_PATH=${CMAKE_PREFIX_PATH}:/home/hp/marscar_ws/install/mediapipe_ros2:/opt/ros/humble /usr/bin/cmake --install /home/hp/marscar_ws/build/lio_sam
[0.788s] Level 1:colcon.colcon_core.shell:create_environment_hook('lio_sam', 'cmake_prefix_path')
[0.789s] INFO:colcon.colcon_core.shell:Creating environment hook '/home/hp/marscar_ws/install/lio_sam/share/lio_sam/hook/cmake_prefix_path.ps1'
[0.792s] INFO:colcon.colcon_core.shell:Creating environment descriptor '/home/hp/marscar_ws/install/lio_sam/share/lio_sam/hook/cmake_prefix_path.dsv'
[0.795s] INFO:colcon.colcon_core.shell:Creating environment hook '/home/hp/marscar_ws/install/lio_sam/share/lio_sam/hook/cmake_prefix_path.sh'
[0.796s] Level 1:colcon.colcon_core.environment:checking '/home/hp/marscar_ws/install/lio_sam/lib'
[0.796s] Level 1:colcon.colcon_core.shell:create_environment_hook('lio_sam', 'ld_library_path_lib')
[0.797s] INFO:colcon.colcon_core.shell:Creating environment hook '/home/hp/marscar_ws/install/lio_sam/share/lio_sam/hook/ld_library_path_lib.ps1'
[0.797s] INFO:colcon.colcon_core.shell:Creating environment descriptor '/home/hp/marscar_ws/install/lio_sam/share/lio_sam/hook/ld_library_path_lib.dsv'
[0.798s] INFO:colcon.colcon_core.shell:Creating environment hook '/home/hp/marscar_ws/install/lio_sam/share/lio_sam/hook/ld_library_path_lib.sh'
[0.798s] Level 1:colcon.colcon_core.environment:checking '/home/hp/marscar_ws/install/lio_sam/bin'
[0.798s] Level 1:colcon.colcon_core.environment:checking '/home/hp/marscar_ws/install/lio_sam/lib/pkgconfig/lio_sam.pc'
[0.799s] Level 1:colcon.colcon_core.environment:checking '/home/hp/marscar_ws/install/lio_sam/lib/python3.10/site-packages'
[0.799s] Level 1:colcon.colcon_core.environment:checking '/home/hp/marscar_ws/install/lio_sam/bin'
[0.800s] INFO:colcon.colcon_core.shell:Creating package script '/home/hp/marscar_ws/install/lio_sam/share/lio_sam/package.ps1'
[0.801s] INFO:colcon.colcon_core.shell:Creating package descriptor '/home/hp/marscar_ws/install/lio_sam/share/lio_sam/package.dsv'
[0.801s] INFO:colcon.colcon_core.shell:Creating package script '/home/hp/marscar_ws/install/lio_sam/share/lio_sam/package.sh'
[0.802s] INFO:colcon.colcon_core.shell:Creating package script '/home/hp/marscar_ws/install/lio_sam/share/lio_sam/package.bash'
[0.802s] INFO:colcon.colcon_core.shell:Creating package script '/home/hp/marscar_ws/install/lio_sam/share/lio_sam/package.zsh'
[0.802s] Level 1:colcon.colcon_core.environment:create_file_with_runtime_dependencies(/home/hp/marscar_ws/install/lio_sam/share/colcon-core/packages/lio_sam)
[0.807s] Level 1:colcon.colcon_core.environment:create_environment_scripts_only(orbslam3)
[0.810s] Level 1:colcon.colcon_core.environment:checking '/home/hp/marscar_ws/install/orbslam3' for CMake module files
[0.810s] DEBUG:colcon.colcon_core.event_handler.log_command:Invoked command in '/home/hp/marscar_ws/build/orbslam3' returned '0': CMAKE_PREFIX_PATH=${CMAKE_PREFIX_PATH}:/home/hp/marscar_ws/install/mediapipe_ros2:/opt/ros/humble /usr/bin/cmake --install /home/hp/marscar_ws/build/orbslam3
[0.811s] Level 1:colcon.colcon_core.environment:checking '/home/hp/marscar_ws/install/orbslam3' for CMake config files
[0.811s] Level 1:colcon.colcon_core.shell:create_environment_hook('orbslam3', 'cmake_prefix_path')
[0.812s] INFO:colcon.colcon_core.shell:Creating environment hook '/home/hp/marscar_ws/install/orbslam3/share/orbslam3/hook/cmake_prefix_path.ps1'
[0.812s] INFO:colcon.colcon_core.shell:Creating environment descriptor '/home/hp/marscar_ws/install/orbslam3/share/orbslam3/hook/cmake_prefix_path.dsv'
[0.813s] INFO:colcon.colcon_core.shell:Creating environment hook '/home/hp/marscar_ws/install/orbslam3/share/orbslam3/hook/cmake_prefix_path.sh'
[0.813s] Level 1:colcon.colcon_core.environment:checking '/home/hp/marscar_ws/install/orbslam3/lib'
[0.813s] Level 1:colcon.colcon_core.environment:checking '/home/hp/marscar_ws/install/orbslam3/bin'
[0.813s] Level 1:colcon.colcon_core.environment:checking '/home/hp/marscar_ws/install/orbslam3/lib/pkgconfig/orbslam3.pc'
[0.813s] Level 1:colcon.colcon_core.environment:checking '/home/hp/marscar_ws/install/orbslam3/lib/python3.10/site-packages'
[0.813s] Level 1:colcon.colcon_core.environment:checking '/home/hp/marscar_ws/install/orbslam3/bin'
[0.814s] INFO:colcon.colcon_core.shell:Creating package script '/home/hp/marscar_ws/install/orbslam3/share/orbslam3/package.ps1'
[0.815s] INFO:colcon.colcon_core.shell:Creating package descriptor '/home/hp/marscar_ws/install/orbslam3/share/orbslam3/package.dsv'
[0.815s] INFO:colcon.colcon_core.shell:Creating package script '/home/hp/marscar_ws/install/orbslam3/share/orbslam3/package.sh'
[0.815s] INFO:colcon.colcon_core.shell:Creating package script '/home/hp/marscar_ws/install/orbslam3/share/orbslam3/package.bash'
[0.815s] INFO:colcon.colcon_core.shell:Creating package script '/home/hp/marscar_ws/install/orbslam3/share/orbslam3/package.zsh'
[0.815s] Level 1:colcon.colcon_core.environment:create_file_with_runtime_dependencies(/home/hp/marscar_ws/install/orbslam3/share/colcon-core/packages/orbslam3)
[0.817s] Level 1:colcon.colcon_core.environment:create_environment_scripts_only(gazebo_plugins_mode)
[0.818s] Level 1:colcon.colcon_core.environment:checking '/home/hp/marscar_ws/install/gazebo_plugins_mode' for CMake module files
[0.819s] Level 1:colcon.colcon_core.environment:checking '/home/hp/marscar_ws/install/gazebo_plugins_mode' for CMake config files
[0.819s] Level 1:colcon.colcon_core.shell:create_environment_hook('gazebo_plugins_mode', 'cmake_prefix_path')
[0.820s] INFO:colcon.colcon_core.shell:Creating environment hook '/home/hp/marscar_ws/install/gazebo_plugins_mode/share/gazebo_plugins_mode/hook/cmake_prefix_path.ps1'
[0.820s] INFO:colcon.colcon_core.shell:Creating environment descriptor '/home/hp/marscar_ws/install/gazebo_plugins_mode/share/gazebo_plugins_mode/hook/cmake_prefix_path.dsv'
[0.820s] INFO:colcon.colcon_core.shell:Creating environment hook '/home/hp/marscar_ws/install/gazebo_plugins_mode/share/gazebo_plugins_mode/hook/cmake_prefix_path.sh'
[0.821s] Level 1:colcon.colcon_core.environment:checking '/home/hp/marscar_ws/install/gazebo_plugins_mode/lib'
[0.821s] Level 1:colcon.colcon_core.shell:create_environment_hook('gazebo_plugins_mode', 'ld_library_path_lib')
[0.822s] INFO:colcon.colcon_core.shell:Creating environment hook '/home/hp/marscar_ws/install/gazebo_plugins_mode/share/gazebo_plugins_mode/hook/ld_library_path_lib.ps1'
[0.822s] INFO:colcon.colcon_core.shell:Creating environment descriptor '/home/hp/marscar_ws/install/gazebo_plugins_mode/share/gazebo_plugins_mode/hook/ld_library_path_lib.dsv'
[0.822s] INFO:colcon.colcon_core.shell:Creating environment hook '/home/hp/marscar_ws/install/gazebo_plugins_mode/share/gazebo_plugins_mode/hook/ld_library_path_lib.sh'
[0.822s] Level 1:colcon.colcon_core.environment:checking '/home/hp/marscar_ws/install/gazebo_plugins_mode/bin'
[0.822s] Level 1:colcon.colcon_core.environment:checking '/home/hp/marscar_ws/install/gazebo_plugins_mode/lib/pkgconfig/gazebo_plugins_mode.pc'
[0.822s] Level 1:colcon.colcon_core.environment:checking '/home/hp/marscar_ws/install/gazebo_plugins_mode/lib/python3.10/site-packages'
[0.823s] Level 1:colcon.colcon_core.environment:checking '/home/hp/marscar_ws/install/gazebo_plugins_mode/bin'
[0.824s] INFO:colcon.colcon_core.shell:Creating package script '/home/hp/marscar_ws/install/gazebo_plugins_mode/share/gazebo_plugins_mode/package.ps1'
[0.824s] INFO:colcon.colcon_core.shell:Creating package descriptor '/home/hp/marscar_ws/install/gazebo_plugins_mode/share/gazebo_plugins_mode/package.dsv'
[0.824s] INFO:colcon.colcon_core.shell:Creating package script '/home/hp/marscar_ws/install/gazebo_plugins_mode/share/gazebo_plugins_mode/package.sh'
[0.825s] INFO:colcon.colcon_core.shell:Creating package script '/home/hp/marscar_ws/install/gazebo_plugins_mode/share/gazebo_plugins_mode/package.bash'
[0.825s] INFO:colcon.colcon_core.shell:Creating package script '/home/hp/marscar_ws/install/gazebo_plugins_mode/share/gazebo_plugins_mode/package.zsh'
[0.825s] Level 1:colcon.colcon_core.environment:create_file_with_runtime_dependencies(/home/hp/marscar_ws/install/gazebo_plugins_mode/share/colcon-core/packages/gazebo_plugins_mode)
[0.826s] Level 1:colcon.colcon_core.environment:create_environment_scripts_only(marscar_gazebo_ros2)
[0.827s] Level 1:colcon.colcon_core.environment:checking '/home/hp/marscar_ws/install/marscar_gazebo_ros2' for CMake module files
[0.828s] DEBUG:colcon.colcon_core.event_handler.log_command:Invoked command in '/home/hp/marscar_ws/build/marscar_gazebo_ros2' returned '0': CMAKE_PREFIX_PATH=${CMAKE_PREFIX_PATH}:/home/hp/marscar_ws/install/mediapipe_ros2:/opt/ros/humble /usr/bin/cmake --install /home/hp/marscar_ws/build/marscar_gazebo_ros2
[0.828s] Level 1:colcon.colcon_core.environment:checking '/home/hp/marscar_ws/install/marscar_gazebo_ros2' for CMake config files
[0.829s] Level 1:colcon.colcon_core.shell:create_environment_hook('marscar_gazebo_ros2', 'cmake_prefix_path')
[0.830s] INFO:colcon.colcon_core.shell:Creating environment hook '/home/hp/marscar_ws/install/marscar_gazebo_ros2/share/marscar_gazebo_ros2/hook/cmake_prefix_path.ps1'
[0.830s] INFO:colcon.colcon_core.shell:Creating environment descriptor '/home/hp/marscar_ws/install/marscar_gazebo_ros2/share/marscar_gazebo_ros2/hook/cmake_prefix_path.dsv'
[0.830s] INFO:colcon.colcon_core.shell:Creating environment hook '/home/hp/marscar_ws/install/marscar_gazebo_ros2/share/marscar_gazebo_ros2/hook/cmake_prefix_path.sh'
[0.831s] Level 1:colcon.colcon_core.environment:checking '/home/hp/marscar_ws/install/marscar_gazebo_ros2/lib'
[0.831s] Level 1:colcon.colcon_core.shell:create_environment_hook('marscar_gazebo_ros2', 'ld_library_path_lib')
[0.832s] INFO:colcon.colcon_core.shell:Creating environment hook '/home/hp/marscar_ws/install/marscar_gazebo_ros2/share/marscar_gazebo_ros2/hook/ld_library_path_lib.ps1'
[0.832s] INFO:colcon.colcon_core.shell:Creating environment descriptor '/home/hp/marscar_ws/install/marscar_gazebo_ros2/share/marscar_gazebo_ros2/hook/ld_library_path_lib.dsv'
[0.832s] INFO:colcon.colcon_core.shell:Creating environment hook '/home/hp/marscar_ws/install/marscar_gazebo_ros2/share/marscar_gazebo_ros2/hook/ld_library_path_lib.sh'
[0.833s] Level 1:colcon.colcon_core.environment:checking '/home/hp/marscar_ws/install/marscar_gazebo_ros2/bin'
[0.833s] Level 1:colcon.colcon_core.environment:checking '/home/hp/marscar_ws/install/marscar_gazebo_ros2/lib/pkgconfig/marscar_gazebo_ros2.pc'
[0.833s] Level 1:colcon.colcon_core.environment:checking '/home/hp/marscar_ws/install/marscar_gazebo_ros2/lib/python3.10/site-packages'
[0.833s] Level 1:colcon.colcon_core.environment:checking '/home/hp/marscar_ws/install/marscar_gazebo_ros2/bin'
[0.835s] INFO:colcon.colcon_core.shell:Creating package script '/home/hp/marscar_ws/install/marscar_gazebo_ros2/share/marscar_gazebo_ros2/package.ps1'
[0.835s] INFO:colcon.colcon_core.shell:Creating package descriptor '/home/hp/marscar_ws/install/marscar_gazebo_ros2/share/marscar_gazebo_ros2/package.dsv'
[0.836s] INFO:colcon.colcon_core.shell:Creating package script '/home/hp/marscar_ws/install/marscar_gazebo_ros2/share/marscar_gazebo_ros2/package.sh'
[0.836s] INFO:colcon.colcon_core.shell:Creating package script '/home/hp/marscar_ws/install/marscar_gazebo_ros2/share/marscar_gazebo_ros2/package.bash'
[0.836s] INFO:colcon.colcon_core.shell:Creating package script '/home/hp/marscar_ws/install/marscar_gazebo_ros2/share/marscar_gazebo_ros2/package.zsh'
[0.836s] Level 1:colcon.colcon_core.environment:create_file_with_runtime_dependencies(/home/hp/marscar_ws/install/marscar_gazebo_ros2/share/colcon-core/packages/marscar_gazebo_ros2)
[0.848s] Level 1:colcon.colcon_core.environment:create_environment_scripts_only(orbslam3)
[0.850s] Level 1:colcon.colcon_core.environment:checking '/home/hp/marscar_ws/install/orbslam3' for CMake module files
[0.850s] Level 1:colcon.colcon_core.environment:checking '/home/hp/marscar_ws/install/orbslam3' for CMake config files
[0.851s] Level 1:colcon.colcon_core.shell:create_environment_hook('orbslam3', 'cmake_prefix_path')
[0.851s] INFO:colcon.colcon_core.shell:Creating environment hook '/home/hp/marscar_ws/install/orbslam3/share/orbslam3/hook/cmake_prefix_path.ps1'
[0.852s] INFO:colcon.colcon_core.shell:Creating environment descriptor '/home/hp/marscar_ws/install/orbslam3/share/orbslam3/hook/cmake_prefix_path.dsv'
[0.852s] INFO:colcon.colcon_core.shell:Creating environment hook '/home/hp/marscar_ws/install/orbslam3/share/orbslam3/hook/cmake_prefix_path.sh'
[0.852s] Level 1:colcon.colcon_core.environment:checking '/home/hp/marscar_ws/install/orbslam3/lib'
[0.852s] Level 1:colcon.colcon_core.environment:checking '/home/hp/marscar_ws/install/orbslam3/bin'
[0.852s] Level 1:colcon.colcon_core.environment:checking '/home/hp/marscar_ws/install/orbslam3/lib/pkgconfig/orbslam3.pc'
[0.853s] Level 1:colcon.colcon_core.environment:checking '/home/hp/marscar_ws/install/orbslam3/lib/python3.10/site-packages'
[0.853s] Level 1:colcon.colcon_core.environment:checking '/home/hp/marscar_ws/install/orbslam3/bin'
[0.854s] INFO:colcon.colcon_core.shell:Creating package script '/home/hp/marscar_ws/install/orbslam3/share/orbslam3/package.ps1'
[0.854s] INFO:colcon.colcon_core.shell:Creating package descriptor '/home/hp/marscar_ws/install/orbslam3/share/orbslam3/package.dsv'
[0.854s] INFO:colcon.colcon_core.shell:Creating package script '/home/hp/marscar_ws/install/orbslam3/share/orbslam3/package.sh'
[0.854s] INFO:colcon.colcon_core.shell:Creating package script '/home/hp/marscar_ws/install/orbslam3/share/orbslam3/package.bash'
[0.855s] INFO:colcon.colcon_core.shell:Creating package script '/home/hp/marscar_ws/install/orbslam3/share/orbslam3/package.zsh'
[0.855s] Level 1:colcon.colcon_core.environment:create_file_with_runtime_dependencies(/home/hp/marscar_ws/install/orbslam3/share/colcon-core/packages/orbslam3)
[0.871s] Level 1:colcon.colcon_core.environment:create_environment_scripts_only(lio_sam)
[0.872s] Level 1:colcon.colcon_core.environment:checking '/home/hp/marscar_ws/install/lio_sam' for CMake module files
[0.872s] Level 1:colcon.colcon_core.environment:checking '/home/hp/marscar_ws/install/lio_sam' for CMake config files
[0.873s] Level 1:colcon.colcon_core.shell:create_environment_hook('lio_sam', 'cmake_prefix_path')
[0.874s] INFO:colcon.colcon_core.shell:Creating environment hook '/home/hp/marscar_ws/install/lio_sam/share/lio_sam/hook/cmake_prefix_path.ps1'
[0.874s] INFO:colcon.colcon_core.shell:Creating environment descriptor '/home/hp/marscar_ws/install/lio_sam/share/lio_sam/hook/cmake_prefix_path.dsv'
[0.874s] INFO:colcon.colcon_core.shell:Creating environment hook '/home/hp/marscar_ws/install/lio_sam/share/lio_sam/hook/cmake_prefix_path.sh'
[0.875s] Level 1:colcon.colcon_core.environment:checking '/home/hp/marscar_ws/install/lio_sam/lib'
[0.875s] Level 1:colcon.colcon_core.shell:create_environment_hook('lio_sam', 'ld_library_path_lib')
[0.875s] INFO:colcon.colcon_core.shell:Creating environment hook '/home/hp/marscar_ws/install/lio_sam/share/lio_sam/hook/ld_library_path_lib.ps1'
[0.876s] INFO:colcon.colcon_core.shell:Creating environment descriptor '/home/hp/marscar_ws/install/lio_sam/share/lio_sam/hook/ld_library_path_lib.dsv'
[0.876s] INFO:colcon.colcon_core.shell:Creating environment hook '/home/hp/marscar_ws/install/lio_sam/share/lio_sam/hook/ld_library_path_lib.sh'
[0.876s] Level 1:colcon.colcon_core.environment:checking '/home/hp/marscar_ws/install/lio_sam/bin'
[0.876s] Level 1:colcon.colcon_core.environment:checking '/home/hp/marscar_ws/install/lio_sam/lib/pkgconfig/lio_sam.pc'
[0.876s] Level 1:colcon.colcon_core.environment:checking '/home/hp/marscar_ws/install/lio_sam/lib/python3.10/site-packages'
[0.876s] Level 1:colcon.colcon_core.environment:checking '/home/hp/marscar_ws/install/lio_sam/bin'
[0.877s] INFO:colcon.colcon_core.shell:Creating package script '/home/hp/marscar_ws/install/lio_sam/share/lio_sam/package.ps1'
[0.878s] INFO:colcon.colcon_core.shell:Creating package descriptor '/home/hp/marscar_ws/install/lio_sam/share/lio_sam/package.dsv'
[0.878s] INFO:colcon.colcon_core.shell:Creating package script '/home/hp/marscar_ws/install/lio_sam/share/lio_sam/package.sh'
[0.878s] INFO:colcon.colcon_core.shell:Creating package script '/home/hp/marscar_ws/install/lio_sam/share/lio_sam/package.bash'
[0.878s] INFO:colcon.colcon_core.shell:Creating package script '/home/hp/marscar_ws/install/lio_sam/share/lio_sam/package.zsh'
[0.879s] Level 1:colcon.colcon_core.environment:create_file_with_runtime_dependencies(/home/hp/marscar_ws/install/lio_sam/share/colcon-core/packages/lio_sam)
[0.891s] Level 1:colcon.colcon_core.environment:create_environment_scripts_only(marscar_gazebo_ros2)
[0.893s] Level 1:colcon.colcon_core.environment:checking '/home/hp/marscar_ws/install/marscar_gazebo_ros2' for CMake module files
[0.893s] Level 1:colcon.colcon_core.environment:checking '/home/hp/marscar_ws/install/marscar_gazebo_ros2' for CMake config files
[0.894s] Level 1:colcon.colcon_core.shell:create_environment_hook('marscar_gazebo_ros2', 'cmake_prefix_path')
[0.894s] INFO:colcon.colcon_core.shell:Creating environment hook '/home/hp/marscar_ws/install/marscar_gazebo_ros2/share/marscar_gazebo_ros2/hook/cmake_prefix_path.ps1'
[0.895s] INFO:colcon.colcon_core.shell:Creating environment descriptor '/home/hp/marscar_ws/install/marscar_gazebo_ros2/share/marscar_gazebo_ros2/hook/cmake_prefix_path.dsv'
[0.895s] INFO:colcon.colcon_core.shell:Creating environment hook '/home/hp/marscar_ws/install/marscar_gazebo_ros2/share/marscar_gazebo_ros2/hook/cmake_prefix_path.sh'
[0.895s] Level 1:colcon.colcon_core.environment:checking '/home/hp/marscar_ws/install/marscar_gazebo_ros2/lib'
[0.895s] Level 1:colcon.colcon_core.shell:create_environment_hook('marscar_gazebo_ros2', 'ld_library_path_lib')
[0.896s] INFO:colcon.colcon_core.shell:Creating environment hook '/home/hp/marscar_ws/install/marscar_gazebo_ros2/share/marscar_gazebo_ros2/hook/ld_library_path_lib.ps1'
[0.896s] INFO:colcon.colcon_core.shell:Creating environment descriptor '/home/hp/marscar_ws/install/marscar_gazebo_ros2/share/marscar_gazebo_ros2/hook/ld_library_path_lib.dsv'
[0.896s] INFO:colcon.colcon_core.shell:Creating environment hook '/home/hp/marscar_ws/install/marscar_gazebo_ros2/share/marscar_gazebo_ros2/hook/ld_library_path_lib.sh'
[0.897s] Level 1:colcon.colcon_core.environment:checking '/home/hp/marscar_ws/install/marscar_gazebo_ros2/bin'
[0.897s] Level 1:colcon.colcon_core.environment:checking '/home/hp/marscar_ws/install/marscar_gazebo_ros2/lib/pkgconfig/marscar_gazebo_ros2.pc'
[0.897s] Level 1:colcon.colcon_core.environment:checking '/home/hp/marscar_ws/install/marscar_gazebo_ros2/lib/python3.10/site-packages'
[0.897s] Level 1:colcon.colcon_core.environment:checking '/home/hp/marscar_ws/install/marscar_gazebo_ros2/bin'
[0.898s] INFO:colcon.colcon_core.shell:Creating package script '/home/hp/marscar_ws/install/marscar_gazebo_ros2/share/marscar_gazebo_ros2/package.ps1'
[0.898s] INFO:colcon.colcon_core.shell:Creating package descriptor '/home/hp/marscar_ws/install/marscar_gazebo_ros2/share/marscar_gazebo_ros2/package.dsv'
[0.899s] INFO:colcon.colcon_core.shell:Creating package script '/home/hp/marscar_ws/install/marscar_gazebo_ros2/share/marscar_gazebo_ros2/package.sh'
[0.899s] INFO:colcon.colcon_core.shell:Creating package script '/home/hp/marscar_ws/install/marscar_gazebo_ros2/share/marscar_gazebo_ros2/package.bash'
[0.900s] INFO:colcon.colcon_core.shell:Creating package script '/home/hp/marscar_ws/install/marscar_gazebo_ros2/share/marscar_gazebo_ros2/package.zsh'
[0.900s] Level 1:colcon.colcon_core.environment:create_file_with_runtime_dependencies(/home/hp/marscar_ws/install/marscar_gazebo_ros2/share/colcon-core/packages/marscar_gazebo_ros2)
[0.951s] DEBUG:colcon.colcon_core.event_handler.log_command:Invoking command in '/home/hp/marscar_ws/src/mediapipe_ros2': PYTHONPATH=/home/hp/marscar_ws/build/mediapipe_ros2/prefix_override:/home/hp/marscar_ws/install/mediapipe_ros2/lib/python3.10/site-packages:${PYTHONPATH} /usr/bin/python3 setup.py egg_info --egg-base ../../build/mediapipe_ros2 build --build-base /home/hp/marscar_ws/build/mediapipe_ros2/build install --record /home/hp/marscar_ws/build/mediapipe_ros2/install.log --install-scripts $base/lib/mediapipe_ros2 --single-version-externally-managed
[1.137s] Level 1:colcon.colcon_core.environment:checking '/home/hp/marscar_ws/install/mediapipe_ros2' for CMake module files
[1.137s] DEBUG:colcon.colcon_core.event_handler.log_command:Invoked command in '/home/hp/marscar_ws/src/mediapipe_ros2' returned '0': PYTHONPATH=/home/hp/marscar_ws/build/mediapipe_ros2/prefix_override:/home/hp/marscar_ws/install/mediapipe_ros2/lib/python3.10/site-packages:${PYTHONPATH} /usr/bin/python3 setup.py egg_info --egg-base ../../build/mediapipe_ros2 build --build-base /home/hp/marscar_ws/build/mediapipe_ros2/build install --record /home/hp/marscar_ws/build/mediapipe_ros2/install.log --install-scripts $base/lib/mediapipe_ros2 --single-version-externally-managed
[1.138s] Level 1:colcon.colcon_core.environment:checking '/home/hp/marscar_ws/install/mediapipe_ros2' for CMake config files
[1.138s] Level 1:colcon.colcon_core.environment:checking '/home/hp/marscar_ws/install/mediapipe_ros2/lib'
[1.138s] Level 1:colcon.colcon_core.environment:checking '/home/hp/marscar_ws/install/mediapipe_ros2/bin'
[1.138s] Level 1:colcon.colcon_core.environment:checking '/home/hp/marscar_ws/install/mediapipe_ros2/lib/pkgconfig/mediapipe_ros2.pc'
[1.139s] Level 1:colcon.colcon_core.environment:checking '/home/hp/marscar_ws/install/mediapipe_ros2/lib/python3.10/site-packages'
[1.139s] Level 1:colcon.colcon_core.shell:create_environment_hook('mediapipe_ros2', 'pythonpath')
[1.139s] INFO:colcon.colcon_core.shell:Creating environment hook '/home/hp/marscar_ws/install/mediapipe_ros2/share/mediapipe_ros2/hook/pythonpath.ps1'
[1.140s] INFO:colcon.colcon_core.shell:Creating environment descriptor '/home/hp/marscar_ws/install/mediapipe_ros2/share/mediapipe_ros2/hook/pythonpath.dsv'
[1.140s] INFO:colcon.colcon_core.shell:Creating environment hook '/home/hp/marscar_ws/install/mediapipe_ros2/share/mediapipe_ros2/hook/pythonpath.sh'
[1.140s] Level 1:colcon.colcon_core.environment:checking '/home/hp/marscar_ws/install/mediapipe_ros2/bin'
[1.140s] Level 1:colcon.colcon_core.environment:create_environment_scripts_only(mediapipe_ros2)
[1.141s] INFO:colcon.colcon_core.shell:Creating package script '/home/hp/marscar_ws/install/mediapipe_ros2/share/mediapipe_ros2/package.ps1'
[1.141s] INFO:colcon.colcon_core.shell:Creating package descriptor '/home/hp/marscar_ws/install/mediapipe_ros2/share/mediapipe_ros2/package.dsv'
[1.141s] INFO:colcon.colcon_core.shell:Creating package script '/home/hp/marscar_ws/install/mediapipe_ros2/share/mediapipe_ros2/package.sh'
[1.142s] INFO:colcon.colcon_core.shell:Creating package script '/home/hp/marscar_ws/install/mediapipe_ros2/share/mediapipe_ros2/package.bash'
[1.142s] INFO:colcon.colcon_core.shell:Creating package script '/home/hp/marscar_ws/install/mediapipe_ros2/share/mediapipe_ros2/package.zsh'
[1.142s] Level 1:colcon.colcon_core.environment:create_file_with_runtime_dependencies(/home/hp/marscar_ws/install/mediapipe_ros2/share/colcon-core/packages/mediapipe_ros2)
[1.142s] DEBUG:colcon.colcon_parallel_executor.executor.parallel:closing loop
[1.142s] DEBUG:colcon.colcon_parallel_executor.executor.parallel:loop closed
[1.142s] DEBUG:colcon.colcon_parallel_executor.executor.parallel:run_until_complete finished with '0'
[1.142s] DEBUG:colcon.colcon_core.event_reactor:joining thread
[1.146s] INFO:colcon.colcon_core.plugin_system:Skipping extension 'colcon_notification.desktop_notification.terminal_notifier': Not used on non-Darwin systems
[1.146s] INFO:colcon.colcon_core.plugin_system:Skipping extension 'colcon_notification.desktop_notification.win32': Not used on non-Windows systems
[1.147s] INFO:colcon.colcon_notification.desktop_notification:Sending desktop notification using 'notify2'
[1.156s] DEBUG:colcon.colcon_core.event_reactor:joined thread
[1.157s] INFO:colcon.colcon_core.shell:Creating prefix script '/home/hp/marscar_ws/install/local_setup.ps1'
[1.158s] INFO:colcon.colcon_core.shell:Creating prefix util module '/home/hp/marscar_ws/install/_local_setup_util_ps1.py'
[1.159s] INFO:colcon.colcon_core.shell:Creating prefix chain script '/home/hp/marscar_ws/install/setup.ps1'
[1.160s] INFO:colcon.colcon_core.shell:Creating prefix script '/home/hp/marscar_ws/install/local_setup.sh'
[1.160s] INFO:colcon.colcon_core.shell:Creating prefix util module '/home/hp/marscar_ws/install/_local_setup_util_sh.py'
[1.160s] INFO:colcon.colcon_core.shell:Creating prefix chain script '/home/hp/marscar_ws/install/setup.sh'
[1.161s] INFO:colcon.colcon_core.shell:Creating prefix script '/home/hp/marscar_ws/install/local_setup.bash'
[1.161s] INFO:colcon.colcon_core.shell:Creating prefix chain script '/home/hp/marscar_ws/install/setup.bash'
[1.162s] INFO:colcon.colcon_core.shell:Creating prefix script '/home/hp/marscar_ws/install/local_setup.zsh'
[1.163s] INFO:colcon.colcon_core.shell:Creating prefix chain script '/home/hp/marscar_ws/install/setup.zsh'
