/usr/lib/python3/dist-packages/setuptools/dist.py:723: UserWarning: Usage of dash-separated 'script-dir' will not be supported in future versions. Please use the underscore name 'script_dir' instead
  warnings.warn(
running egg_info
writing ../../build/mediapipe_ros2/mediapipe_ros2.egg-info/PKG-INFO
writing dependency_links to ../../build/mediapipe_ros2/mediapipe_ros2.egg-info/dependency_links.txt
writing entry points to ../../build/mediapipe_ros2/mediapipe_ros2.egg-info/entry_points.txt
writing requirements to ../../build/mediapipe_ros2/mediapipe_ros2.egg-info/requires.txt
writing top-level names to ../../build/mediapipe_ros2/mediapipe_ros2.egg-info/top_level.txt
reading manifest file '../../build/mediapipe_ros2/mediapipe_ros2.egg-info/SOURCES.txt'
writing manifest file '../../build/mediapipe_ros2/mediapipe_ros2.egg-info/SOURCES.txt'
running build
running build_py
running install
running install_lib
/usr/lib/python3/dist-packages/setuptools/command/install.py:34: SetuptoolsDeprecationWarning: setup.py install is deprecated. Use build and pip and other standards-based tools.
  warnings.warn(
running install_data
running install_egg_info
removing '/home/hp/mars_car_ws/install/mediapipe_ros2/lib/python3.10/site-packages/mediapipe_ros2-0.0.0-py3.10.egg-info' (and everything under it)
Copying ../../build/mediapipe_ros2/mediapipe_ros2.egg-info to /home/hp/mars_car_ws/install/mediapipe_ros2/lib/python3.10/site-packages/mediapipe_ros2-0.0.0-py3.10.egg-info
running install_scripts
Installing gesture_to_cmdvel script to /home/hp/mars_car_ws/install/mediapipe_ros2/lib/mediapipe_ros2
Installing hands script to /home/hp/mars_car_ws/install/mediapipe_ros2/lib/mediapipe_ros2
Installing set_pose_entity script to /home/hp/mars_car_ws/install/mediapipe_ros2/lib/mediapipe_ros2
writing list of installed files to '/home/hp/mars_car_ws/build/mediapipe_ros2/install.log'
