[0.219s] DEBUG:colcon:Command line arguments: ['/usr/bin/colcon', 'build']
[0.219s] DEBUG:colcon:Parsed command line arguments: Namespace(log_base=None, log_level=None, verb_name='build', build_base='build', install_base='install', merge_install=False, symlink_install=False, test_result_base=None, continue_on_error=False, executor='parallel', parallel_workers=20, event_handlers=None, ignore_user_meta=False, metas=['./colcon.meta'], base_paths=['.'], packages_ignore=None, packages_ignore_regex=None, paths=None, packages_up_to=None, packages_up_to_regex=None, packages_above=None, packages_above_and_dependencies=None, packages_above_depth=None, packages_select_by_dep=None, packages_skip_by_dep=None, packages_skip_up_to=None, packages_select_build_failed=False, packages_skip_build_finished=False, packages_select_test_failures=False, packages_skip_test_passed=False, packages_select=None, packages_skip=None, packages_select_regex=None, packages_skip_regex=None, packages_start=None, packages_end=None, allow_overriding=[], cmake_args=None, cmake_target=None, cmake_target_skip_unavailable=False, cmake_clean_cache=False, cmake_clean_first=False, cmake_force_configure=False, ament_cmake_args=None, catkin_cmake_args=None, catkin_skip_building_tests=False, verb_parser=<colcon_defaults.argument_parser.defaults.DefaultArgumentsDecorator object at 0x7f4aa43e3c10>, verb_extension=<colcon_core.verb.build.BuildVerb object at 0x7f4aa4be75b0>, main=<bound method BuildVerb.main of <colcon_core.verb.build.BuildVerb object at 0x7f4aa4be75b0>>)
[0.235s] Level 1:colcon.colcon_core.package_discovery:discover_packages(colcon_meta) check parameters
[0.235s] Level 1:colcon.colcon_core.package_discovery:discover_packages(recursive) check parameters
[0.235s] Level 1:colcon.colcon_core.package_discovery:discover_packages(ignore) check parameters
[0.235s] Level 1:colcon.colcon_core.package_discovery:discover_packages(path) check parameters
[0.235s] Level 1:colcon.colcon_core.package_discovery:discover_packages(colcon_meta) discover
[0.235s] Level 1:colcon.colcon_core.package_discovery:discover_packages(recursive) discover
[0.235s] INFO:colcon.colcon_core.package_discovery:Crawling recursively for packages in '/home/hp/mars_car_ws'
[0.235s] Level 1:colcon.colcon_core.package_identification:_identify(.) by extensions ['ignore', 'ignore_ament_install']
[0.235s] Level 1:colcon.colcon_core.package_identification:_identify(.) by extension 'ignore'
[0.235s] Level 1:colcon.colcon_core.package_identification:_identify(.) by extension 'ignore_ament_install'
[0.235s] Level 1:colcon.colcon_core.package_identification:_identify(.) by extensions ['colcon_pkg']
[0.235s] Level 1:colcon.colcon_core.package_identification:_identify(.) by extension 'colcon_pkg'
[0.235s] Level 1:colcon.colcon_core.package_identification:_identify(.) by extensions ['colcon_meta']
[0.235s] Level 1:colcon.colcon_core.package_identification:_identify(.) by extension 'colcon_meta'
[0.235s] Level 1:colcon.colcon_core.package_identification:_identify(.) by extensions ['ros']
[0.235s] Level 1:colcon.colcon_core.package_identification:_identify(.) by extension 'ros'
[0.243s] Level 1:colcon.colcon_core.package_identification:_identify(.) by extensions ['cmake', 'python']
[0.243s] Level 1:colcon.colcon_core.package_identification:_identify(.) by extension 'cmake'
[0.243s] Level 1:colcon.colcon_core.package_identification:_identify(.) by extension 'python'
[0.243s] Level 1:colcon.colcon_core.package_identification:_identify(.) by extensions ['python_setup_py']
[0.243s] Level 1:colcon.colcon_core.package_identification:_identify(.) by extension 'python_setup_py'
[0.243s] Level 1:colcon.colcon_core.package_identification:_identify(build) by extensions ['ignore', 'ignore_ament_install']
[0.243s] Level 1:colcon.colcon_core.package_identification:_identify(build) by extension 'ignore'
[0.243s] Level 1:colcon.colcon_core.package_identification:_identify(build) ignored
[0.243s] Level 1:colcon.colcon_core.package_identification:_identify(install) by extensions ['ignore', 'ignore_ament_install']
[0.243s] Level 1:colcon.colcon_core.package_identification:_identify(install) by extension 'ignore'
[0.243s] Level 1:colcon.colcon_core.package_identification:_identify(install) ignored
[0.243s] Level 1:colcon.colcon_core.package_identification:_identify(log) by extensions ['ignore', 'ignore_ament_install']
[0.243s] Level 1:colcon.colcon_core.package_identification:_identify(log) by extension 'ignore'
[0.243s] Level 1:colcon.colcon_core.package_identification:_identify(log) ignored
[0.243s] Level 1:colcon.colcon_core.package_identification:_identify(src) by extensions ['ignore', 'ignore_ament_install']
[0.244s] Level 1:colcon.colcon_core.package_identification:_identify(src) by extension 'ignore'
[0.244s] Level 1:colcon.colcon_core.package_identification:_identify(src) by extension 'ignore_ament_install'
[0.244s] Level 1:colcon.colcon_core.package_identification:_identify(src) by extensions ['colcon_pkg']
[0.244s] Level 1:colcon.colcon_core.package_identification:_identify(src) by extension 'colcon_pkg'
[0.244s] Level 1:colcon.colcon_core.package_identification:_identify(src) by extensions ['colcon_meta']
[0.244s] Level 1:colcon.colcon_core.package_identification:_identify(src) by extension 'colcon_meta'
[0.244s] Level 1:colcon.colcon_core.package_identification:_identify(src) by extensions ['ros']
[0.244s] Level 1:colcon.colcon_core.package_identification:_identify(src) by extension 'ros'
[0.244s] Level 1:colcon.colcon_core.package_identification:_identify(src) by extensions ['cmake', 'python']
[0.244s] Level 1:colcon.colcon_core.package_identification:_identify(src) by extension 'cmake'
[0.244s] Level 1:colcon.colcon_core.package_identification:_identify(src) by extension 'python'
[0.244s] Level 1:colcon.colcon_core.package_identification:_identify(src) by extensions ['python_setup_py']
[0.244s] Level 1:colcon.colcon_core.package_identification:_identify(src) by extension 'python_setup_py'
[0.244s] Level 1:colcon.colcon_core.package_identification:_identify(src/LIO-SAM-ros2) by extensions ['ignore', 'ignore_ament_install']
[0.244s] Level 1:colcon.colcon_core.package_identification:_identify(src/LIO-SAM-ros2) by extension 'ignore'
[0.244s] Level 1:colcon.colcon_core.package_identification:_identify(src/LIO-SAM-ros2) by extension 'ignore_ament_install'
[0.244s] Level 1:colcon.colcon_core.package_identification:_identify(src/LIO-SAM-ros2) by extensions ['colcon_pkg']
[0.244s] Level 1:colcon.colcon_core.package_identification:_identify(src/LIO-SAM-ros2) by extension 'colcon_pkg'
[0.244s] Level 1:colcon.colcon_core.package_identification:_identify(src/LIO-SAM-ros2) by extensions ['colcon_meta']
[0.244s] Level 1:colcon.colcon_core.package_identification:_identify(src/LIO-SAM-ros2) by extension 'colcon_meta'
[0.244s] Level 1:colcon.colcon_core.package_identification:_identify(src/LIO-SAM-ros2) by extensions ['ros']
[0.244s] Level 1:colcon.colcon_core.package_identification:_identify(src/LIO-SAM-ros2) by extension 'ros'
[0.246s] DEBUG:colcon.colcon_core.package_identification:Package 'src/LIO-SAM-ros2' with type 'ros.ament_cmake' and name 'lio_sam'
[0.246s] Level 1:colcon.colcon_core.package_identification:_identify(src/ORB_SLAM3_ROS2-humble) by extensions ['ignore', 'ignore_ament_install']
[0.246s] Level 1:colcon.colcon_core.package_identification:_identify(src/ORB_SLAM3_ROS2-humble) by extension 'ignore'
[0.246s] Level 1:colcon.colcon_core.package_identification:_identify(src/ORB_SLAM3_ROS2-humble) by extension 'ignore_ament_install'
[0.246s] Level 1:colcon.colcon_core.package_identification:_identify(src/ORB_SLAM3_ROS2-humble) by extensions ['colcon_pkg']
[0.246s] Level 1:colcon.colcon_core.package_identification:_identify(src/ORB_SLAM3_ROS2-humble) by extension 'colcon_pkg'
[0.246s] Level 1:colcon.colcon_core.package_identification:_identify(src/ORB_SLAM3_ROS2-humble) by extensions ['colcon_meta']
[0.246s] Level 1:colcon.colcon_core.package_identification:_identify(src/ORB_SLAM3_ROS2-humble) by extension 'colcon_meta'
[0.246s] Level 1:colcon.colcon_core.package_identification:_identify(src/ORB_SLAM3_ROS2-humble) by extensions ['ros']
[0.246s] Level 1:colcon.colcon_core.package_identification:_identify(src/ORB_SLAM3_ROS2-humble) by extension 'ros'
[0.247s] DEBUG:colcon.colcon_core.package_identification:Package 'src/ORB_SLAM3_ROS2-humble' with type 'ros.ament_cmake' and name 'orbslam3'
[0.247s] Level 1:colcon.colcon_core.package_identification:_identify(src/gazebo_plugins_mode) by extensions ['ignore', 'ignore_ament_install']
[0.247s] Level 1:colcon.colcon_core.package_identification:_identify(src/gazebo_plugins_mode) by extension 'ignore'
[0.247s] Level 1:colcon.colcon_core.package_identification:_identify(src/gazebo_plugins_mode) by extension 'ignore_ament_install'
[0.247s] Level 1:colcon.colcon_core.package_identification:_identify(src/gazebo_plugins_mode) by extensions ['colcon_pkg']
[0.247s] Level 1:colcon.colcon_core.package_identification:_identify(src/gazebo_plugins_mode) by extension 'colcon_pkg'
[0.247s] Level 1:colcon.colcon_core.package_identification:_identify(src/gazebo_plugins_mode) by extensions ['colcon_meta']
[0.247s] Level 1:colcon.colcon_core.package_identification:_identify(src/gazebo_plugins_mode) by extension 'colcon_meta'
[0.247s] Level 1:colcon.colcon_core.package_identification:_identify(src/gazebo_plugins_mode) by extensions ['ros']
[0.247s] Level 1:colcon.colcon_core.package_identification:_identify(src/gazebo_plugins_mode) by extension 'ros'
[0.248s] DEBUG:colcon.colcon_core.package_identification:Package 'src/gazebo_plugins_mode' with type 'ros.ament_cmake' and name 'gazebo_plugins_mode'
[0.248s] Level 1:colcon.colcon_core.package_identification:_identify(src/marscar_gazebo_ros2) by extensions ['ignore', 'ignore_ament_install']
[0.248s] Level 1:colcon.colcon_core.package_identification:_identify(src/marscar_gazebo_ros2) by extension 'ignore'
[0.248s] Level 1:colcon.colcon_core.package_identification:_identify(src/marscar_gazebo_ros2) by extension 'ignore_ament_install'
[0.248s] Level 1:colcon.colcon_core.package_identification:_identify(src/marscar_gazebo_ros2) by extensions ['colcon_pkg']
[0.248s] Level 1:colcon.colcon_core.package_identification:_identify(src/marscar_gazebo_ros2) by extension 'colcon_pkg'
[0.248s] Level 1:colcon.colcon_core.package_identification:_identify(src/marscar_gazebo_ros2) by extensions ['colcon_meta']
[0.248s] Level 1:colcon.colcon_core.package_identification:_identify(src/marscar_gazebo_ros2) by extension 'colcon_meta'
[0.248s] Level 1:colcon.colcon_core.package_identification:_identify(src/marscar_gazebo_ros2) by extensions ['ros']
[0.248s] Level 1:colcon.colcon_core.package_identification:_identify(src/marscar_gazebo_ros2) by extension 'ros'
[0.249s] DEBUG:colcon.colcon_core.package_identification:Package 'src/marscar_gazebo_ros2' with type 'ros.ament_cmake' and name 'marscar_gazebo_ros2'
[0.249s] Level 1:colcon.colcon_core.package_identification:_identify(src/marscar_navigation2) by extensions ['ignore', 'ignore_ament_install']
[0.249s] Level 1:colcon.colcon_core.package_identification:_identify(src/marscar_navigation2) by extension 'ignore'
[0.249s] Level 1:colcon.colcon_core.package_identification:_identify(src/marscar_navigation2) by extension 'ignore_ament_install'
[0.249s] Level 1:colcon.colcon_core.package_identification:_identify(src/marscar_navigation2) by extensions ['colcon_pkg']
[0.249s] Level 1:colcon.colcon_core.package_identification:_identify(src/marscar_navigation2) by extension 'colcon_pkg'
[0.249s] Level 1:colcon.colcon_core.package_identification:_identify(src/marscar_navigation2) by extensions ['colcon_meta']
[0.249s] Level 1:colcon.colcon_core.package_identification:_identify(src/marscar_navigation2) by extension 'colcon_meta'
[0.249s] Level 1:colcon.colcon_core.package_identification:_identify(src/marscar_navigation2) by extensions ['ros']
[0.249s] Level 1:colcon.colcon_core.package_identification:_identify(src/marscar_navigation2) by extension 'ros'
[0.250s] DEBUG:colcon.colcon_core.package_identification:Package 'src/marscar_navigation2' with type 'ros.ament_cmake' and name 'marscar_navigation2'
[0.250s] Level 1:colcon.colcon_core.package_identification:_identify(src/mascar_cartographer) by extensions ['ignore', 'ignore_ament_install']
[0.250s] Level 1:colcon.colcon_core.package_identification:_identify(src/mascar_cartographer) by extension 'ignore'
[0.250s] Level 1:colcon.colcon_core.package_identification:_identify(src/mascar_cartographer) by extension 'ignore_ament_install'
[0.250s] Level 1:colcon.colcon_core.package_identification:_identify(src/mascar_cartographer) by extensions ['colcon_pkg']
[0.250s] Level 1:colcon.colcon_core.package_identification:_identify(src/mascar_cartographer) by extension 'colcon_pkg'
[0.250s] Level 1:colcon.colcon_core.package_identification:_identify(src/mascar_cartographer) by extensions ['colcon_meta']
[0.250s] Level 1:colcon.colcon_core.package_identification:_identify(src/mascar_cartographer) by extension 'colcon_meta'
[0.250s] Level 1:colcon.colcon_core.package_identification:_identify(src/mascar_cartographer) by extensions ['ros']
[0.250s] Level 1:colcon.colcon_core.package_identification:_identify(src/mascar_cartographer) by extension 'ros'
[0.250s] DEBUG:colcon.colcon_core.package_identification:Package 'src/mascar_cartographer' with type 'ros.ament_cmake' and name 'mascar_cartographer'
[0.250s] Level 1:colcon.colcon_core.package_identification:_identify(src/mediapipe_ros2) by extensions ['ignore', 'ignore_ament_install']
[0.250s] Level 1:colcon.colcon_core.package_identification:_identify(src/mediapipe_ros2) by extension 'ignore'
[0.250s] Level 1:colcon.colcon_core.package_identification:_identify(src/mediapipe_ros2) by extension 'ignore_ament_install'
[0.250s] Level 1:colcon.colcon_core.package_identification:_identify(src/mediapipe_ros2) by extensions ['colcon_pkg']
[0.251s] Level 1:colcon.colcon_core.package_identification:_identify(src/mediapipe_ros2) by extension 'colcon_pkg'
[0.251s] Level 1:colcon.colcon_core.package_identification:_identify(src/mediapipe_ros2) by extensions ['colcon_meta']
[0.251s] Level 1:colcon.colcon_core.package_identification:_identify(src/mediapipe_ros2) by extension 'colcon_meta'
[0.251s] Level 1:colcon.colcon_core.package_identification:_identify(src/mediapipe_ros2) by extensions ['ros']
[0.251s] Level 1:colcon.colcon_core.package_identification:_identify(src/mediapipe_ros2) by extension 'ros'
[0.251s] DEBUG:colcon.colcon_core.package_identification:Package 'src/mediapipe_ros2' with type 'ros.ament_python' and name 'mediapipe_ros2'
[0.251s] Level 1:colcon.colcon_core.package_discovery:discover_packages(recursive) using defaults
[0.251s] Level 1:colcon.colcon_core.package_discovery:discover_packages(ignore) discover
[0.251s] Level 1:colcon.colcon_core.package_discovery:discover_packages(ignore) using defaults
[0.251s] Level 1:colcon.colcon_core.package_discovery:discover_packages(path) discover
[0.251s] Level 1:colcon.colcon_core.package_discovery:discover_packages(path) using defaults
[0.266s] Level 1:colcon.colcon_core.package_discovery:discover_packages(prefix_path) check parameters
[0.266s] Level 1:colcon.colcon_core.package_discovery:discover_packages(prefix_path) discover
[0.268s] DEBUG:colcon.colcon_installed_package_information.package_discovery:Found 7 installed packages in /home/hp/mars_car_ws/install
[0.269s] DEBUG:colcon.colcon_installed_package_information.package_discovery:Found 387 installed packages in /opt/ros/humble
[0.271s] Level 1:colcon.colcon_core.package_discovery:discover_packages(prefix_path) using defaults
[0.313s] Level 5:colcon.colcon_core.verb:set package 'gazebo_plugins_mode' build argument 'cmake_args' from command line to 'None'
[0.313s] Level 5:colcon.colcon_core.verb:set package 'gazebo_plugins_mode' build argument 'cmake_target' from command line to 'None'
[0.313s] Level 5:colcon.colcon_core.verb:set package 'gazebo_plugins_mode' build argument 'cmake_target_skip_unavailable' from command line to 'False'
[0.313s] Level 5:colcon.colcon_core.verb:set package 'gazebo_plugins_mode' build argument 'cmake_clean_cache' from command line to 'False'
[0.313s] Level 5:colcon.colcon_core.verb:set package 'gazebo_plugins_mode' build argument 'cmake_clean_first' from command line to 'False'
[0.313s] Level 5:colcon.colcon_core.verb:set package 'gazebo_plugins_mode' build argument 'cmake_force_configure' from command line to 'False'
[0.313s] Level 5:colcon.colcon_core.verb:set package 'gazebo_plugins_mode' build argument 'ament_cmake_args' from command line to 'None'
[0.313s] Level 5:colcon.colcon_core.verb:set package 'gazebo_plugins_mode' build argument 'catkin_cmake_args' from command line to 'None'
[0.313s] Level 5:colcon.colcon_core.verb:set package 'gazebo_plugins_mode' build argument 'catkin_skip_building_tests' from command line to 'False'
[0.313s] DEBUG:colcon.colcon_core.verb:Building package 'gazebo_plugins_mode' with the following arguments: {'ament_cmake_args': None, 'build_base': '/home/hp/mars_car_ws/build/gazebo_plugins_mode', 'catkin_cmake_args': None, 'catkin_skip_building_tests': False, 'cmake_args': None, 'cmake_clean_cache': False, 'cmake_clean_first': False, 'cmake_force_configure': False, 'cmake_target': None, 'cmake_target_skip_unavailable': False, 'install_base': '/home/hp/mars_car_ws/install/gazebo_plugins_mode', 'merge_install': False, 'path': '/home/hp/mars_car_ws/src/gazebo_plugins_mode', 'symlink_install': False, 'test_result_base': None}
[0.313s] Level 5:colcon.colcon_core.verb:set package 'lio_sam' build argument 'cmake_args' from command line to 'None'
[0.313s] Level 5:colcon.colcon_core.verb:set package 'lio_sam' build argument 'cmake_target' from command line to 'None'
[0.313s] Level 5:colcon.colcon_core.verb:set package 'lio_sam' build argument 'cmake_target_skip_unavailable' from command line to 'False'
[0.313s] Level 5:colcon.colcon_core.verb:set package 'lio_sam' build argument 'cmake_clean_cache' from command line to 'False'
[0.313s] Level 5:colcon.colcon_core.verb:set package 'lio_sam' build argument 'cmake_clean_first' from command line to 'False'
[0.313s] Level 5:colcon.colcon_core.verb:set package 'lio_sam' build argument 'cmake_force_configure' from command line to 'False'
[0.313s] Level 5:colcon.colcon_core.verb:set package 'lio_sam' build argument 'ament_cmake_args' from command line to 'None'
[0.313s] Level 5:colcon.colcon_core.verb:set package 'lio_sam' build argument 'catkin_cmake_args' from command line to 'None'
[0.313s] Level 5:colcon.colcon_core.verb:set package 'lio_sam' build argument 'catkin_skip_building_tests' from command line to 'False'
[0.313s] DEBUG:colcon.colcon_core.verb:Building package 'lio_sam' with the following arguments: {'ament_cmake_args': None, 'build_base': '/home/hp/mars_car_ws/build/lio_sam', 'catkin_cmake_args': None, 'catkin_skip_building_tests': False, 'cmake_args': None, 'cmake_clean_cache': False, 'cmake_clean_first': False, 'cmake_force_configure': False, 'cmake_target': None, 'cmake_target_skip_unavailable': False, 'install_base': '/home/hp/mars_car_ws/install/lio_sam', 'merge_install': False, 'path': '/home/hp/mars_car_ws/src/LIO-SAM-ros2', 'symlink_install': False, 'test_result_base': None}
[0.314s] Level 5:colcon.colcon_core.verb:set package 'marscar_gazebo_ros2' build argument 'cmake_args' from command line to 'None'
[0.314s] Level 5:colcon.colcon_core.verb:set package 'marscar_gazebo_ros2' build argument 'cmake_target' from command line to 'None'
[0.314s] Level 5:colcon.colcon_core.verb:set package 'marscar_gazebo_ros2' build argument 'cmake_target_skip_unavailable' from command line to 'False'
[0.314s] Level 5:colcon.colcon_core.verb:set package 'marscar_gazebo_ros2' build argument 'cmake_clean_cache' from command line to 'False'
[0.314s] Level 5:colcon.colcon_core.verb:set package 'marscar_gazebo_ros2' build argument 'cmake_clean_first' from command line to 'False'
[0.314s] Level 5:colcon.colcon_core.verb:set package 'marscar_gazebo_ros2' build argument 'cmake_force_configure' from command line to 'False'
[0.314s] Level 5:colcon.colcon_core.verb:set package 'marscar_gazebo_ros2' build argument 'ament_cmake_args' from command line to 'None'
[0.314s] Level 5:colcon.colcon_core.verb:set package 'marscar_gazebo_ros2' build argument 'catkin_cmake_args' from command line to 'None'
[0.314s] Level 5:colcon.colcon_core.verb:set package 'marscar_gazebo_ros2' build argument 'catkin_skip_building_tests' from command line to 'False'
[0.314s] DEBUG:colcon.colcon_core.verb:Building package 'marscar_gazebo_ros2' with the following arguments: {'ament_cmake_args': None, 'build_base': '/home/hp/mars_car_ws/build/marscar_gazebo_ros2', 'catkin_cmake_args': None, 'catkin_skip_building_tests': False, 'cmake_args': None, 'cmake_clean_cache': False, 'cmake_clean_first': False, 'cmake_force_configure': False, 'cmake_target': None, 'cmake_target_skip_unavailable': False, 'install_base': '/home/hp/mars_car_ws/install/marscar_gazebo_ros2', 'merge_install': False, 'path': '/home/hp/mars_car_ws/src/marscar_gazebo_ros2', 'symlink_install': False, 'test_result_base': None}
[0.315s] Level 5:colcon.colcon_core.verb:set package 'marscar_navigation2' build argument 'cmake_args' from command line to 'None'
[0.315s] Level 5:colcon.colcon_core.verb:set package 'marscar_navigation2' build argument 'cmake_target' from command line to 'None'
[0.315s] Level 5:colcon.colcon_core.verb:set package 'marscar_navigation2' build argument 'cmake_target_skip_unavailable' from command line to 'False'
[0.315s] Level 5:colcon.colcon_core.verb:set package 'marscar_navigation2' build argument 'cmake_clean_cache' from command line to 'False'
[0.315s] Level 5:colcon.colcon_core.verb:set package 'marscar_navigation2' build argument 'cmake_clean_first' from command line to 'False'
[0.315s] Level 5:colcon.colcon_core.verb:set package 'marscar_navigation2' build argument 'cmake_force_configure' from command line to 'False'
[0.315s] Level 5:colcon.colcon_core.verb:set package 'marscar_navigation2' build argument 'ament_cmake_args' from command line to 'None'
[0.315s] Level 5:colcon.colcon_core.verb:set package 'marscar_navigation2' build argument 'catkin_cmake_args' from command line to 'None'
[0.315s] Level 5:colcon.colcon_core.verb:set package 'marscar_navigation2' build argument 'catkin_skip_building_tests' from command line to 'False'
[0.315s] DEBUG:colcon.colcon_core.verb:Building package 'marscar_navigation2' with the following arguments: {'ament_cmake_args': None, 'build_base': '/home/hp/mars_car_ws/build/marscar_navigation2', 'catkin_cmake_args': None, 'catkin_skip_building_tests': False, 'cmake_args': None, 'cmake_clean_cache': False, 'cmake_clean_first': False, 'cmake_force_configure': False, 'cmake_target': None, 'cmake_target_skip_unavailable': False, 'install_base': '/home/hp/mars_car_ws/install/marscar_navigation2', 'merge_install': False, 'path': '/home/hp/mars_car_ws/src/marscar_navigation2', 'symlink_install': False, 'test_result_base': None}
[0.315s] Level 5:colcon.colcon_core.verb:set package 'mascar_cartographer' build argument 'cmake_args' from command line to 'None'
[0.315s] Level 5:colcon.colcon_core.verb:set package 'mascar_cartographer' build argument 'cmake_target' from command line to 'None'
[0.315s] Level 5:colcon.colcon_core.verb:set package 'mascar_cartographer' build argument 'cmake_target_skip_unavailable' from command line to 'False'
[0.316s] Level 5:colcon.colcon_core.verb:set package 'mascar_cartographer' build argument 'cmake_clean_cache' from command line to 'False'
[0.316s] Level 5:colcon.colcon_core.verb:set package 'mascar_cartographer' build argument 'cmake_clean_first' from command line to 'False'
[0.316s] Level 5:colcon.colcon_core.verb:set package 'mascar_cartographer' build argument 'cmake_force_configure' from command line to 'False'
[0.316s] Level 5:colcon.colcon_core.verb:set package 'mascar_cartographer' build argument 'ament_cmake_args' from command line to 'None'
[0.316s] Level 5:colcon.colcon_core.verb:set package 'mascar_cartographer' build argument 'catkin_cmake_args' from command line to 'None'
[0.316s] Level 5:colcon.colcon_core.verb:set package 'mascar_cartographer' build argument 'catkin_skip_building_tests' from command line to 'False'
[0.316s] DEBUG:colcon.colcon_core.verb:Building package 'mascar_cartographer' with the following arguments: {'ament_cmake_args': None, 'build_base': '/home/hp/mars_car_ws/build/mascar_cartographer', 'catkin_cmake_args': None, 'catkin_skip_building_tests': False, 'cmake_args': None, 'cmake_clean_cache': False, 'cmake_clean_first': False, 'cmake_force_configure': False, 'cmake_target': None, 'cmake_target_skip_unavailable': False, 'install_base': '/home/hp/mars_car_ws/install/mascar_cartographer', 'merge_install': False, 'path': '/home/hp/mars_car_ws/src/mascar_cartographer', 'symlink_install': False, 'test_result_base': None}
[0.316s] Level 5:colcon.colcon_core.verb:set package 'mediapipe_ros2' build argument 'cmake_args' from command line to 'None'
[0.316s] Level 5:colcon.colcon_core.verb:set package 'mediapipe_ros2' build argument 'cmake_target' from command line to 'None'
[0.316s] Level 5:colcon.colcon_core.verb:set package 'mediapipe_ros2' build argument 'cmake_target_skip_unavailable' from command line to 'False'
[0.316s] Level 5:colcon.colcon_core.verb:set package 'mediapipe_ros2' build argument 'cmake_clean_cache' from command line to 'False'
[0.316s] Level 5:colcon.colcon_core.verb:set package 'mediapipe_ros2' build argument 'cmake_clean_first' from command line to 'False'
[0.316s] Level 5:colcon.colcon_core.verb:set package 'mediapipe_ros2' build argument 'cmake_force_configure' from command line to 'False'
[0.316s] Level 5:colcon.colcon_core.verb:set package 'mediapipe_ros2' build argument 'ament_cmake_args' from command line to 'None'
[0.316s] Level 5:colcon.colcon_core.verb:set package 'mediapipe_ros2' build argument 'catkin_cmake_args' from command line to 'None'
[0.316s] Level 5:colcon.colcon_core.verb:set package 'mediapipe_ros2' build argument 'catkin_skip_building_tests' from command line to 'False'
[0.316s] DEBUG:colcon.colcon_core.verb:Building package 'mediapipe_ros2' with the following arguments: {'ament_cmake_args': None, 'build_base': '/home/hp/mars_car_ws/build/mediapipe_ros2', 'catkin_cmake_args': None, 'catkin_skip_building_tests': False, 'cmake_args': None, 'cmake_clean_cache': False, 'cmake_clean_first': False, 'cmake_force_configure': False, 'cmake_target': None, 'cmake_target_skip_unavailable': False, 'install_base': '/home/hp/mars_car_ws/install/mediapipe_ros2', 'merge_install': False, 'path': '/home/hp/mars_car_ws/src/mediapipe_ros2', 'symlink_install': False, 'test_result_base': None}
[0.317s] Level 5:colcon.colcon_core.verb:set package 'orbslam3' build argument 'cmake_args' from command line to 'None'
[0.317s] Level 5:colcon.colcon_core.verb:set package 'orbslam3' build argument 'cmake_target' from command line to 'None'
[0.317s] Level 5:colcon.colcon_core.verb:set package 'orbslam3' build argument 'cmake_target_skip_unavailable' from command line to 'False'
[0.317s] Level 5:colcon.colcon_core.verb:set package 'orbslam3' build argument 'cmake_clean_cache' from command line to 'False'
[0.317s] Level 5:colcon.colcon_core.verb:set package 'orbslam3' build argument 'cmake_clean_first' from command line to 'False'
[0.317s] Level 5:colcon.colcon_core.verb:set package 'orbslam3' build argument 'cmake_force_configure' from command line to 'False'
[0.317s] Level 5:colcon.colcon_core.verb:set package 'orbslam3' build argument 'ament_cmake_args' from command line to 'None'
[0.317s] Level 5:colcon.colcon_core.verb:set package 'orbslam3' build argument 'catkin_cmake_args' from command line to 'None'
[0.317s] Level 5:colcon.colcon_core.verb:set package 'orbslam3' build argument 'catkin_skip_building_tests' from command line to 'False'
[0.317s] DEBUG:colcon.colcon_core.verb:Building package 'orbslam3' with the following arguments: {'ament_cmake_args': None, 'build_base': '/home/hp/mars_car_ws/build/orbslam3', 'catkin_cmake_args': None, 'catkin_skip_building_tests': False, 'cmake_args': None, 'cmake_clean_cache': False, 'cmake_clean_first': False, 'cmake_force_configure': False, 'cmake_target': None, 'cmake_target_skip_unavailable': False, 'install_base': '/home/hp/mars_car_ws/install/orbslam3', 'merge_install': False, 'path': '/home/hp/mars_car_ws/src/ORB_SLAM3_ROS2-humble', 'symlink_install': False, 'test_result_base': None}
[0.317s] INFO:colcon.colcon_core.executor:Executing jobs using 'parallel' executor
[0.320s] DEBUG:colcon.colcon_parallel_executor.executor.parallel:run_until_complete
[0.320s] INFO:colcon.colcon_ros.task.ament_cmake.build:Building ROS package in '/home/hp/mars_car_ws/src/gazebo_plugins_mode' with build type 'ament_cmake'
[0.320s] INFO:colcon.colcon_cmake.task.cmake.build:Building CMake package in '/home/hp/mars_car_ws/src/gazebo_plugins_mode'
[0.323s] INFO:colcon.colcon_core.plugin_system:Skipping extension 'colcon_core.shell.bat': Not used on non-Windows systems
[0.323s] INFO:colcon.colcon_core.shell:Skip shell extension 'powershell' for command environment: Not usable outside of PowerShell
[0.323s] DEBUG:colcon.colcon_core.shell:Skip shell extension 'dsv' for command environment
[0.326s] INFO:colcon.colcon_ros.task.ament_cmake.build:Building ROS package in '/home/hp/mars_car_ws/src/LIO-SAM-ros2' with build type 'ament_cmake'
[0.326s] INFO:colcon.colcon_cmake.task.cmake.build:Building CMake package in '/home/hp/mars_car_ws/src/LIO-SAM-ros2'
[0.327s] INFO:colcon.colcon_core.shell:Skip shell extension 'powershell' for command environment: Not usable outside of PowerShell
[0.327s] DEBUG:colcon.colcon_core.shell:Skip shell extension 'dsv' for command environment
[0.330s] INFO:colcon.colcon_ros.task.ament_cmake.build:Building ROS package in '/home/hp/mars_car_ws/src/marscar_gazebo_ros2' with build type 'ament_cmake'
[0.330s] INFO:colcon.colcon_cmake.task.cmake.build:Building CMake package in '/home/hp/mars_car_ws/src/marscar_gazebo_ros2'
[0.330s] INFO:colcon.colcon_core.shell:Skip shell extension 'powershell' for command environment: Not usable outside of PowerShell
[0.330s] DEBUG:colcon.colcon_core.shell:Skip shell extension 'dsv' for command environment
[0.334s] INFO:colcon.colcon_ros.task.ament_cmake.build:Building ROS package in '/home/hp/mars_car_ws/src/marscar_navigation2' with build type 'ament_cmake'
[0.334s] INFO:colcon.colcon_cmake.task.cmake.build:Building CMake package in '/home/hp/mars_car_ws/src/marscar_navigation2'
[0.335s] INFO:colcon.colcon_core.shell:Skip shell extension 'powershell' for command environment: Not usable outside of PowerShell
[0.335s] DEBUG:colcon.colcon_core.shell:Skip shell extension 'dsv' for command environment
[0.338s] INFO:colcon.colcon_ros.task.ament_cmake.build:Building ROS package in '/home/hp/mars_car_ws/src/mascar_cartographer' with build type 'ament_cmake'
[0.338s] INFO:colcon.colcon_cmake.task.cmake.build:Building CMake package in '/home/hp/mars_car_ws/src/mascar_cartographer'
[0.339s] INFO:colcon.colcon_core.shell:Skip shell extension 'powershell' for command environment: Not usable outside of PowerShell
[0.339s] DEBUG:colcon.colcon_core.shell:Skip shell extension 'dsv' for command environment
[0.342s] INFO:colcon.colcon_ros.task.ament_python.build:Building ROS package in '/home/hp/mars_car_ws/src/mediapipe_ros2' with build type 'ament_python'
[0.342s] Level 1:colcon.colcon_core.shell:create_environment_hook('mediapipe_ros2', 'ament_prefix_path')
[0.342s] INFO:colcon.colcon_core.shell:Creating environment hook '/home/hp/mars_car_ws/install/mediapipe_ros2/share/mediapipe_ros2/hook/ament_prefix_path.ps1'
[0.343s] INFO:colcon.colcon_core.shell:Creating environment descriptor '/home/hp/mars_car_ws/install/mediapipe_ros2/share/mediapipe_ros2/hook/ament_prefix_path.dsv'
[0.343s] INFO:colcon.colcon_core.shell:Creating environment hook '/home/hp/mars_car_ws/install/mediapipe_ros2/share/mediapipe_ros2/hook/ament_prefix_path.sh'
[0.344s] INFO:colcon.colcon_core.shell:Skip shell extension 'powershell' for command environment: Not usable outside of PowerShell
[0.344s] DEBUG:colcon.colcon_core.shell:Skip shell extension 'dsv' for command environment
[0.347s] INFO:colcon.colcon_ros.task.ament_cmake.build:Building ROS package in '/home/hp/mars_car_ws/src/ORB_SLAM3_ROS2-humble' with build type 'ament_cmake'
[0.347s] INFO:colcon.colcon_cmake.task.cmake.build:Building CMake package in '/home/hp/mars_car_ws/src/ORB_SLAM3_ROS2-humble'
[0.348s] INFO:colcon.colcon_core.shell:Skip shell extension 'powershell' for command environment: Not usable outside of PowerShell
[0.348s] DEBUG:colcon.colcon_core.shell:Skip shell extension 'dsv' for command environment
[0.355s] DEBUG:colcon.colcon_core.event_handler.log_command:Invoking command in '/home/hp/mars_car_ws/build/gazebo_plugins_mode': CMAKE_PREFIX_PATH=${CMAKE_PREFIX_PATH}:/home/hp/mars_car_ws/install/mediapipe_ros2:/opt/ros/humble /usr/bin/cmake --build /home/hp/mars_car_ws/build/gazebo_plugins_mode -- -j20 -l20
[0.358s] DEBUG:colcon.colcon_core.event_handler.log_command:Invoking command in '/home/hp/mars_car_ws/build/lio_sam': CMAKE_PREFIX_PATH=${CMAKE_PREFIX_PATH}:/home/hp/mars_car_ws/install/mediapipe_ros2:/opt/ros/humble /usr/bin/cmake --build /home/hp/mars_car_ws/build/lio_sam -- -j20 -l20
[0.359s] DEBUG:colcon.colcon_core.event_handler.log_command:Invoking command in '/home/hp/mars_car_ws/build/marscar_gazebo_ros2': CMAKE_PREFIX_PATH=${CMAKE_PREFIX_PATH}:/home/hp/mars_car_ws/install/mediapipe_ros2:/opt/ros/humble /usr/bin/cmake --build /home/hp/mars_car_ws/build/marscar_gazebo_ros2 -- -j20 -l20
[0.361s] DEBUG:colcon.colcon_core.event_handler.log_command:Invoking command in '/home/hp/mars_car_ws/build/marscar_navigation2': CMAKE_PREFIX_PATH=${CMAKE_PREFIX_PATH}:/home/hp/mars_car_ws/install/mediapipe_ros2:/opt/ros/humble /usr/bin/cmake --build /home/hp/mars_car_ws/build/marscar_navigation2 -- -j20 -l20
[0.364s] DEBUG:colcon.colcon_core.event_handler.log_command:Invoking command in '/home/hp/mars_car_ws/build/mascar_cartographer': CMAKE_PREFIX_PATH=${CMAKE_PREFIX_PATH}:/home/hp/mars_car_ws/install/mediapipe_ros2:/opt/ros/humble /usr/bin/cmake --build /home/hp/mars_car_ws/build/mascar_cartographer -- -j20 -l20
[0.584s] WARNING:colcon.colcon_ros.task.ament_python.build:Package 'mediapipe_ros2' doesn't explicitly install a marker in the package index (colcon-ros currently does it implicitly but that fallback will be removed in the future)
[0.584s] INFO:colcon.colcon_core.task.python.build:Building Python package in '/home/hp/mars_car_ws/src/mediapipe_ros2'
[0.585s] INFO:colcon.colcon_core.shell:Skip shell extension 'powershell' for command environment: Not usable outside of PowerShell
[0.585s] DEBUG:colcon.colcon_core.shell:Skip shell extension 'dsv' for command environment
[0.605s] DEBUG:colcon.colcon_core.event_handler.log_command:Invoking command in '/home/hp/mars_car_ws/build/orbslam3': CMAKE_PREFIX_PATH=${CMAKE_PREFIX_PATH}:/home/hp/mars_car_ws/install/mediapipe_ros2:/opt/ros/humble /usr/bin/cmake --build /home/hp/mars_car_ws/build/orbslam3 -- -j20 -l20
[0.606s] DEBUG:colcon.colcon_core.event_handler.log_command:Invoked command in '/home/hp/mars_car_ws/build/marscar_navigation2' returned '0': CMAKE_PREFIX_PATH=${CMAKE_PREFIX_PATH}:/home/hp/mars_car_ws/install/mediapipe_ros2:/opt/ros/humble /usr/bin/cmake --build /home/hp/mars_car_ws/build/marscar_navigation2 -- -j20 -l20
[0.606s] DEBUG:colcon.colcon_core.event_handler.log_command:Invoked command in '/home/hp/mars_car_ws/build/mascar_cartographer' returned '0': CMAKE_PREFIX_PATH=${CMAKE_PREFIX_PATH}:/home/hp/mars_car_ws/install/mediapipe_ros2:/opt/ros/humble /usr/bin/cmake --build /home/hp/mars_car_ws/build/mascar_cartographer -- -j20 -l20
[0.607s] DEBUG:colcon.colcon_core.event_handler.log_command:Invoked command in '/home/hp/mars_car_ws/build/gazebo_plugins_mode' returned '0': CMAKE_PREFIX_PATH=${CMAKE_PREFIX_PATH}:/home/hp/mars_car_ws/install/mediapipe_ros2:/opt/ros/humble /usr/bin/cmake --build /home/hp/mars_car_ws/build/gazebo_plugins_mode -- -j20 -l20
[0.609s] DEBUG:colcon.colcon_core.event_handler.log_command:Invoked command in '/home/hp/mars_car_ws/build/lio_sam' returned '0': CMAKE_PREFIX_PATH=${CMAKE_PREFIX_PATH}:/home/hp/mars_car_ws/install/mediapipe_ros2:/opt/ros/humble /usr/bin/cmake --build /home/hp/mars_car_ws/build/lio_sam -- -j20 -l20
[0.621s] DEBUG:colcon.colcon_core.event_handler.log_command:Invoking command in '/home/hp/mars_car_ws/build/marscar_navigation2': CMAKE_PREFIX_PATH=${CMAKE_PREFIX_PATH}:/home/hp/mars_car_ws/install/mediapipe_ros2:/opt/ros/humble /usr/bin/cmake --install /home/hp/mars_car_ws/build/marscar_navigation2
[0.624s] DEBUG:colcon.colcon_core.event_handler.log_command:Invoking command in '/home/hp/mars_car_ws/build/mascar_cartographer': CMAKE_PREFIX_PATH=${CMAKE_PREFIX_PATH}:/home/hp/mars_car_ws/install/mediapipe_ros2:/opt/ros/humble /usr/bin/cmake --install /home/hp/mars_car_ws/build/mascar_cartographer
[0.625s] DEBUG:colcon.colcon_core.event_handler.log_command:Invoked command in '/home/hp/mars_car_ws/build/marscar_gazebo_ros2' returned '0': CMAKE_PREFIX_PATH=${CMAKE_PREFIX_PATH}:/home/hp/mars_car_ws/install/mediapipe_ros2:/opt/ros/humble /usr/bin/cmake --build /home/hp/mars_car_ws/build/marscar_gazebo_ros2 -- -j20 -l20
[0.629s] Level 1:colcon.colcon_core.environment:create_environment_scripts_only(marscar_navigation2)
[0.637s] DEBUG:colcon.colcon_core.event_handler.log_command:Invoked command in '/home/hp/mars_car_ws/build/marscar_navigation2' returned '0': CMAKE_PREFIX_PATH=${CMAKE_PREFIX_PATH}:/home/hp/mars_car_ws/install/mediapipe_ros2:/opt/ros/humble /usr/bin/cmake --install /home/hp/mars_car_ws/build/marscar_navigation2
[0.639s] Level 1:colcon.colcon_core.environment:checking '/home/hp/mars_car_ws/install/marscar_navigation2' for CMake module files
[0.640s] Level 1:colcon.colcon_core.environment:checking '/home/hp/mars_car_ws/install/marscar_navigation2' for CMake config files
[0.641s] Level 1:colcon.colcon_core.shell:create_environment_hook('marscar_navigation2', 'cmake_prefix_path')
[0.643s] INFO:colcon.colcon_core.shell:Creating environment hook '/home/hp/mars_car_ws/install/marscar_navigation2/share/marscar_navigation2/hook/cmake_prefix_path.ps1'
[0.644s] INFO:colcon.colcon_core.shell:Creating environment descriptor '/home/hp/mars_car_ws/install/marscar_navigation2/share/marscar_navigation2/hook/cmake_prefix_path.dsv'
[0.645s] INFO:colcon.colcon_core.shell:Creating environment hook '/home/hp/mars_car_ws/install/marscar_navigation2/share/marscar_navigation2/hook/cmake_prefix_path.sh'
[0.646s] Level 1:colcon.colcon_core.environment:checking '/home/hp/mars_car_ws/install/marscar_navigation2/bin'
[0.646s] Level 1:colcon.colcon_core.environment:checking '/home/hp/mars_car_ws/install/marscar_navigation2/lib/pkgconfig/marscar_navigation2.pc'
[0.646s] Level 1:colcon.colcon_core.environment:checking '/home/hp/mars_car_ws/install/marscar_navigation2/lib/python3.10/site-packages'
[0.646s] Level 1:colcon.colcon_core.environment:checking '/home/hp/mars_car_ws/install/marscar_navigation2/bin'
[0.648s] INFO:colcon.colcon_core.shell:Creating package script '/home/hp/mars_car_ws/install/marscar_navigation2/share/marscar_navigation2/package.ps1'
[0.649s] INFO:colcon.colcon_core.shell:Creating package descriptor '/home/hp/mars_car_ws/install/marscar_navigation2/share/marscar_navigation2/package.dsv'
[0.650s] INFO:colcon.colcon_core.shell:Creating package script '/home/hp/mars_car_ws/install/marscar_navigation2/share/marscar_navigation2/package.sh'
[0.650s] INFO:colcon.colcon_core.shell:Creating package script '/home/hp/mars_car_ws/install/marscar_navigation2/share/marscar_navigation2/package.bash'
[0.651s] INFO:colcon.colcon_core.shell:Creating package script '/home/hp/mars_car_ws/install/marscar_navigation2/share/marscar_navigation2/package.zsh'
[0.651s] Level 1:colcon.colcon_core.environment:create_file_with_runtime_dependencies(/home/hp/mars_car_ws/install/marscar_navigation2/share/colcon-core/packages/marscar_navigation2)
[0.654s] Level 1:colcon.colcon_core.environment:create_environment_scripts_only(mascar_cartographer)
[0.655s] DEBUG:colcon.colcon_core.event_handler.log_command:Invoking command in '/home/hp/mars_car_ws/build/gazebo_plugins_mode': CMAKE_PREFIX_PATH=${CMAKE_PREFIX_PATH}:/home/hp/mars_car_ws/install/mediapipe_ros2:/opt/ros/humble /usr/bin/cmake --install /home/hp/mars_car_ws/build/gazebo_plugins_mode
[0.657s] Level 1:colcon.colcon_core.environment:checking '/home/hp/mars_car_ws/install/mascar_cartographer' for CMake module files
[0.658s] DEBUG:colcon.colcon_core.event_handler.log_command:Invoked command in '/home/hp/mars_car_ws/build/mascar_cartographer' returned '0': CMAKE_PREFIX_PATH=${CMAKE_PREFIX_PATH}:/home/hp/mars_car_ws/install/mediapipe_ros2:/opt/ros/humble /usr/bin/cmake --install /home/hp/mars_car_ws/build/mascar_cartographer
[0.658s] Level 1:colcon.colcon_core.environment:checking '/home/hp/mars_car_ws/install/mascar_cartographer' for CMake config files
[0.658s] Level 1:colcon.colcon_core.shell:create_environment_hook('mascar_cartographer', 'cmake_prefix_path')
[0.660s] INFO:colcon.colcon_core.shell:Creating environment hook '/home/hp/mars_car_ws/install/mascar_cartographer/share/mascar_cartographer/hook/cmake_prefix_path.ps1'
[0.662s] INFO:colcon.colcon_core.shell:Creating environment descriptor '/home/hp/mars_car_ws/install/mascar_cartographer/share/mascar_cartographer/hook/cmake_prefix_path.dsv'
[0.663s] INFO:colcon.colcon_core.shell:Creating environment hook '/home/hp/mars_car_ws/install/mascar_cartographer/share/mascar_cartographer/hook/cmake_prefix_path.sh'
[0.664s] Level 1:colcon.colcon_core.environment:checking '/home/hp/mars_car_ws/install/mascar_cartographer/bin'
[0.664s] Level 1:colcon.colcon_core.environment:checking '/home/hp/mars_car_ws/install/mascar_cartographer/lib/pkgconfig/mascar_cartographer.pc'
[0.664s] Level 1:colcon.colcon_core.environment:checking '/home/hp/mars_car_ws/install/mascar_cartographer/lib/python3.10/site-packages'
[0.664s] Level 1:colcon.colcon_core.environment:checking '/home/hp/mars_car_ws/install/mascar_cartographer/bin'
[0.666s] INFO:colcon.colcon_core.shell:Creating package script '/home/hp/mars_car_ws/install/mascar_cartographer/share/mascar_cartographer/package.ps1'
[0.667s] INFO:colcon.colcon_core.shell:Creating package descriptor '/home/hp/mars_car_ws/install/mascar_cartographer/share/mascar_cartographer/package.dsv'
[0.667s] INFO:colcon.colcon_core.shell:Creating package script '/home/hp/mars_car_ws/install/mascar_cartographer/share/mascar_cartographer/package.sh'
[0.668s] INFO:colcon.colcon_core.shell:Creating package script '/home/hp/mars_car_ws/install/mascar_cartographer/share/mascar_cartographer/package.bash'
[0.668s] INFO:colcon.colcon_core.shell:Creating package script '/home/hp/mars_car_ws/install/mascar_cartographer/share/mascar_cartographer/package.zsh'
[0.669s] Level 1:colcon.colcon_core.environment:create_file_with_runtime_dependencies(/home/hp/mars_car_ws/install/mascar_cartographer/share/colcon-core/packages/mascar_cartographer)
[0.671s] DEBUG:colcon.colcon_core.event_handler.log_command:Invoked command in '/home/hp/mars_car_ws/build/orbslam3' returned '0': CMAKE_PREFIX_PATH=${CMAKE_PREFIX_PATH}:/home/hp/mars_car_ws/install/mediapipe_ros2:/opt/ros/humble /usr/bin/cmake --build /home/hp/mars_car_ws/build/orbslam3 -- -j20 -l20
[0.673s] Level 1:colcon.colcon_core.environment:create_environment_scripts_only(marscar_navigation2)
[0.675s] Level 1:colcon.colcon_core.environment:checking '/home/hp/mars_car_ws/install/marscar_navigation2' for CMake module files
[0.675s] Level 1:colcon.colcon_core.environment:checking '/home/hp/mars_car_ws/install/marscar_navigation2' for CMake config files
[0.675s] Level 1:colcon.colcon_core.shell:create_environment_hook('marscar_navigation2', 'cmake_prefix_path')
[0.676s] INFO:colcon.colcon_core.shell:Creating environment hook '/home/hp/mars_car_ws/install/marscar_navigation2/share/marscar_navigation2/hook/cmake_prefix_path.ps1'
[0.677s] INFO:colcon.colcon_core.shell:Creating environment descriptor '/home/hp/mars_car_ws/install/marscar_navigation2/share/marscar_navigation2/hook/cmake_prefix_path.dsv'
[0.677s] INFO:colcon.colcon_core.shell:Creating environment hook '/home/hp/mars_car_ws/install/marscar_navigation2/share/marscar_navigation2/hook/cmake_prefix_path.sh'
[0.677s] Level 1:colcon.colcon_core.environment:checking '/home/hp/mars_car_ws/install/marscar_navigation2/bin'
[0.677s] Level 1:colcon.colcon_core.environment:checking '/home/hp/mars_car_ws/install/marscar_navigation2/lib/pkgconfig/marscar_navigation2.pc'
[0.678s] Level 1:colcon.colcon_core.environment:checking '/home/hp/mars_car_ws/install/marscar_navigation2/lib/python3.10/site-packages'
[0.678s] Level 1:colcon.colcon_core.environment:checking '/home/hp/mars_car_ws/install/marscar_navigation2/bin'
[0.679s] INFO:colcon.colcon_core.shell:Creating package script '/home/hp/mars_car_ws/install/marscar_navigation2/share/marscar_navigation2/package.ps1'
[0.679s] INFO:colcon.colcon_core.shell:Creating package descriptor '/home/hp/mars_car_ws/install/marscar_navigation2/share/marscar_navigation2/package.dsv'
[0.679s] INFO:colcon.colcon_core.shell:Creating package script '/home/hp/mars_car_ws/install/marscar_navigation2/share/marscar_navigation2/package.sh'
[0.680s] INFO:colcon.colcon_core.shell:Creating package script '/home/hp/mars_car_ws/install/marscar_navigation2/share/marscar_navigation2/package.bash'
[0.680s] INFO:colcon.colcon_core.shell:Creating package script '/home/hp/mars_car_ws/install/marscar_navigation2/share/marscar_navigation2/package.zsh'
[0.680s] Level 1:colcon.colcon_core.environment:create_file_with_runtime_dependencies(/home/hp/mars_car_ws/install/marscar_navigation2/share/colcon-core/packages/marscar_navigation2)
[0.680s] Level 1:colcon.colcon_core.environment:create_environment_scripts_only(gazebo_plugins_mode)
[0.682s] Level 1:colcon.colcon_core.environment:checking '/home/hp/mars_car_ws/install/gazebo_plugins_mode' for CMake module files
[0.683s] DEBUG:colcon.colcon_core.event_handler.log_command:Invoked command in '/home/hp/mars_car_ws/build/gazebo_plugins_mode' returned '0': CMAKE_PREFIX_PATH=${CMAKE_PREFIX_PATH}:/home/hp/mars_car_ws/install/mediapipe_ros2:/opt/ros/humble /usr/bin/cmake --install /home/hp/mars_car_ws/build/gazebo_plugins_mode
[0.683s] Level 1:colcon.colcon_core.environment:checking '/home/hp/mars_car_ws/install/gazebo_plugins_mode' for CMake config files
[0.683s] Level 1:colcon.colcon_core.shell:create_environment_hook('gazebo_plugins_mode', 'cmake_prefix_path')
[0.685s] INFO:colcon.colcon_core.shell:Creating environment hook '/home/hp/mars_car_ws/install/gazebo_plugins_mode/share/gazebo_plugins_mode/hook/cmake_prefix_path.ps1'
[0.685s] INFO:colcon.colcon_core.shell:Creating environment descriptor '/home/hp/mars_car_ws/install/gazebo_plugins_mode/share/gazebo_plugins_mode/hook/cmake_prefix_path.dsv'
[0.686s] INFO:colcon.colcon_core.shell:Creating environment hook '/home/hp/mars_car_ws/install/gazebo_plugins_mode/share/gazebo_plugins_mode/hook/cmake_prefix_path.sh'
[0.686s] Level 1:colcon.colcon_core.environment:checking '/home/hp/mars_car_ws/install/gazebo_plugins_mode/lib'
[0.686s] Level 1:colcon.colcon_core.shell:create_environment_hook('gazebo_plugins_mode', 'ld_library_path_lib')
[0.687s] INFO:colcon.colcon_core.shell:Creating environment hook '/home/hp/mars_car_ws/install/gazebo_plugins_mode/share/gazebo_plugins_mode/hook/ld_library_path_lib.ps1'
[0.688s] INFO:colcon.colcon_core.shell:Creating environment descriptor '/home/hp/mars_car_ws/install/gazebo_plugins_mode/share/gazebo_plugins_mode/hook/ld_library_path_lib.dsv'
[0.688s] INFO:colcon.colcon_core.shell:Creating environment hook '/home/hp/mars_car_ws/install/gazebo_plugins_mode/share/gazebo_plugins_mode/hook/ld_library_path_lib.sh'
[0.688s] Level 1:colcon.colcon_core.environment:checking '/home/hp/mars_car_ws/install/gazebo_plugins_mode/bin'
[0.688s] Level 1:colcon.colcon_core.environment:checking '/home/hp/mars_car_ws/install/gazebo_plugins_mode/lib/pkgconfig/gazebo_plugins_mode.pc'
[0.688s] Level 1:colcon.colcon_core.environment:checking '/home/hp/mars_car_ws/install/gazebo_plugins_mode/lib/python3.10/site-packages'
[0.688s] Level 1:colcon.colcon_core.environment:checking '/home/hp/mars_car_ws/install/gazebo_plugins_mode/bin'
[0.689s] INFO:colcon.colcon_core.shell:Creating package script '/home/hp/mars_car_ws/install/gazebo_plugins_mode/share/gazebo_plugins_mode/package.ps1'
[0.690s] INFO:colcon.colcon_core.shell:Creating package descriptor '/home/hp/mars_car_ws/install/gazebo_plugins_mode/share/gazebo_plugins_mode/package.dsv'
[0.690s] INFO:colcon.colcon_core.shell:Creating package script '/home/hp/mars_car_ws/install/gazebo_plugins_mode/share/gazebo_plugins_mode/package.sh'
[0.690s] INFO:colcon.colcon_core.shell:Creating package script '/home/hp/mars_car_ws/install/gazebo_plugins_mode/share/gazebo_plugins_mode/package.bash'
[0.691s] INFO:colcon.colcon_core.shell:Creating package script '/home/hp/mars_car_ws/install/gazebo_plugins_mode/share/gazebo_plugins_mode/package.zsh'
[0.691s] Level 1:colcon.colcon_core.environment:create_file_with_runtime_dependencies(/home/hp/mars_car_ws/install/gazebo_plugins_mode/share/colcon-core/packages/gazebo_plugins_mode)
[0.694s] DEBUG:colcon.colcon_core.event_handler.log_command:Invoking command in '/home/hp/mars_car_ws/build/lio_sam': CMAKE_PREFIX_PATH=${CMAKE_PREFIX_PATH}:/home/hp/mars_car_ws/install/mediapipe_ros2:/opt/ros/humble /usr/bin/cmake --install /home/hp/mars_car_ws/build/lio_sam
[0.697s] Level 1:colcon.colcon_core.environment:create_environment_scripts_only(mascar_cartographer)
[0.697s] DEBUG:colcon.colcon_core.event_handler.log_command:Invoking command in '/home/hp/mars_car_ws/build/marscar_gazebo_ros2': CMAKE_PREFIX_PATH=${CMAKE_PREFIX_PATH}:/home/hp/mars_car_ws/install/mediapipe_ros2:/opt/ros/humble /usr/bin/cmake --install /home/hp/mars_car_ws/build/marscar_gazebo_ros2
[0.700s] Level 1:colcon.colcon_core.environment:checking '/home/hp/mars_car_ws/install/mascar_cartographer' for CMake module files
[0.700s] Level 1:colcon.colcon_core.environment:checking '/home/hp/mars_car_ws/install/mascar_cartographer' for CMake config files
[0.700s] Level 1:colcon.colcon_core.shell:create_environment_hook('mascar_cartographer', 'cmake_prefix_path')
[0.701s] INFO:colcon.colcon_core.shell:Creating environment hook '/home/hp/mars_car_ws/install/mascar_cartographer/share/mascar_cartographer/hook/cmake_prefix_path.ps1'
[0.701s] INFO:colcon.colcon_core.shell:Creating environment descriptor '/home/hp/mars_car_ws/install/mascar_cartographer/share/mascar_cartographer/hook/cmake_prefix_path.dsv'
[0.702s] INFO:colcon.colcon_core.shell:Creating environment hook '/home/hp/mars_car_ws/install/mascar_cartographer/share/mascar_cartographer/hook/cmake_prefix_path.sh'
[0.702s] Level 1:colcon.colcon_core.environment:checking '/home/hp/mars_car_ws/install/mascar_cartographer/bin'
[0.702s] Level 1:colcon.colcon_core.environment:checking '/home/hp/mars_car_ws/install/mascar_cartographer/lib/pkgconfig/mascar_cartographer.pc'
[0.702s] Level 1:colcon.colcon_core.environment:checking '/home/hp/mars_car_ws/install/mascar_cartographer/lib/python3.10/site-packages'
[0.702s] Level 1:colcon.colcon_core.environment:checking '/home/hp/mars_car_ws/install/mascar_cartographer/bin'
[0.703s] INFO:colcon.colcon_core.shell:Creating package script '/home/hp/mars_car_ws/install/mascar_cartographer/share/mascar_cartographer/package.ps1'
[0.704s] INFO:colcon.colcon_core.shell:Creating package descriptor '/home/hp/mars_car_ws/install/mascar_cartographer/share/mascar_cartographer/package.dsv'
[0.704s] INFO:colcon.colcon_core.shell:Creating package script '/home/hp/mars_car_ws/install/mascar_cartographer/share/mascar_cartographer/package.sh'
[0.704s] INFO:colcon.colcon_core.shell:Creating package script '/home/hp/mars_car_ws/install/mascar_cartographer/share/mascar_cartographer/package.bash'
[0.705s] INFO:colcon.colcon_core.shell:Creating package script '/home/hp/mars_car_ws/install/mascar_cartographer/share/mascar_cartographer/package.zsh'
[0.705s] Level 1:colcon.colcon_core.environment:create_file_with_runtime_dependencies(/home/hp/mars_car_ws/install/mascar_cartographer/share/colcon-core/packages/mascar_cartographer)
[0.719s] Level 1:colcon.colcon_core.environment:create_environment_scripts_only(orbslam3)
[0.722s] Level 1:colcon.colcon_core.environment:checking '/home/hp/mars_car_ws/install/orbslam3' for CMake module files
[0.723s] Level 1:colcon.colcon_core.environment:checking '/home/hp/mars_car_ws/install/orbslam3' for CMake config files
[0.726s] DEBUG:colcon.colcon_core.event_handler.log_command:Invoking command in '/home/hp/mars_car_ws/build/orbslam3': CMAKE_PREFIX_PATH=${CMAKE_PREFIX_PATH}:/home/hp/mars_car_ws/install/mediapipe_ros2:/opt/ros/humble /usr/bin/cmake --install /home/hp/mars_car_ws/build/orbslam3
[0.727s] Level 1:colcon.colcon_core.shell:create_environment_hook('orbslam3', 'cmake_prefix_path')
[0.728s] INFO:colcon.colcon_core.shell:Creating environment hook '/home/hp/mars_car_ws/install/orbslam3/share/orbslam3/hook/cmake_prefix_path.ps1'
[0.729s] INFO:colcon.colcon_core.shell:Creating environment descriptor '/home/hp/mars_car_ws/install/orbslam3/share/orbslam3/hook/cmake_prefix_path.dsv'
[0.732s] INFO:colcon.colcon_core.shell:Creating environment hook '/home/hp/mars_car_ws/install/orbslam3/share/orbslam3/hook/cmake_prefix_path.sh'
[0.734s] Level 1:colcon.colcon_core.environment:checking '/home/hp/mars_car_ws/install/orbslam3/lib'
[0.735s] Level 1:colcon.colcon_core.environment:checking '/home/hp/mars_car_ws/install/orbslam3/bin'
[0.735s] Level 1:colcon.colcon_core.environment:checking '/home/hp/mars_car_ws/install/orbslam3/lib/pkgconfig/orbslam3.pc'
[0.736s] Level 1:colcon.colcon_core.environment:checking '/home/hp/mars_car_ws/install/orbslam3/lib/python3.10/site-packages'
[0.736s] Level 1:colcon.colcon_core.environment:checking '/home/hp/mars_car_ws/install/orbslam3/bin'
[0.738s] INFO:colcon.colcon_core.shell:Creating package script '/home/hp/mars_car_ws/install/orbslam3/share/orbslam3/package.ps1'
[0.742s] INFO:colcon.colcon_core.shell:Creating package descriptor '/home/hp/mars_car_ws/install/orbslam3/share/orbslam3/package.dsv'
[0.744s] INFO:colcon.colcon_core.shell:Creating package script '/home/hp/mars_car_ws/install/orbslam3/share/orbslam3/package.sh'
[0.746s] INFO:colcon.colcon_core.shell:Creating package script '/home/hp/mars_car_ws/install/orbslam3/share/orbslam3/package.bash'
[0.747s] INFO:colcon.colcon_core.shell:Creating package script '/home/hp/mars_car_ws/install/orbslam3/share/orbslam3/package.zsh'
[0.749s] Level 1:colcon.colcon_core.environment:create_file_with_runtime_dependencies(/home/hp/mars_car_ws/install/orbslam3/share/colcon-core/packages/orbslam3)
[0.752s] Level 1:colcon.colcon_core.environment:create_environment_scripts_only(gazebo_plugins_mode)
[0.754s] Level 1:colcon.colcon_core.environment:checking '/home/hp/mars_car_ws/install/gazebo_plugins_mode' for CMake module files
[0.755s] Level 1:colcon.colcon_core.environment:checking '/home/hp/mars_car_ws/install/gazebo_plugins_mode' for CMake config files
[0.755s] Level 1:colcon.colcon_core.shell:create_environment_hook('gazebo_plugins_mode', 'cmake_prefix_path')
[0.756s] INFO:colcon.colcon_core.shell:Creating environment hook '/home/hp/mars_car_ws/install/gazebo_plugins_mode/share/gazebo_plugins_mode/hook/cmake_prefix_path.ps1'
[0.757s] INFO:colcon.colcon_core.shell:Creating environment descriptor '/home/hp/mars_car_ws/install/gazebo_plugins_mode/share/gazebo_plugins_mode/hook/cmake_prefix_path.dsv'
[0.757s] INFO:colcon.colcon_core.shell:Creating environment hook '/home/hp/mars_car_ws/install/gazebo_plugins_mode/share/gazebo_plugins_mode/hook/cmake_prefix_path.sh'
[0.758s] Level 1:colcon.colcon_core.environment:checking '/home/hp/mars_car_ws/install/gazebo_plugins_mode/lib'
[0.758s] Level 1:colcon.colcon_core.shell:create_environment_hook('gazebo_plugins_mode', 'ld_library_path_lib')
[0.759s] INFO:colcon.colcon_core.shell:Creating environment hook '/home/hp/mars_car_ws/install/gazebo_plugins_mode/share/gazebo_plugins_mode/hook/ld_library_path_lib.ps1'
[0.759s] INFO:colcon.colcon_core.shell:Creating environment descriptor '/home/hp/mars_car_ws/install/gazebo_plugins_mode/share/gazebo_plugins_mode/hook/ld_library_path_lib.dsv'
[0.760s] INFO:colcon.colcon_core.shell:Creating environment hook '/home/hp/mars_car_ws/install/gazebo_plugins_mode/share/gazebo_plugins_mode/hook/ld_library_path_lib.sh'
[0.760s] Level 1:colcon.colcon_core.environment:checking '/home/hp/mars_car_ws/install/gazebo_plugins_mode/bin'
[0.761s] Level 1:colcon.colcon_core.environment:checking '/home/hp/mars_car_ws/install/gazebo_plugins_mode/lib/pkgconfig/gazebo_plugins_mode.pc'
[0.761s] Level 1:colcon.colcon_core.environment:checking '/home/hp/mars_car_ws/install/gazebo_plugins_mode/lib/python3.10/site-packages'
[0.761s] Level 1:colcon.colcon_core.environment:checking '/home/hp/mars_car_ws/install/gazebo_plugins_mode/bin'
[0.762s] INFO:colcon.colcon_core.shell:Creating package script '/home/hp/mars_car_ws/install/gazebo_plugins_mode/share/gazebo_plugins_mode/package.ps1'
[0.763s] INFO:colcon.colcon_core.shell:Creating package descriptor '/home/hp/mars_car_ws/install/gazebo_plugins_mode/share/gazebo_plugins_mode/package.dsv'
[0.763s] INFO:colcon.colcon_core.shell:Creating package script '/home/hp/mars_car_ws/install/gazebo_plugins_mode/share/gazebo_plugins_mode/package.sh'
[0.764s] INFO:colcon.colcon_core.shell:Creating package script '/home/hp/mars_car_ws/install/gazebo_plugins_mode/share/gazebo_plugins_mode/package.bash'
[0.766s] INFO:colcon.colcon_core.shell:Creating package script '/home/hp/mars_car_ws/install/gazebo_plugins_mode/share/gazebo_plugins_mode/package.zsh'
[0.766s] Level 1:colcon.colcon_core.environment:create_file_with_runtime_dependencies(/home/hp/mars_car_ws/install/gazebo_plugins_mode/share/colcon-core/packages/gazebo_plugins_mode)
[0.767s] Level 1:colcon.colcon_core.environment:create_environment_scripts_only(lio_sam)
[0.768s] Level 1:colcon.colcon_core.environment:checking '/home/hp/mars_car_ws/install/lio_sam' for CMake module files
[0.770s] Level 1:colcon.colcon_core.environment:checking '/home/hp/mars_car_ws/install/lio_sam' for CMake config files
[0.772s] Level 1:colcon.colcon_core.shell:create_environment_hook('lio_sam', 'cmake_prefix_path')
[0.773s] INFO:colcon.colcon_core.shell:Creating environment hook '/home/hp/mars_car_ws/install/lio_sam/share/lio_sam/hook/cmake_prefix_path.ps1'
[0.774s] INFO:colcon.colcon_core.shell:Creating environment descriptor '/home/hp/mars_car_ws/install/lio_sam/share/lio_sam/hook/cmake_prefix_path.dsv'
[0.774s] INFO:colcon.colcon_core.shell:Creating environment hook '/home/hp/mars_car_ws/install/lio_sam/share/lio_sam/hook/cmake_prefix_path.sh'
[0.775s] Level 1:colcon.colcon_core.environment:checking '/home/hp/mars_car_ws/install/lio_sam/lib'
[0.775s] Level 1:colcon.colcon_core.shell:create_environment_hook('lio_sam', 'ld_library_path_lib')
[0.776s] INFO:colcon.colcon_core.shell:Creating environment hook '/home/hp/mars_car_ws/install/lio_sam/share/lio_sam/hook/ld_library_path_lib.ps1'
[0.777s] INFO:colcon.colcon_core.shell:Creating environment descriptor '/home/hp/mars_car_ws/install/lio_sam/share/lio_sam/hook/ld_library_path_lib.dsv'
[0.777s] INFO:colcon.colcon_core.shell:Creating environment hook '/home/hp/mars_car_ws/install/lio_sam/share/lio_sam/hook/ld_library_path_lib.sh'
[0.778s] Level 1:colcon.colcon_core.environment:checking '/home/hp/mars_car_ws/install/lio_sam/bin'
[0.778s] Level 1:colcon.colcon_core.environment:checking '/home/hp/mars_car_ws/install/lio_sam/lib/pkgconfig/lio_sam.pc'
[0.778s] Level 1:colcon.colcon_core.environment:checking '/home/hp/mars_car_ws/install/lio_sam/lib/python3.10/site-packages'
[0.778s] Level 1:colcon.colcon_core.environment:checking '/home/hp/mars_car_ws/install/lio_sam/bin'
[0.780s] INFO:colcon.colcon_core.shell:Creating package script '/home/hp/mars_car_ws/install/lio_sam/share/lio_sam/package.ps1'
[0.780s] INFO:colcon.colcon_core.shell:Creating package descriptor '/home/hp/mars_car_ws/install/lio_sam/share/lio_sam/package.dsv'
[0.781s] INFO:colcon.colcon_core.shell:Creating package script '/home/hp/mars_car_ws/install/lio_sam/share/lio_sam/package.sh'
[0.781s] INFO:colcon.colcon_core.shell:Creating package script '/home/hp/mars_car_ws/install/lio_sam/share/lio_sam/package.bash'
[0.782s] INFO:colcon.colcon_core.shell:Creating package script '/home/hp/mars_car_ws/install/lio_sam/share/lio_sam/package.zsh'
[0.782s] Level 1:colcon.colcon_core.environment:create_file_with_runtime_dependencies(/home/hp/mars_car_ws/install/lio_sam/share/colcon-core/packages/lio_sam)
[0.783s] Level 1:colcon.colcon_core.environment:create_environment_scripts_only(marscar_gazebo_ros2)
[0.784s] Level 1:colcon.colcon_core.environment:checking '/home/hp/mars_car_ws/install/marscar_gazebo_ros2' for CMake module files
[0.786s] Level 1:colcon.colcon_core.environment:checking '/home/hp/mars_car_ws/install/marscar_gazebo_ros2' for CMake config files
[0.791s] Level 1:colcon.colcon_core.shell:create_environment_hook('marscar_gazebo_ros2', 'cmake_prefix_path')
[0.792s] INFO:colcon.colcon_core.shell:Creating environment hook '/home/hp/mars_car_ws/install/marscar_gazebo_ros2/share/marscar_gazebo_ros2/hook/cmake_prefix_path.ps1'
[0.792s] INFO:colcon.colcon_core.shell:Creating environment descriptor '/home/hp/mars_car_ws/install/marscar_gazebo_ros2/share/marscar_gazebo_ros2/hook/cmake_prefix_path.dsv'
[0.793s] INFO:colcon.colcon_core.shell:Creating environment hook '/home/hp/mars_car_ws/install/marscar_gazebo_ros2/share/marscar_gazebo_ros2/hook/cmake_prefix_path.sh'
[0.793s] Level 1:colcon.colcon_core.environment:checking '/home/hp/mars_car_ws/install/marscar_gazebo_ros2/lib'
[0.794s] Level 1:colcon.colcon_core.shell:create_environment_hook('marscar_gazebo_ros2', 'ld_library_path_lib')
[0.794s] INFO:colcon.colcon_core.shell:Creating environment hook '/home/hp/mars_car_ws/install/marscar_gazebo_ros2/share/marscar_gazebo_ros2/hook/ld_library_path_lib.ps1'
[0.795s] INFO:colcon.colcon_core.shell:Creating environment descriptor '/home/hp/mars_car_ws/install/marscar_gazebo_ros2/share/marscar_gazebo_ros2/hook/ld_library_path_lib.dsv'
[0.795s] INFO:colcon.colcon_core.shell:Creating environment hook '/home/hp/mars_car_ws/install/marscar_gazebo_ros2/share/marscar_gazebo_ros2/hook/ld_library_path_lib.sh'
[0.796s] Level 1:colcon.colcon_core.environment:checking '/home/hp/mars_car_ws/install/marscar_gazebo_ros2/bin'
[0.796s] Level 1:colcon.colcon_core.environment:checking '/home/hp/mars_car_ws/install/marscar_gazebo_ros2/lib/pkgconfig/marscar_gazebo_ros2.pc'
[0.796s] Level 1:colcon.colcon_core.environment:checking '/home/hp/mars_car_ws/install/marscar_gazebo_ros2/lib/python3.10/site-packages'
[0.796s] Level 1:colcon.colcon_core.environment:checking '/home/hp/mars_car_ws/install/marscar_gazebo_ros2/bin'
[0.797s] INFO:colcon.colcon_core.shell:Creating package script '/home/hp/mars_car_ws/install/marscar_gazebo_ros2/share/marscar_gazebo_ros2/package.ps1'
[0.798s] INFO:colcon.colcon_core.shell:Creating package descriptor '/home/hp/mars_car_ws/install/marscar_gazebo_ros2/share/marscar_gazebo_ros2/package.dsv'
[0.799s] INFO:colcon.colcon_core.shell:Creating package script '/home/hp/mars_car_ws/install/marscar_gazebo_ros2/share/marscar_gazebo_ros2/package.sh'
[0.799s] INFO:colcon.colcon_core.shell:Creating package script '/home/hp/mars_car_ws/install/marscar_gazebo_ros2/share/marscar_gazebo_ros2/package.bash'
[0.799s] INFO:colcon.colcon_core.shell:Creating package script '/home/hp/mars_car_ws/install/marscar_gazebo_ros2/share/marscar_gazebo_ros2/package.zsh'
[0.800s] Level 1:colcon.colcon_core.environment:create_file_with_runtime_dependencies(/home/hp/mars_car_ws/install/marscar_gazebo_ros2/share/colcon-core/packages/marscar_gazebo_ros2)
[0.802s] Level 1:colcon.colcon_core.environment:create_environment_scripts_only(orbslam3)
[0.804s] Level 1:colcon.colcon_core.environment:checking '/home/hp/mars_car_ws/install/orbslam3' for CMake module files
[0.804s] Level 1:colcon.colcon_core.environment:checking '/home/hp/mars_car_ws/install/orbslam3' for CMake config files
[0.806s] DEBUG:colcon.colcon_core.event_handler.log_command:Invoked command in '/home/hp/mars_car_ws/build/orbslam3' returned '0': CMAKE_PREFIX_PATH=${CMAKE_PREFIX_PATH}:/home/hp/mars_car_ws/install/mediapipe_ros2:/opt/ros/humble /usr/bin/cmake --install /home/hp/mars_car_ws/build/orbslam3
[0.808s] Level 1:colcon.colcon_core.shell:create_environment_hook('orbslam3', 'cmake_prefix_path')
[0.809s] INFO:colcon.colcon_core.shell:Creating environment hook '/home/hp/mars_car_ws/install/orbslam3/share/orbslam3/hook/cmake_prefix_path.ps1'
[0.809s] INFO:colcon.colcon_core.shell:Creating environment descriptor '/home/hp/mars_car_ws/install/orbslam3/share/orbslam3/hook/cmake_prefix_path.dsv'
[0.810s] INFO:colcon.colcon_core.shell:Creating environment hook '/home/hp/mars_car_ws/install/orbslam3/share/orbslam3/hook/cmake_prefix_path.sh'
[0.811s] Level 1:colcon.colcon_core.environment:checking '/home/hp/mars_car_ws/install/orbslam3/lib'
[0.811s] Level 1:colcon.colcon_core.environment:checking '/home/hp/mars_car_ws/install/orbslam3/bin'
[0.811s] Level 1:colcon.colcon_core.environment:checking '/home/hp/mars_car_ws/install/orbslam3/lib/pkgconfig/orbslam3.pc'
[0.811s] Level 1:colcon.colcon_core.environment:checking '/home/hp/mars_car_ws/install/orbslam3/lib/python3.10/site-packages'
[0.811s] Level 1:colcon.colcon_core.environment:checking '/home/hp/mars_car_ws/install/orbslam3/bin'
[0.812s] INFO:colcon.colcon_core.shell:Creating package script '/home/hp/mars_car_ws/install/orbslam3/share/orbslam3/package.ps1'
[0.813s] INFO:colcon.colcon_core.shell:Creating package descriptor '/home/hp/mars_car_ws/install/orbslam3/share/orbslam3/package.dsv'
[0.813s] INFO:colcon.colcon_core.shell:Creating package script '/home/hp/mars_car_ws/install/orbslam3/share/orbslam3/package.sh'
[0.814s] INFO:colcon.colcon_core.shell:Creating package script '/home/hp/mars_car_ws/install/orbslam3/share/orbslam3/package.bash'
[0.814s] INFO:colcon.colcon_core.shell:Creating package script '/home/hp/mars_car_ws/install/orbslam3/share/orbslam3/package.zsh'
[0.815s] Level 1:colcon.colcon_core.environment:create_file_with_runtime_dependencies(/home/hp/mars_car_ws/install/orbslam3/share/colcon-core/packages/orbslam3)
[0.824s] DEBUG:colcon.colcon_core.event_handler.log_command:Invoked command in '/home/hp/mars_car_ws/build/lio_sam' returned '0': CMAKE_PREFIX_PATH=${CMAKE_PREFIX_PATH}:/home/hp/mars_car_ws/install/mediapipe_ros2:/opt/ros/humble /usr/bin/cmake --install /home/hp/mars_car_ws/build/lio_sam
[0.824s] DEBUG:colcon.colcon_core.event_handler.log_command:Invoked command in '/home/hp/mars_car_ws/build/marscar_gazebo_ros2' returned '0': CMAKE_PREFIX_PATH=${CMAKE_PREFIX_PATH}:/home/hp/mars_car_ws/install/mediapipe_ros2:/opt/ros/humble /usr/bin/cmake --install /home/hp/mars_car_ws/build/marscar_gazebo_ros2
[0.842s] Level 1:colcon.colcon_core.environment:create_environment_scripts_only(lio_sam)
[0.844s] Level 1:colcon.colcon_core.environment:checking '/home/hp/mars_car_ws/install/lio_sam' for CMake module files
[0.844s] Level 1:colcon.colcon_core.environment:checking '/home/hp/mars_car_ws/install/lio_sam' for CMake config files
[0.844s] Level 1:colcon.colcon_core.shell:create_environment_hook('lio_sam', 'cmake_prefix_path')
[0.845s] INFO:colcon.colcon_core.shell:Creating environment hook '/home/hp/mars_car_ws/install/lio_sam/share/lio_sam/hook/cmake_prefix_path.ps1'
[0.846s] INFO:colcon.colcon_core.shell:Creating environment descriptor '/home/hp/mars_car_ws/install/lio_sam/share/lio_sam/hook/cmake_prefix_path.dsv'
[0.846s] INFO:colcon.colcon_core.shell:Creating environment hook '/home/hp/mars_car_ws/install/lio_sam/share/lio_sam/hook/cmake_prefix_path.sh'
[0.846s] Level 1:colcon.colcon_core.environment:checking '/home/hp/mars_car_ws/install/lio_sam/lib'
[0.846s] Level 1:colcon.colcon_core.shell:create_environment_hook('lio_sam', 'ld_library_path_lib')
[0.847s] INFO:colcon.colcon_core.shell:Creating environment hook '/home/hp/mars_car_ws/install/lio_sam/share/lio_sam/hook/ld_library_path_lib.ps1'
[0.847s] INFO:colcon.colcon_core.shell:Creating environment descriptor '/home/hp/mars_car_ws/install/lio_sam/share/lio_sam/hook/ld_library_path_lib.dsv'
[0.847s] INFO:colcon.colcon_core.shell:Creating environment hook '/home/hp/mars_car_ws/install/lio_sam/share/lio_sam/hook/ld_library_path_lib.sh'
[0.848s] Level 1:colcon.colcon_core.environment:checking '/home/hp/mars_car_ws/install/lio_sam/bin'
[0.848s] Level 1:colcon.colcon_core.environment:checking '/home/hp/mars_car_ws/install/lio_sam/lib/pkgconfig/lio_sam.pc'
[0.848s] Level 1:colcon.colcon_core.environment:checking '/home/hp/mars_car_ws/install/lio_sam/lib/python3.10/site-packages'
[0.848s] Level 1:colcon.colcon_core.environment:checking '/home/hp/mars_car_ws/install/lio_sam/bin'
[0.849s] INFO:colcon.colcon_core.shell:Creating package script '/home/hp/mars_car_ws/install/lio_sam/share/lio_sam/package.ps1'
[0.849s] INFO:colcon.colcon_core.shell:Creating package descriptor '/home/hp/mars_car_ws/install/lio_sam/share/lio_sam/package.dsv'
[0.850s] INFO:colcon.colcon_core.shell:Creating package script '/home/hp/mars_car_ws/install/lio_sam/share/lio_sam/package.sh'
[0.850s] INFO:colcon.colcon_core.shell:Creating package script '/home/hp/mars_car_ws/install/lio_sam/share/lio_sam/package.bash'
[0.850s] INFO:colcon.colcon_core.shell:Creating package script '/home/hp/mars_car_ws/install/lio_sam/share/lio_sam/package.zsh'
[0.850s] Level 1:colcon.colcon_core.environment:create_file_with_runtime_dependencies(/home/hp/mars_car_ws/install/lio_sam/share/colcon-core/packages/lio_sam)
[0.853s] Level 1:colcon.colcon_core.environment:create_environment_scripts_only(marscar_gazebo_ros2)
[0.854s] Level 1:colcon.colcon_core.environment:checking '/home/hp/mars_car_ws/install/marscar_gazebo_ros2' for CMake module files
[0.854s] Level 1:colcon.colcon_core.environment:checking '/home/hp/mars_car_ws/install/marscar_gazebo_ros2' for CMake config files
[0.855s] Level 1:colcon.colcon_core.shell:create_environment_hook('marscar_gazebo_ros2', 'cmake_prefix_path')
[0.856s] INFO:colcon.colcon_core.shell:Creating environment hook '/home/hp/mars_car_ws/install/marscar_gazebo_ros2/share/marscar_gazebo_ros2/hook/cmake_prefix_path.ps1'
[0.856s] INFO:colcon.colcon_core.shell:Creating environment descriptor '/home/hp/mars_car_ws/install/marscar_gazebo_ros2/share/marscar_gazebo_ros2/hook/cmake_prefix_path.dsv'
[0.856s] INFO:colcon.colcon_core.shell:Creating environment hook '/home/hp/mars_car_ws/install/marscar_gazebo_ros2/share/marscar_gazebo_ros2/hook/cmake_prefix_path.sh'
[0.857s] Level 1:colcon.colcon_core.environment:checking '/home/hp/mars_car_ws/install/marscar_gazebo_ros2/lib'
[0.857s] Level 1:colcon.colcon_core.shell:create_environment_hook('marscar_gazebo_ros2', 'ld_library_path_lib')
[0.858s] INFO:colcon.colcon_core.shell:Creating environment hook '/home/hp/mars_car_ws/install/marscar_gazebo_ros2/share/marscar_gazebo_ros2/hook/ld_library_path_lib.ps1'
[0.858s] INFO:colcon.colcon_core.shell:Creating environment descriptor '/home/hp/mars_car_ws/install/marscar_gazebo_ros2/share/marscar_gazebo_ros2/hook/ld_library_path_lib.dsv'
[0.858s] INFO:colcon.colcon_core.shell:Creating environment hook '/home/hp/mars_car_ws/install/marscar_gazebo_ros2/share/marscar_gazebo_ros2/hook/ld_library_path_lib.sh'
[0.858s] Level 1:colcon.colcon_core.environment:checking '/home/hp/mars_car_ws/install/marscar_gazebo_ros2/bin'
[0.858s] Level 1:colcon.colcon_core.environment:checking '/home/hp/mars_car_ws/install/marscar_gazebo_ros2/lib/pkgconfig/marscar_gazebo_ros2.pc'
[0.859s] Level 1:colcon.colcon_core.environment:checking '/home/hp/mars_car_ws/install/marscar_gazebo_ros2/lib/python3.10/site-packages'
[0.859s] Level 1:colcon.colcon_core.environment:checking '/home/hp/mars_car_ws/install/marscar_gazebo_ros2/bin'
[0.860s] INFO:colcon.colcon_core.shell:Creating package script '/home/hp/mars_car_ws/install/marscar_gazebo_ros2/share/marscar_gazebo_ros2/package.ps1'
[0.860s] INFO:colcon.colcon_core.shell:Creating package descriptor '/home/hp/mars_car_ws/install/marscar_gazebo_ros2/share/marscar_gazebo_ros2/package.dsv'
[0.860s] INFO:colcon.colcon_core.shell:Creating package script '/home/hp/mars_car_ws/install/marscar_gazebo_ros2/share/marscar_gazebo_ros2/package.sh'
[0.860s] INFO:colcon.colcon_core.shell:Creating package script '/home/hp/mars_car_ws/install/marscar_gazebo_ros2/share/marscar_gazebo_ros2/package.bash'
[0.861s] INFO:colcon.colcon_core.shell:Creating package script '/home/hp/mars_car_ws/install/marscar_gazebo_ros2/share/marscar_gazebo_ros2/package.zsh'
[0.861s] Level 1:colcon.colcon_core.environment:create_file_with_runtime_dependencies(/home/hp/mars_car_ws/install/marscar_gazebo_ros2/share/colcon-core/packages/marscar_gazebo_ros2)
[0.914s] DEBUG:colcon.colcon_core.event_handler.log_command:Invoking command in '/home/hp/mars_car_ws/src/mediapipe_ros2': PYTHONPATH=/home/hp/mars_car_ws/build/mediapipe_ros2/prefix_override:/home/hp/mars_car_ws/install/mediapipe_ros2/lib/python3.10/site-packages:${PYTHONPATH} /usr/bin/python3 setup.py egg_info --egg-base ../../build/mediapipe_ros2 build --build-base /home/hp/mars_car_ws/build/mediapipe_ros2/build install --record /home/hp/mars_car_ws/build/mediapipe_ros2/install.log --install-scripts $base/lib/mediapipe_ros2 --single-version-externally-managed
[1.098s] Level 1:colcon.colcon_core.environment:checking '/home/hp/mars_car_ws/install/mediapipe_ros2' for CMake module files
[1.099s] DEBUG:colcon.colcon_core.event_handler.log_command:Invoked command in '/home/hp/mars_car_ws/src/mediapipe_ros2' returned '0': PYTHONPATH=/home/hp/mars_car_ws/build/mediapipe_ros2/prefix_override:/home/hp/mars_car_ws/install/mediapipe_ros2/lib/python3.10/site-packages:${PYTHONPATH} /usr/bin/python3 setup.py egg_info --egg-base ../../build/mediapipe_ros2 build --build-base /home/hp/mars_car_ws/build/mediapipe_ros2/build install --record /home/hp/mars_car_ws/build/mediapipe_ros2/install.log --install-scripts $base/lib/mediapipe_ros2 --single-version-externally-managed
[1.099s] Level 1:colcon.colcon_core.environment:checking '/home/hp/mars_car_ws/install/mediapipe_ros2' for CMake config files
[1.099s] Level 1:colcon.colcon_core.environment:checking '/home/hp/mars_car_ws/install/mediapipe_ros2/lib'
[1.099s] Level 1:colcon.colcon_core.environment:checking '/home/hp/mars_car_ws/install/mediapipe_ros2/bin'
[1.099s] Level 1:colcon.colcon_core.environment:checking '/home/hp/mars_car_ws/install/mediapipe_ros2/lib/pkgconfig/mediapipe_ros2.pc'
[1.100s] Level 1:colcon.colcon_core.environment:checking '/home/hp/mars_car_ws/install/mediapipe_ros2/lib/python3.10/site-packages'
[1.100s] Level 1:colcon.colcon_core.shell:create_environment_hook('mediapipe_ros2', 'pythonpath')
[1.101s] INFO:colcon.colcon_core.shell:Creating environment hook '/home/hp/mars_car_ws/install/mediapipe_ros2/share/mediapipe_ros2/hook/pythonpath.ps1'
[1.101s] INFO:colcon.colcon_core.shell:Creating environment descriptor '/home/hp/mars_car_ws/install/mediapipe_ros2/share/mediapipe_ros2/hook/pythonpath.dsv'
[1.101s] INFO:colcon.colcon_core.shell:Creating environment hook '/home/hp/mars_car_ws/install/mediapipe_ros2/share/mediapipe_ros2/hook/pythonpath.sh'
[1.102s] Level 1:colcon.colcon_core.environment:checking '/home/hp/mars_car_ws/install/mediapipe_ros2/bin'
[1.102s] Level 1:colcon.colcon_core.environment:create_environment_scripts_only(mediapipe_ros2)
[1.103s] INFO:colcon.colcon_core.shell:Creating package script '/home/hp/mars_car_ws/install/mediapipe_ros2/share/mediapipe_ros2/package.ps1'
[1.103s] INFO:colcon.colcon_core.shell:Creating package descriptor '/home/hp/mars_car_ws/install/mediapipe_ros2/share/mediapipe_ros2/package.dsv'
[1.103s] INFO:colcon.colcon_core.shell:Creating package script '/home/hp/mars_car_ws/install/mediapipe_ros2/share/mediapipe_ros2/package.sh'
[1.103s] INFO:colcon.colcon_core.shell:Creating package script '/home/hp/mars_car_ws/install/mediapipe_ros2/share/mediapipe_ros2/package.bash'
[1.103s] INFO:colcon.colcon_core.shell:Creating package script '/home/hp/mars_car_ws/install/mediapipe_ros2/share/mediapipe_ros2/package.zsh'
[1.104s] Level 1:colcon.colcon_core.environment:create_file_with_runtime_dependencies(/home/hp/mars_car_ws/install/mediapipe_ros2/share/colcon-core/packages/mediapipe_ros2)
[1.104s] DEBUG:colcon.colcon_parallel_executor.executor.parallel:closing loop
[1.104s] DEBUG:colcon.colcon_parallel_executor.executor.parallel:loop closed
[1.104s] DEBUG:colcon.colcon_parallel_executor.executor.parallel:run_until_complete finished with '0'
[1.104s] DEBUG:colcon.colcon_core.event_reactor:joining thread
[1.108s] INFO:colcon.colcon_core.plugin_system:Skipping extension 'colcon_notification.desktop_notification.terminal_notifier': Not used on non-Darwin systems
[1.108s] INFO:colcon.colcon_core.plugin_system:Skipping extension 'colcon_notification.desktop_notification.win32': Not used on non-Windows systems
[1.108s] INFO:colcon.colcon_notification.desktop_notification:Sending desktop notification using 'notify2'
[1.117s] DEBUG:colcon.colcon_core.event_reactor:joined thread
[1.118s] INFO:colcon.colcon_core.shell:Creating prefix script '/home/hp/mars_car_ws/install/local_setup.ps1'
[1.119s] INFO:colcon.colcon_core.shell:Creating prefix util module '/home/hp/mars_car_ws/install/_local_setup_util_ps1.py'
[1.119s] INFO:colcon.colcon_core.shell:Creating prefix chain script '/home/hp/mars_car_ws/install/setup.ps1'
[1.120s] INFO:colcon.colcon_core.shell:Creating prefix script '/home/hp/mars_car_ws/install/local_setup.sh'
[1.121s] INFO:colcon.colcon_core.shell:Creating prefix util module '/home/hp/mars_car_ws/install/_local_setup_util_sh.py'
[1.121s] INFO:colcon.colcon_core.shell:Creating prefix chain script '/home/hp/mars_car_ws/install/setup.sh'
[1.122s] INFO:colcon.colcon_core.shell:Creating prefix script '/home/hp/mars_car_ws/install/local_setup.bash'
[1.122s] INFO:colcon.colcon_core.shell:Creating prefix chain script '/home/hp/mars_car_ws/install/setup.bash'
[1.123s] INFO:colcon.colcon_core.shell:Creating prefix script '/home/hp/mars_car_ws/install/local_setup.zsh'
[1.123s] INFO:colcon.colcon_core.shell:Creating prefix chain script '/home/hp/mars_car_ws/install/setup.zsh'
