-- The C compiler identification is GNU 11.4.0
-- The CXX compiler identification is GNU 11.4.0
-- Detecting C compiler ABI info
-- Detecting C compiler ABI info - done
-- Check for working C compiler: /usr/bin/cc - skipped
-- Detecting C compile features
-- Detecting C compile features - done
-- Detecting CXX compiler ABI info
-- Detecting CXX compiler ABI info - done
-- Check for working CXX compiler: /usr/bin/c++ - skipped
-- Detecting CXX compile features
-- Detecting CXX compile features - done
-- Found ament_cmake: 1.3.6 (/opt/ros/humble/share/ament_cmake/cmake)
-- Found Python3: /usr/bin/python3.10 (found version "3.10.12") found components: Interpreter 
-- Found control_msgs: 4.4.0 (/opt/ros/humble/share/control_msgs/cmake)
-- Found rosidl_generator_c: 3.1.5 (/opt/ros/humble/share/rosidl_generator_c/cmake)
-- Found rosidl_adapter: 3.1.5 (/opt/ros/humble/share/rosidl_adapter/cmake)
-- Found rosidl_generator_cpp: 3.1.5 (/opt/ros/humble/share/rosidl_generator_cpp/cmake)
-- Using all available rosidl_typesupport_c: rosidl_typesupport_fastrtps_c;rosidl_typesupport_introspection_c
-- Using all available rosidl_typesupport_cpp: rosidl_typesupport_fastrtps_cpp;rosidl_typesupport_introspection_cpp
-- Found rclcpp: 16.0.7 (/opt/ros/humble/share/rclcpp/cmake)
-- Found rmw_implementation_cmake: 6.1.1 (/opt/ros/humble/share/rmw_implementation_cmake/cmake)
-- Found rmw_fastrtps_cpp: 6.2.5 (/opt/ros/humble/share/rmw_fastrtps_cpp/cmake)
-- Found OpenSSL: /usr/lib/x86_64-linux-gnu/libcrypto.so (found version "3.0.2")  
-- Found FastRTPS: /opt/ros/humble/include  
-- Using RMW implementation 'rmw_fastrtps_cpp' as default
-- Looking for pthread.h
-- Looking for pthread.h - found
-- Performing Test CMAKE_HAVE_LIBC_PTHREAD
-- Performing Test CMAKE_HAVE_LIBC_PTHREAD - Success
-- Found Threads: TRUE  
-- Found rclcpp_action: 16.0.7 (/opt/ros/humble/share/rclcpp_action/cmake)
-- Found rclpy: 3.3.11 (/opt/ros/humble/share/rclpy/cmake)
-- Found octomap_server: 2.0.0 (/opt/ros/humble/share/octomap_server/cmake)
-- Found eigen3_cmake_module: 0.1.1 (/opt/ros/humble/share/eigen3_cmake_module/cmake)
-- Found Eigen3: TRUE (found version "3.4.0") 
-- Ensuring Eigen3 include directory is part of orocos-kdl CMake target
-- Checking for module 'eigen3'
--   Found eigen3, version 3.4.0
-- Found Eigen: /usr/include/eigen3 (Required is at least version "3.1") 
-- Eigen found (include: /usr/include/eigen3, version: 3.4.0)
-- Checking for module 'flann'
--   Found flann, version 1.9.1
-- Found FLANN: /usr/lib/x86_64-linux-gnu/libflann_cpp.so  
-- FLANN found (include: /usr/include, lib: /usr/lib/x86_64-linux-gnu/libflann_cpp.so)
-- Checking for module 'libusb-1.0'
--   Found libusb-1.0, version 1.0.25
-- Found libusb: /usr/lib/x86_64-linux-gnu/libusb-1.0.so  
-- OpenNI found (version: 1.5.4.0, include: /usr/include/ni, lib: /usr/lib/libOpenNI.so;libusb::libusb)
-- OpenNI2 found (version: 2.2.0.33, include: /usr/include/openni2, lib: /usr/lib/x86_64-linux-gnu/libOpenNI2.so;libusb::libusb)
-- Eigen found (include: /usr/include/eigen3, version: 3.4.0)
-- OpenNI found (version: 1.5.4.0, include: /usr/include/ni, lib: /usr/lib/libOpenNI.so;libusb::libusb)
-- OpenNI2 found (version: 2.2.0.33, include: /usr/include/openni2, lib: /usr/lib/x86_64-linux-gnu/libOpenNI2.so;libusb::libusb)
-- Found Qhull version 8.0.2
-- OpenNI found (version: 1.5.4.0, include: /usr/include/ni, lib: /usr/lib/libOpenNI.so;libusb::libusb)
-- Found PCL_COMMON: /usr/lib/x86_64-linux-gnu/libpcl_common.so  
-- Found PCL_KDTREE: /usr/lib/x86_64-linux-gnu/libpcl_kdtree.so  
-- Found PCL_OCTREE: /usr/lib/x86_64-linux-gnu/libpcl_octree.so  
-- Found PCL_SEARCH: /usr/lib/x86_64-linux-gnu/libpcl_search.so  
-- Found PCL_SAMPLE_CONSENSUS: /usr/lib/x86_64-linux-gnu/libpcl_sample_consensus.so  
-- Found PCL_FILTERS: /usr/lib/x86_64-linux-gnu/libpcl_filters.so  
-- Found PCL_2D: /usr/include/pcl-1.12  
-- Found PCL_GEOMETRY: /usr/include/pcl-1.12  
-- Found PCL_IO: /usr/lib/x86_64-linux-gnu/libpcl_io.so  
-- Found PCL_FEATURES: /usr/lib/x86_64-linux-gnu/libpcl_features.so  
-- Found PCL_ML: /usr/lib/x86_64-linux-gnu/libpcl_ml.so  
-- Found PCL_SEGMENTATION: /usr/lib/x86_64-linux-gnu/libpcl_segmentation.so  
-- Found PCL_VISUALIZATION: /usr/lib/x86_64-linux-gnu/libpcl_visualization.so  
-- Found PCL_SURFACE: /usr/lib/x86_64-linux-gnu/libpcl_surface.so  
-- Found PCL_REGISTRATION: /usr/lib/x86_64-linux-gnu/libpcl_registration.so  
-- Found PCL_KEYPOINTS: /usr/lib/x86_64-linux-gnu/libpcl_keypoints.so  
-- Found PCL_TRACKING: /usr/lib/x86_64-linux-gnu/libpcl_tracking.so  
-- Found PCL_RECOGNITION: /usr/lib/x86_64-linux-gnu/libpcl_recognition.so  
-- Found PCL_STEREO: /usr/lib/x86_64-linux-gnu/libpcl_stereo.so  
-- Found PCL_APPS: /usr/lib/x86_64-linux-gnu/libpcl_apps.so  
-- Found PCL_IN_HAND_SCANNER: /usr/include/pcl-1.12  
-- Found PCL_MODELER: /usr/include/pcl-1.12  
-- Found PCL_POINT_CLOUD_EDITOR: /usr/include/pcl-1.12  
-- Found PCL_OUTOFCORE: /usr/lib/x86_64-linux-gnu/libpcl_outofcore.so  
-- Found PCL_PEOPLE: /usr/lib/x86_64-linux-gnu/libpcl_people.so  
-- Found rosidl_default_generators: 1.2.0 (/opt/ros/humble/share/rosidl_default_generators/cmake)
-- Found ament_cmake_ros: 0.10.0 (/opt/ros/humble/share/ament_cmake_ros/cmake)
-- Using all available rosidl_typesupport_c: rosidl_typesupport_fastrtps_c;rosidl_typesupport_introspection_c
-- Using all available rosidl_typesupport_cpp: rosidl_typesupport_fastrtps_cpp;rosidl_typesupport_introspection_cpp
-- Found PythonInterp: /usr/bin/python3 (found suitable version "3.10.12", minimum required is "3.6") 
-- Found python_cmake_module: 0.10.0 (/opt/ros/humble/share/python_cmake_module/cmake)
-- Found PythonLibs: /usr/lib/x86_64-linux-gnu/libpython3.10.so (found suitable version "3.10.12", minimum required is "3.5") 
-- Using PYTHON_EXECUTABLE: /usr/bin/python3
-- Using PYTHON_INCLUDE_DIRS: /usr/include/python3.10
-- Using PYTHON_LIBRARIES: /usr/lib/x86_64-linux-gnu/libpython3.10.so
-- Found PythonExtra: .so  
-- Found ament_lint_auto: 0.12.9 (/opt/ros/humble/share/ament_lint_auto/cmake)
-- Added test 'copyright' to check source files copyright and LICENSE
-- Added test 'cppcheck' to perform static code analysis on C / C++ code
-- Configured cppcheck include dirs: /home/hp/marscar_ws/src/marscar_gazebo_ros2/include
-- Configured cppcheck exclude dirs and/or files: 
-- Added test 'cpplint' to check C / C++ code against the Google style
-- Configured cpplint exclude dirs and/or files: 
-- Added test 'flake8' to check Python code syntax and style conventions
-- Added test 'lint_cmake' to check CMake code style
-- Added test 'pep257' to check Python code against some of the docstring style conventions in PEP 257
-- Added test 'uncrustify' to check C / C++ code style
-- Configured uncrustify additional arguments: 
-- Added test 'xmllint' to check XML markup files
-- Configuring done
-- Generating done
-- Build files have been written to: /home/hp/marscar_ws/build/marscar_gazebo_ros2
[  2%] [34m[1mGenerating C code for ROS interfaces[0m
[  5%] [34m[1mGenerating C++ code for ROS interfaces[0m
[  5%] Built target ament_cmake_python_copy_marscar_gazebo_ros2
[  7%] [32mBuilding C object CMakeFiles/marscar_gazebo_ros2__rosidl_generator_c.dir/rosidl_generator_c/marscar_gazebo_ros2/msg/detail/cableposseqq__functions.c.o[0m
[ 10%] [32mBuilding C object CMakeFiles/marscar_gazebo_ros2__rosidl_generator_c.dir/rosidl_generator_c/marscar_gazebo_ros2/srv/detail/ball_shooter__functions.c.o[0m
[ 10%] Built target marscar_gazebo_ros2__cpp
[ 17%] [34m[1mGenerating C++ type support for eProsima Fast-RTPS[0m
[ 17%] [34m[1mGenerating C++ introspection for ROS interfaces[0m
[ 17%] [34m[1mGenerating C++ type support dispatch for ROS interfaces[0m
[ 20%] [32m[1mLinking C shared library libmarscar_gazebo_ros2__rosidl_generator_c.so[0m
running egg_info
creating marscar_gazebo_ros2.egg-info
writing marscar_gazebo_ros2.egg-info/PKG-INFO
writing dependency_links to marscar_gazebo_ros2.egg-info/dependency_links.txt
writing top-level names to marscar_gazebo_ros2.egg-info/top_level.txt
writing manifest file 'marscar_gazebo_ros2.egg-info/SOURCES.txt'
reading manifest file 'marscar_gazebo_ros2.egg-info/SOURCES.txt'
writing manifest file 'marscar_gazebo_ros2.egg-info/SOURCES.txt'
[ 20%] Built target marscar_gazebo_ros2__rosidl_generator_c
[ 20%] Built target ament_cmake_python_build_marscar_gazebo_ros2_egg
[ 28%] [34m[1mGenerating C type support for eProsima Fast-RTPS[0m
[ 28%] [34m[1mGenerating C introspection for ROS interfaces[0m
[ 28%] [34m[1mGenerating C type support dispatch for ROS interfaces[0m
[ 33%] [32mBuilding CXX object CMakeFiles/marscar_gazebo_ros2__rosidl_typesupport_cpp.dir/rosidl_typesupport_cpp/marscar_gazebo_ros2/srv/ball_shooter__type_support.cpp.o[0m
[ 33%] [32mBuilding CXX object CMakeFiles/marscar_gazebo_ros2__rosidl_typesupport_cpp.dir/rosidl_typesupport_cpp/marscar_gazebo_ros2/msg/cableposseqq__type_support.cpp.o[0m
[ 38%] [32mBuilding CXX object CMakeFiles/marscar_gazebo_ros2__rosidl_typesupport_c.dir/rosidl_typesupport_c/marscar_gazebo_ros2/msg/cableposseqq__type_support.cpp.o[0m
[ 38%] [32mBuilding CXX object CMakeFiles/marscar_gazebo_ros2__rosidl_typesupport_c.dir/rosidl_typesupport_c/marscar_gazebo_ros2/srv/ball_shooter__type_support.cpp.o[0m
[ 43%] [32mBuilding CXX object CMakeFiles/marscar_gazebo_ros2__rosidl_typesupport_introspection_cpp.dir/rosidl_typesupport_introspection_cpp/marscar_gazebo_ros2/msg/detail/cableposseqq__type_support.cpp.o[0m
[ 43%] [32mBuilding CXX object CMakeFiles/marscar_gazebo_ros2__rosidl_typesupport_introspection_cpp.dir/rosidl_typesupport_introspection_cpp/marscar_gazebo_ros2/srv/detail/ball_shooter__type_support.cpp.o[0m
[ 46%] [32mBuilding CXX object CMakeFiles/marscar_gazebo_ros2__rosidl_typesupport_fastrtps_cpp.dir/rosidl_typesupport_fastrtps_cpp/marscar_gazebo_ros2/srv/detail/dds_fastrtps/ball_shooter__type_support.cpp.o[0m
[ 51%] [32mBuilding CXX object CMakeFiles/marscar_gazebo_ros2__rosidl_typesupport_fastrtps_cpp.dir/rosidl_typesupport_fastrtps_cpp/marscar_gazebo_ros2/msg/detail/dds_fastrtps/cableposseqq__type_support.cpp.o[0m
[ 51%] [32m[1mLinking CXX shared library libmarscar_gazebo_ros2__rosidl_typesupport_c.so[0m
[ 51%] Built target marscar_gazebo_ros2__rosidl_typesupport_c
[ 53%] [32mBuilding C object CMakeFiles/marscar_gazebo_ros2__rosidl_typesupport_introspection_c.dir/rosidl_typesupport_introspection_c/marscar_gazebo_ros2/msg/detail/cableposseqq__type_support.c.o[0m
[ 56%] [32mBuilding C object CMakeFiles/marscar_gazebo_ros2__rosidl_typesupport_introspection_c.dir/rosidl_typesupport_introspection_c/marscar_gazebo_ros2/srv/detail/ball_shooter__type_support.c.o[0m
[ 58%] [32mBuilding CXX object CMakeFiles/marscar_gazebo_ros2__rosidl_typesupport_fastrtps_c.dir/rosidl_typesupport_fastrtps_c/marscar_gazebo_ros2/srv/detail/ball_shooter__type_support_c.cpp.o[0m
[ 61%] [32mBuilding CXX object CMakeFiles/marscar_gazebo_ros2__rosidl_typesupport_fastrtps_c.dir/rosidl_typesupport_fastrtps_c/marscar_gazebo_ros2/msg/detail/cableposseqq__type_support_c.cpp.o[0m
[ 64%] [32m[1mLinking C shared library libmarscar_gazebo_ros2__rosidl_typesupport_introspection_c.so[0m
[ 64%] Built target marscar_gazebo_ros2__rosidl_typesupport_introspection_c
[ 66%] [32m[1mLinking CXX shared library libmarscar_gazebo_ros2__rosidl_typesupport_cpp.so[0m
[ 66%] Built target marscar_gazebo_ros2__rosidl_typesupport_cpp
[ 69%] [32m[1mLinking CXX shared library libmarscar_gazebo_ros2__rosidl_typesupport_fastrtps_cpp.so[0m
[ 71%] [32m[1mLinking CXX shared library libmarscar_gazebo_ros2__rosidl_typesupport_introspection_cpp.so[0m
[ 71%] Built target marscar_gazebo_ros2__rosidl_typesupport_fastrtps_cpp
[ 74%] [32m[1mLinking CXX shared library libmarscar_gazebo_ros2__rosidl_typesupport_fastrtps_c.so[0m
[ 74%] Built target marscar_gazebo_ros2__rosidl_typesupport_introspection_cpp
[ 74%] Built target marscar_gazebo_ros2__rosidl_typesupport_fastrtps_c
[ 74%] Built target marscar_gazebo_ros2
[ 76%] [34m[1mGenerating Python code for ROS interfaces[0m
[ 76%] Built target marscar_gazebo_ros2__py
[ 79%] [32mBuilding C object CMakeFiles/marscar_gazebo_ros2__rosidl_generator_py.dir/rosidl_generator_py/marscar_gazebo_ros2/msg/_cableposseqq_s.c.o[0m
[ 82%] [32mBuilding C object CMakeFiles/marscar_gazebo_ros2__rosidl_generator_py.dir/rosidl_generator_py/marscar_gazebo_ros2/srv/_ball_shooter_s.c.o[0m
[ 84%] [32m[1mLinking C shared library rosidl_generator_py/marscar_gazebo_ros2/libmarscar_gazebo_ros2__rosidl_generator_py.so[0m
[ 84%] Built target marscar_gazebo_ros2__rosidl_generator_py
[ 87%] [32mBuilding C object CMakeFiles/marscar_gazebo_ros2__rosidl_typesupport_fastrtps_c__pyext.dir/rosidl_generator_py/marscar_gazebo_ros2/_marscar_gazebo_ros2_s.ep.rosidl_typesupport_fastrtps_c.c.o[0m
[ 92%] [32mBuilding C object CMakeFiles/marscar_gazebo_ros2__rosidl_typesupport_c__pyext.dir/rosidl_generator_py/marscar_gazebo_ros2/_marscar_gazebo_ros2_s.ep.rosidl_typesupport_c.c.o[0m
[ 92%] [32mBuilding C object CMakeFiles/marscar_gazebo_ros2__rosidl_typesupport_introspection_c__pyext.dir/rosidl_generator_py/marscar_gazebo_ros2/_marscar_gazebo_ros2_s.ep.rosidl_typesupport_introspection_c.c.o[0m
[ 94%] [32m[1mLinking C shared library rosidl_generator_py/marscar_gazebo_ros2/marscar_gazebo_ros2_s__rosidl_typesupport_fastrtps_c.cpython-310-x86_64-linux-gnu.so[0m
[ 94%] Built target marscar_gazebo_ros2__rosidl_typesupport_fastrtps_c__pyext
[ 97%] [32m[1mLinking C shared library rosidl_generator_py/marscar_gazebo_ros2/marscar_gazebo_ros2_s__rosidl_typesupport_introspection_c.cpython-310-x86_64-linux-gnu.so[0m
[100%] [32m[1mLinking C shared library rosidl_generator_py/marscar_gazebo_ros2/marscar_gazebo_ros2_s__rosidl_typesupport_c.cpython-310-x86_64-linux-gnu.so[0m
[100%] Built target marscar_gazebo_ros2__rosidl_typesupport_introspection_c__pyext
[100%] Built target marscar_gazebo_ros2__rosidl_typesupport_c__pyext
-- Install configuration: ""
-- Installing: /home/hp/marscar_ws/install/marscar_gazebo_ros2/share/marscar_gazebo_ros2//launch
-- Installing: /home/hp/marscar_ws/install/marscar_gazebo_ros2/share/marscar_gazebo_ros2//launch/marscar_tiny.launch.py
-- Installing: /home/hp/marscar_ws/install/marscar_gazebo_ros2/share/marscar_gazebo_ros2//launch/tiny_spawn_urdf.launch.py
-- Installing: /home/hp/marscar_ws/install/marscar_gazebo_ros2/share/marscar_gazebo_ros2//launch/__pycache__
-- Installing: /home/hp/marscar_ws/install/marscar_gazebo_ros2/share/marscar_gazebo_ros2//launch/__pycache__/marscar_tiny.launch.cpython-310.pyc
-- Installing: /home/hp/marscar_ws/install/marscar_gazebo_ros2/share/marscar_gazebo_ros2//launch/marscar_test.py
-- Installing: /home/hp/marscar_ws/install/marscar_gazebo_ros2/share/marscar_gazebo_ros2//launch/marscar.launch.py
-- Installing: /home/hp/marscar_ws/install/marscar_gazebo_ros2/share/marscar_gazebo_ros2//launch/spawn_urdf.launch.py
-- Installing: /home/hp/marscar_ws/install/marscar_gazebo_ros2/share/marscar_gazebo_ros2//launch/example_effort.launch.py
-- Installing: /home/hp/marscar_ws/install/marscar_gazebo_ros2/share/marscar_gazebo_ros2//config
-- Installing: /home/hp/marscar_ws/install/marscar_gazebo_ros2/share/marscar_gazebo_ros2//config/cartpole_controller_effort.yaml
-- Installing: /home/hp/marscar_ws/install/marscar_gazebo_ros2/share/marscar_gazebo_ros2//config/octomap_server.yaml
-- Installing: /home/hp/marscar_ws/install/marscar_gazebo_ros2/share/marscar_gazebo_ros2//config/mars_car_controller.yaml
-- Installing: /home/hp/marscar_ws/install/marscar_gazebo_ros2/share/marscar_gazebo_ros2//config/camera.yaml
-- Installing: /home/hp/marscar_ws/install/marscar_gazebo_ros2/share/marscar_gazebo_ros2//config/joystick.yaml
-- Installing: /home/hp/marscar_ws/install/marscar_gazebo_ros2/share/marscar_gazebo_ros2//config/twist_mux.yaml
-- Installing: /home/hp/marscar_ws/install/marscar_gazebo_ros2/share/marscar_gazebo_ros2//urdf
-- Installing: /home/hp/marscar_ws/install/marscar_gazebo_ros2/share/marscar_gazebo_ros2//urdf/mars_car_tiny_forward.urdf.xacro
-- Installing: /home/hp/marscar_ws/install/marscar_gazebo_ros2/share/marscar_gazebo_ros2//urdf/marscar_blender.urdf
-- Installing: /home/hp/marscar_ws/install/marscar_gazebo_ros2/share/marscar_gazebo_ros2//urdf/marscar_blender.urdf.xacro
-- Installing: /home/hp/marscar_ws/install/marscar_gazebo_ros2/share/marscar_gazebo_ros2//urdf/roll_effort.xacro
-- Installing: /home/hp/marscar_ws/install/marscar_gazebo_ros2/share/marscar_gazebo_ros2//urdf/mars_car_tiny_forward.urdf
-- Installing: /home/hp/marscar_ws/install/marscar_gazebo_ros2/share/marscar_gazebo_ros2//models
-- Installing: /home/hp/marscar_ws/install/marscar_gazebo_ros2/share/marscar_gazebo_ros2//models/mars_car
-- Installing: /home/hp/marscar_ws/install/marscar_gazebo_ros2/share/marscar_gazebo_ros2//models/mars_car/meshes
-- Installing: /home/hp/marscar_ws/install/marscar_gazebo_ros2/share/marscar_gazebo_ros2//models/mars_car/meshes/dae
-- Installing: /home/hp/marscar_ws/install/marscar_gazebo_ros2/share/marscar_gazebo_ros2//models/mars_car/meshes/dae/Mars6Mars_Rover__Curiosity_1_0__-_7__Matscam_Holder-1.001.dae_history.log
-- Installing: /home/hp/marscar_ws/install/marscar_gazebo_ros2/share/marscar_gazebo_ros2//models/mars_car/meshes/dae/Mars6Mars_Rover__Curiosity_1_0__-_1__Rover_Wheel_right_3.001.dae
-- Installing: /home/hp/marscar_ws/install/marscar_gazebo_ros2/share/marscar_gazebo_ros2//models/mars_car/meshes/dae/Mars6Mars_Rover__Curiosity_1_0__-_whole_body.001.dae_history.log
-- Installing: /home/hp/marscar_ws/install/marscar_gazebo_ros2/share/marscar_gazebo_ros2//models/mars_car/meshes/dae/Mars6Mars_Rover__Curiosity_1_0__-_1__Rover_Wheel_left_1.001.dae_history.log
-- Installing: /home/hp/marscar_ws/install/marscar_gazebo_ros2/share/marscar_gazebo_ros2//models/mars_car/meshes/dae/Mars6Mars_Rover__Curiosity_1_0__-_whole_body.001.dae
-- Installing: /home/hp/marscar_ws/install/marscar_gazebo_ros2/share/marscar_gazebo_ros2//models/mars_car/meshes/dae/Mars6Mars_Rover__Curiosity_1_0__-_1__Rover_Wheel_left_2.001.dae_history.log
-- Installing: /home/hp/marscar_ws/install/marscar_gazebo_ros2/share/marscar_gazebo_ros2//models/mars_car/meshes/dae/Mars6Mars_Rover__Curiosity_1_0__-_1__Rover_Wheel_left_2.001.dae
-- Installing: /home/hp/marscar_ws/install/marscar_gazebo_ros2/share/marscar_gazebo_ros2//models/mars_car/meshes/dae/Mars6Mars_Rover__Curiosity_1_0__-_33_Front_Wheel_Servo_mech.003.dae
-- Installing: /home/hp/marscar_ws/install/marscar_gazebo_ros2/share/marscar_gazebo_ros2//models/mars_car/meshes/dae/Mars6Mars_Rover__Curiosity_1_0__-_33_Front_Wheel_Servo_mech.004.dae_history.log
-- Installing: /home/hp/marscar_ws/install/marscar_gazebo_ros2/share/marscar_gazebo_ros2//models/mars_car/meshes/dae/Mars6Mars_Rover__Curiosity_1_0__-_16_Arm_1-2.001.dae_history.log
-- Installing: /home/hp/marscar_ws/install/marscar_gazebo_ros2/share/marscar_gazebo_ros2//models/mars_car/meshes/dae/Mars6Mars_Rover__Curiosity_1_0__-_17__Arm_2-2.001.dae
-- Installing: /home/hp/marscar_ws/install/marscar_gazebo_ros2/share/marscar_gazebo_ros2//models/mars_car/meshes/dae/Mars6Mars_Rover__Curiosity_1_0__-_18_Drill_joint-1.001.dae_history.log
-- Installing: /home/hp/marscar_ws/install/marscar_gazebo_ros2/share/marscar_gazebo_ros2//models/mars_car/meshes/dae/Mars6Mars_Rover__Curiosity_1_0__-_18_Drill_joint-1.001.dae
-- Installing: /home/hp/marscar_ws/install/marscar_gazebo_ros2/share/marscar_gazebo_ros2//models/mars_car/meshes/dae/Mars6Mars_Rover__Curiosity_1_0__-_16_Arm_1-2.001.dae
-- Installing: /home/hp/marscar_ws/install/marscar_gazebo_ros2/share/marscar_gazebo_ros2//models/mars_car/meshes/dae/Mars6Mars_Rover__Curiosity_1_0__-_28_Wheel_connector_1-2.001.dae
-- Installing: /home/hp/marscar_ws/install/marscar_gazebo_ros2/share/marscar_gazebo_ros2//models/mars_car/meshes/dae/Mars6Mars_Rover__Curiosity_1_0__-_1__Rover_Wheel_left_3.001.dae
-- Installing: /home/hp/marscar_ws/install/marscar_gazebo_ros2/share/marscar_gazebo_ros2//models/mars_car/meshes/dae/Mars6Mars_Rover__Curiosity_1_0__-_17__Arm_2-2.001.dae_history.log
-- Installing: /home/hp/marscar_ws/install/marscar_gazebo_ros2/share/marscar_gazebo_ros2//models/mars_car/meshes/dae/Mars6Mars_Rover__Curiosity_1_0__-_29_Wheel_Connector_2-2_00.dae_history.log
-- Installing: /home/hp/marscar_ws/install/marscar_gazebo_ros2/share/marscar_gazebo_ros2//models/mars_car/meshes/dae/Mars6Mars_Rover__Curiosity_1_0__-_28_Wheel_connector_1-2.001.dae_history.log
-- Installing: /home/hp/marscar_ws/install/marscar_gazebo_ros2/share/marscar_gazebo_ros2//models/mars_car/meshes/dae/Mars6Mars_Rover__Curiosity_1_0__-_1__Rover_Wheel_right_2.001.dae_history.log
-- Installing: /home/hp/marscar_ws/install/marscar_gazebo_ros2/share/marscar_gazebo_ros2//models/mars_car/meshes/dae/Mars6Mars_Rover__Curiosity_1_0__-_1__Rover_Wheel_right_3.001.dae_history.log
-- Installing: /home/hp/marscar_ws/install/marscar_gazebo_ros2/share/marscar_gazebo_ros2//models/mars_car/meshes/dae/Mars6Mars_Rover__Curiosity_1_0__-_33_Front_Wheel_Servo_mech.005.dae_history.log
-- Installing: /home/hp/marscar_ws/install/marscar_gazebo_ros2/share/marscar_gazebo_ros2//models/mars_car/meshes/dae/Mars6Mars_Rover__Curiosity_1_0__-_1__Rover_Wheel_right_1.001.dae_history.log
-- Installing: /home/hp/marscar_ws/install/marscar_gazebo_ros2/share/marscar_gazebo_ros2//models/mars_car/meshes/dae/Mars6Mars_Rover__Curiosity_1_0__-_33_Front_Wheel_Servo_mech.005.dae
-- Installing: /home/hp/marscar_ws/install/marscar_gazebo_ros2/share/marscar_gazebo_ros2//models/mars_car/meshes/dae/Mars6Mars_Rover__Curiosity_1_0__-_1__Rover_Wheel_left_3.001.dae_history.log
-- Installing: /home/hp/marscar_ws/install/marscar_gazebo_ros2/share/marscar_gazebo_ros2//models/mars_car/meshes/dae/Mars6Mars_Rover__Curiosity_1_0__-_29_Wheel_Connector_2-2.001.dae
-- Installing: /home/hp/marscar_ws/install/marscar_gazebo_ros2/share/marscar_gazebo_ros2//models/mars_car/meshes/dae/Mars6Mars_Rover__Curiosity_1_0__-_33_Front_Wheel_Servo_mech.006.dae_history.log
-- Installing: /home/hp/marscar_ws/install/marscar_gazebo_ros2/share/marscar_gazebo_ros2//models/mars_car/meshes/dae/Mars6Mars_Rover__Curiosity_1_0__-_1__Rover_Wheel_right_2.001.dae
-- Installing: /home/hp/marscar_ws/install/marscar_gazebo_ros2/share/marscar_gazebo_ros2//models/mars_car/meshes/dae/Mars6Mars_Rover__Curiosity_1_0__-_15__Arm_Axle-2.001.dae
-- Installing: /home/hp/marscar_ws/install/marscar_gazebo_ros2/share/marscar_gazebo_ros2//models/mars_car/meshes/dae/Mars6Mars_Rover__Curiosity_1_0__-_29_Wheel_Connector_2-2_00.dae
-- Installing: /home/hp/marscar_ws/install/marscar_gazebo_ros2/share/marscar_gazebo_ros2//models/mars_car/meshes/dae/Mars6Mars_Rover__Curiosity_1_0__-_28_Wheel_connector_1-2_00.dae
-- Installing: /home/hp/marscar_ws/install/marscar_gazebo_ros2/share/marscar_gazebo_ros2//models/mars_car/meshes/dae/Mars6Mars_Rover__Curiosity_1_0__-_33_Front_Wheel_Servo_mech.003.dae_history.log
-- Installing: /home/hp/marscar_ws/install/marscar_gazebo_ros2/share/marscar_gazebo_ros2//models/mars_car/meshes/dae/Mars6Mars_Rover__Curiosity_1_0__-_1__Rover_Wheel_right_1.001.dae
-- Installing: /home/hp/marscar_ws/install/marscar_gazebo_ros2/share/marscar_gazebo_ros2//models/mars_car/meshes/dae/Mars6Mars_Rover__Curiosity_1_0__-_15__Arm_Axle-2.001.dae_history.log
-- Installing: /home/hp/marscar_ws/install/marscar_gazebo_ros2/share/marscar_gazebo_ros2//models/mars_car/meshes/dae/Mars6Mars_Rover__Curiosity_1_0__-_1__Rover_Wheel_left_1.001.dae
-- Installing: /home/hp/marscar_ws/install/marscar_gazebo_ros2/share/marscar_gazebo_ros2//models/mars_car/meshes/dae/Mars6Mars_Rover__Curiosity_1_0__-_29_Wheel_Connector_2-2.001.dae_history.log
-- Installing: /home/hp/marscar_ws/install/marscar_gazebo_ros2/share/marscar_gazebo_ros2//models/mars_car/meshes/dae/Mars6Mars_Rover__Curiosity_1_0__-_28_Wheel_connector_1-2_00.dae_history.log
-- Installing: /home/hp/marscar_ws/install/marscar_gazebo_ros2/share/marscar_gazebo_ros2//models/mars_car/meshes/dae/Mars6Mars_Rover__Curiosity_1_0__-_33_Front_Wheel_Servo_mech.006.dae
-- Installing: /home/hp/marscar_ws/install/marscar_gazebo_ros2/share/marscar_gazebo_ros2//models/mars_car/meshes/dae/Mars6Mars_Rover__Curiosity_1_0__-_7__Matscam_Holder-1.001.dae
-- Installing: /home/hp/marscar_ws/install/marscar_gazebo_ros2/share/marscar_gazebo_ros2//models/mars_car/meshes/dae/Mars6Mars_Rover__Curiosity_1_0__-_33_Front_Wheel_Servo_mech.004.dae
-- Installing: /home/hp/marscar_ws/install/marscar_gazebo_ros2/share/marscar_gazebo_ros2//models/mars_car_tiny_forward
-- Installing: /home/hp/marscar_ws/install/marscar_gazebo_ros2/share/marscar_gazebo_ros2//models/mars_car_tiny_forward/meshes
-- Installing: /home/hp/marscar_ws/install/marscar_gazebo_ros2/share/marscar_gazebo_ros2//models/mars_car_tiny_forward/meshes/dae
-- Installing: /home/hp/marscar_ws/install/marscar_gazebo_ros2/share/marscar_gazebo_ros2//models/mars_car_tiny_forward/meshes/dae/Mars6Mars_Rover__Curiosity_1_0__-_7__Matscam_Holder-1.001.dae_history.log
-- Installing: /home/hp/marscar_ws/install/marscar_gazebo_ros2/share/marscar_gazebo_ros2//models/mars_car_tiny_forward/meshes/dae/Mars6Mars_Rover__Curiosity_1_0__-_1__Rover_Wheel_right_3.001.dae
-- Installing: /home/hp/marscar_ws/install/marscar_gazebo_ros2/share/marscar_gazebo_ros2//models/mars_car_tiny_forward/meshes/dae/Mars6Mars_Rover__Curiosity_1_0__-_whole_body.001.dae_history.log
-- Installing: /home/hp/marscar_ws/install/marscar_gazebo_ros2/share/marscar_gazebo_ros2//models/mars_car_tiny_forward/meshes/dae/Mars6Mars_Rover__Curiosity_1_0__-_1__Rover_Wheel_left_1.001.dae_history.log
-- Installing: /home/hp/marscar_ws/install/marscar_gazebo_ros2/share/marscar_gazebo_ros2//models/mars_car_tiny_forward/meshes/dae/Mars6Mars_Rover__Curiosity_1_0__-_whole_body.001.dae
-- Installing: /home/hp/marscar_ws/install/marscar_gazebo_ros2/share/marscar_gazebo_ros2//models/mars_car_tiny_forward/meshes/dae/Mars6Mars_Rover__Curiosity_1_0__-_1__Rover_Wheel_left_2.001.dae_history.log
-- Installing: /home/hp/marscar_ws/install/marscar_gazebo_ros2/share/marscar_gazebo_ros2//models/mars_car_tiny_forward/meshes/dae/Mars6Mars_Rover__Curiosity_1_0__-_1__Rover_Wheel_left_2.001.dae
-- Installing: /home/hp/marscar_ws/install/marscar_gazebo_ros2/share/marscar_gazebo_ros2//models/mars_car_tiny_forward/meshes/dae/Mars6Mars_Rover__Curiosity_1_0__-_33_Front_Wheel_Servo_mech.003.dae
-- Installing: /home/hp/marscar_ws/install/marscar_gazebo_ros2/share/marscar_gazebo_ros2//models/mars_car_tiny_forward/meshes/dae/Mars6Mars_Rover__Curiosity_1_0__-_33_Front_Wheel_Servo_mech.004.dae_history.log
-- Installing: /home/hp/marscar_ws/install/marscar_gazebo_ros2/share/marscar_gazebo_ros2//models/mars_car_tiny_forward/meshes/dae/Mars6Mars_Rover__Curiosity_1_0__-_18_Drill_joint-1.001.dae_history.log
-- Installing: /home/hp/marscar_ws/install/marscar_gazebo_ros2/share/marscar_gazebo_ros2//models/mars_car_tiny_forward/meshes/dae/Mars6Mars_Rover__Curiosity_1_0__-_18_Drill_joint-1.001.dae
-- Installing: /home/hp/marscar_ws/install/marscar_gazebo_ros2/share/marscar_gazebo_ros2//models/mars_car_tiny_forward/meshes/dae/Mars6Mars_Rover__Curiosity_1_0__-_28_Wheel_connector_1-2.001.dae
-- Installing: /home/hp/marscar_ws/install/marscar_gazebo_ros2/share/marscar_gazebo_ros2//models/mars_car_tiny_forward/meshes/dae/Mars6Mars_Rover__Curiosity_1_0__-_1__Rover_Wheel_left_3.001.dae
-- Installing: /home/hp/marscar_ws/install/marscar_gazebo_ros2/share/marscar_gazebo_ros2//models/mars_car_tiny_forward/meshes/dae/Mars6Mars_Rover__Curiosity_1_0__-_29_Wheel_Connector_2-2_00.dae_history.log
-- Installing: /home/hp/marscar_ws/install/marscar_gazebo_ros2/share/marscar_gazebo_ros2//models/mars_car_tiny_forward/meshes/dae/Mars6Mars_Rover__Curiosity_1_0__-_28_Wheel_connector_1-2.001.dae_history.log
-- Installing: /home/hp/marscar_ws/install/marscar_gazebo_ros2/share/marscar_gazebo_ros2//models/mars_car_tiny_forward/meshes/dae/Mars6Mars_Rover__Curiosity_1_0__-_1__Rover_Wheel_right_2.001.dae_history.log
-- Installing: /home/hp/marscar_ws/install/marscar_gazebo_ros2/share/marscar_gazebo_ros2//models/mars_car_tiny_forward/meshes/dae/Mars6Mars_Rover__Curiosity_1_0__-_1__Rover_Wheel_right_3.001.dae_history.log
-- Installing: /home/hp/marscar_ws/install/marscar_gazebo_ros2/share/marscar_gazebo_ros2//models/mars_car_tiny_forward/meshes/dae/Mars6Mars_Rover__Curiosity_1_0__-_33_Front_Wheel_Servo_mech.005.dae_history.log
-- Installing: /home/hp/marscar_ws/install/marscar_gazebo_ros2/share/marscar_gazebo_ros2//models/mars_car_tiny_forward/meshes/dae/Mars6Mars_Rover__Curiosity_1_0__-_1__Rover_Wheel_right_1.001.dae_history.log
-- Installing: /home/hp/marscar_ws/install/marscar_gazebo_ros2/share/marscar_gazebo_ros2//models/mars_car_tiny_forward/meshes/dae/Mars6Mars_Rover__Curiosity_1_0__-_33_Front_Wheel_Servo_mech.005.dae
-- Installing: /home/hp/marscar_ws/install/marscar_gazebo_ros2/share/marscar_gazebo_ros2//models/mars_car_tiny_forward/meshes/dae/Mars6Mars_Rover__Curiosity_1_0__-_1__Rover_Wheel_left_3.001.dae_history.log
-- Installing: /home/hp/marscar_ws/install/marscar_gazebo_ros2/share/marscar_gazebo_ros2//models/mars_car_tiny_forward/meshes/dae/Mars6Mars_Rover__Curiosity_1_0__-_29_Wheel_Connector_2-2.001.dae
-- Installing: /home/hp/marscar_ws/install/marscar_gazebo_ros2/share/marscar_gazebo_ros2//models/mars_car_tiny_forward/meshes/dae/Mars6Mars_Rover__Curiosity_1_0__-_33_Front_Wheel_Servo_mech.006.dae_history.log
-- Installing: /home/hp/marscar_ws/install/marscar_gazebo_ros2/share/marscar_gazebo_ros2//models/mars_car_tiny_forward/meshes/dae/Mars6Mars_Rover__Curiosity_1_0__-_1__Rover_Wheel_right_2.001.dae
-- Installing: /home/hp/marscar_ws/install/marscar_gazebo_ros2/share/marscar_gazebo_ros2//models/mars_car_tiny_forward/meshes/dae/Mars6Mars_Rover__Curiosity_1_0__-_29_Wheel_Connector_2-2_00.dae
-- Installing: /home/hp/marscar_ws/install/marscar_gazebo_ros2/share/marscar_gazebo_ros2//models/mars_car_tiny_forward/meshes/dae/Mars6Mars_Rover__Curiosity_1_0__-_28_Wheel_connector_1-2_00.dae
-- Installing: /home/hp/marscar_ws/install/marscar_gazebo_ros2/share/marscar_gazebo_ros2//models/mars_car_tiny_forward/meshes/dae/Mars6Mars_Rover__Curiosity_1_0__-_33_Front_Wheel_Servo_mech.003.dae_history.log
-- Installing: /home/hp/marscar_ws/install/marscar_gazebo_ros2/share/marscar_gazebo_ros2//models/mars_car_tiny_forward/meshes/dae/Mars6Mars_Rover__Curiosity_1_0__-_1__Rover_Wheel_right_1.001.dae
-- Installing: /home/hp/marscar_ws/install/marscar_gazebo_ros2/share/marscar_gazebo_ros2//models/mars_car_tiny_forward/meshes/dae/Mars6Mars_Rover__Curiosity_1_0__-_1__Rover_Wheel_left_1.001.dae
-- Installing: /home/hp/marscar_ws/install/marscar_gazebo_ros2/share/marscar_gazebo_ros2//models/mars_car_tiny_forward/meshes/dae/Mars6Mars_Rover__Curiosity_1_0__-_29_Wheel_Connector_2-2.001.dae_history.log
-- Installing: /home/hp/marscar_ws/install/marscar_gazebo_ros2/share/marscar_gazebo_ros2//models/mars_car_tiny_forward/meshes/dae/Mars6Mars_Rover__Curiosity_1_0__-_28_Wheel_connector_1-2_00.dae_history.log
-- Installing: /home/hp/marscar_ws/install/marscar_gazebo_ros2/share/marscar_gazebo_ros2//models/mars_car_tiny_forward/meshes/dae/Mars6Mars_Rover__Curiosity_1_0__-_33_Front_Wheel_Servo_mech.006.dae
-- Installing: /home/hp/marscar_ws/install/marscar_gazebo_ros2/share/marscar_gazebo_ros2//models/mars_car_tiny_forward/meshes/dae/Mars6Mars_Rover__Curiosity_1_0__-_7__Matscam_Holder-1.001.dae
-- Installing: /home/hp/marscar_ws/install/marscar_gazebo_ros2/share/marscar_gazebo_ros2//models/mars_car_tiny_forward/meshes/dae/Mars6Mars_Rover__Curiosity_1_0__-_33_Front_Wheel_Servo_mech.004.dae
-- Installing: /home/hp/marscar_ws/install/marscar_gazebo_ros2/share/marscar_gazebo_ros2//models/sand_heightmap
-- Installing: /home/hp/marscar_ws/install/marscar_gazebo_ros2/share/marscar_gazebo_ros2//models/sand_heightmap/meshes
-- Installing: /home/hp/marscar_ws/install/marscar_gazebo_ros2/share/marscar_gazebo_ros2//models/sand_heightmap/meshes/soil_sand_0045_01.jpg
-- Installing: /home/hp/marscar_ws/install/marscar_gazebo_ros2/share/marscar_gazebo_ros2//models/sand_heightmap/meshes/License and source for textures.txt
-- Installing: /home/hp/marscar_ws/install/marscar_gazebo_ros2/share/marscar_gazebo_ros2//models/sand_heightmap/meshes/heightmap.dae
-- Installing: /home/hp/marscar_ws/install/marscar_gazebo_ros2/share/marscar_gazebo_ros2//models/sand_heightmap/model.sdf
-- Installing: /home/hp/marscar_ws/install/marscar_gazebo_ros2/share/marscar_gazebo_ros2//models/sand_heightmap/model.config
-- Installing: /home/hp/marscar_ws/install/marscar_gazebo_ros2/share/marscar_gazebo_ros2//models/mars_car_tiny
-- Installing: /home/hp/marscar_ws/install/marscar_gazebo_ros2/share/marscar_gazebo_ros2//models/mars_car_tiny/meshes
-- Installing: /home/hp/marscar_ws/install/marscar_gazebo_ros2/share/marscar_gazebo_ros2//models/mars_car_tiny/meshes/dae
-- Installing: /home/hp/marscar_ws/install/marscar_gazebo_ros2/share/marscar_gazebo_ros2//models/mars_car_tiny/meshes/dae/Mars6Mars_Rover__Curiosity_1_0__-_7__Matscam_Holder-1.001.dae_history.log
-- Installing: /home/hp/marscar_ws/install/marscar_gazebo_ros2/share/marscar_gazebo_ros2//models/mars_car_tiny/meshes/dae/Mars6Mars_Rover__Curiosity_1_0__-_1__Rover_Wheel_right_3.001.dae
-- Installing: /home/hp/marscar_ws/install/marscar_gazebo_ros2/share/marscar_gazebo_ros2//models/mars_car_tiny/meshes/dae/Mars6Mars_Rover__Curiosity_1_0__-_whole_body.001.dae_history.log
-- Installing: /home/hp/marscar_ws/install/marscar_gazebo_ros2/share/marscar_gazebo_ros2//models/mars_car_tiny/meshes/dae/Mars6Mars_Rover__Curiosity_1_0__-_1__Rover_Wheel_left_1.001.dae_history.log
-- Installing: /home/hp/marscar_ws/install/marscar_gazebo_ros2/share/marscar_gazebo_ros2//models/mars_car_tiny/meshes/dae/Mars6Mars_Rover__Curiosity_1_0__-_whole_body.001.dae
-- Installing: /home/hp/marscar_ws/install/marscar_gazebo_ros2/share/marscar_gazebo_ros2//models/mars_car_tiny/meshes/dae/Mars6Mars_Rover__Curiosity_1_0__-_1__Rover_Wheel_left_2.001.dae_history.log
-- Installing: /home/hp/marscar_ws/install/marscar_gazebo_ros2/share/marscar_gazebo_ros2//models/mars_car_tiny/meshes/dae/Mars6Mars_Rover__Curiosity_1_0__-_1__Rover_Wheel_left_2.001.dae
-- Installing: /home/hp/marscar_ws/install/marscar_gazebo_ros2/share/marscar_gazebo_ros2//models/mars_car_tiny/meshes/dae/Mars6Mars_Rover__Curiosity_1_0__-_33_Front_Wheel_Servo_mech.003.dae
-- Installing: /home/hp/marscar_ws/install/marscar_gazebo_ros2/share/marscar_gazebo_ros2//models/mars_car_tiny/meshes/dae/Mars6Mars_Rover__Curiosity_1_0__-_33_Front_Wheel_Servo_mech.004.dae_history.log
-- Installing: /home/hp/marscar_ws/install/marscar_gazebo_ros2/share/marscar_gazebo_ros2//models/mars_car_tiny/meshes/dae/Mars6Mars_Rover__Curiosity_1_0__-_18_Drill_joint-1.001.dae_history.log
-- Installing: /home/hp/marscar_ws/install/marscar_gazebo_ros2/share/marscar_gazebo_ros2//models/mars_car_tiny/meshes/dae/Mars6Mars_Rover__Curiosity_1_0__-_18_Drill_joint-1.001.dae
-- Installing: /home/hp/marscar_ws/install/marscar_gazebo_ros2/share/marscar_gazebo_ros2//models/mars_car_tiny/meshes/dae/Mars6Mars_Rover__Curiosity_1_0__-_28_Wheel_connector_1-2.001.dae
-- Installing: /home/hp/marscar_ws/install/marscar_gazebo_ros2/share/marscar_gazebo_ros2//models/mars_car_tiny/meshes/dae/Mars6Mars_Rover__Curiosity_1_0__-_1__Rover_Wheel_left_3.001.dae
-- Installing: /home/hp/marscar_ws/install/marscar_gazebo_ros2/share/marscar_gazebo_ros2//models/mars_car_tiny/meshes/dae/Mars6Mars_Rover__Curiosity_1_0__-_29_Wheel_Connector_2-2_00.dae_history.log
-- Installing: /home/hp/marscar_ws/install/marscar_gazebo_ros2/share/marscar_gazebo_ros2//models/mars_car_tiny/meshes/dae/Mars6Mars_Rover__Curiosity_1_0__-_28_Wheel_connector_1-2.001.dae_history.log
-- Installing: /home/hp/marscar_ws/install/marscar_gazebo_ros2/share/marscar_gazebo_ros2//models/mars_car_tiny/meshes/dae/Mars6Mars_Rover__Curiosity_1_0__-_1__Rover_Wheel_right_2.001.dae_history.log
-- Installing: /home/hp/marscar_ws/install/marscar_gazebo_ros2/share/marscar_gazebo_ros2//models/mars_car_tiny/meshes/dae/Mars6Mars_Rover__Curiosity_1_0__-_1__Rover_Wheel_right_3.001.dae_history.log
-- Installing: /home/hp/marscar_ws/install/marscar_gazebo_ros2/share/marscar_gazebo_ros2//models/mars_car_tiny/meshes/dae/Mars6Mars_Rover__Curiosity_1_0__-_33_Front_Wheel_Servo_mech.005.dae_history.log
-- Installing: /home/hp/marscar_ws/install/marscar_gazebo_ros2/share/marscar_gazebo_ros2//models/mars_car_tiny/meshes/dae/Mars6Mars_Rover__Curiosity_1_0__-_1__Rover_Wheel_right_1.001.dae_history.log
-- Installing: /home/hp/marscar_ws/install/marscar_gazebo_ros2/share/marscar_gazebo_ros2//models/mars_car_tiny/meshes/dae/Mars6Mars_Rover__Curiosity_1_0__-_33_Front_Wheel_Servo_mech.005.dae
-- Installing: /home/hp/marscar_ws/install/marscar_gazebo_ros2/share/marscar_gazebo_ros2//models/mars_car_tiny/meshes/dae/Mars6Mars_Rover__Curiosity_1_0__-_1__Rover_Wheel_left_3.001.dae_history.log
-- Installing: /home/hp/marscar_ws/install/marscar_gazebo_ros2/share/marscar_gazebo_ros2//models/mars_car_tiny/meshes/dae/Mars6Mars_Rover__Curiosity_1_0__-_29_Wheel_Connector_2-2.001.dae
-- Installing: /home/hp/marscar_ws/install/marscar_gazebo_ros2/share/marscar_gazebo_ros2//models/mars_car_tiny/meshes/dae/Mars6Mars_Rover__Curiosity_1_0__-_33_Front_Wheel_Servo_mech.006.dae_history.log
-- Installing: /home/hp/marscar_ws/install/marscar_gazebo_ros2/share/marscar_gazebo_ros2//models/mars_car_tiny/meshes/dae/Mars6Mars_Rover__Curiosity_1_0__-_1__Rover_Wheel_right_2.001.dae
-- Installing: /home/hp/marscar_ws/install/marscar_gazebo_ros2/share/marscar_gazebo_ros2//models/mars_car_tiny/meshes/dae/Mars6Mars_Rover__Curiosity_1_0__-_29_Wheel_Connector_2-2_00.dae
-- Installing: /home/hp/marscar_ws/install/marscar_gazebo_ros2/share/marscar_gazebo_ros2//models/mars_car_tiny/meshes/dae/Mars6Mars_Rover__Curiosity_1_0__-_28_Wheel_connector_1-2_00.dae
-- Installing: /home/hp/marscar_ws/install/marscar_gazebo_ros2/share/marscar_gazebo_ros2//models/mars_car_tiny/meshes/dae/Mars6Mars_Rover__Curiosity_1_0__-_33_Front_Wheel_Servo_mech.003.dae_history.log
-- Installing: /home/hp/marscar_ws/install/marscar_gazebo_ros2/share/marscar_gazebo_ros2//models/mars_car_tiny/meshes/dae/Mars6Mars_Rover__Curiosity_1_0__-_1__Rover_Wheel_right_1.001.dae
-- Installing: /home/hp/marscar_ws/install/marscar_gazebo_ros2/share/marscar_gazebo_ros2//models/mars_car_tiny/meshes/dae/Mars6Mars_Rover__Curiosity_1_0__-_1__Rover_Wheel_left_1.001.dae
-- Installing: /home/hp/marscar_ws/install/marscar_gazebo_ros2/share/marscar_gazebo_ros2//models/mars_car_tiny/meshes/dae/Mars6Mars_Rover__Curiosity_1_0__-_29_Wheel_Connector_2-2.001.dae_history.log
-- Installing: /home/hp/marscar_ws/install/marscar_gazebo_ros2/share/marscar_gazebo_ros2//models/mars_car_tiny/meshes/dae/Mars6Mars_Rover__Curiosity_1_0__-_28_Wheel_connector_1-2_00.dae_history.log
-- Installing: /home/hp/marscar_ws/install/marscar_gazebo_ros2/share/marscar_gazebo_ros2//models/mars_car_tiny/meshes/dae/Mars6Mars_Rover__Curiosity_1_0__-_33_Front_Wheel_Servo_mech.006.dae
-- Installing: /home/hp/marscar_ws/install/marscar_gazebo_ros2/share/marscar_gazebo_ros2//models/mars_car_tiny/meshes/dae/Mars6Mars_Rover__Curiosity_1_0__-_7__Matscam_Holder-1.001.dae
-- Installing: /home/hp/marscar_ws/install/marscar_gazebo_ros2/share/marscar_gazebo_ros2//models/mars_car_tiny/meshes/dae/Mars6Mars_Rover__Curiosity_1_0__-_33_Front_Wheel_Servo_mech.004.dae
-- Installing: /home/hp/marscar_ws/install/marscar_gazebo_ros2/share/marscar_gazebo_ros2//models/keypoints
-- Installing: /home/hp/marscar_ws/install/marscar_gazebo_ros2/share/marscar_gazebo_ros2//models/keypoints/materials
-- Installing: /home/hp/marscar_ws/install/marscar_gazebo_ros2/share/marscar_gazebo_ros2//models/keypoints/materials/scripts
-- Installing: /home/hp/marscar_ws/install/marscar_gazebo_ros2/share/marscar_gazebo_ros2//models/keypoints/materials/scripts/keypoints.material
-- Installing: /home/hp/marscar_ws/install/marscar_gazebo_ros2/share/marscar_gazebo_ros2//models/keypoints/model.sdf
-- Installing: /home/hp/marscar_ws/install/marscar_gazebo_ros2/share/marscar_gazebo_ros2//models/keypoints/model.config
-- Installing: /home/hp/marscar_ws/install/marscar_gazebo_ros2/share/marscar_gazebo_ros2//models/blue_projectile
-- Installing: /home/hp/marscar_ws/install/marscar_gazebo_ros2/share/marscar_gazebo_ros2//models/blue_projectile/materials
-- Installing: /home/hp/marscar_ws/install/marscar_gazebo_ros2/share/marscar_gazebo_ros2//models/blue_projectile/materials/scripts
-- Installing: /home/hp/marscar_ws/install/marscar_gazebo_ros2/share/marscar_gazebo_ros2//models/blue_projectile/materials/scripts/blue_projectile.material
-- Installing: /home/hp/marscar_ws/install/marscar_gazebo_ros2/share/marscar_gazebo_ros2//models/blue_projectile/model.sdf
-- Installing: /home/hp/marscar_ws/install/marscar_gazebo_ros2/share/marscar_gazebo_ros2//models/blue_projectile/model.config
-- Installing: /home/hp/marscar_ws/install/marscar_gazebo_ros2/share/marscar_gazebo_ros2//worlds
-- Installing: /home/hp/marscar_ws/install/marscar_gazebo_ros2/share/marscar_gazebo_ros2//worlds/orb_slam.world
-- Installing: /home/hp/marscar_ws/install/marscar_gazebo_ros2/share/marscar_gazebo_ros2//worlds/sand.world
-- Installing: /home/hp/marscar_ws/install/marscar_gazebo_ros2/share/marscar_gazebo_ros2//worlds/simple.world
-- Installing: /home/hp/marscar_ws/install/marscar_gazebo_ros2/share/marscar_gazebo_ros2//worlds/hand_detect.world
-- Installing: /home/hp/marscar_ws/install/marscar_gazebo_ros2/share/marscar_gazebo_ros2//worlds/empty.world
-- Installing: /home/hp/marscar_ws/install/marscar_gazebo_ros2/share/marscar_gazebo_ros2//worlds/turtlebot3_world.world
-- Installing: /home/hp/marscar_ws/install/marscar_gazebo_ros2/share/marscar_gazebo_ros2//scripts
-- Installing: /home/hp/marscar_ws/install/marscar_gazebo_ros2/share/marscar_gazebo_ros2//scripts/joy2twist.py
-- Installing: /home/hp/marscar_ws/install/marscar_gazebo_ros2/share/marscar_gazebo_ros2//scripts/teleop_keyboard.py
-- Installing: /home/hp/marscar_ws/install/marscar_gazebo_ros2/share/marscar_gazebo_ros2//scripts/joy_shooter.py
-- Installing: /home/hp/marscar_ws/install/marscar_gazebo_ros2/share/marscar_gazebo_ros2//scripts/joy_cart.py
-- Installing: /home/hp/marscar_ws/install/marscar_gazebo_ros2/share/marscar_gazebo_ros2//scripts/test.py
-- Installing: /home/hp/marscar_ws/install/marscar_gazebo_ros2/share/marscar_gazebo_ros2//scripts/keep_balance.py
-- Installing: /home/hp/marscar_ws/install/marscar_gazebo_ros2/share/marscar_gazebo_ros2//scripts/mars_cmdvel.py
-- Installing: /home/hp/marscar_ws/install/marscar_gazebo_ros2/share/marscar_gazebo_ros2//scripts/__init__.py
-- Installing: /home/hp/marscar_ws/install/marscar_gazebo_ros2/share/marscar_gazebo_ros2//scripts/teleop_joy.py
-- Installing: /home/hp/marscar_ws/install/marscar_gazebo_ros2/share/marscar_gazebo_ros2//rviz2
-- Installing: /home/hp/marscar_ws/install/marscar_gazebo_ros2/share/marscar_gazebo_ros2//msgs
-- Installing: /home/hp/marscar_ws/install/marscar_gazebo_ros2/share/marscar_gazebo_ros2//msgs/msg
-- Installing: /home/hp/marscar_ws/install/marscar_gazebo_ros2/share/marscar_gazebo_ros2//msgs/msg/Cableposseqq.msg
-- Installing: /home/hp/marscar_ws/install/marscar_gazebo_ros2/share/marscar_gazebo_ros2//msgs/srv
-- Installing: /home/hp/marscar_ws/install/marscar_gazebo_ros2/share/marscar_gazebo_ros2//msgs/srv/BallShooter.srv
-- Installing: /home/hp/marscar_ws/install/marscar_gazebo_ros2/share/marscar_gazebo_ros2//sensor_description
-- Installing: /home/hp/marscar_ws/install/marscar_gazebo_ros2/share/marscar_gazebo_ros2//sensor_description/material.xacro
-- Installing: /home/hp/marscar_ws/install/marscar_gazebo_ros2/share/marscar_gazebo_ros2//sensor_description/inertial_macros.xacro
-- Installing: /home/hp/marscar_ws/install/marscar_gazebo_ros2/share/marscar_gazebo_ros2//sensor_description/multi_camera.xacro
-- Installing: /home/hp/marscar_ws/install/marscar_gazebo_ros2/share/marscar_gazebo_ros2//sensor_description/imu.xacro
-- Installing: /home/hp/marscar_ws/install/marscar_gazebo_ros2/share/marscar_gazebo_ros2//sensor_description/marscar_3Dlidar.xacro
-- Installing: /home/hp/marscar_ws/install/marscar_gazebo_ros2/share/marscar_gazebo_ros2//sensor_description/marscar_lidar.xacro
-- Installing: /home/hp/marscar_ws/install/marscar_gazebo_ros2/share/marscar_gazebo_ros2//sensor_description/marscar_camera.xacro
-- Installing: /home/hp/marscar_ws/install/marscar_gazebo_ros2/share/marscar_gazebo_ros2//sensor_description/gps.xacro
-- Installing: /home/hp/marscar_ws/install/marscar_gazebo_ros2/share/marscar_gazebo_ros2//sensor_description/depth_camera.xacro
-- Installing: /home/hp/marscar_ws/install/marscar_gazebo_ros2/share/ament_index/resource_index/rosidl_interfaces/marscar_gazebo_ros2
-- Installing: /home/hp/marscar_ws/install/marscar_gazebo_ros2/include/marscar_gazebo_ros2/marscar_gazebo_ros2
-- Installing: /home/hp/marscar_ws/install/marscar_gazebo_ros2/include/marscar_gazebo_ros2/marscar_gazebo_ros2/msg
-- Installing: /home/hp/marscar_ws/install/marscar_gazebo_ros2/include/marscar_gazebo_ros2/marscar_gazebo_ros2/msg/rosidl_generator_c__visibility_control.h
-- Installing: /home/hp/marscar_ws/install/marscar_gazebo_ros2/include/marscar_gazebo_ros2/marscar_gazebo_ros2/msg/detail
-- Installing: /home/hp/marscar_ws/install/marscar_gazebo_ros2/include/marscar_gazebo_ros2/marscar_gazebo_ros2/msg/detail/cableposseqq__functions.c
-- Installing: /home/hp/marscar_ws/install/marscar_gazebo_ros2/include/marscar_gazebo_ros2/marscar_gazebo_ros2/msg/detail/cableposseqq__type_support.h
-- Installing: /home/hp/marscar_ws/install/marscar_gazebo_ros2/include/marscar_gazebo_ros2/marscar_gazebo_ros2/msg/detail/cableposseqq__struct.h
-- Installing: /home/hp/marscar_ws/install/marscar_gazebo_ros2/include/marscar_gazebo_ros2/marscar_gazebo_ros2/msg/detail/cableposseqq__functions.h
-- Installing: /home/hp/marscar_ws/install/marscar_gazebo_ros2/include/marscar_gazebo_ros2/marscar_gazebo_ros2/msg/cableposseqq.h
-- Installing: /home/hp/marscar_ws/install/marscar_gazebo_ros2/include/marscar_gazebo_ros2/marscar_gazebo_ros2/srv
-- Installing: /home/hp/marscar_ws/install/marscar_gazebo_ros2/include/marscar_gazebo_ros2/marscar_gazebo_ros2/srv/detail
-- Installing: /home/hp/marscar_ws/install/marscar_gazebo_ros2/include/marscar_gazebo_ros2/marscar_gazebo_ros2/srv/detail/ball_shooter__functions.c
-- Installing: /home/hp/marscar_ws/install/marscar_gazebo_ros2/include/marscar_gazebo_ros2/marscar_gazebo_ros2/srv/detail/ball_shooter__functions.h
-- Installing: /home/hp/marscar_ws/install/marscar_gazebo_ros2/include/marscar_gazebo_ros2/marscar_gazebo_ros2/srv/detail/ball_shooter__type_support.h
-- Installing: /home/hp/marscar_ws/install/marscar_gazebo_ros2/include/marscar_gazebo_ros2/marscar_gazebo_ros2/srv/detail/ball_shooter__struct.h
-- Installing: /home/hp/marscar_ws/install/marscar_gazebo_ros2/include/marscar_gazebo_ros2/marscar_gazebo_ros2/srv/ball_shooter.h
-- Installing: /home/hp/marscar_ws/install/marscar_gazebo_ros2/share/marscar_gazebo_ros2/environment/library_path.sh
-- Installing: /home/hp/marscar_ws/install/marscar_gazebo_ros2/share/marscar_gazebo_ros2/environment/library_path.dsv
-- Installing: /home/hp/marscar_ws/install/marscar_gazebo_ros2/lib/libmarscar_gazebo_ros2__rosidl_generator_c.so
-- Set runtime path of "/home/hp/marscar_ws/install/marscar_gazebo_ros2/lib/libmarscar_gazebo_ros2__rosidl_generator_c.so" to ""
-- Up-to-date: /home/hp/marscar_ws/install/marscar_gazebo_ros2/include/marscar_gazebo_ros2/marscar_gazebo_ros2
-- Up-to-date: /home/hp/marscar_ws/install/marscar_gazebo_ros2/include/marscar_gazebo_ros2/marscar_gazebo_ros2/msg
-- Up-to-date: /home/hp/marscar_ws/install/marscar_gazebo_ros2/include/marscar_gazebo_ros2/marscar_gazebo_ros2/msg/detail
-- Installing: /home/hp/marscar_ws/install/marscar_gazebo_ros2/include/marscar_gazebo_ros2/marscar_gazebo_ros2/msg/detail/cableposseqq__rosidl_typesupport_fastrtps_c.h
-- Installing: /home/hp/marscar_ws/install/marscar_gazebo_ros2/include/marscar_gazebo_ros2/marscar_gazebo_ros2/msg/rosidl_typesupport_fastrtps_c__visibility_control.h
-- Up-to-date: /home/hp/marscar_ws/install/marscar_gazebo_ros2/include/marscar_gazebo_ros2/marscar_gazebo_ros2/srv
-- Up-to-date: /home/hp/marscar_ws/install/marscar_gazebo_ros2/include/marscar_gazebo_ros2/marscar_gazebo_ros2/srv/detail
-- Installing: /home/hp/marscar_ws/install/marscar_gazebo_ros2/include/marscar_gazebo_ros2/marscar_gazebo_ros2/srv/detail/ball_shooter__rosidl_typesupport_fastrtps_c.h
-- Installing: /home/hp/marscar_ws/install/marscar_gazebo_ros2/lib/libmarscar_gazebo_ros2__rosidl_typesupport_fastrtps_c.so
-- Set runtime path of "/home/hp/marscar_ws/install/marscar_gazebo_ros2/lib/libmarscar_gazebo_ros2__rosidl_typesupport_fastrtps_c.so" to ""
-- Up-to-date: /home/hp/marscar_ws/install/marscar_gazebo_ros2/include/marscar_gazebo_ros2/marscar_gazebo_ros2
-- Up-to-date: /home/hp/marscar_ws/install/marscar_gazebo_ros2/include/marscar_gazebo_ros2/marscar_gazebo_ros2/msg
-- Up-to-date: /home/hp/marscar_ws/install/marscar_gazebo_ros2/include/marscar_gazebo_ros2/marscar_gazebo_ros2/msg/detail
-- Installing: /home/hp/marscar_ws/install/marscar_gazebo_ros2/include/marscar_gazebo_ros2/marscar_gazebo_ros2/msg/detail/cableposseqq__traits.hpp
-- Installing: /home/hp/marscar_ws/install/marscar_gazebo_ros2/include/marscar_gazebo_ros2/marscar_gazebo_ros2/msg/detail/cableposseqq__struct.hpp
-- Installing: /home/hp/marscar_ws/install/marscar_gazebo_ros2/include/marscar_gazebo_ros2/marscar_gazebo_ros2/msg/detail/cableposseqq__builder.hpp
-- Installing: /home/hp/marscar_ws/install/marscar_gazebo_ros2/include/marscar_gazebo_ros2/marscar_gazebo_ros2/msg/cableposseqq.hpp
-- Up-to-date: /home/hp/marscar_ws/install/marscar_gazebo_ros2/include/marscar_gazebo_ros2/marscar_gazebo_ros2/srv
-- Installing: /home/hp/marscar_ws/install/marscar_gazebo_ros2/include/marscar_gazebo_ros2/marscar_gazebo_ros2/srv/ball_shooter.hpp
-- Up-to-date: /home/hp/marscar_ws/install/marscar_gazebo_ros2/include/marscar_gazebo_ros2/marscar_gazebo_ros2/srv/detail
-- Installing: /home/hp/marscar_ws/install/marscar_gazebo_ros2/include/marscar_gazebo_ros2/marscar_gazebo_ros2/srv/detail/ball_shooter__traits.hpp
-- Installing: /home/hp/marscar_ws/install/marscar_gazebo_ros2/include/marscar_gazebo_ros2/marscar_gazebo_ros2/srv/detail/ball_shooter__builder.hpp
-- Installing: /home/hp/marscar_ws/install/marscar_gazebo_ros2/include/marscar_gazebo_ros2/marscar_gazebo_ros2/srv/detail/ball_shooter__struct.hpp
-- Up-to-date: /home/hp/marscar_ws/install/marscar_gazebo_ros2/include/marscar_gazebo_ros2/marscar_gazebo_ros2
-- Up-to-date: /home/hp/marscar_ws/install/marscar_gazebo_ros2/include/marscar_gazebo_ros2/marscar_gazebo_ros2/msg
-- Installing: /home/hp/marscar_ws/install/marscar_gazebo_ros2/include/marscar_gazebo_ros2/marscar_gazebo_ros2/msg/rosidl_typesupport_fastrtps_cpp__visibility_control.h
-- Up-to-date: /home/hp/marscar_ws/install/marscar_gazebo_ros2/include/marscar_gazebo_ros2/marscar_gazebo_ros2/msg/detail
-- Installing: /home/hp/marscar_ws/install/marscar_gazebo_ros2/include/marscar_gazebo_ros2/marscar_gazebo_ros2/msg/detail/cableposseqq__rosidl_typesupport_fastrtps_cpp.hpp
-- Installing: /home/hp/marscar_ws/install/marscar_gazebo_ros2/include/marscar_gazebo_ros2/marscar_gazebo_ros2/msg/detail/dds_fastrtps
-- Up-to-date: /home/hp/marscar_ws/install/marscar_gazebo_ros2/include/marscar_gazebo_ros2/marscar_gazebo_ros2/srv
-- Up-to-date: /home/hp/marscar_ws/install/marscar_gazebo_ros2/include/marscar_gazebo_ros2/marscar_gazebo_ros2/srv/detail
-- Installing: /home/hp/marscar_ws/install/marscar_gazebo_ros2/include/marscar_gazebo_ros2/marscar_gazebo_ros2/srv/detail/dds_fastrtps
-- Installing: /home/hp/marscar_ws/install/marscar_gazebo_ros2/include/marscar_gazebo_ros2/marscar_gazebo_ros2/srv/detail/ball_shooter__rosidl_typesupport_fastrtps_cpp.hpp
-- Installing: /home/hp/marscar_ws/install/marscar_gazebo_ros2/lib/libmarscar_gazebo_ros2__rosidl_typesupport_fastrtps_cpp.so
-- Set runtime path of "/home/hp/marscar_ws/install/marscar_gazebo_ros2/lib/libmarscar_gazebo_ros2__rosidl_typesupport_fastrtps_cpp.so" to ""
-- Up-to-date: /home/hp/marscar_ws/install/marscar_gazebo_ros2/include/marscar_gazebo_ros2/marscar_gazebo_ros2
-- Up-to-date: /home/hp/marscar_ws/install/marscar_gazebo_ros2/include/marscar_gazebo_ros2/marscar_gazebo_ros2/msg
-- Up-to-date: /home/hp/marscar_ws/install/marscar_gazebo_ros2/include/marscar_gazebo_ros2/marscar_gazebo_ros2/msg/detail
-- Installing: /home/hp/marscar_ws/install/marscar_gazebo_ros2/include/marscar_gazebo_ros2/marscar_gazebo_ros2/msg/detail/cableposseqq__type_support.c
-- Installing: /home/hp/marscar_ws/install/marscar_gazebo_ros2/include/marscar_gazebo_ros2/marscar_gazebo_ros2/msg/detail/cableposseqq__rosidl_typesupport_introspection_c.h
-- Installing: /home/hp/marscar_ws/install/marscar_gazebo_ros2/include/marscar_gazebo_ros2/marscar_gazebo_ros2/msg/rosidl_typesupport_introspection_c__visibility_control.h
-- Up-to-date: /home/hp/marscar_ws/install/marscar_gazebo_ros2/include/marscar_gazebo_ros2/marscar_gazebo_ros2/srv
-- Up-to-date: /home/hp/marscar_ws/install/marscar_gazebo_ros2/include/marscar_gazebo_ros2/marscar_gazebo_ros2/srv/detail
-- Installing: /home/hp/marscar_ws/install/marscar_gazebo_ros2/include/marscar_gazebo_ros2/marscar_gazebo_ros2/srv/detail/ball_shooter__rosidl_typesupport_introspection_c.h
-- Installing: /home/hp/marscar_ws/install/marscar_gazebo_ros2/include/marscar_gazebo_ros2/marscar_gazebo_ros2/srv/detail/ball_shooter__type_support.c
-- Installing: /home/hp/marscar_ws/install/marscar_gazebo_ros2/lib/libmarscar_gazebo_ros2__rosidl_typesupport_introspection_c.so
-- Set runtime path of "/home/hp/marscar_ws/install/marscar_gazebo_ros2/lib/libmarscar_gazebo_ros2__rosidl_typesupport_introspection_c.so" to ""
-- Installing: /home/hp/marscar_ws/install/marscar_gazebo_ros2/lib/libmarscar_gazebo_ros2__rosidl_typesupport_c.so
-- Set runtime path of "/home/hp/marscar_ws/install/marscar_gazebo_ros2/lib/libmarscar_gazebo_ros2__rosidl_typesupport_c.so" to ""
-- Up-to-date: /home/hp/marscar_ws/install/marscar_gazebo_ros2/include/marscar_gazebo_ros2/marscar_gazebo_ros2
-- Up-to-date: /home/hp/marscar_ws/install/marscar_gazebo_ros2/include/marscar_gazebo_ros2/marscar_gazebo_ros2/msg
-- Up-to-date: /home/hp/marscar_ws/install/marscar_gazebo_ros2/include/marscar_gazebo_ros2/marscar_gazebo_ros2/msg/detail
-- Installing: /home/hp/marscar_ws/install/marscar_gazebo_ros2/include/marscar_gazebo_ros2/marscar_gazebo_ros2/msg/detail/cableposseqq__type_support.cpp
-- Installing: /home/hp/marscar_ws/install/marscar_gazebo_ros2/include/marscar_gazebo_ros2/marscar_gazebo_ros2/msg/detail/cableposseqq__rosidl_typesupport_introspection_cpp.hpp
-- Up-to-date: /home/hp/marscar_ws/install/marscar_gazebo_ros2/include/marscar_gazebo_ros2/marscar_gazebo_ros2/srv
-- Up-to-date: /home/hp/marscar_ws/install/marscar_gazebo_ros2/include/marscar_gazebo_ros2/marscar_gazebo_ros2/srv/detail
-- Installing: /home/hp/marscar_ws/install/marscar_gazebo_ros2/include/marscar_gazebo_ros2/marscar_gazebo_ros2/srv/detail/ball_shooter__rosidl_typesupport_introspection_cpp.hpp
-- Installing: /home/hp/marscar_ws/install/marscar_gazebo_ros2/include/marscar_gazebo_ros2/marscar_gazebo_ros2/srv/detail/ball_shooter__type_support.cpp
-- Installing: /home/hp/marscar_ws/install/marscar_gazebo_ros2/lib/libmarscar_gazebo_ros2__rosidl_typesupport_introspection_cpp.so
-- Set runtime path of "/home/hp/marscar_ws/install/marscar_gazebo_ros2/lib/libmarscar_gazebo_ros2__rosidl_typesupport_introspection_cpp.so" to ""
-- Installing: /home/hp/marscar_ws/install/marscar_gazebo_ros2/lib/libmarscar_gazebo_ros2__rosidl_typesupport_cpp.so
-- Set runtime path of "/home/hp/marscar_ws/install/marscar_gazebo_ros2/lib/libmarscar_gazebo_ros2__rosidl_typesupport_cpp.so" to ""
-- Installing: /home/hp/marscar_ws/install/marscar_gazebo_ros2/share/marscar_gazebo_ros2/environment/pythonpath.sh
-- Installing: /home/hp/marscar_ws/install/marscar_gazebo_ros2/share/marscar_gazebo_ros2/environment/pythonpath.dsv
-- Installing: /home/hp/marscar_ws/install/marscar_gazebo_ros2/local/lib/python3.10/dist-packages/marscar_gazebo_ros2-0.5.1-py3.10.egg-info
-- Installing: /home/hp/marscar_ws/install/marscar_gazebo_ros2/local/lib/python3.10/dist-packages/marscar_gazebo_ros2-0.5.1-py3.10.egg-info/top_level.txt
-- Installing: /home/hp/marscar_ws/install/marscar_gazebo_ros2/local/lib/python3.10/dist-packages/marscar_gazebo_ros2-0.5.1-py3.10.egg-info/SOURCES.txt
-- Installing: /home/hp/marscar_ws/install/marscar_gazebo_ros2/local/lib/python3.10/dist-packages/marscar_gazebo_ros2-0.5.1-py3.10.egg-info/PKG-INFO
-- Installing: /home/hp/marscar_ws/install/marscar_gazebo_ros2/local/lib/python3.10/dist-packages/marscar_gazebo_ros2-0.5.1-py3.10.egg-info/dependency_links.txt
-- Installing: /home/hp/marscar_ws/install/marscar_gazebo_ros2/local/lib/python3.10/dist-packages/marscar_gazebo_ros2
-- Installing: /home/hp/marscar_ws/install/marscar_gazebo_ros2/local/lib/python3.10/dist-packages/marscar_gazebo_ros2/msg
-- Installing: /home/hp/marscar_ws/install/marscar_gazebo_ros2/local/lib/python3.10/dist-packages/marscar_gazebo_ros2/msg/_cableposseqq.py
-- Installing: /home/hp/marscar_ws/install/marscar_gazebo_ros2/local/lib/python3.10/dist-packages/marscar_gazebo_ros2/msg/_cableposseqq_s.c
-- Installing: /home/hp/marscar_ws/install/marscar_gazebo_ros2/local/lib/python3.10/dist-packages/marscar_gazebo_ros2/msg/__init__.py
-- Installing: /home/hp/marscar_ws/install/marscar_gazebo_ros2/local/lib/python3.10/dist-packages/marscar_gazebo_ros2/_marscar_gazebo_ros2_s.ep.rosidl_typesupport_c.c
-- Installing: /home/hp/marscar_ws/install/marscar_gazebo_ros2/local/lib/python3.10/dist-packages/marscar_gazebo_ros2/marscar_gazebo_ros2_s__rosidl_typesupport_introspection_c.cpython-310-x86_64-linux-gnu.so
-- Installing: /home/hp/marscar_ws/install/marscar_gazebo_ros2/local/lib/python3.10/dist-packages/marscar_gazebo_ros2/marscar_gazebo_ros2_s__rosidl_typesupport_c.cpython-310-x86_64-linux-gnu.so
-- Installing: /home/hp/marscar_ws/install/marscar_gazebo_ros2/local/lib/python3.10/dist-packages/marscar_gazebo_ros2/_marscar_gazebo_ros2_s.ep.rosidl_typesupport_fastrtps_c.c
-- Installing: /home/hp/marscar_ws/install/marscar_gazebo_ros2/local/lib/python3.10/dist-packages/marscar_gazebo_ros2/marscar_gazebo_ros2_s__rosidl_typesupport_fastrtps_c.cpython-310-x86_64-linux-gnu.so
-- Installing: /home/hp/marscar_ws/install/marscar_gazebo_ros2/local/lib/python3.10/dist-packages/marscar_gazebo_ros2/_marscar_gazebo_ros2_s.ep.rosidl_typesupport_introspection_c.c
-- Installing: /home/hp/marscar_ws/install/marscar_gazebo_ros2/local/lib/python3.10/dist-packages/marscar_gazebo_ros2/srv
-- Installing: /home/hp/marscar_ws/install/marscar_gazebo_ros2/local/lib/python3.10/dist-packages/marscar_gazebo_ros2/srv/_ball_shooter.py
-- Installing: /home/hp/marscar_ws/install/marscar_gazebo_ros2/local/lib/python3.10/dist-packages/marscar_gazebo_ros2/srv/_ball_shooter_s.c
-- Installing: /home/hp/marscar_ws/install/marscar_gazebo_ros2/local/lib/python3.10/dist-packages/marscar_gazebo_ros2/srv/__init__.py
-- Installing: /home/hp/marscar_ws/install/marscar_gazebo_ros2/local/lib/python3.10/dist-packages/marscar_gazebo_ros2/libmarscar_gazebo_ros2__rosidl_generator_py.so
-- Installing: /home/hp/marscar_ws/install/marscar_gazebo_ros2/local/lib/python3.10/dist-packages/marscar_gazebo_ros2/__init__.py
Listing '/home/hp/marscar_ws/install/marscar_gazebo_ros2/local/lib/python3.10/dist-packages/marscar_gazebo_ros2'...
Compiling '/home/hp/marscar_ws/install/marscar_gazebo_ros2/local/lib/python3.10/dist-packages/marscar_gazebo_ros2/__init__.py'...
Listing '/home/hp/marscar_ws/install/marscar_gazebo_ros2/local/lib/python3.10/dist-packages/marscar_gazebo_ros2/msg'...
Compiling '/home/hp/marscar_ws/install/marscar_gazebo_ros2/local/lib/python3.10/dist-packages/marscar_gazebo_ros2/msg/__init__.py'...
Compiling '/home/hp/marscar_ws/install/marscar_gazebo_ros2/local/lib/python3.10/dist-packages/marscar_gazebo_ros2/msg/_cableposseqq.py'...
Listing '/home/hp/marscar_ws/install/marscar_gazebo_ros2/local/lib/python3.10/dist-packages/marscar_gazebo_ros2/srv'...
Compiling '/home/hp/marscar_ws/install/marscar_gazebo_ros2/local/lib/python3.10/dist-packages/marscar_gazebo_ros2/srv/__init__.py'...
Compiling '/home/hp/marscar_ws/install/marscar_gazebo_ros2/local/lib/python3.10/dist-packages/marscar_gazebo_ros2/srv/_ball_shooter.py'...
-- Installing: /home/hp/marscar_ws/install/marscar_gazebo_ros2/local/lib/python3.10/dist-packages/marscar_gazebo_ros2/marscar_gazebo_ros2_s__rosidl_typesupport_fastrtps_c.cpython-310-x86_64-linux-gnu.so
-- Set runtime path of "/home/hp/marscar_ws/install/marscar_gazebo_ros2/local/lib/python3.10/dist-packages/marscar_gazebo_ros2/marscar_gazebo_ros2_s__rosidl_typesupport_fastrtps_c.cpython-310-x86_64-linux-gnu.so" to ""
-- Installing: /home/hp/marscar_ws/install/marscar_gazebo_ros2/local/lib/python3.10/dist-packages/marscar_gazebo_ros2/marscar_gazebo_ros2_s__rosidl_typesupport_introspection_c.cpython-310-x86_64-linux-gnu.so
-- Set runtime path of "/home/hp/marscar_ws/install/marscar_gazebo_ros2/local/lib/python3.10/dist-packages/marscar_gazebo_ros2/marscar_gazebo_ros2_s__rosidl_typesupport_introspection_c.cpython-310-x86_64-linux-gnu.so" to ""
-- Installing: /home/hp/marscar_ws/install/marscar_gazebo_ros2/local/lib/python3.10/dist-packages/marscar_gazebo_ros2/marscar_gazebo_ros2_s__rosidl_typesupport_c.cpython-310-x86_64-linux-gnu.so
-- Set runtime path of "/home/hp/marscar_ws/install/marscar_gazebo_ros2/local/lib/python3.10/dist-packages/marscar_gazebo_ros2/marscar_gazebo_ros2_s__rosidl_typesupport_c.cpython-310-x86_64-linux-gnu.so" to ""
-- Installing: /home/hp/marscar_ws/install/marscar_gazebo_ros2/lib/libmarscar_gazebo_ros2__rosidl_generator_py.so
-- Set runtime path of "/home/hp/marscar_ws/install/marscar_gazebo_ros2/lib/libmarscar_gazebo_ros2__rosidl_generator_py.so" to ""
-- Installing: /home/hp/marscar_ws/install/marscar_gazebo_ros2/share/marscar_gazebo_ros2/msg/Cableposseqq.idl
-- Installing: /home/hp/marscar_ws/install/marscar_gazebo_ros2/share/marscar_gazebo_ros2/srv/BallShooter.idl
-- Installing: /home/hp/marscar_ws/install/marscar_gazebo_ros2/share/marscar_gazebo_ros2/msg/Cableposseqq.msg
-- Installing: /home/hp/marscar_ws/install/marscar_gazebo_ros2/share/marscar_gazebo_ros2/srv/BallShooter.srv
-- Installing: /home/hp/marscar_ws/install/marscar_gazebo_ros2/share/marscar_gazebo_ros2/srv/BallShooter_Request.msg
-- Installing: /home/hp/marscar_ws/install/marscar_gazebo_ros2/share/marscar_gazebo_ros2/srv/BallShooter_Response.msg
-- Installing: /home/hp/marscar_ws/install/marscar_gazebo_ros2/lib/marscar_gazebo_ros2/mars_cmdvel.py
-- Installing: /home/hp/marscar_ws/install/marscar_gazebo_ros2/lib/marscar_gazebo_ros2/joy2twist.py
-- Installing: /home/hp/marscar_ws/install/marscar_gazebo_ros2/lib/marscar_gazebo_ros2/teleop_keyboard.py
-- Installing: /home/hp/marscar_ws/install/marscar_gazebo_ros2/lib/marscar_gazebo_ros2/keep_balance.py
-- Installing: /home/hp/marscar_ws/install/marscar_gazebo_ros2/lib/marscar_gazebo_ros2/joy_shooter.py
-- Installing: /home/hp/marscar_ws/install/marscar_gazebo_ros2/lib/marscar_gazebo_ros2/joy_cart.py
-- Installing: /home/hp/marscar_ws/install/marscar_gazebo_ros2/share/ament_index/resource_index/package_run_dependencies/marscar_gazebo_ros2
-- Installing: /home/hp/marscar_ws/install/marscar_gazebo_ros2/share/ament_index/resource_index/parent_prefix_path/marscar_gazebo_ros2
-- Installing: /home/hp/marscar_ws/install/marscar_gazebo_ros2/share/marscar_gazebo_ros2/environment/ament_prefix_path.sh
-- Installing: /home/hp/marscar_ws/install/marscar_gazebo_ros2/share/marscar_gazebo_ros2/environment/ament_prefix_path.dsv
-- Installing: /home/hp/marscar_ws/install/marscar_gazebo_ros2/share/marscar_gazebo_ros2/environment/path.sh
-- Installing: /home/hp/marscar_ws/install/marscar_gazebo_ros2/share/marscar_gazebo_ros2/environment/path.dsv
-- Installing: /home/hp/marscar_ws/install/marscar_gazebo_ros2/share/marscar_gazebo_ros2/local_setup.bash
-- Installing: /home/hp/marscar_ws/install/marscar_gazebo_ros2/share/marscar_gazebo_ros2/local_setup.sh
-- Installing: /home/hp/marscar_ws/install/marscar_gazebo_ros2/share/marscar_gazebo_ros2/local_setup.zsh
-- Installing: /home/hp/marscar_ws/install/marscar_gazebo_ros2/share/marscar_gazebo_ros2/local_setup.dsv
-- Installing: /home/hp/marscar_ws/install/marscar_gazebo_ros2/share/marscar_gazebo_ros2/package.dsv
-- Installing: /home/hp/marscar_ws/install/marscar_gazebo_ros2/share/ament_index/resource_index/packages/marscar_gazebo_ros2
-- Installing: /home/hp/marscar_ws/install/marscar_gazebo_ros2/share/marscar_gazebo_ros2/cmake/export_marscar_gazebo_ros2__rosidl_generator_cExport.cmake
-- Installing: /home/hp/marscar_ws/install/marscar_gazebo_ros2/share/marscar_gazebo_ros2/cmake/export_marscar_gazebo_ros2__rosidl_generator_cExport-noconfig.cmake
-- Installing: /home/hp/marscar_ws/install/marscar_gazebo_ros2/share/marscar_gazebo_ros2/cmake/export_marscar_gazebo_ros2__rosidl_typesupport_fastrtps_cExport.cmake
-- Installing: /home/hp/marscar_ws/install/marscar_gazebo_ros2/share/marscar_gazebo_ros2/cmake/export_marscar_gazebo_ros2__rosidl_typesupport_fastrtps_cExport-noconfig.cmake
-- Installing: /home/hp/marscar_ws/install/marscar_gazebo_ros2/share/marscar_gazebo_ros2/cmake/export_marscar_gazebo_ros2__rosidl_generator_cppExport.cmake
-- Installing: /home/hp/marscar_ws/install/marscar_gazebo_ros2/share/marscar_gazebo_ros2/cmake/export_marscar_gazebo_ros2__rosidl_typesupport_fastrtps_cppExport.cmake
-- Installing: /home/hp/marscar_ws/install/marscar_gazebo_ros2/share/marscar_gazebo_ros2/cmake/export_marscar_gazebo_ros2__rosidl_typesupport_fastrtps_cppExport-noconfig.cmake
-- Installing: /home/hp/marscar_ws/install/marscar_gazebo_ros2/share/marscar_gazebo_ros2/cmake/marscar_gazebo_ros2__rosidl_typesupport_introspection_cExport.cmake
-- Installing: /home/hp/marscar_ws/install/marscar_gazebo_ros2/share/marscar_gazebo_ros2/cmake/marscar_gazebo_ros2__rosidl_typesupport_introspection_cExport-noconfig.cmake
-- Installing: /home/hp/marscar_ws/install/marscar_gazebo_ros2/share/marscar_gazebo_ros2/cmake/marscar_gazebo_ros2__rosidl_typesupport_cExport.cmake
-- Installing: /home/hp/marscar_ws/install/marscar_gazebo_ros2/share/marscar_gazebo_ros2/cmake/marscar_gazebo_ros2__rosidl_typesupport_cExport-noconfig.cmake
-- Installing: /home/hp/marscar_ws/install/marscar_gazebo_ros2/share/marscar_gazebo_ros2/cmake/marscar_gazebo_ros2__rosidl_typesupport_introspection_cppExport.cmake
-- Installing: /home/hp/marscar_ws/install/marscar_gazebo_ros2/share/marscar_gazebo_ros2/cmake/marscar_gazebo_ros2__rosidl_typesupport_introspection_cppExport-noconfig.cmake
-- Installing: /home/hp/marscar_ws/install/marscar_gazebo_ros2/share/marscar_gazebo_ros2/cmake/marscar_gazebo_ros2__rosidl_typesupport_cppExport.cmake
-- Installing: /home/hp/marscar_ws/install/marscar_gazebo_ros2/share/marscar_gazebo_ros2/cmake/marscar_gazebo_ros2__rosidl_typesupport_cppExport-noconfig.cmake
-- Installing: /home/hp/marscar_ws/install/marscar_gazebo_ros2/share/marscar_gazebo_ros2/cmake/export_marscar_gazebo_ros2__rosidl_generator_pyExport.cmake
-- Installing: /home/hp/marscar_ws/install/marscar_gazebo_ros2/share/marscar_gazebo_ros2/cmake/export_marscar_gazebo_ros2__rosidl_generator_pyExport-noconfig.cmake
-- Installing: /home/hp/marscar_ws/install/marscar_gazebo_ros2/share/marscar_gazebo_ros2/cmake/rosidl_cmake-extras.cmake
-- Installing: /home/hp/marscar_ws/install/marscar_gazebo_ros2/share/marscar_gazebo_ros2/cmake/ament_cmake_export_include_directories-extras.cmake
-- Installing: /home/hp/marscar_ws/install/marscar_gazebo_ros2/share/marscar_gazebo_ros2/cmake/ament_cmake_export_libraries-extras.cmake
-- Installing: /home/hp/marscar_ws/install/marscar_gazebo_ros2/share/marscar_gazebo_ros2/cmake/ament_cmake_export_targets-extras.cmake
-- Installing: /home/hp/marscar_ws/install/marscar_gazebo_ros2/share/marscar_gazebo_ros2/cmake/rosidl_cmake_export_typesupport_targets-extras.cmake
-- Installing: /home/hp/marscar_ws/install/marscar_gazebo_ros2/share/marscar_gazebo_ros2/cmake/ament_cmake_export_dependencies-extras.cmake
-- Installing: /home/hp/marscar_ws/install/marscar_gazebo_ros2/share/marscar_gazebo_ros2/cmake/rosidl_cmake_export_typesupport_libraries-extras.cmake
-- Installing: /home/hp/marscar_ws/install/marscar_gazebo_ros2/share/marscar_gazebo_ros2/cmake/marscar_gazebo_ros2Config.cmake
-- Installing: /home/hp/marscar_ws/install/marscar_gazebo_ros2/share/marscar_gazebo_ros2/cmake/marscar_gazebo_ros2Config-version.cmake
-- Installing: /home/hp/marscar_ws/install/marscar_gazebo_ros2/share/marscar_gazebo_ros2/package.xml
