[0.013s] Invoking command in '/home/hp/marscar_ws/build/marscar_gazebo_ros2': CMAKE_PREFIX_PATH=${CMAKE_PREFIX_PATH}:/home/hp/mars_car_ws/install/mediapipe_ros2:/opt/ros/humble /usr/bin/cmake /home/hp/marscar_ws/src/marscar_gazebo_ros2 -DCMAKE_INSTALL_PREFIX=/home/hp/marscar_ws/install/marscar_gazebo_ros2
[0.063s] -- The C compiler identification is GNU 11.4.0
[0.103s] -- The CXX compiler identification is GNU 11.4.0
[0.108s] -- Detecting C compiler ABI info
[0.150s] -- Detecting C compiler ABI info - done
[0.156s] -- Check for working C compiler: /usr/bin/cc - skipped
[0.156s] -- Detecting C compile features
[0.157s] -- Detecting C compile features - done
[0.159s] -- Detecting CXX compiler ABI info
[0.210s] -- Detecting CXX compiler ABI info - done
[0.219s] -- Check for working CXX compiler: /usr/bin/c++ - skipped
[0.219s] -- Detecting CXX compile features
[0.220s] -- Detecting CXX compile features - done
[0.222s] -- Found ament_cmake: 1.3.6 (/opt/ros/humble/share/ament_cmake/cmake)
[0.337s] -- Found Python3: /usr/bin/python3.10 (found version "3.10.12") found components: Interpreter 
[0.401s] -- Found control_msgs: 4.4.0 (/opt/ros/humble/share/control_msgs/cmake)
[0.427s] -- Found rosidl_generator_c: 3.1.5 (/opt/ros/humble/share/rosidl_generator_c/cmake)
[0.430s] -- Found rosidl_adapter: 3.1.5 (/opt/ros/humble/share/rosidl_adapter/cmake)
[0.436s] -- Found rosidl_generator_cpp: 3.1.5 (/opt/ros/humble/share/rosidl_generator_cpp/cmake)
[0.445s] -- Using all available rosidl_typesupport_c: rosidl_typesupport_fastrtps_c;rosidl_typesupport_introspection_c
[0.457s] -- Using all available rosidl_typesupport_cpp: rosidl_typesupport_fastrtps_cpp;rosidl_typesupport_introspection_cpp
[0.841s] -- Found rclcpp: 16.0.7 (/opt/ros/humble/share/rclcpp/cmake)
[0.880s] -- Found rmw_implementation_cmake: 6.1.1 (/opt/ros/humble/share/rmw_implementation_cmake/cmake)
[0.882s] -- Found rmw_fastrtps_cpp: 6.2.5 (/opt/ros/humble/share/rmw_fastrtps_cpp/cmake)
[0.945s] -- Found OpenSSL: /usr/lib/x86_64-linux-gnu/libcrypto.so (found version "3.0.2")  
[0.963s] -- Found FastRTPS: /opt/ros/humble/include  
[0.994s] -- Using RMW implementation 'rmw_fastrtps_cpp' as default
[1.000s] -- Looking for pthread.h
[1.045s] -- Looking for pthread.h - found
[1.045s] -- Performing Test CMAKE_HAVE_LIBC_PTHREAD
[1.091s] -- Performing Test CMAKE_HAVE_LIBC_PTHREAD - Success
[1.092s] -- Found Threads: TRUE  
[1.178s] -- Found rclcpp_action: 16.0.7 (/opt/ros/humble/share/rclcpp_action/cmake)
[1.199s] -- Found rclpy: 3.3.11 (/opt/ros/humble/share/rclpy/cmake)
[1.201s] -- Found octomap_server: 2.0.0 (/opt/ros/humble/share/octomap_server/cmake)
[1.576s] -- Found eigen3_cmake_module: 0.1.1 (/opt/ros/humble/share/eigen3_cmake_module/cmake)
[1.577s] -- Found Eigen3: TRUE (found version "3.4.0") 
[1.577s] -- Ensuring Eigen3 include directory is part of orocos-kdl CMake target
[1.794s] -- Checking for module 'eigen3'
[1.802s] --   Found eigen3, version 3.4.0
[1.822s] -- Found Eigen: /usr/include/eigen3 (Required is at least version "3.1") 
[1.822s] -- Eigen found (include: /usr/include/eigen3, version: 3.4.0)
[1.847s] -- Checking for module 'flann'
[1.855s] --   Found flann, version 1.9.1
[1.880s] -- Found FLANN: /usr/lib/x86_64-linux-gnu/libflann_cpp.so  
[1.880s] -- FLANN found (include: /usr/include, lib: /usr/lib/x86_64-linux-gnu/libflann_cpp.so)
[2.556s] -- Checking for module 'libusb-1.0'
[2.571s] --   Found libusb-1.0, version 1.0.25
[2.599s] -- Found libusb: /usr/lib/x86_64-linux-gnu/libusb-1.0.so  
[2.600s] -- OpenNI found (version: 1.5.4.0, include: /usr/include/ni, lib: /usr/lib/libOpenNI.so;libusb::libusb)
[2.644s] -- OpenNI2 found (version: 2.2.0.33, include: /usr/include/openni2, lib: /usr/lib/x86_64-linux-gnu/libOpenNI2.so;libusb::libusb)
[2.779s] -- Eigen found (include: /usr/include/eigen3, version: 3.4.0)
[2.784s] -- OpenNI found (version: 1.5.4.0, include: /usr/include/ni, lib: /usr/lib/libOpenNI.so;libusb::libusb)
[2.790s] -- OpenNI2 found (version: 2.2.0.33, include: /usr/include/openni2, lib: /usr/lib/x86_64-linux-gnu/libOpenNI2.so;libusb::libusb)
[2.925s] -- Found Qhull version 8.0.2
[3.118s] -- OpenNI found (version: 1.5.4.0, include: /usr/include/ni, lib: /usr/lib/libOpenNI.so;libusb::libusb)
[3.300s] -- Found PCL_COMMON: /usr/lib/x86_64-linux-gnu/libpcl_common.so  
[3.301s] -- Found PCL_KDTREE: /usr/lib/x86_64-linux-gnu/libpcl_kdtree.so  
[3.302s] -- Found PCL_OCTREE: /usr/lib/x86_64-linux-gnu/libpcl_octree.so  
[3.303s] -- Found PCL_SEARCH: /usr/lib/x86_64-linux-gnu/libpcl_search.so  
[3.304s] -- Found PCL_SAMPLE_CONSENSUS: /usr/lib/x86_64-linux-gnu/libpcl_sample_consensus.so  
[3.306s] -- Found PCL_FILTERS: /usr/lib/x86_64-linux-gnu/libpcl_filters.so  
[3.306s] -- Found PCL_2D: /usr/include/pcl-1.12  
[3.306s] -- Found PCL_GEOMETRY: /usr/include/pcl-1.12  
[3.307s] -- Found PCL_IO: /usr/lib/x86_64-linux-gnu/libpcl_io.so  
[3.309s] -- Found PCL_FEATURES: /usr/lib/x86_64-linux-gnu/libpcl_features.so  
[3.310s] -- Found PCL_ML: /usr/lib/x86_64-linux-gnu/libpcl_ml.so  
[3.311s] -- Found PCL_SEGMENTATION: /usr/lib/x86_64-linux-gnu/libpcl_segmentation.so  
[3.313s] -- Found PCL_VISUALIZATION: /usr/lib/x86_64-linux-gnu/libpcl_visualization.so  
[3.314s] -- Found PCL_SURFACE: /usr/lib/x86_64-linux-gnu/libpcl_surface.so  
[3.315s] -- Found PCL_REGISTRATION: /usr/lib/x86_64-linux-gnu/libpcl_registration.so  
[3.316s] -- Found PCL_KEYPOINTS: /usr/lib/x86_64-linux-gnu/libpcl_keypoints.so  
[3.317s] -- Found PCL_TRACKING: /usr/lib/x86_64-linux-gnu/libpcl_tracking.so  
[3.320s] -- Found PCL_RECOGNITION: /usr/lib/x86_64-linux-gnu/libpcl_recognition.so  
[3.321s] -- Found PCL_STEREO: /usr/lib/x86_64-linux-gnu/libpcl_stereo.so  
[3.322s] -- Found PCL_APPS: /usr/lib/x86_64-linux-gnu/libpcl_apps.so  
[3.323s] -- Found PCL_IN_HAND_SCANNER: /usr/include/pcl-1.12  
[3.324s] -- Found PCL_MODELER: /usr/include/pcl-1.12  
[3.324s] -- Found PCL_POINT_CLOUD_EDITOR: /usr/include/pcl-1.12  
[3.325s] -- Found PCL_OUTOFCORE: /usr/lib/x86_64-linux-gnu/libpcl_outofcore.so  
[3.326s] -- Found PCL_PEOPLE: /usr/lib/x86_64-linux-gnu/libpcl_people.so  
[3.849s] -- Found rosidl_default_generators: 1.2.0 (/opt/ros/humble/share/rosidl_default_generators/cmake)
[4.126s] -- Found ament_cmake_ros: 0.10.0 (/opt/ros/humble/share/ament_cmake_ros/cmake)
[4.503s] -- Using all available rosidl_typesupport_c: rosidl_typesupport_fastrtps_c;rosidl_typesupport_introspection_c
[4.638s] -- Using all available rosidl_typesupport_cpp: rosidl_typesupport_fastrtps_cpp;rosidl_typesupport_introspection_cpp
[4.661s] -- Found PythonInterp: /usr/bin/python3 (found suitable version "3.10.12", minimum required is "3.6") 
[4.663s] -- Found python_cmake_module: 0.10.0 (/opt/ros/humble/share/python_cmake_module/cmake)
[4.687s] -- Found PythonLibs: /usr/lib/x86_64-linux-gnu/libpython3.10.so (found suitable version "3.10.12", minimum required is "3.5") 
[4.687s] -- Using PYTHON_EXECUTABLE: /usr/bin/python3
[4.688s] -- Using PYTHON_INCLUDE_DIRS: /usr/include/python3.10
[4.688s] -- Using PYTHON_LIBRARIES: /usr/lib/x86_64-linux-gnu/libpython3.10.so
[4.705s] -- Found PythonExtra: .so  
[4.736s] -- Found ament_lint_auto: 0.12.9 (/opt/ros/humble/share/ament_lint_auto/cmake)
[4.757s] -- Added test 'copyright' to check source files copyright and LICENSE
[4.762s] -- Added test 'cppcheck' to perform static code analysis on C / C++ code
[4.762s] -- Configured cppcheck include dirs: /home/hp/marscar_ws/src/marscar_gazebo_ros2/include
[4.762s] -- Configured cppcheck exclude dirs and/or files: 
[4.767s] -- Added test 'cpplint' to check C / C++ code against the Google style
[4.767s] -- Configured cpplint exclude dirs and/or files: 
[4.768s] -- Added test 'flake8' to check Python code syntax and style conventions
[4.770s] -- Added test 'lint_cmake' to check CMake code style
[4.771s] -- Added test 'pep257' to check Python code against some of the docstring style conventions in PEP 257
[4.775s] -- Added test 'uncrustify' to check C / C++ code style
[4.775s] -- Configured uncrustify additional arguments: 
[4.776s] -- Added test 'xmllint' to check XML markup files
[4.778s] -- Configuring done
[4.804s] -- Generating done
[4.808s] -- Build files have been written to: /home/hp/marscar_ws/build/marscar_gazebo_ros2
[4.825s] Invoked command in '/home/hp/marscar_ws/build/marscar_gazebo_ros2' returned '0': CMAKE_PREFIX_PATH=${CMAKE_PREFIX_PATH}:/home/hp/mars_car_ws/install/mediapipe_ros2:/opt/ros/humble /usr/bin/cmake /home/hp/marscar_ws/src/marscar_gazebo_ros2 -DCMAKE_INSTALL_PREFIX=/home/hp/marscar_ws/install/marscar_gazebo_ros2
[4.826s] Invoking command in '/home/hp/marscar_ws/build/marscar_gazebo_ros2': CMAKE_PREFIX_PATH=${CMAKE_PREFIX_PATH}:/home/hp/mars_car_ws/install/mediapipe_ros2:/opt/ros/humble /usr/bin/cmake --build /home/hp/marscar_ws/build/marscar_gazebo_ros2 -- -j20 -l20
[4.863s] [  2%] [34m[1mGenerating C code for ROS interfaces[0m
[4.867s] [  5%] [34m[1mGenerating C++ code for ROS interfaces[0m
[4.885s] [  5%] Built target ament_cmake_python_copy_marscar_gazebo_ros2
[5.190s] [  7%] [32mBuilding C object CMakeFiles/marscar_gazebo_ros2__rosidl_generator_c.dir/rosidl_generator_c/marscar_gazebo_ros2/msg/detail/cableposseqq__functions.c.o[0m
[5.191s] [ 10%] [32mBuilding C object CMakeFiles/marscar_gazebo_ros2__rosidl_generator_c.dir/rosidl_generator_c/marscar_gazebo_ros2/srv/detail/ball_shooter__functions.c.o[0m
[5.200s] [ 10%] Built target marscar_gazebo_ros2__cpp
[5.213s] [ 17%] [34m[1mGenerating C++ type support for eProsima Fast-RTPS[0m
[5.213s] [ 17%] [34m[1mGenerating C++ introspection for ROS interfaces[0m
[5.214s] [ 17%] [34m[1mGenerating C++ type support dispatch for ROS interfaces[0m
[5.268s] [ 20%] [32m[1mLinking C shared library libmarscar_gazebo_ros2__rosidl_generator_c.so[0m
[5.275s] running egg_info
[5.276s] creating marscar_gazebo_ros2.egg-info
[5.277s] writing marscar_gazebo_ros2.egg-info/PKG-INFO
[5.277s] writing dependency_links to marscar_gazebo_ros2.egg-info/dependency_links.txt
[5.277s] writing top-level names to marscar_gazebo_ros2.egg-info/top_level.txt
[5.277s] writing manifest file 'marscar_gazebo_ros2.egg-info/SOURCES.txt'
[5.281s] reading manifest file 'marscar_gazebo_ros2.egg-info/SOURCES.txt'
[5.281s] writing manifest file 'marscar_gazebo_ros2.egg-info/SOURCES.txt'
[5.320s] [ 20%] Built target marscar_gazebo_ros2__rosidl_generator_c
[5.326s] [ 20%] Built target ament_cmake_python_build_marscar_gazebo_ros2_egg
[5.334s] [ 28%] [34m[1mGenerating C type support for eProsima Fast-RTPS[0m
[5.334s] [ 28%] [34m[1mGenerating C introspection for ROS interfaces[0m
[5.334s] [ 28%] [34m[1mGenerating C type support dispatch for ROS interfaces[0m
[5.500s] [ 33%] [32mBuilding CXX object CMakeFiles/marscar_gazebo_ros2__rosidl_typesupport_cpp.dir/rosidl_typesupport_cpp/marscar_gazebo_ros2/srv/ball_shooter__type_support.cpp.o[0m
[5.500s] [ 33%] [32mBuilding CXX object CMakeFiles/marscar_gazebo_ros2__rosidl_typesupport_cpp.dir/rosidl_typesupport_cpp/marscar_gazebo_ros2/msg/cableposseqq__type_support.cpp.o[0m
[5.636s] [ 38%] [32mBuilding CXX object CMakeFiles/marscar_gazebo_ros2__rosidl_typesupport_c.dir/rosidl_typesupport_c/marscar_gazebo_ros2/msg/cableposseqq__type_support.cpp.o[0m
[5.636s] [ 38%] [32mBuilding CXX object CMakeFiles/marscar_gazebo_ros2__rosidl_typesupport_c.dir/rosidl_typesupport_c/marscar_gazebo_ros2/srv/ball_shooter__type_support.cpp.o[0m
[5.649s] [ 43%] [32mBuilding CXX object CMakeFiles/marscar_gazebo_ros2__rosidl_typesupport_introspection_cpp.dir/rosidl_typesupport_introspection_cpp/marscar_gazebo_ros2/msg/detail/cableposseqq__type_support.cpp.o[0m
[5.649s] [ 43%] [32mBuilding CXX object CMakeFiles/marscar_gazebo_ros2__rosidl_typesupport_introspection_cpp.dir/rosidl_typesupport_introspection_cpp/marscar_gazebo_ros2/srv/detail/ball_shooter__type_support.cpp.o[0m
[5.679s] [ 46%] [32mBuilding CXX object CMakeFiles/marscar_gazebo_ros2__rosidl_typesupport_fastrtps_cpp.dir/rosidl_typesupport_fastrtps_cpp/marscar_gazebo_ros2/srv/detail/dds_fastrtps/ball_shooter__type_support.cpp.o[0m
[5.679s] [ 51%] [32mBuilding CXX object CMakeFiles/marscar_gazebo_ros2__rosidl_typesupport_fastrtps_cpp.dir/rosidl_typesupport_fastrtps_cpp/marscar_gazebo_ros2/msg/detail/dds_fastrtps/cableposseqq__type_support.cpp.o[0m
[5.679s] [ 51%] [32m[1mLinking CXX shared library libmarscar_gazebo_ros2__rosidl_typesupport_c.so[0m
[5.738s] [ 51%] Built target marscar_gazebo_ros2__rosidl_typesupport_c
[5.788s] [ 53%] [32mBuilding C object CMakeFiles/marscar_gazebo_ros2__rosidl_typesupport_introspection_c.dir/rosidl_typesupport_introspection_c/marscar_gazebo_ros2/msg/detail/cableposseqq__type_support.c.o[0m
[5.790s] [ 56%] [32mBuilding C object CMakeFiles/marscar_gazebo_ros2__rosidl_typesupport_introspection_c.dir/rosidl_typesupport_introspection_c/marscar_gazebo_ros2/srv/detail/ball_shooter__type_support.c.o[0m
[5.813s] [ 58%] [32mBuilding CXX object CMakeFiles/marscar_gazebo_ros2__rosidl_typesupport_fastrtps_c.dir/rosidl_typesupport_fastrtps_c/marscar_gazebo_ros2/srv/detail/ball_shooter__type_support_c.cpp.o[0m
[5.814s] [ 61%] [32mBuilding CXX object CMakeFiles/marscar_gazebo_ros2__rosidl_typesupport_fastrtps_c.dir/rosidl_typesupport_fastrtps_c/marscar_gazebo_ros2/msg/detail/cableposseqq__type_support_c.cpp.o[0m
[5.849s] [ 64%] [32m[1mLinking C shared library libmarscar_gazebo_ros2__rosidl_typesupport_introspection_c.so[0m
[5.897s] [ 64%] Built target marscar_gazebo_ros2__rosidl_typesupport_introspection_c
[5.910s] [ 66%] [32m[1mLinking CXX shared library libmarscar_gazebo_ros2__rosidl_typesupport_cpp.so[0m
[5.969s] [ 66%] Built target marscar_gazebo_ros2__rosidl_typesupport_cpp
[6.207s] [ 69%] [32m[1mLinking CXX shared library libmarscar_gazebo_ros2__rosidl_typesupport_fastrtps_cpp.so[0m
[6.256s] [ 71%] [32m[1mLinking CXX shared library libmarscar_gazebo_ros2__rosidl_typesupport_introspection_cpp.so[0m
[6.273s] [ 71%] Built target marscar_gazebo_ros2__rosidl_typesupport_fastrtps_cpp
[6.292s] [ 74%] [32m[1mLinking CXX shared library libmarscar_gazebo_ros2__rosidl_typesupport_fastrtps_c.so[0m
[6.319s] [ 74%] Built target marscar_gazebo_ros2__rosidl_typesupport_introspection_cpp
[6.374s] [ 74%] Built target marscar_gazebo_ros2__rosidl_typesupport_fastrtps_c
[6.389s] [ 74%] Built target marscar_gazebo_ros2
[6.404s] [ 76%] [34m[1mGenerating Python code for ROS interfaces[0m
[6.748s] [ 76%] Built target marscar_gazebo_ros2__py
[6.764s] [ 79%] [32mBuilding C object CMakeFiles/marscar_gazebo_ros2__rosidl_generator_py.dir/rosidl_generator_py/marscar_gazebo_ros2/msg/_cableposseqq_s.c.o[0m
[6.768s] [ 82%] [32mBuilding C object CMakeFiles/marscar_gazebo_ros2__rosidl_generator_py.dir/rosidl_generator_py/marscar_gazebo_ros2/srv/_ball_shooter_s.c.o[0m
[6.879s] [ 84%] [32m[1mLinking C shared library rosidl_generator_py/marscar_gazebo_ros2/libmarscar_gazebo_ros2__rosidl_generator_py.so[0m
[6.910s] [ 84%] Built target marscar_gazebo_ros2__rosidl_generator_py
[6.925s] [ 87%] [32mBuilding C object CMakeFiles/marscar_gazebo_ros2__rosidl_typesupport_fastrtps_c__pyext.dir/rosidl_generator_py/marscar_gazebo_ros2/_marscar_gazebo_ros2_s.ep.rosidl_typesupport_fastrtps_c.c.o[0m
[6.934s] [ 92%] [32mBuilding C object CMakeFiles/marscar_gazebo_ros2__rosidl_typesupport_c__pyext.dir/rosidl_generator_py/marscar_gazebo_ros2/_marscar_gazebo_ros2_s.ep.rosidl_typesupport_c.c.o[0m
[6.934s] [ 92%] [32mBuilding C object CMakeFiles/marscar_gazebo_ros2__rosidl_typesupport_introspection_c__pyext.dir/rosidl_generator_py/marscar_gazebo_ros2/_marscar_gazebo_ros2_s.ep.rosidl_typesupport_introspection_c.c.o[0m
[7.003s] [ 94%] [32m[1mLinking C shared library rosidl_generator_py/marscar_gazebo_ros2/marscar_gazebo_ros2_s__rosidl_typesupport_fastrtps_c.cpython-310-x86_64-linux-gnu.so[0m
[7.031s] [ 94%] Built target marscar_gazebo_ros2__rosidl_typesupport_fastrtps_c__pyext
[7.047s] [ 97%] [32m[1mLinking C shared library rosidl_generator_py/marscar_gazebo_ros2/marscar_gazebo_ros2_s__rosidl_typesupport_introspection_c.cpython-310-x86_64-linux-gnu.so[0m
[7.055s] [100%] [32m[1mLinking C shared library rosidl_generator_py/marscar_gazebo_ros2/marscar_gazebo_ros2_s__rosidl_typesupport_c.cpython-310-x86_64-linux-gnu.so[0m
[7.076s] [100%] Built target marscar_gazebo_ros2__rosidl_typesupport_introspection_c__pyext
[7.094s] [100%] Built target marscar_gazebo_ros2__rosidl_typesupport_c__pyext
[7.104s] Invoked command in '/home/hp/marscar_ws/build/marscar_gazebo_ros2' returned '0': CMAKE_PREFIX_PATH=${CMAKE_PREFIX_PATH}:/home/hp/mars_car_ws/install/mediapipe_ros2:/opt/ros/humble /usr/bin/cmake --build /home/hp/marscar_ws/build/marscar_gazebo_ros2 -- -j20 -l20
[7.170s] Invoking command in '/home/hp/marscar_ws/build/marscar_gazebo_ros2': CMAKE_PREFIX_PATH=${CMAKE_PREFIX_PATH}:/home/hp/mars_car_ws/install/mediapipe_ros2:/opt/ros/humble /usr/bin/cmake --install /home/hp/marscar_ws/build/marscar_gazebo_ros2
[7.176s] -- Install configuration: ""
[7.177s] -- Installing: /home/hp/marscar_ws/install/marscar_gazebo_ros2/share/marscar_gazebo_ros2//launch
[7.177s] -- Installing: /home/hp/marscar_ws/install/marscar_gazebo_ros2/share/marscar_gazebo_ros2//launch/marscar_tiny.launch.py
[7.177s] -- Installing: /home/hp/marscar_ws/install/marscar_gazebo_ros2/share/marscar_gazebo_ros2//launch/tiny_spawn_urdf.launch.py
[7.177s] -- Installing: /home/hp/marscar_ws/install/marscar_gazebo_ros2/share/marscar_gazebo_ros2//launch/__pycache__
[7.177s] -- Installing: /home/hp/marscar_ws/install/marscar_gazebo_ros2/share/marscar_gazebo_ros2//launch/__pycache__/marscar_tiny.launch.cpython-310.pyc
[7.177s] -- Installing: /home/hp/marscar_ws/install/marscar_gazebo_ros2/share/marscar_gazebo_ros2//launch/marscar_test.py
[7.177s] -- Installing: /home/hp/marscar_ws/install/marscar_gazebo_ros2/share/marscar_gazebo_ros2//launch/marscar.launch.py
[7.178s] -- Installing: /home/hp/marscar_ws/install/marscar_gazebo_ros2/share/marscar_gazebo_ros2//launch/spawn_urdf.launch.py
[7.178s] -- Installing: /home/hp/marscar_ws/install/marscar_gazebo_ros2/share/marscar_gazebo_ros2//launch/example_effort.launch.py
[7.178s] -- Installing: /home/hp/marscar_ws/install/marscar_gazebo_ros2/share/marscar_gazebo_ros2//config
[7.178s] -- Installing: /home/hp/marscar_ws/install/marscar_gazebo_ros2/share/marscar_gazebo_ros2//config/cartpole_controller_effort.yaml
[7.178s] -- Installing: /home/hp/marscar_ws/install/marscar_gazebo_ros2/share/marscar_gazebo_ros2//config/octomap_server.yaml
[7.178s] -- Installing: /home/hp/marscar_ws/install/marscar_gazebo_ros2/share/marscar_gazebo_ros2//config/mars_car_controller.yaml
[7.178s] -- Installing: /home/hp/marscar_ws/install/marscar_gazebo_ros2/share/marscar_gazebo_ros2//config/camera.yaml
[7.178s] -- Installing: /home/hp/marscar_ws/install/marscar_gazebo_ros2/share/marscar_gazebo_ros2//config/joystick.yaml
[7.178s] -- Installing: /home/hp/marscar_ws/install/marscar_gazebo_ros2/share/marscar_gazebo_ros2//config/twist_mux.yaml
[7.178s] -- Installing: /home/hp/marscar_ws/install/marscar_gazebo_ros2/share/marscar_gazebo_ros2//urdf
[7.178s] -- Installing: /home/hp/marscar_ws/install/marscar_gazebo_ros2/share/marscar_gazebo_ros2//urdf/mars_car_tiny_forward.urdf.xacro
[7.179s] -- Installing: /home/hp/marscar_ws/install/marscar_gazebo_ros2/share/marscar_gazebo_ros2//urdf/marscar_blender.urdf
[7.179s] -- Installing: /home/hp/marscar_ws/install/marscar_gazebo_ros2/share/marscar_gazebo_ros2//urdf/marscar_blender.urdf.xacro
[7.179s] -- Installing: /home/hp/marscar_ws/install/marscar_gazebo_ros2/share/marscar_gazebo_ros2//urdf/roll_effort.xacro
[7.179s] -- Installing: /home/hp/marscar_ws/install/marscar_gazebo_ros2/share/marscar_gazebo_ros2//urdf/mars_car_tiny_forward.urdf
[7.179s] -- Installing: /home/hp/marscar_ws/install/marscar_gazebo_ros2/share/marscar_gazebo_ros2//models
[7.179s] -- Installing: /home/hp/marscar_ws/install/marscar_gazebo_ros2/share/marscar_gazebo_ros2//models/mars_car
[7.179s] -- Installing: /home/hp/marscar_ws/install/marscar_gazebo_ros2/share/marscar_gazebo_ros2//models/mars_car/meshes
[7.179s] -- Installing: /home/hp/marscar_ws/install/marscar_gazebo_ros2/share/marscar_gazebo_ros2//models/mars_car/meshes/dae
[7.179s] -- Installing: /home/hp/marscar_ws/install/marscar_gazebo_ros2/share/marscar_gazebo_ros2//models/mars_car/meshes/dae/Mars6Mars_Rover__Curiosity_1_0__-_7__Matscam_Holder-1.001.dae_history.log
[7.179s] -- Installing: /home/hp/marscar_ws/install/marscar_gazebo_ros2/share/marscar_gazebo_ros2//models/mars_car/meshes/dae/Mars6Mars_Rover__Curiosity_1_0__-_1__Rover_Wheel_right_3.001.dae
[7.179s] -- Installing: /home/hp/marscar_ws/install/marscar_gazebo_ros2/share/marscar_gazebo_ros2//models/mars_car/meshes/dae/Mars6Mars_Rover__Curiosity_1_0__-_whole_body.001.dae_history.log
[7.180s] -- Installing: /home/hp/marscar_ws/install/marscar_gazebo_ros2/share/marscar_gazebo_ros2//models/mars_car/meshes/dae/Mars6Mars_Rover__Curiosity_1_0__-_1__Rover_Wheel_left_1.001.dae_history.log
[7.180s] -- Installing: /home/hp/marscar_ws/install/marscar_gazebo_ros2/share/marscar_gazebo_ros2//models/mars_car/meshes/dae/Mars6Mars_Rover__Curiosity_1_0__-_whole_body.001.dae
[7.180s] -- Installing: /home/hp/marscar_ws/install/marscar_gazebo_ros2/share/marscar_gazebo_ros2//models/mars_car/meshes/dae/Mars6Mars_Rover__Curiosity_1_0__-_1__Rover_Wheel_left_2.001.dae_history.log
[7.180s] -- Installing: /home/hp/marscar_ws/install/marscar_gazebo_ros2/share/marscar_gazebo_ros2//models/mars_car/meshes/dae/Mars6Mars_Rover__Curiosity_1_0__-_1__Rover_Wheel_left_2.001.dae
[7.180s] -- Installing: /home/hp/marscar_ws/install/marscar_gazebo_ros2/share/marscar_gazebo_ros2//models/mars_car/meshes/dae/Mars6Mars_Rover__Curiosity_1_0__-_33_Front_Wheel_Servo_mech.003.dae
[7.180s] -- Installing: /home/hp/marscar_ws/install/marscar_gazebo_ros2/share/marscar_gazebo_ros2//models/mars_car/meshes/dae/Mars6Mars_Rover__Curiosity_1_0__-_33_Front_Wheel_Servo_mech.004.dae_history.log
[7.180s] -- Installing: /home/hp/marscar_ws/install/marscar_gazebo_ros2/share/marscar_gazebo_ros2//models/mars_car/meshes/dae/Mars6Mars_Rover__Curiosity_1_0__-_16_Arm_1-2.001.dae_history.log
[7.180s] -- Installing: /home/hp/marscar_ws/install/marscar_gazebo_ros2/share/marscar_gazebo_ros2//models/mars_car/meshes/dae/Mars6Mars_Rover__Curiosity_1_0__-_17__Arm_2-2.001.dae
[7.180s] -- Installing: /home/hp/marscar_ws/install/marscar_gazebo_ros2/share/marscar_gazebo_ros2//models/mars_car/meshes/dae/Mars6Mars_Rover__Curiosity_1_0__-_18_Drill_joint-1.001.dae_history.log
[7.180s] -- Installing: /home/hp/marscar_ws/install/marscar_gazebo_ros2/share/marscar_gazebo_ros2//models/mars_car/meshes/dae/Mars6Mars_Rover__Curiosity_1_0__-_18_Drill_joint-1.001.dae
[7.180s] -- Installing: /home/hp/marscar_ws/install/marscar_gazebo_ros2/share/marscar_gazebo_ros2//models/mars_car/meshes/dae/Mars6Mars_Rover__Curiosity_1_0__-_16_Arm_1-2.001.dae
[7.181s] -- Installing: /home/hp/marscar_ws/install/marscar_gazebo_ros2/share/marscar_gazebo_ros2//models/mars_car/meshes/dae/Mars6Mars_Rover__Curiosity_1_0__-_28_Wheel_connector_1-2.001.dae
[7.181s] -- Installing: /home/hp/marscar_ws/install/marscar_gazebo_ros2/share/marscar_gazebo_ros2//models/mars_car/meshes/dae/Mars6Mars_Rover__Curiosity_1_0__-_1__Rover_Wheel_left_3.001.dae
[7.181s] -- Installing: /home/hp/marscar_ws/install/marscar_gazebo_ros2/share/marscar_gazebo_ros2//models/mars_car/meshes/dae/Mars6Mars_Rover__Curiosity_1_0__-_17__Arm_2-2.001.dae_history.log
[7.181s] -- Installing: /home/hp/marscar_ws/install/marscar_gazebo_ros2/share/marscar_gazebo_ros2//models/mars_car/meshes/dae/Mars6Mars_Rover__Curiosity_1_0__-_29_Wheel_Connector_2-2_00.dae_history.log
[7.181s] -- Installing: /home/hp/marscar_ws/install/marscar_gazebo_ros2/share/marscar_gazebo_ros2//models/mars_car/meshes/dae/Mars6Mars_Rover__Curiosity_1_0__-_28_Wheel_connector_1-2.001.dae_history.log
[7.181s] -- Installing: /home/hp/marscar_ws/install/marscar_gazebo_ros2/share/marscar_gazebo_ros2//models/mars_car/meshes/dae/Mars6Mars_Rover__Curiosity_1_0__-_1__Rover_Wheel_right_2.001.dae_history.log
[7.181s] -- Installing: /home/hp/marscar_ws/install/marscar_gazebo_ros2/share/marscar_gazebo_ros2//models/mars_car/meshes/dae/Mars6Mars_Rover__Curiosity_1_0__-_1__Rover_Wheel_right_3.001.dae_history.log
[7.181s] -- Installing: /home/hp/marscar_ws/install/marscar_gazebo_ros2/share/marscar_gazebo_ros2//models/mars_car/meshes/dae/Mars6Mars_Rover__Curiosity_1_0__-_33_Front_Wheel_Servo_mech.005.dae_history.log
[7.182s] -- Installing: /home/hp/marscar_ws/install/marscar_gazebo_ros2/share/marscar_gazebo_ros2//models/mars_car/meshes/dae/Mars6Mars_Rover__Curiosity_1_0__-_1__Rover_Wheel_right_1.001.dae_history.log
[7.182s] -- Installing: /home/hp/marscar_ws/install/marscar_gazebo_ros2/share/marscar_gazebo_ros2//models/mars_car/meshes/dae/Mars6Mars_Rover__Curiosity_1_0__-_33_Front_Wheel_Servo_mech.005.dae
[7.182s] -- Installing: /home/hp/marscar_ws/install/marscar_gazebo_ros2/share/marscar_gazebo_ros2//models/mars_car/meshes/dae/Mars6Mars_Rover__Curiosity_1_0__-_1__Rover_Wheel_left_3.001.dae_history.log
[7.182s] -- Installing: /home/hp/marscar_ws/install/marscar_gazebo_ros2/share/marscar_gazebo_ros2//models/mars_car/meshes/dae/Mars6Mars_Rover__Curiosity_1_0__-_29_Wheel_Connector_2-2.001.dae
[7.182s] -- Installing: /home/hp/marscar_ws/install/marscar_gazebo_ros2/share/marscar_gazebo_ros2//models/mars_car/meshes/dae/Mars6Mars_Rover__Curiosity_1_0__-_33_Front_Wheel_Servo_mech.006.dae_history.log
[7.182s] -- Installing: /home/hp/marscar_ws/install/marscar_gazebo_ros2/share/marscar_gazebo_ros2//models/mars_car/meshes/dae/Mars6Mars_Rover__Curiosity_1_0__-_1__Rover_Wheel_right_2.001.dae
[7.182s] -- Installing: /home/hp/marscar_ws/install/marscar_gazebo_ros2/share/marscar_gazebo_ros2//models/mars_car/meshes/dae/Mars6Mars_Rover__Curiosity_1_0__-_15__Arm_Axle-2.001.dae
[7.182s] -- Installing: /home/hp/marscar_ws/install/marscar_gazebo_ros2/share/marscar_gazebo_ros2//models/mars_car/meshes/dae/Mars6Mars_Rover__Curiosity_1_0__-_29_Wheel_Connector_2-2_00.dae
[7.182s] -- Installing: /home/hp/marscar_ws/install/marscar_gazebo_ros2/share/marscar_gazebo_ros2//models/mars_car/meshes/dae/Mars6Mars_Rover__Curiosity_1_0__-_28_Wheel_connector_1-2_00.dae
[7.183s] -- Installing: /home/hp/marscar_ws/install/marscar_gazebo_ros2/share/marscar_gazebo_ros2//models/mars_car/meshes/dae/Mars6Mars_Rover__Curiosity_1_0__-_33_Front_Wheel_Servo_mech.003.dae_history.log
[7.183s] -- Installing: /home/hp/marscar_ws/install/marscar_gazebo_ros2/share/marscar_gazebo_ros2//models/mars_car/meshes/dae/Mars6Mars_Rover__Curiosity_1_0__-_1__Rover_Wheel_right_1.001.dae
[7.183s] -- Installing: /home/hp/marscar_ws/install/marscar_gazebo_ros2/share/marscar_gazebo_ros2//models/mars_car/meshes/dae/Mars6Mars_Rover__Curiosity_1_0__-_15__Arm_Axle-2.001.dae_history.log
[7.183s] -- Installing: /home/hp/marscar_ws/install/marscar_gazebo_ros2/share/marscar_gazebo_ros2//models/mars_car/meshes/dae/Mars6Mars_Rover__Curiosity_1_0__-_1__Rover_Wheel_left_1.001.dae
[7.184s] -- Installing: /home/hp/marscar_ws/install/marscar_gazebo_ros2/share/marscar_gazebo_ros2//models/mars_car/meshes/dae/Mars6Mars_Rover__Curiosity_1_0__-_29_Wheel_Connector_2-2.001.dae_history.log
[7.184s] -- Installing: /home/hp/marscar_ws/install/marscar_gazebo_ros2/share/marscar_gazebo_ros2//models/mars_car/meshes/dae/Mars6Mars_Rover__Curiosity_1_0__-_28_Wheel_connector_1-2_00.dae_history.log
[7.184s] -- Installing: /home/hp/marscar_ws/install/marscar_gazebo_ros2/share/marscar_gazebo_ros2//models/mars_car/meshes/dae/Mars6Mars_Rover__Curiosity_1_0__-_33_Front_Wheel_Servo_mech.006.dae
[7.184s] -- Installing: /home/hp/marscar_ws/install/marscar_gazebo_ros2/share/marscar_gazebo_ros2//models/mars_car/meshes/dae/Mars6Mars_Rover__Curiosity_1_0__-_7__Matscam_Holder-1.001.dae
[7.184s] -- Installing: /home/hp/marscar_ws/install/marscar_gazebo_ros2/share/marscar_gazebo_ros2//models/mars_car/meshes/dae/Mars6Mars_Rover__Curiosity_1_0__-_33_Front_Wheel_Servo_mech.004.dae
[7.184s] -- Installing: /home/hp/marscar_ws/install/marscar_gazebo_ros2/share/marscar_gazebo_ros2//models/mars_car_tiny_forward
[7.184s] -- Installing: /home/hp/marscar_ws/install/marscar_gazebo_ros2/share/marscar_gazebo_ros2//models/mars_car_tiny_forward/meshes
[7.185s] -- Installing: /home/hp/marscar_ws/install/marscar_gazebo_ros2/share/marscar_gazebo_ros2//models/mars_car_tiny_forward/meshes/dae
[7.185s] -- Installing: /home/hp/marscar_ws/install/marscar_gazebo_ros2/share/marscar_gazebo_ros2//models/mars_car_tiny_forward/meshes/dae/Mars6Mars_Rover__Curiosity_1_0__-_7__Matscam_Holder-1.001.dae_history.log
[7.185s] -- Installing: /home/hp/marscar_ws/install/marscar_gazebo_ros2/share/marscar_gazebo_ros2//models/mars_car_tiny_forward/meshes/dae/Mars6Mars_Rover__Curiosity_1_0__-_1__Rover_Wheel_right_3.001.dae
[7.185s] -- Installing: /home/hp/marscar_ws/install/marscar_gazebo_ros2/share/marscar_gazebo_ros2//models/mars_car_tiny_forward/meshes/dae/Mars6Mars_Rover__Curiosity_1_0__-_whole_body.001.dae_history.log
[7.185s] -- Installing: /home/hp/marscar_ws/install/marscar_gazebo_ros2/share/marscar_gazebo_ros2//models/mars_car_tiny_forward/meshes/dae/Mars6Mars_Rover__Curiosity_1_0__-_1__Rover_Wheel_left_1.001.dae_history.log
[7.185s] -- Installing: /home/hp/marscar_ws/install/marscar_gazebo_ros2/share/marscar_gazebo_ros2//models/mars_car_tiny_forward/meshes/dae/Mars6Mars_Rover__Curiosity_1_0__-_whole_body.001.dae
[7.186s] -- Installing: /home/hp/marscar_ws/install/marscar_gazebo_ros2/share/marscar_gazebo_ros2//models/mars_car_tiny_forward/meshes/dae/Mars6Mars_Rover__Curiosity_1_0__-_1__Rover_Wheel_left_2.001.dae_history.log
[7.186s] -- Installing: /home/hp/marscar_ws/install/marscar_gazebo_ros2/share/marscar_gazebo_ros2//models/mars_car_tiny_forward/meshes/dae/Mars6Mars_Rover__Curiosity_1_0__-_1__Rover_Wheel_left_2.001.dae
[7.186s] -- Installing: /home/hp/marscar_ws/install/marscar_gazebo_ros2/share/marscar_gazebo_ros2//models/mars_car_tiny_forward/meshes/dae/Mars6Mars_Rover__Curiosity_1_0__-_33_Front_Wheel_Servo_mech.003.dae
[7.187s] -- Installing: /home/hp/marscar_ws/install/marscar_gazebo_ros2/share/marscar_gazebo_ros2//models/mars_car_tiny_forward/meshes/dae/Mars6Mars_Rover__Curiosity_1_0__-_33_Front_Wheel_Servo_mech.004.dae_history.log
[7.187s] -- Installing: /home/hp/marscar_ws/install/marscar_gazebo_ros2/share/marscar_gazebo_ros2//models/mars_car_tiny_forward/meshes/dae/Mars6Mars_Rover__Curiosity_1_0__-_18_Drill_joint-1.001.dae_history.log
[7.187s] -- Installing: /home/hp/marscar_ws/install/marscar_gazebo_ros2/share/marscar_gazebo_ros2//models/mars_car_tiny_forward/meshes/dae/Mars6Mars_Rover__Curiosity_1_0__-_18_Drill_joint-1.001.dae
[7.187s] -- Installing: /home/hp/marscar_ws/install/marscar_gazebo_ros2/share/marscar_gazebo_ros2//models/mars_car_tiny_forward/meshes/dae/Mars6Mars_Rover__Curiosity_1_0__-_28_Wheel_connector_1-2.001.dae
[7.187s] -- Installing: /home/hp/marscar_ws/install/marscar_gazebo_ros2/share/marscar_gazebo_ros2//models/mars_car_tiny_forward/meshes/dae/Mars6Mars_Rover__Curiosity_1_0__-_1__Rover_Wheel_left_3.001.dae
[7.188s] -- Installing: /home/hp/marscar_ws/install/marscar_gazebo_ros2/share/marscar_gazebo_ros2//models/mars_car_tiny_forward/meshes/dae/Mars6Mars_Rover__Curiosity_1_0__-_29_Wheel_Connector_2-2_00.dae_history.log
[7.188s] -- Installing: /home/hp/marscar_ws/install/marscar_gazebo_ros2/share/marscar_gazebo_ros2//models/mars_car_tiny_forward/meshes/dae/Mars6Mars_Rover__Curiosity_1_0__-_28_Wheel_connector_1-2.001.dae_history.log
[7.188s] -- Installing: /home/hp/marscar_ws/install/marscar_gazebo_ros2/share/marscar_gazebo_ros2//models/mars_car_tiny_forward/meshes/dae/Mars6Mars_Rover__Curiosity_1_0__-_1__Rover_Wheel_right_2.001.dae_history.log
[7.188s] -- Installing: /home/hp/marscar_ws/install/marscar_gazebo_ros2/share/marscar_gazebo_ros2//models/mars_car_tiny_forward/meshes/dae/Mars6Mars_Rover__Curiosity_1_0__-_1__Rover_Wheel_right_3.001.dae_history.log
[7.188s] -- Installing: /home/hp/marscar_ws/install/marscar_gazebo_ros2/share/marscar_gazebo_ros2//models/mars_car_tiny_forward/meshes/dae/Mars6Mars_Rover__Curiosity_1_0__-_33_Front_Wheel_Servo_mech.005.dae_history.log
[7.188s] -- Installing: /home/hp/marscar_ws/install/marscar_gazebo_ros2/share/marscar_gazebo_ros2//models/mars_car_tiny_forward/meshes/dae/Mars6Mars_Rover__Curiosity_1_0__-_1__Rover_Wheel_right_1.001.dae_history.log
[7.188s] -- Installing: /home/hp/marscar_ws/install/marscar_gazebo_ros2/share/marscar_gazebo_ros2//models/mars_car_tiny_forward/meshes/dae/Mars6Mars_Rover__Curiosity_1_0__-_33_Front_Wheel_Servo_mech.005.dae
[7.189s] -- Installing: /home/hp/marscar_ws/install/marscar_gazebo_ros2/share/marscar_gazebo_ros2//models/mars_car_tiny_forward/meshes/dae/Mars6Mars_Rover__Curiosity_1_0__-_1__Rover_Wheel_left_3.001.dae_history.log
[7.189s] -- Installing: /home/hp/marscar_ws/install/marscar_gazebo_ros2/share/marscar_gazebo_ros2//models/mars_car_tiny_forward/meshes/dae/Mars6Mars_Rover__Curiosity_1_0__-_29_Wheel_Connector_2-2.001.dae
[7.189s] -- Installing: /home/hp/marscar_ws/install/marscar_gazebo_ros2/share/marscar_gazebo_ros2//models/mars_car_tiny_forward/meshes/dae/Mars6Mars_Rover__Curiosity_1_0__-_33_Front_Wheel_Servo_mech.006.dae_history.log
[7.189s] -- Installing: /home/hp/marscar_ws/install/marscar_gazebo_ros2/share/marscar_gazebo_ros2//models/mars_car_tiny_forward/meshes/dae/Mars6Mars_Rover__Curiosity_1_0__-_1__Rover_Wheel_right_2.001.dae
[7.189s] -- Installing: /home/hp/marscar_ws/install/marscar_gazebo_ros2/share/marscar_gazebo_ros2//models/mars_car_tiny_forward/meshes/dae/Mars6Mars_Rover__Curiosity_1_0__-_29_Wheel_Connector_2-2_00.dae
[7.189s] -- Installing: /home/hp/marscar_ws/install/marscar_gazebo_ros2/share/marscar_gazebo_ros2//models/mars_car_tiny_forward/meshes/dae/Mars6Mars_Rover__Curiosity_1_0__-_28_Wheel_connector_1-2_00.dae
[7.189s] -- Installing: /home/hp/marscar_ws/install/marscar_gazebo_ros2/share/marscar_gazebo_ros2//models/mars_car_tiny_forward/meshes/dae/Mars6Mars_Rover__Curiosity_1_0__-_33_Front_Wheel_Servo_mech.003.dae_history.log
[7.190s] -- Installing: /home/hp/marscar_ws/install/marscar_gazebo_ros2/share/marscar_gazebo_ros2//models/mars_car_tiny_forward/meshes/dae/Mars6Mars_Rover__Curiosity_1_0__-_1__Rover_Wheel_right_1.001.dae
[7.190s] -- Installing: /home/hp/marscar_ws/install/marscar_gazebo_ros2/share/marscar_gazebo_ros2//models/mars_car_tiny_forward/meshes/dae/Mars6Mars_Rover__Curiosity_1_0__-_1__Rover_Wheel_left_1.001.dae
[7.190s] -- Installing: /home/hp/marscar_ws/install/marscar_gazebo_ros2/share/marscar_gazebo_ros2//models/mars_car_tiny_forward/meshes/dae/Mars6Mars_Rover__Curiosity_1_0__-_29_Wheel_Connector_2-2.001.dae_history.log
[7.191s] -- Installing: /home/hp/marscar_ws/install/marscar_gazebo_ros2/share/marscar_gazebo_ros2//models/mars_car_tiny_forward/meshes/dae/Mars6Mars_Rover__Curiosity_1_0__-_28_Wheel_connector_1-2_00.dae_history.log
[7.191s] -- Installing: /home/hp/marscar_ws/install/marscar_gazebo_ros2/share/marscar_gazebo_ros2//models/mars_car_tiny_forward/meshes/dae/Mars6Mars_Rover__Curiosity_1_0__-_33_Front_Wheel_Servo_mech.006.dae
[7.191s] -- Installing: /home/hp/marscar_ws/install/marscar_gazebo_ros2/share/marscar_gazebo_ros2//models/mars_car_tiny_forward/meshes/dae/Mars6Mars_Rover__Curiosity_1_0__-_7__Matscam_Holder-1.001.dae
[7.191s] -- Installing: /home/hp/marscar_ws/install/marscar_gazebo_ros2/share/marscar_gazebo_ros2//models/mars_car_tiny_forward/meshes/dae/Mars6Mars_Rover__Curiosity_1_0__-_33_Front_Wheel_Servo_mech.004.dae
[7.191s] -- Installing: /home/hp/marscar_ws/install/marscar_gazebo_ros2/share/marscar_gazebo_ros2//models/sand_heightmap
[7.191s] -- Installing: /home/hp/marscar_ws/install/marscar_gazebo_ros2/share/marscar_gazebo_ros2//models/sand_heightmap/meshes
[7.191s] -- Installing: /home/hp/marscar_ws/install/marscar_gazebo_ros2/share/marscar_gazebo_ros2//models/sand_heightmap/meshes/soil_sand_0045_01.jpg
[7.194s] -- Installing: /home/hp/marscar_ws/install/marscar_gazebo_ros2/share/marscar_gazebo_ros2//models/sand_heightmap/meshes/License and source for textures.txt
[7.194s] -- Installing: /home/hp/marscar_ws/install/marscar_gazebo_ros2/share/marscar_gazebo_ros2//models/sand_heightmap/meshes/heightmap.dae
[7.197s] -- Installing: /home/hp/marscar_ws/install/marscar_gazebo_ros2/share/marscar_gazebo_ros2//models/sand_heightmap/model.sdf
[7.197s] -- Installing: /home/hp/marscar_ws/install/marscar_gazebo_ros2/share/marscar_gazebo_ros2//models/sand_heightmap/model.config
[7.197s] -- Installing: /home/hp/marscar_ws/install/marscar_gazebo_ros2/share/marscar_gazebo_ros2//models/mars_car_tiny
[7.197s] -- Installing: /home/hp/marscar_ws/install/marscar_gazebo_ros2/share/marscar_gazebo_ros2//models/mars_car_tiny/meshes
[7.197s] -- Installing: /home/hp/marscar_ws/install/marscar_gazebo_ros2/share/marscar_gazebo_ros2//models/mars_car_tiny/meshes/dae
[7.197s] -- Installing: /home/hp/marscar_ws/install/marscar_gazebo_ros2/share/marscar_gazebo_ros2//models/mars_car_tiny/meshes/dae/Mars6Mars_Rover__Curiosity_1_0__-_7__Matscam_Holder-1.001.dae_history.log
[7.198s] -- Installing: /home/hp/marscar_ws/install/marscar_gazebo_ros2/share/marscar_gazebo_ros2//models/mars_car_tiny/meshes/dae/Mars6Mars_Rover__Curiosity_1_0__-_1__Rover_Wheel_right_3.001.dae
[7.198s] -- Installing: /home/hp/marscar_ws/install/marscar_gazebo_ros2/share/marscar_gazebo_ros2//models/mars_car_tiny/meshes/dae/Mars6Mars_Rover__Curiosity_1_0__-_whole_body.001.dae_history.log
[7.198s] -- Installing: /home/hp/marscar_ws/install/marscar_gazebo_ros2/share/marscar_gazebo_ros2//models/mars_car_tiny/meshes/dae/Mars6Mars_Rover__Curiosity_1_0__-_1__Rover_Wheel_left_1.001.dae_history.log
[7.198s] -- Installing: /home/hp/marscar_ws/install/marscar_gazebo_ros2/share/marscar_gazebo_ros2//models/mars_car_tiny/meshes/dae/Mars6Mars_Rover__Curiosity_1_0__-_whole_body.001.dae
[7.198s] -- Installing: /home/hp/marscar_ws/install/marscar_gazebo_ros2/share/marscar_gazebo_ros2//models/mars_car_tiny/meshes/dae/Mars6Mars_Rover__Curiosity_1_0__-_1__Rover_Wheel_left_2.001.dae_history.log
[7.199s] -- Installing: /home/hp/marscar_ws/install/marscar_gazebo_ros2/share/marscar_gazebo_ros2//models/mars_car_tiny/meshes/dae/Mars6Mars_Rover__Curiosity_1_0__-_1__Rover_Wheel_left_2.001.dae
[7.199s] -- Installing: /home/hp/marscar_ws/install/marscar_gazebo_ros2/share/marscar_gazebo_ros2//models/mars_car_tiny/meshes/dae/Mars6Mars_Rover__Curiosity_1_0__-_33_Front_Wheel_Servo_mech.003.dae
[7.199s] -- Installing: /home/hp/marscar_ws/install/marscar_gazebo_ros2/share/marscar_gazebo_ros2//models/mars_car_tiny/meshes/dae/Mars6Mars_Rover__Curiosity_1_0__-_33_Front_Wheel_Servo_mech.004.dae_history.log
[7.199s] -- Installing: /home/hp/marscar_ws/install/marscar_gazebo_ros2/share/marscar_gazebo_ros2//models/mars_car_tiny/meshes/dae/Mars6Mars_Rover__Curiosity_1_0__-_18_Drill_joint-1.001.dae_history.log
[7.199s] -- Installing: /home/hp/marscar_ws/install/marscar_gazebo_ros2/share/marscar_gazebo_ros2//models/mars_car_tiny/meshes/dae/Mars6Mars_Rover__Curiosity_1_0__-_18_Drill_joint-1.001.dae
[7.200s] -- Installing: /home/hp/marscar_ws/install/marscar_gazebo_ros2/share/marscar_gazebo_ros2//models/mars_car_tiny/meshes/dae/Mars6Mars_Rover__Curiosity_1_0__-_28_Wheel_connector_1-2.001.dae
[7.200s] -- Installing: /home/hp/marscar_ws/install/marscar_gazebo_ros2/share/marscar_gazebo_ros2//models/mars_car_tiny/meshes/dae/Mars6Mars_Rover__Curiosity_1_0__-_1__Rover_Wheel_left_3.001.dae
[7.200s] -- Installing: /home/hp/marscar_ws/install/marscar_gazebo_ros2/share/marscar_gazebo_ros2//models/mars_car_tiny/meshes/dae/Mars6Mars_Rover__Curiosity_1_0__-_29_Wheel_Connector_2-2_00.dae_history.log
[7.200s] -- Installing: /home/hp/marscar_ws/install/marscar_gazebo_ros2/share/marscar_gazebo_ros2//models/mars_car_tiny/meshes/dae/Mars6Mars_Rover__Curiosity_1_0__-_28_Wheel_connector_1-2.001.dae_history.log
[7.200s] -- Installing: /home/hp/marscar_ws/install/marscar_gazebo_ros2/share/marscar_gazebo_ros2//models/mars_car_tiny/meshes/dae/Mars6Mars_Rover__Curiosity_1_0__-_1__Rover_Wheel_right_2.001.dae_history.log
[7.201s] -- Installing: /home/hp/marscar_ws/install/marscar_gazebo_ros2/share/marscar_gazebo_ros2//models/mars_car_tiny/meshes/dae/Mars6Mars_Rover__Curiosity_1_0__-_1__Rover_Wheel_right_3.001.dae_history.log
[7.201s] -- Installing: /home/hp/marscar_ws/install/marscar_gazebo_ros2/share/marscar_gazebo_ros2//models/mars_car_tiny/meshes/dae/Mars6Mars_Rover__Curiosity_1_0__-_33_Front_Wheel_Servo_mech.005.dae_history.log
[7.201s] -- Installing: /home/hp/marscar_ws/install/marscar_gazebo_ros2/share/marscar_gazebo_ros2//models/mars_car_tiny/meshes/dae/Mars6Mars_Rover__Curiosity_1_0__-_1__Rover_Wheel_right_1.001.dae_history.log
[7.201s] -- Installing: /home/hp/marscar_ws/install/marscar_gazebo_ros2/share/marscar_gazebo_ros2//models/mars_car_tiny/meshes/dae/Mars6Mars_Rover__Curiosity_1_0__-_33_Front_Wheel_Servo_mech.005.dae
[7.201s] -- Installing: /home/hp/marscar_ws/install/marscar_gazebo_ros2/share/marscar_gazebo_ros2//models/mars_car_tiny/meshes/dae/Mars6Mars_Rover__Curiosity_1_0__-_1__Rover_Wheel_left_3.001.dae_history.log
[7.201s] -- Installing: /home/hp/marscar_ws/install/marscar_gazebo_ros2/share/marscar_gazebo_ros2//models/mars_car_tiny/meshes/dae/Mars6Mars_Rover__Curiosity_1_0__-_29_Wheel_Connector_2-2.001.dae
[7.201s] -- Installing: /home/hp/marscar_ws/install/marscar_gazebo_ros2/share/marscar_gazebo_ros2//models/mars_car_tiny/meshes/dae/Mars6Mars_Rover__Curiosity_1_0__-_33_Front_Wheel_Servo_mech.006.dae_history.log
[7.201s] -- Installing: /home/hp/marscar_ws/install/marscar_gazebo_ros2/share/marscar_gazebo_ros2//models/mars_car_tiny/meshes/dae/Mars6Mars_Rover__Curiosity_1_0__-_1__Rover_Wheel_right_2.001.dae
[7.201s] -- Installing: /home/hp/marscar_ws/install/marscar_gazebo_ros2/share/marscar_gazebo_ros2//models/mars_car_tiny/meshes/dae/Mars6Mars_Rover__Curiosity_1_0__-_29_Wheel_Connector_2-2_00.dae
[7.202s] -- Installing: /home/hp/marscar_ws/install/marscar_gazebo_ros2/share/marscar_gazebo_ros2//models/mars_car_tiny/meshes/dae/Mars6Mars_Rover__Curiosity_1_0__-_28_Wheel_connector_1-2_00.dae
[7.202s] -- Installing: /home/hp/marscar_ws/install/marscar_gazebo_ros2/share/marscar_gazebo_ros2//models/mars_car_tiny/meshes/dae/Mars6Mars_Rover__Curiosity_1_0__-_33_Front_Wheel_Servo_mech.003.dae_history.log
[7.202s] -- Installing: /home/hp/marscar_ws/install/marscar_gazebo_ros2/share/marscar_gazebo_ros2//models/mars_car_tiny/meshes/dae/Mars6Mars_Rover__Curiosity_1_0__-_1__Rover_Wheel_right_1.001.dae
[7.202s] -- Installing: /home/hp/marscar_ws/install/marscar_gazebo_ros2/share/marscar_gazebo_ros2//models/mars_car_tiny/meshes/dae/Mars6Mars_Rover__Curiosity_1_0__-_1__Rover_Wheel_left_1.001.dae
[7.203s] -- Installing: /home/hp/marscar_ws/install/marscar_gazebo_ros2/share/marscar_gazebo_ros2//models/mars_car_tiny/meshes/dae/Mars6Mars_Rover__Curiosity_1_0__-_29_Wheel_Connector_2-2.001.dae_history.log
[7.203s] -- Installing: /home/hp/marscar_ws/install/marscar_gazebo_ros2/share/marscar_gazebo_ros2//models/mars_car_tiny/meshes/dae/Mars6Mars_Rover__Curiosity_1_0__-_28_Wheel_connector_1-2_00.dae_history.log
[7.203s] -- Installing: /home/hp/marscar_ws/install/marscar_gazebo_ros2/share/marscar_gazebo_ros2//models/mars_car_tiny/meshes/dae/Mars6Mars_Rover__Curiosity_1_0__-_33_Front_Wheel_Servo_mech.006.dae
[7.203s] -- Installing: /home/hp/marscar_ws/install/marscar_gazebo_ros2/share/marscar_gazebo_ros2//models/mars_car_tiny/meshes/dae/Mars6Mars_Rover__Curiosity_1_0__-_7__Matscam_Holder-1.001.dae
[7.203s] -- Installing: /home/hp/marscar_ws/install/marscar_gazebo_ros2/share/marscar_gazebo_ros2//models/mars_car_tiny/meshes/dae/Mars6Mars_Rover__Curiosity_1_0__-_33_Front_Wheel_Servo_mech.004.dae
[7.204s] -- Installing: /home/hp/marscar_ws/install/marscar_gazebo_ros2/share/marscar_gazebo_ros2//models/keypoints
[7.204s] -- Installing: /home/hp/marscar_ws/install/marscar_gazebo_ros2/share/marscar_gazebo_ros2//models/keypoints/materials
[7.205s] -- Installing: /home/hp/marscar_ws/install/marscar_gazebo_ros2/share/marscar_gazebo_ros2//models/keypoints/materials/scripts
[7.205s] -- Installing: /home/hp/marscar_ws/install/marscar_gazebo_ros2/share/marscar_gazebo_ros2//models/keypoints/materials/scripts/keypoints.material
[7.205s] -- Installing: /home/hp/marscar_ws/install/marscar_gazebo_ros2/share/marscar_gazebo_ros2//models/keypoints/model.sdf
[7.205s] -- Installing: /home/hp/marscar_ws/install/marscar_gazebo_ros2/share/marscar_gazebo_ros2//models/keypoints/model.config
[7.205s] -- Installing: /home/hp/marscar_ws/install/marscar_gazebo_ros2/share/marscar_gazebo_ros2//models/blue_projectile
[7.205s] -- Installing: /home/hp/marscar_ws/install/marscar_gazebo_ros2/share/marscar_gazebo_ros2//models/blue_projectile/materials
[7.205s] -- Installing: /home/hp/marscar_ws/install/marscar_gazebo_ros2/share/marscar_gazebo_ros2//models/blue_projectile/materials/scripts
[7.205s] -- Installing: /home/hp/marscar_ws/install/marscar_gazebo_ros2/share/marscar_gazebo_ros2//models/blue_projectile/materials/scripts/blue_projectile.material
[7.206s] -- Installing: /home/hp/marscar_ws/install/marscar_gazebo_ros2/share/marscar_gazebo_ros2//models/blue_projectile/model.sdf
[7.206s] -- Installing: /home/hp/marscar_ws/install/marscar_gazebo_ros2/share/marscar_gazebo_ros2//models/blue_projectile/model.config
[7.206s] -- Installing: /home/hp/marscar_ws/install/marscar_gazebo_ros2/share/marscar_gazebo_ros2//worlds
[7.206s] -- Installing: /home/hp/marscar_ws/install/marscar_gazebo_ros2/share/marscar_gazebo_ros2//worlds/orb_slam.world
[7.206s] -- Installing: /home/hp/marscar_ws/install/marscar_gazebo_ros2/share/marscar_gazebo_ros2//worlds/sand.world
[7.206s] -- Installing: /home/hp/marscar_ws/install/marscar_gazebo_ros2/share/marscar_gazebo_ros2//worlds/simple.world
[7.206s] -- Installing: /home/hp/marscar_ws/install/marscar_gazebo_ros2/share/marscar_gazebo_ros2//worlds/hand_detect.world
[7.206s] -- Installing: /home/hp/marscar_ws/install/marscar_gazebo_ros2/share/marscar_gazebo_ros2//worlds/empty.world
[7.207s] -- Installing: /home/hp/marscar_ws/install/marscar_gazebo_ros2/share/marscar_gazebo_ros2//worlds/turtlebot3_world.world
[7.207s] -- Installing: /home/hp/marscar_ws/install/marscar_gazebo_ros2/share/marscar_gazebo_ros2//scripts
[7.207s] -- Installing: /home/hp/marscar_ws/install/marscar_gazebo_ros2/share/marscar_gazebo_ros2//scripts/joy2twist.py
[7.207s] -- Installing: /home/hp/marscar_ws/install/marscar_gazebo_ros2/share/marscar_gazebo_ros2//scripts/teleop_keyboard.py
[7.207s] -- Installing: /home/hp/marscar_ws/install/marscar_gazebo_ros2/share/marscar_gazebo_ros2//scripts/joy_shooter.py
[7.207s] -- Installing: /home/hp/marscar_ws/install/marscar_gazebo_ros2/share/marscar_gazebo_ros2//scripts/joy_cart.py
[7.207s] -- Installing: /home/hp/marscar_ws/install/marscar_gazebo_ros2/share/marscar_gazebo_ros2//scripts/test.py
[7.207s] -- Installing: /home/hp/marscar_ws/install/marscar_gazebo_ros2/share/marscar_gazebo_ros2//scripts/keep_balance.py
[7.207s] -- Installing: /home/hp/marscar_ws/install/marscar_gazebo_ros2/share/marscar_gazebo_ros2//scripts/mars_cmdvel.py
[7.208s] -- Installing: /home/hp/marscar_ws/install/marscar_gazebo_ros2/share/marscar_gazebo_ros2//scripts/__init__.py
[7.208s] -- Installing: /home/hp/marscar_ws/install/marscar_gazebo_ros2/share/marscar_gazebo_ros2//scripts/teleop_joy.py
[7.208s] -- Installing: /home/hp/marscar_ws/install/marscar_gazebo_ros2/share/marscar_gazebo_ros2//rviz2
[7.208s] -- Installing: /home/hp/marscar_ws/install/marscar_gazebo_ros2/share/marscar_gazebo_ros2//msgs
[7.208s] -- Installing: /home/hp/marscar_ws/install/marscar_gazebo_ros2/share/marscar_gazebo_ros2//msgs/msg
[7.208s] -- Installing: /home/hp/marscar_ws/install/marscar_gazebo_ros2/share/marscar_gazebo_ros2//msgs/msg/Cableposseqq.msg
[7.208s] -- Installing: /home/hp/marscar_ws/install/marscar_gazebo_ros2/share/marscar_gazebo_ros2//msgs/srv
[7.208s] -- Installing: /home/hp/marscar_ws/install/marscar_gazebo_ros2/share/marscar_gazebo_ros2//msgs/srv/BallShooter.srv
[7.208s] -- Installing: /home/hp/marscar_ws/install/marscar_gazebo_ros2/share/marscar_gazebo_ros2//sensor_description
[7.209s] -- Installing: /home/hp/marscar_ws/install/marscar_gazebo_ros2/share/marscar_gazebo_ros2//sensor_description/material.xacro
[7.209s] -- Installing: /home/hp/marscar_ws/install/marscar_gazebo_ros2/share/marscar_gazebo_ros2//sensor_description/inertial_macros.xacro
[7.209s] -- Installing: /home/hp/marscar_ws/install/marscar_gazebo_ros2/share/marscar_gazebo_ros2//sensor_description/multi_camera.xacro
[7.209s] -- Installing: /home/hp/marscar_ws/install/marscar_gazebo_ros2/share/marscar_gazebo_ros2//sensor_description/imu.xacro
[7.209s] -- Installing: /home/hp/marscar_ws/install/marscar_gazebo_ros2/share/marscar_gazebo_ros2//sensor_description/marscar_3Dlidar.xacro
[7.209s] -- Installing: /home/hp/marscar_ws/install/marscar_gazebo_ros2/share/marscar_gazebo_ros2//sensor_description/marscar_lidar.xacro
[7.209s] -- Installing: /home/hp/marscar_ws/install/marscar_gazebo_ros2/share/marscar_gazebo_ros2//sensor_description/marscar_camera.xacro
[7.209s] -- Installing: /home/hp/marscar_ws/install/marscar_gazebo_ros2/share/marscar_gazebo_ros2//sensor_description/gps.xacro
[7.210s] -- Installing: /home/hp/marscar_ws/install/marscar_gazebo_ros2/share/marscar_gazebo_ros2//sensor_description/depth_camera.xacro
[7.210s] -- Installing: /home/hp/marscar_ws/install/marscar_gazebo_ros2/share/ament_index/resource_index/rosidl_interfaces/marscar_gazebo_ros2
[7.210s] -- Installing: /home/hp/marscar_ws/install/marscar_gazebo_ros2/include/marscar_gazebo_ros2/marscar_gazebo_ros2
[7.210s] -- Installing: /home/hp/marscar_ws/install/marscar_gazebo_ros2/include/marscar_gazebo_ros2/marscar_gazebo_ros2/msg
[7.210s] -- Installing: /home/hp/marscar_ws/install/marscar_gazebo_ros2/include/marscar_gazebo_ros2/marscar_gazebo_ros2/msg/rosidl_generator_c__visibility_control.h
[7.210s] -- Installing: /home/hp/marscar_ws/install/marscar_gazebo_ros2/include/marscar_gazebo_ros2/marscar_gazebo_ros2/msg/detail
[7.210s] -- Installing: /home/hp/marscar_ws/install/marscar_gazebo_ros2/include/marscar_gazebo_ros2/marscar_gazebo_ros2/msg/detail/cableposseqq__functions.c
[7.210s] -- Installing: /home/hp/marscar_ws/install/marscar_gazebo_ros2/include/marscar_gazebo_ros2/marscar_gazebo_ros2/msg/detail/cableposseqq__type_support.h
[7.210s] -- Installing: /home/hp/marscar_ws/install/marscar_gazebo_ros2/include/marscar_gazebo_ros2/marscar_gazebo_ros2/msg/detail/cableposseqq__struct.h
[7.211s] -- Installing: /home/hp/marscar_ws/install/marscar_gazebo_ros2/include/marscar_gazebo_ros2/marscar_gazebo_ros2/msg/detail/cableposseqq__functions.h
[7.211s] -- Installing: /home/hp/marscar_ws/install/marscar_gazebo_ros2/include/marscar_gazebo_ros2/marscar_gazebo_ros2/msg/cableposseqq.h
[7.211s] -- Installing: /home/hp/marscar_ws/install/marscar_gazebo_ros2/include/marscar_gazebo_ros2/marscar_gazebo_ros2/srv
[7.211s] -- Installing: /home/hp/marscar_ws/install/marscar_gazebo_ros2/include/marscar_gazebo_ros2/marscar_gazebo_ros2/srv/detail
[7.211s] -- Installing: /home/hp/marscar_ws/install/marscar_gazebo_ros2/include/marscar_gazebo_ros2/marscar_gazebo_ros2/srv/detail/ball_shooter__functions.c
[7.211s] -- Installing: /home/hp/marscar_ws/install/marscar_gazebo_ros2/include/marscar_gazebo_ros2/marscar_gazebo_ros2/srv/detail/ball_shooter__functions.h
[7.211s] -- Installing: /home/hp/marscar_ws/install/marscar_gazebo_ros2/include/marscar_gazebo_ros2/marscar_gazebo_ros2/srv/detail/ball_shooter__type_support.h
[7.211s] -- Installing: /home/hp/marscar_ws/install/marscar_gazebo_ros2/include/marscar_gazebo_ros2/marscar_gazebo_ros2/srv/detail/ball_shooter__struct.h
[7.211s] -- Installing: /home/hp/marscar_ws/install/marscar_gazebo_ros2/include/marscar_gazebo_ros2/marscar_gazebo_ros2/srv/ball_shooter.h
[7.211s] -- Installing: /home/hp/marscar_ws/install/marscar_gazebo_ros2/share/marscar_gazebo_ros2/environment/library_path.sh
[7.212s] -- Installing: /home/hp/marscar_ws/install/marscar_gazebo_ros2/share/marscar_gazebo_ros2/environment/library_path.dsv
[7.212s] -- Installing: /home/hp/marscar_ws/install/marscar_gazebo_ros2/lib/libmarscar_gazebo_ros2__rosidl_generator_c.so
[7.212s] -- Set runtime path of "/home/hp/marscar_ws/install/marscar_gazebo_ros2/lib/libmarscar_gazebo_ros2__rosidl_generator_c.so" to ""
[7.212s] -- Up-to-date: /home/hp/marscar_ws/install/marscar_gazebo_ros2/include/marscar_gazebo_ros2/marscar_gazebo_ros2
[7.212s] -- Up-to-date: /home/hp/marscar_ws/install/marscar_gazebo_ros2/include/marscar_gazebo_ros2/marscar_gazebo_ros2/msg
[7.212s] -- Up-to-date: /home/hp/marscar_ws/install/marscar_gazebo_ros2/include/marscar_gazebo_ros2/marscar_gazebo_ros2/msg/detail
[7.212s] -- Installing: /home/hp/marscar_ws/install/marscar_gazebo_ros2/include/marscar_gazebo_ros2/marscar_gazebo_ros2/msg/detail/cableposseqq__rosidl_typesupport_fastrtps_c.h
[7.212s] -- Installing: /home/hp/marscar_ws/install/marscar_gazebo_ros2/include/marscar_gazebo_ros2/marscar_gazebo_ros2/msg/rosidl_typesupport_fastrtps_c__visibility_control.h
[7.212s] -- Up-to-date: /home/hp/marscar_ws/install/marscar_gazebo_ros2/include/marscar_gazebo_ros2/marscar_gazebo_ros2/srv
[7.213s] -- Up-to-date: /home/hp/marscar_ws/install/marscar_gazebo_ros2/include/marscar_gazebo_ros2/marscar_gazebo_ros2/srv/detail
[7.213s] -- Installing: /home/hp/marscar_ws/install/marscar_gazebo_ros2/include/marscar_gazebo_ros2/marscar_gazebo_ros2/srv/detail/ball_shooter__rosidl_typesupport_fastrtps_c.h
[7.213s] -- Installing: /home/hp/marscar_ws/install/marscar_gazebo_ros2/lib/libmarscar_gazebo_ros2__rosidl_typesupport_fastrtps_c.so
[7.213s] -- Set runtime path of "/home/hp/marscar_ws/install/marscar_gazebo_ros2/lib/libmarscar_gazebo_ros2__rosidl_typesupport_fastrtps_c.so" to ""
[7.213s] -- Up-to-date: /home/hp/marscar_ws/install/marscar_gazebo_ros2/include/marscar_gazebo_ros2/marscar_gazebo_ros2
[7.213s] -- Up-to-date: /home/hp/marscar_ws/install/marscar_gazebo_ros2/include/marscar_gazebo_ros2/marscar_gazebo_ros2/msg
[7.213s] -- Up-to-date: /home/hp/marscar_ws/install/marscar_gazebo_ros2/include/marscar_gazebo_ros2/marscar_gazebo_ros2/msg/detail
[7.213s] -- Installing: /home/hp/marscar_ws/install/marscar_gazebo_ros2/include/marscar_gazebo_ros2/marscar_gazebo_ros2/msg/detail/cableposseqq__traits.hpp
[7.213s] -- Installing: /home/hp/marscar_ws/install/marscar_gazebo_ros2/include/marscar_gazebo_ros2/marscar_gazebo_ros2/msg/detail/cableposseqq__struct.hpp
[7.213s] -- Installing: /home/hp/marscar_ws/install/marscar_gazebo_ros2/include/marscar_gazebo_ros2/marscar_gazebo_ros2/msg/detail/cableposseqq__builder.hpp
[7.213s] -- Installing: /home/hp/marscar_ws/install/marscar_gazebo_ros2/include/marscar_gazebo_ros2/marscar_gazebo_ros2/msg/cableposseqq.hpp
[7.213s] -- Up-to-date: /home/hp/marscar_ws/install/marscar_gazebo_ros2/include/marscar_gazebo_ros2/marscar_gazebo_ros2/srv
[7.214s] -- Installing: /home/hp/marscar_ws/install/marscar_gazebo_ros2/include/marscar_gazebo_ros2/marscar_gazebo_ros2/srv/ball_shooter.hpp
[7.214s] -- Up-to-date: /home/hp/marscar_ws/install/marscar_gazebo_ros2/include/marscar_gazebo_ros2/marscar_gazebo_ros2/srv/detail
[7.214s] -- Installing: /home/hp/marscar_ws/install/marscar_gazebo_ros2/include/marscar_gazebo_ros2/marscar_gazebo_ros2/srv/detail/ball_shooter__traits.hpp
[7.214s] -- Installing: /home/hp/marscar_ws/install/marscar_gazebo_ros2/include/marscar_gazebo_ros2/marscar_gazebo_ros2/srv/detail/ball_shooter__builder.hpp
[7.214s] -- Installing: /home/hp/marscar_ws/install/marscar_gazebo_ros2/include/marscar_gazebo_ros2/marscar_gazebo_ros2/srv/detail/ball_shooter__struct.hpp
[7.214s] -- Up-to-date: /home/hp/marscar_ws/install/marscar_gazebo_ros2/include/marscar_gazebo_ros2/marscar_gazebo_ros2
[7.214s] -- Up-to-date: /home/hp/marscar_ws/install/marscar_gazebo_ros2/include/marscar_gazebo_ros2/marscar_gazebo_ros2/msg
[7.214s] -- Installing: /home/hp/marscar_ws/install/marscar_gazebo_ros2/include/marscar_gazebo_ros2/marscar_gazebo_ros2/msg/rosidl_typesupport_fastrtps_cpp__visibility_control.h
[7.214s] -- Up-to-date: /home/hp/marscar_ws/install/marscar_gazebo_ros2/include/marscar_gazebo_ros2/marscar_gazebo_ros2/msg/detail
[7.214s] -- Installing: /home/hp/marscar_ws/install/marscar_gazebo_ros2/include/marscar_gazebo_ros2/marscar_gazebo_ros2/msg/detail/cableposseqq__rosidl_typesupport_fastrtps_cpp.hpp
[7.214s] -- Installing: /home/hp/marscar_ws/install/marscar_gazebo_ros2/include/marscar_gazebo_ros2/marscar_gazebo_ros2/msg/detail/dds_fastrtps
[7.214s] -- Up-to-date: /home/hp/marscar_ws/install/marscar_gazebo_ros2/include/marscar_gazebo_ros2/marscar_gazebo_ros2/srv
[7.215s] -- Up-to-date: /home/hp/marscar_ws/install/marscar_gazebo_ros2/include/marscar_gazebo_ros2/marscar_gazebo_ros2/srv/detail
[7.215s] -- Installing: /home/hp/marscar_ws/install/marscar_gazebo_ros2/include/marscar_gazebo_ros2/marscar_gazebo_ros2/srv/detail/dds_fastrtps
[7.215s] -- Installing: /home/hp/marscar_ws/install/marscar_gazebo_ros2/include/marscar_gazebo_ros2/marscar_gazebo_ros2/srv/detail/ball_shooter__rosidl_typesupport_fastrtps_cpp.hpp
[7.215s] -- Installing: /home/hp/marscar_ws/install/marscar_gazebo_ros2/lib/libmarscar_gazebo_ros2__rosidl_typesupport_fastrtps_cpp.so
[7.215s] -- Set runtime path of "/home/hp/marscar_ws/install/marscar_gazebo_ros2/lib/libmarscar_gazebo_ros2__rosidl_typesupport_fastrtps_cpp.so" to ""
[7.215s] -- Up-to-date: /home/hp/marscar_ws/install/marscar_gazebo_ros2/include/marscar_gazebo_ros2/marscar_gazebo_ros2
[7.215s] -- Up-to-date: /home/hp/marscar_ws/install/marscar_gazebo_ros2/include/marscar_gazebo_ros2/marscar_gazebo_ros2/msg
[7.215s] -- Up-to-date: /home/hp/marscar_ws/install/marscar_gazebo_ros2/include/marscar_gazebo_ros2/marscar_gazebo_ros2/msg/detail
[7.215s] -- Installing: /home/hp/marscar_ws/install/marscar_gazebo_ros2/include/marscar_gazebo_ros2/marscar_gazebo_ros2/msg/detail/cableposseqq__type_support.c
[7.215s] -- Installing: /home/hp/marscar_ws/install/marscar_gazebo_ros2/include/marscar_gazebo_ros2/marscar_gazebo_ros2/msg/detail/cableposseqq__rosidl_typesupport_introspection_c.h
[7.215s] -- Installing: /home/hp/marscar_ws/install/marscar_gazebo_ros2/include/marscar_gazebo_ros2/marscar_gazebo_ros2/msg/rosidl_typesupport_introspection_c__visibility_control.h
[7.215s] -- Up-to-date: /home/hp/marscar_ws/install/marscar_gazebo_ros2/include/marscar_gazebo_ros2/marscar_gazebo_ros2/srv
[7.216s] -- Up-to-date: /home/hp/marscar_ws/install/marscar_gazebo_ros2/include/marscar_gazebo_ros2/marscar_gazebo_ros2/srv/detail
[7.216s] -- Installing: /home/hp/marscar_ws/install/marscar_gazebo_ros2/include/marscar_gazebo_ros2/marscar_gazebo_ros2/srv/detail/ball_shooter__rosidl_typesupport_introspection_c.h
[7.216s] -- Installing: /home/hp/marscar_ws/install/marscar_gazebo_ros2/include/marscar_gazebo_ros2/marscar_gazebo_ros2/srv/detail/ball_shooter__type_support.c
[7.216s] -- Installing: /home/hp/marscar_ws/install/marscar_gazebo_ros2/lib/libmarscar_gazebo_ros2__rosidl_typesupport_introspection_c.so
[7.216s] -- Set runtime path of "/home/hp/marscar_ws/install/marscar_gazebo_ros2/lib/libmarscar_gazebo_ros2__rosidl_typesupport_introspection_c.so" to ""
[7.216s] -- Installing: /home/hp/marscar_ws/install/marscar_gazebo_ros2/lib/libmarscar_gazebo_ros2__rosidl_typesupport_c.so
[7.216s] -- Set runtime path of "/home/hp/marscar_ws/install/marscar_gazebo_ros2/lib/libmarscar_gazebo_ros2__rosidl_typesupport_c.so" to ""
[7.216s] -- Up-to-date: /home/hp/marscar_ws/install/marscar_gazebo_ros2/include/marscar_gazebo_ros2/marscar_gazebo_ros2
[7.216s] -- Up-to-date: /home/hp/marscar_ws/install/marscar_gazebo_ros2/include/marscar_gazebo_ros2/marscar_gazebo_ros2/msg
[7.216s] -- Up-to-date: /home/hp/marscar_ws/install/marscar_gazebo_ros2/include/marscar_gazebo_ros2/marscar_gazebo_ros2/msg/detail
[7.216s] -- Installing: /home/hp/marscar_ws/install/marscar_gazebo_ros2/include/marscar_gazebo_ros2/marscar_gazebo_ros2/msg/detail/cableposseqq__type_support.cpp
[7.216s] -- Installing: /home/hp/marscar_ws/install/marscar_gazebo_ros2/include/marscar_gazebo_ros2/marscar_gazebo_ros2/msg/detail/cableposseqq__rosidl_typesupport_introspection_cpp.hpp
[7.216s] -- Up-to-date: /home/hp/marscar_ws/install/marscar_gazebo_ros2/include/marscar_gazebo_ros2/marscar_gazebo_ros2/srv
[7.217s] -- Up-to-date: /home/hp/marscar_ws/install/marscar_gazebo_ros2/include/marscar_gazebo_ros2/marscar_gazebo_ros2/srv/detail
[7.217s] -- Installing: /home/hp/marscar_ws/install/marscar_gazebo_ros2/include/marscar_gazebo_ros2/marscar_gazebo_ros2/srv/detail/ball_shooter__rosidl_typesupport_introspection_cpp.hpp
[7.217s] -- Installing: /home/hp/marscar_ws/install/marscar_gazebo_ros2/include/marscar_gazebo_ros2/marscar_gazebo_ros2/srv/detail/ball_shooter__type_support.cpp
[7.217s] -- Installing: /home/hp/marscar_ws/install/marscar_gazebo_ros2/lib/libmarscar_gazebo_ros2__rosidl_typesupport_introspection_cpp.so
[7.217s] -- Set runtime path of "/home/hp/marscar_ws/install/marscar_gazebo_ros2/lib/libmarscar_gazebo_ros2__rosidl_typesupport_introspection_cpp.so" to ""
[7.217s] -- Installing: /home/hp/marscar_ws/install/marscar_gazebo_ros2/lib/libmarscar_gazebo_ros2__rosidl_typesupport_cpp.so
[7.217s] -- Set runtime path of "/home/hp/marscar_ws/install/marscar_gazebo_ros2/lib/libmarscar_gazebo_ros2__rosidl_typesupport_cpp.so" to ""
[7.217s] -- Installing: /home/hp/marscar_ws/install/marscar_gazebo_ros2/share/marscar_gazebo_ros2/environment/pythonpath.sh
[7.217s] -- Installing: /home/hp/marscar_ws/install/marscar_gazebo_ros2/share/marscar_gazebo_ros2/environment/pythonpath.dsv
[7.217s] -- Installing: /home/hp/marscar_ws/install/marscar_gazebo_ros2/local/lib/python3.10/dist-packages/marscar_gazebo_ros2-0.5.1-py3.10.egg-info
[7.217s] -- Installing: /home/hp/marscar_ws/install/marscar_gazebo_ros2/local/lib/python3.10/dist-packages/marscar_gazebo_ros2-0.5.1-py3.10.egg-info/top_level.txt
[7.217s] -- Installing: /home/hp/marscar_ws/install/marscar_gazebo_ros2/local/lib/python3.10/dist-packages/marscar_gazebo_ros2-0.5.1-py3.10.egg-info/SOURCES.txt
[7.217s] -- Installing: /home/hp/marscar_ws/install/marscar_gazebo_ros2/local/lib/python3.10/dist-packages/marscar_gazebo_ros2-0.5.1-py3.10.egg-info/PKG-INFO
[7.218s] -- Installing: /home/hp/marscar_ws/install/marscar_gazebo_ros2/local/lib/python3.10/dist-packages/marscar_gazebo_ros2-0.5.1-py3.10.egg-info/dependency_links.txt
[7.218s] -- Installing: /home/hp/marscar_ws/install/marscar_gazebo_ros2/local/lib/python3.10/dist-packages/marscar_gazebo_ros2
[7.218s] -- Installing: /home/hp/marscar_ws/install/marscar_gazebo_ros2/local/lib/python3.10/dist-packages/marscar_gazebo_ros2/msg
[7.218s] -- Installing: /home/hp/marscar_ws/install/marscar_gazebo_ros2/local/lib/python3.10/dist-packages/marscar_gazebo_ros2/msg/_cableposseqq.py
[7.218s] -- Installing: /home/hp/marscar_ws/install/marscar_gazebo_ros2/local/lib/python3.10/dist-packages/marscar_gazebo_ros2/msg/_cableposseqq_s.c
[7.218s] -- Installing: /home/hp/marscar_ws/install/marscar_gazebo_ros2/local/lib/python3.10/dist-packages/marscar_gazebo_ros2/msg/__init__.py
[7.218s] -- Installing: /home/hp/marscar_ws/install/marscar_gazebo_ros2/local/lib/python3.10/dist-packages/marscar_gazebo_ros2/_marscar_gazebo_ros2_s.ep.rosidl_typesupport_c.c
[7.218s] -- Installing: /home/hp/marscar_ws/install/marscar_gazebo_ros2/local/lib/python3.10/dist-packages/marscar_gazebo_ros2/marscar_gazebo_ros2_s__rosidl_typesupport_introspection_c.cpython-310-x86_64-linux-gnu.so
[7.218s] -- Installing: /home/hp/marscar_ws/install/marscar_gazebo_ros2/local/lib/python3.10/dist-packages/marscar_gazebo_ros2/marscar_gazebo_ros2_s__rosidl_typesupport_c.cpython-310-x86_64-linux-gnu.so
[7.218s] -- Installing: /home/hp/marscar_ws/install/marscar_gazebo_ros2/local/lib/python3.10/dist-packages/marscar_gazebo_ros2/_marscar_gazebo_ros2_s.ep.rosidl_typesupport_fastrtps_c.c
[7.218s] -- Installing: /home/hp/marscar_ws/install/marscar_gazebo_ros2/local/lib/python3.10/dist-packages/marscar_gazebo_ros2/marscar_gazebo_ros2_s__rosidl_typesupport_fastrtps_c.cpython-310-x86_64-linux-gnu.so
[7.218s] -- Installing: /home/hp/marscar_ws/install/marscar_gazebo_ros2/local/lib/python3.10/dist-packages/marscar_gazebo_ros2/_marscar_gazebo_ros2_s.ep.rosidl_typesupport_introspection_c.c
[7.219s] -- Installing: /home/hp/marscar_ws/install/marscar_gazebo_ros2/local/lib/python3.10/dist-packages/marscar_gazebo_ros2/srv
[7.219s] -- Installing: /home/hp/marscar_ws/install/marscar_gazebo_ros2/local/lib/python3.10/dist-packages/marscar_gazebo_ros2/srv/_ball_shooter.py
[7.219s] -- Installing: /home/hp/marscar_ws/install/marscar_gazebo_ros2/local/lib/python3.10/dist-packages/marscar_gazebo_ros2/srv/_ball_shooter_s.c
[7.219s] -- Installing: /home/hp/marscar_ws/install/marscar_gazebo_ros2/local/lib/python3.10/dist-packages/marscar_gazebo_ros2/srv/__init__.py
[7.219s] -- Installing: /home/hp/marscar_ws/install/marscar_gazebo_ros2/local/lib/python3.10/dist-packages/marscar_gazebo_ros2/libmarscar_gazebo_ros2__rosidl_generator_py.so
[7.219s] -- Installing: /home/hp/marscar_ws/install/marscar_gazebo_ros2/local/lib/python3.10/dist-packages/marscar_gazebo_ros2/__init__.py
[7.241s] Listing '/home/hp/marscar_ws/install/marscar_gazebo_ros2/local/lib/python3.10/dist-packages/marscar_gazebo_ros2'...
[7.241s] Compiling '/home/hp/marscar_ws/install/marscar_gazebo_ros2/local/lib/python3.10/dist-packages/marscar_gazebo_ros2/__init__.py'...
[7.241s] Listing '/home/hp/marscar_ws/install/marscar_gazebo_ros2/local/lib/python3.10/dist-packages/marscar_gazebo_ros2/msg'...
[7.242s] Compiling '/home/hp/marscar_ws/install/marscar_gazebo_ros2/local/lib/python3.10/dist-packages/marscar_gazebo_ros2/msg/__init__.py'...
[7.242s] Compiling '/home/hp/marscar_ws/install/marscar_gazebo_ros2/local/lib/python3.10/dist-packages/marscar_gazebo_ros2/msg/_cableposseqq.py'...
[7.242s] Listing '/home/hp/marscar_ws/install/marscar_gazebo_ros2/local/lib/python3.10/dist-packages/marscar_gazebo_ros2/srv'...
[7.242s] Compiling '/home/hp/marscar_ws/install/marscar_gazebo_ros2/local/lib/python3.10/dist-packages/marscar_gazebo_ros2/srv/__init__.py'...
[7.242s] Compiling '/home/hp/marscar_ws/install/marscar_gazebo_ros2/local/lib/python3.10/dist-packages/marscar_gazebo_ros2/srv/_ball_shooter.py'...
[7.245s] -- Installing: /home/hp/marscar_ws/install/marscar_gazebo_ros2/local/lib/python3.10/dist-packages/marscar_gazebo_ros2/marscar_gazebo_ros2_s__rosidl_typesupport_fastrtps_c.cpython-310-x86_64-linux-gnu.so
[7.245s] -- Set runtime path of "/home/hp/marscar_ws/install/marscar_gazebo_ros2/local/lib/python3.10/dist-packages/marscar_gazebo_ros2/marscar_gazebo_ros2_s__rosidl_typesupport_fastrtps_c.cpython-310-x86_64-linux-gnu.so" to ""
[7.245s] -- Installing: /home/hp/marscar_ws/install/marscar_gazebo_ros2/local/lib/python3.10/dist-packages/marscar_gazebo_ros2/marscar_gazebo_ros2_s__rosidl_typesupport_introspection_c.cpython-310-x86_64-linux-gnu.so
[7.246s] -- Set runtime path of "/home/hp/marscar_ws/install/marscar_gazebo_ros2/local/lib/python3.10/dist-packages/marscar_gazebo_ros2/marscar_gazebo_ros2_s__rosidl_typesupport_introspection_c.cpython-310-x86_64-linux-gnu.so" to ""
[7.246s] -- Installing: /home/hp/marscar_ws/install/marscar_gazebo_ros2/local/lib/python3.10/dist-packages/marscar_gazebo_ros2/marscar_gazebo_ros2_s__rosidl_typesupport_c.cpython-310-x86_64-linux-gnu.so
[7.246s] -- Set runtime path of "/home/hp/marscar_ws/install/marscar_gazebo_ros2/local/lib/python3.10/dist-packages/marscar_gazebo_ros2/marscar_gazebo_ros2_s__rosidl_typesupport_c.cpython-310-x86_64-linux-gnu.so" to ""
[7.246s] -- Installing: /home/hp/marscar_ws/install/marscar_gazebo_ros2/lib/libmarscar_gazebo_ros2__rosidl_generator_py.so
[7.246s] -- Set runtime path of "/home/hp/marscar_ws/install/marscar_gazebo_ros2/lib/libmarscar_gazebo_ros2__rosidl_generator_py.so" to ""
[7.246s] -- Installing: /home/hp/marscar_ws/install/marscar_gazebo_ros2/share/marscar_gazebo_ros2/msg/Cableposseqq.idl
[7.247s] -- Installing: /home/hp/marscar_ws/install/marscar_gazebo_ros2/share/marscar_gazebo_ros2/srv/BallShooter.idl
[7.247s] -- Installing: /home/hp/marscar_ws/install/marscar_gazebo_ros2/share/marscar_gazebo_ros2/msg/Cableposseqq.msg
[7.247s] -- Installing: /home/hp/marscar_ws/install/marscar_gazebo_ros2/share/marscar_gazebo_ros2/srv/BallShooter.srv
[7.247s] -- Installing: /home/hp/marscar_ws/install/marscar_gazebo_ros2/share/marscar_gazebo_ros2/srv/BallShooter_Request.msg
[7.247s] -- Installing: /home/hp/marscar_ws/install/marscar_gazebo_ros2/share/marscar_gazebo_ros2/srv/BallShooter_Response.msg
[7.247s] -- Installing: /home/hp/marscar_ws/install/marscar_gazebo_ros2/lib/marscar_gazebo_ros2/mars_cmdvel.py
[7.247s] -- Installing: /home/hp/marscar_ws/install/marscar_gazebo_ros2/lib/marscar_gazebo_ros2/joy2twist.py
[7.247s] -- Installing: /home/hp/marscar_ws/install/marscar_gazebo_ros2/lib/marscar_gazebo_ros2/teleop_keyboard.py
[7.247s] -- Installing: /home/hp/marscar_ws/install/marscar_gazebo_ros2/lib/marscar_gazebo_ros2/keep_balance.py
[7.248s] -- Installing: /home/hp/marscar_ws/install/marscar_gazebo_ros2/lib/marscar_gazebo_ros2/joy_shooter.py
[7.248s] -- Installing: /home/hp/marscar_ws/install/marscar_gazebo_ros2/lib/marscar_gazebo_ros2/joy_cart.py
[7.248s] -- Installing: /home/hp/marscar_ws/install/marscar_gazebo_ros2/share/ament_index/resource_index/package_run_dependencies/marscar_gazebo_ros2
[7.248s] -- Installing: /home/hp/marscar_ws/install/marscar_gazebo_ros2/share/ament_index/resource_index/parent_prefix_path/marscar_gazebo_ros2
[7.248s] -- Installing: /home/hp/marscar_ws/install/marscar_gazebo_ros2/share/marscar_gazebo_ros2/environment/ament_prefix_path.sh
[7.248s] -- Installing: /home/hp/marscar_ws/install/marscar_gazebo_ros2/share/marscar_gazebo_ros2/environment/ament_prefix_path.dsv
[7.248s] -- Installing: /home/hp/marscar_ws/install/marscar_gazebo_ros2/share/marscar_gazebo_ros2/environment/path.sh
[7.248s] -- Installing: /home/hp/marscar_ws/install/marscar_gazebo_ros2/share/marscar_gazebo_ros2/environment/path.dsv
[7.248s] -- Installing: /home/hp/marscar_ws/install/marscar_gazebo_ros2/share/marscar_gazebo_ros2/local_setup.bash
[7.249s] -- Installing: /home/hp/marscar_ws/install/marscar_gazebo_ros2/share/marscar_gazebo_ros2/local_setup.sh
[7.249s] -- Installing: /home/hp/marscar_ws/install/marscar_gazebo_ros2/share/marscar_gazebo_ros2/local_setup.zsh
[7.249s] -- Installing: /home/hp/marscar_ws/install/marscar_gazebo_ros2/share/marscar_gazebo_ros2/local_setup.dsv
[7.249s] -- Installing: /home/hp/marscar_ws/install/marscar_gazebo_ros2/share/marscar_gazebo_ros2/package.dsv
[7.249s] -- Installing: /home/hp/marscar_ws/install/marscar_gazebo_ros2/share/ament_index/resource_index/packages/marscar_gazebo_ros2
[7.249s] -- Installing: /home/hp/marscar_ws/install/marscar_gazebo_ros2/share/marscar_gazebo_ros2/cmake/export_marscar_gazebo_ros2__rosidl_generator_cExport.cmake
[7.249s] -- Installing: /home/hp/marscar_ws/install/marscar_gazebo_ros2/share/marscar_gazebo_ros2/cmake/export_marscar_gazebo_ros2__rosidl_generator_cExport-noconfig.cmake
[7.249s] -- Installing: /home/hp/marscar_ws/install/marscar_gazebo_ros2/share/marscar_gazebo_ros2/cmake/export_marscar_gazebo_ros2__rosidl_typesupport_fastrtps_cExport.cmake
[7.250s] -- Installing: /home/hp/marscar_ws/install/marscar_gazebo_ros2/share/marscar_gazebo_ros2/cmake/export_marscar_gazebo_ros2__rosidl_typesupport_fastrtps_cExport-noconfig.cmake
[7.250s] -- Installing: /home/hp/marscar_ws/install/marscar_gazebo_ros2/share/marscar_gazebo_ros2/cmake/export_marscar_gazebo_ros2__rosidl_generator_cppExport.cmake
[7.250s] -- Installing: /home/hp/marscar_ws/install/marscar_gazebo_ros2/share/marscar_gazebo_ros2/cmake/export_marscar_gazebo_ros2__rosidl_typesupport_fastrtps_cppExport.cmake
[7.250s] -- Installing: /home/hp/marscar_ws/install/marscar_gazebo_ros2/share/marscar_gazebo_ros2/cmake/export_marscar_gazebo_ros2__rosidl_typesupport_fastrtps_cppExport-noconfig.cmake
[7.250s] -- Installing: /home/hp/marscar_ws/install/marscar_gazebo_ros2/share/marscar_gazebo_ros2/cmake/marscar_gazebo_ros2__rosidl_typesupport_introspection_cExport.cmake
[7.250s] -- Installing: /home/hp/marscar_ws/install/marscar_gazebo_ros2/share/marscar_gazebo_ros2/cmake/marscar_gazebo_ros2__rosidl_typesupport_introspection_cExport-noconfig.cmake
[7.250s] -- Installing: /home/hp/marscar_ws/install/marscar_gazebo_ros2/share/marscar_gazebo_ros2/cmake/marscar_gazebo_ros2__rosidl_typesupport_cExport.cmake
[7.250s] -- Installing: /home/hp/marscar_ws/install/marscar_gazebo_ros2/share/marscar_gazebo_ros2/cmake/marscar_gazebo_ros2__rosidl_typesupport_cExport-noconfig.cmake
[7.250s] -- Installing: /home/hp/marscar_ws/install/marscar_gazebo_ros2/share/marscar_gazebo_ros2/cmake/marscar_gazebo_ros2__rosidl_typesupport_introspection_cppExport.cmake
[7.250s] -- Installing: /home/hp/marscar_ws/install/marscar_gazebo_ros2/share/marscar_gazebo_ros2/cmake/marscar_gazebo_ros2__rosidl_typesupport_introspection_cppExport-noconfig.cmake
[7.250s] -- Installing: /home/hp/marscar_ws/install/marscar_gazebo_ros2/share/marscar_gazebo_ros2/cmake/marscar_gazebo_ros2__rosidl_typesupport_cppExport.cmake
[7.250s] -- Installing: /home/hp/marscar_ws/install/marscar_gazebo_ros2/share/marscar_gazebo_ros2/cmake/marscar_gazebo_ros2__rosidl_typesupport_cppExport-noconfig.cmake
[7.250s] -- Installing: /home/hp/marscar_ws/install/marscar_gazebo_ros2/share/marscar_gazebo_ros2/cmake/export_marscar_gazebo_ros2__rosidl_generator_pyExport.cmake
[7.251s] -- Installing: /home/hp/marscar_ws/install/marscar_gazebo_ros2/share/marscar_gazebo_ros2/cmake/export_marscar_gazebo_ros2__rosidl_generator_pyExport-noconfig.cmake
[7.251s] -- Installing: /home/hp/marscar_ws/install/marscar_gazebo_ros2/share/marscar_gazebo_ros2/cmake/rosidl_cmake-extras.cmake
[7.251s] -- Installing: /home/hp/marscar_ws/install/marscar_gazebo_ros2/share/marscar_gazebo_ros2/cmake/ament_cmake_export_include_directories-extras.cmake
[7.251s] -- Installing: /home/hp/marscar_ws/install/marscar_gazebo_ros2/share/marscar_gazebo_ros2/cmake/ament_cmake_export_libraries-extras.cmake
[7.251s] -- Installing: /home/hp/marscar_ws/install/marscar_gazebo_ros2/share/marscar_gazebo_ros2/cmake/ament_cmake_export_targets-extras.cmake
[7.251s] -- Installing: /home/hp/marscar_ws/install/marscar_gazebo_ros2/share/marscar_gazebo_ros2/cmake/rosidl_cmake_export_typesupport_targets-extras.cmake
[7.252s] -- Installing: /home/hp/marscar_ws/install/marscar_gazebo_ros2/share/marscar_gazebo_ros2/cmake/ament_cmake_export_dependencies-extras.cmake
[7.252s] -- Installing: /home/hp/marscar_ws/install/marscar_gazebo_ros2/share/marscar_gazebo_ros2/cmake/rosidl_cmake_export_typesupport_libraries-extras.cmake
[7.252s] -- Installing: /home/hp/marscar_ws/install/marscar_gazebo_ros2/share/marscar_gazebo_ros2/cmake/marscar_gazebo_ros2Config.cmake
[7.255s] -- Installing: /home/hp/marscar_ws/install/marscar_gazebo_ros2/share/marscar_gazebo_ros2/cmake/marscar_gazebo_ros2Config-version.cmake
[7.255s] -- Installing: /home/hp/marscar_ws/install/marscar_gazebo_ros2/share/marscar_gazebo_ros2/package.xml
[7.255s] Invoked command in '/home/hp/marscar_ws/build/marscar_gazebo_ros2' returned '0': CMAKE_PREFIX_PATH=${CMAKE_PREFIX_PATH}:/home/hp/mars_car_ws/install/mediapipe_ros2:/opt/ros/humble /usr/bin/cmake --install /home/hp/marscar_ws/build/marscar_gazebo_ros2
