[0.202s] DEBUG:colcon:Command line arguments: ['/usr/bin/colcon', 'build', '--packages-select', 'marscar_gazebo_ros2', 'mediapipe_ros2', 'gazebo_plugins_mode']
[0.202s] DEBUG:colcon:Parsed command line arguments: Namespace(log_base=None, log_level=None, verb_name='build', build_base='build', install_base='install', merge_install=False, symlink_install=False, test_result_base=None, continue_on_error=False, executor='parallel', parallel_workers=20, event_handlers=None, ignore_user_meta=False, metas=['./colcon.meta'], base_paths=['.'], packages_ignore=None, packages_ignore_regex=None, paths=None, packages_up_to=None, packages_up_to_regex=None, packages_above=None, packages_above_and_dependencies=None, packages_above_depth=None, packages_select_by_dep=None, packages_skip_by_dep=None, packages_skip_up_to=None, packages_select_build_failed=False, packages_skip_build_finished=False, packages_select_test_failures=False, packages_skip_test_passed=False, packages_select=['marscar_gazebo_ros2', 'mediapipe_ros2', 'gazebo_plugins_mode'], packages_skip=None, packages_select_regex=None, packages_skip_regex=None, packages_start=None, packages_end=None, allow_overriding=[], cmake_args=None, cmake_target=None, cmake_target_skip_unavailable=False, cmake_clean_cache=False, cmake_clean_first=False, cmake_force_configure=False, ament_cmake_args=None, catkin_cmake_args=None, catkin_skip_building_tests=False, verb_parser=<colcon_defaults.argument_parser.defaults.DefaultArgumentsDecorator object at 0x7fc28ff19a20>, verb_extension=<colcon_core.verb.build.BuildVerb object at 0x7fc290908d60>, main=<bound method BuildVerb.main of <colcon_core.verb.build.BuildVerb object at 0x7fc290908d60>>)
[0.217s] Level 1:colcon.colcon_core.package_discovery:discover_packages(colcon_meta) check parameters
[0.217s] Level 1:colcon.colcon_core.package_discovery:discover_packages(recursive) check parameters
[0.217s] Level 1:colcon.colcon_core.package_discovery:discover_packages(ignore) check parameters
[0.217s] Level 1:colcon.colcon_core.package_discovery:discover_packages(path) check parameters
[0.217s] Level 1:colcon.colcon_core.package_discovery:discover_packages(colcon_meta) discover
[0.217s] Level 1:colcon.colcon_core.package_discovery:discover_packages(recursive) discover
[0.217s] INFO:colcon.colcon_core.package_discovery:Crawling recursively for packages in '/home/hp/marscar_ws'
[0.217s] Level 1:colcon.colcon_core.package_identification:_identify(.) by extensions ['ignore', 'ignore_ament_install']
[0.217s] Level 1:colcon.colcon_core.package_identification:_identify(.) by extension 'ignore'
[0.217s] Level 1:colcon.colcon_core.package_identification:_identify(.) by extension 'ignore_ament_install'
[0.217s] Level 1:colcon.colcon_core.package_identification:_identify(.) by extensions ['colcon_pkg']
[0.217s] Level 1:colcon.colcon_core.package_identification:_identify(.) by extension 'colcon_pkg'
[0.217s] Level 1:colcon.colcon_core.package_identification:_identify(.) by extensions ['colcon_meta']
[0.217s] Level 1:colcon.colcon_core.package_identification:_identify(.) by extension 'colcon_meta'
[0.217s] Level 1:colcon.colcon_core.package_identification:_identify(.) by extensions ['ros']
[0.217s] Level 1:colcon.colcon_core.package_identification:_identify(.) by extension 'ros'
[0.224s] Level 1:colcon.colcon_core.package_identification:_identify(.) by extensions ['cmake', 'python']
[0.224s] Level 1:colcon.colcon_core.package_identification:_identify(.) by extension 'cmake'
[0.224s] Level 1:colcon.colcon_core.package_identification:_identify(.) by extension 'python'
[0.224s] Level 1:colcon.colcon_core.package_identification:_identify(.) by extensions ['python_setup_py']
[0.224s] Level 1:colcon.colcon_core.package_identification:_identify(.) by extension 'python_setup_py'
[0.225s] Level 1:colcon.colcon_core.package_identification:_identify(build) by extensions ['ignore', 'ignore_ament_install']
[0.225s] Level 1:colcon.colcon_core.package_identification:_identify(build) by extension 'ignore'
[0.225s] Level 1:colcon.colcon_core.package_identification:_identify(build) ignored
[0.225s] Level 1:colcon.colcon_core.package_identification:_identify(install) by extensions ['ignore', 'ignore_ament_install']
[0.225s] Level 1:colcon.colcon_core.package_identification:_identify(install) by extension 'ignore'
[0.225s] Level 1:colcon.colcon_core.package_identification:_identify(install) ignored
[0.225s] Level 1:colcon.colcon_core.package_identification:_identify(log) by extensions ['ignore', 'ignore_ament_install']
[0.225s] Level 1:colcon.colcon_core.package_identification:_identify(log) by extension 'ignore'
[0.225s] Level 1:colcon.colcon_core.package_identification:_identify(log) ignored
[0.225s] Level 1:colcon.colcon_core.package_identification:_identify(src) by extensions ['ignore', 'ignore_ament_install']
[0.225s] Level 1:colcon.colcon_core.package_identification:_identify(src) by extension 'ignore'
[0.225s] Level 1:colcon.colcon_core.package_identification:_identify(src) by extension 'ignore_ament_install'
[0.225s] Level 1:colcon.colcon_core.package_identification:_identify(src) by extensions ['colcon_pkg']
[0.225s] Level 1:colcon.colcon_core.package_identification:_identify(src) by extension 'colcon_pkg'
[0.225s] Level 1:colcon.colcon_core.package_identification:_identify(src) by extensions ['colcon_meta']
[0.225s] Level 1:colcon.colcon_core.package_identification:_identify(src) by extension 'colcon_meta'
[0.225s] Level 1:colcon.colcon_core.package_identification:_identify(src) by extensions ['ros']
[0.225s] Level 1:colcon.colcon_core.package_identification:_identify(src) by extension 'ros'
[0.225s] Level 1:colcon.colcon_core.package_identification:_identify(src) by extensions ['cmake', 'python']
[0.225s] Level 1:colcon.colcon_core.package_identification:_identify(src) by extension 'cmake'
[0.225s] Level 1:colcon.colcon_core.package_identification:_identify(src) by extension 'python'
[0.225s] Level 1:colcon.colcon_core.package_identification:_identify(src) by extensions ['python_setup_py']
[0.225s] Level 1:colcon.colcon_core.package_identification:_identify(src) by extension 'python_setup_py'
[0.225s] Level 1:colcon.colcon_core.package_identification:_identify(src/LIO-SAM-ros2) by extensions ['ignore', 'ignore_ament_install']
[0.225s] Level 1:colcon.colcon_core.package_identification:_identify(src/LIO-SAM-ros2) by extension 'ignore'
[0.225s] Level 1:colcon.colcon_core.package_identification:_identify(src/LIO-SAM-ros2) by extension 'ignore_ament_install'
[0.225s] Level 1:colcon.colcon_core.package_identification:_identify(src/LIO-SAM-ros2) by extensions ['colcon_pkg']
[0.225s] Level 1:colcon.colcon_core.package_identification:_identify(src/LIO-SAM-ros2) by extension 'colcon_pkg'
[0.225s] Level 1:colcon.colcon_core.package_identification:_identify(src/LIO-SAM-ros2) by extensions ['colcon_meta']
[0.225s] Level 1:colcon.colcon_core.package_identification:_identify(src/LIO-SAM-ros2) by extension 'colcon_meta'
[0.225s] Level 1:colcon.colcon_core.package_identification:_identify(src/LIO-SAM-ros2) by extensions ['ros']
[0.225s] Level 1:colcon.colcon_core.package_identification:_identify(src/LIO-SAM-ros2) by extension 'ros'
[0.227s] DEBUG:colcon.colcon_core.package_identification:Package 'src/LIO-SAM-ros2' with type 'ros.ament_cmake' and name 'lio_sam'
[0.227s] Level 1:colcon.colcon_core.package_identification:_identify(src/ORB_SLAM3_ROS2-humble) by extensions ['ignore', 'ignore_ament_install']
[0.227s] Level 1:colcon.colcon_core.package_identification:_identify(src/ORB_SLAM3_ROS2-humble) by extension 'ignore'
[0.227s] Level 1:colcon.colcon_core.package_identification:_identify(src/ORB_SLAM3_ROS2-humble) by extension 'ignore_ament_install'
[0.227s] Level 1:colcon.colcon_core.package_identification:_identify(src/ORB_SLAM3_ROS2-humble) by extensions ['colcon_pkg']
[0.227s] Level 1:colcon.colcon_core.package_identification:_identify(src/ORB_SLAM3_ROS2-humble) by extension 'colcon_pkg'
[0.228s] Level 1:colcon.colcon_core.package_identification:_identify(src/ORB_SLAM3_ROS2-humble) by extensions ['colcon_meta']
[0.228s] Level 1:colcon.colcon_core.package_identification:_identify(src/ORB_SLAM3_ROS2-humble) by extension 'colcon_meta'
[0.228s] Level 1:colcon.colcon_core.package_identification:_identify(src/ORB_SLAM3_ROS2-humble) by extensions ['ros']
[0.228s] Level 1:colcon.colcon_core.package_identification:_identify(src/ORB_SLAM3_ROS2-humble) by extension 'ros'
[0.228s] DEBUG:colcon.colcon_core.package_identification:Package 'src/ORB_SLAM3_ROS2-humble' with type 'ros.ament_cmake' and name 'orbslam3'
[0.228s] Level 1:colcon.colcon_core.package_identification:_identify(src/gazebo_plugins_mode) by extensions ['ignore', 'ignore_ament_install']
[0.228s] Level 1:colcon.colcon_core.package_identification:_identify(src/gazebo_plugins_mode) by extension 'ignore'
[0.228s] Level 1:colcon.colcon_core.package_identification:_identify(src/gazebo_plugins_mode) by extension 'ignore_ament_install'
[0.228s] Level 1:colcon.colcon_core.package_identification:_identify(src/gazebo_plugins_mode) by extensions ['colcon_pkg']
[0.228s] Level 1:colcon.colcon_core.package_identification:_identify(src/gazebo_plugins_mode) by extension 'colcon_pkg'
[0.228s] Level 1:colcon.colcon_core.package_identification:_identify(src/gazebo_plugins_mode) by extensions ['colcon_meta']
[0.228s] Level 1:colcon.colcon_core.package_identification:_identify(src/gazebo_plugins_mode) by extension 'colcon_meta'
[0.228s] Level 1:colcon.colcon_core.package_identification:_identify(src/gazebo_plugins_mode) by extensions ['ros']
[0.228s] Level 1:colcon.colcon_core.package_identification:_identify(src/gazebo_plugins_mode) by extension 'ros'
[0.229s] DEBUG:colcon.colcon_core.package_identification:Package 'src/gazebo_plugins_mode' with type 'ros.ament_cmake' and name 'gazebo_plugins_mode'
[0.229s] Level 1:colcon.colcon_core.package_identification:_identify(src/marscar_gazebo_ros2) by extensions ['ignore', 'ignore_ament_install']
[0.229s] Level 1:colcon.colcon_core.package_identification:_identify(src/marscar_gazebo_ros2) by extension 'ignore'
[0.229s] Level 1:colcon.colcon_core.package_identification:_identify(src/marscar_gazebo_ros2) by extension 'ignore_ament_install'
[0.229s] Level 1:colcon.colcon_core.package_identification:_identify(src/marscar_gazebo_ros2) by extensions ['colcon_pkg']
[0.229s] Level 1:colcon.colcon_core.package_identification:_identify(src/marscar_gazebo_ros2) by extension 'colcon_pkg'
[0.229s] Level 1:colcon.colcon_core.package_identification:_identify(src/marscar_gazebo_ros2) by extensions ['colcon_meta']
[0.230s] Level 1:colcon.colcon_core.package_identification:_identify(src/marscar_gazebo_ros2) by extension 'colcon_meta'
[0.230s] Level 1:colcon.colcon_core.package_identification:_identify(src/marscar_gazebo_ros2) by extensions ['ros']
[0.230s] Level 1:colcon.colcon_core.package_identification:_identify(src/marscar_gazebo_ros2) by extension 'ros'
[0.230s] DEBUG:colcon.colcon_core.package_identification:Package 'src/marscar_gazebo_ros2' with type 'ros.ament_cmake' and name 'marscar_gazebo_ros2'
[0.230s] Level 1:colcon.colcon_core.package_identification:_identify(src/marscar_navigation2) by extensions ['ignore', 'ignore_ament_install']
[0.230s] Level 1:colcon.colcon_core.package_identification:_identify(src/marscar_navigation2) by extension 'ignore'
[0.230s] Level 1:colcon.colcon_core.package_identification:_identify(src/marscar_navigation2) by extension 'ignore_ament_install'
[0.230s] Level 1:colcon.colcon_core.package_identification:_identify(src/marscar_navigation2) by extensions ['colcon_pkg']
[0.230s] Level 1:colcon.colcon_core.package_identification:_identify(src/marscar_navigation2) by extension 'colcon_pkg'
[0.230s] Level 1:colcon.colcon_core.package_identification:_identify(src/marscar_navigation2) by extensions ['colcon_meta']
[0.230s] Level 1:colcon.colcon_core.package_identification:_identify(src/marscar_navigation2) by extension 'colcon_meta'
[0.230s] Level 1:colcon.colcon_core.package_identification:_identify(src/marscar_navigation2) by extensions ['ros']
[0.230s] Level 1:colcon.colcon_core.package_identification:_identify(src/marscar_navigation2) by extension 'ros'
[0.231s] DEBUG:colcon.colcon_core.package_identification:Package 'src/marscar_navigation2' with type 'ros.ament_cmake' and name 'marscar_navigation2'
[0.231s] Level 1:colcon.colcon_core.package_identification:_identify(src/mascar_cartographer) by extensions ['ignore', 'ignore_ament_install']
[0.231s] Level 1:colcon.colcon_core.package_identification:_identify(src/mascar_cartographer) by extension 'ignore'
[0.231s] Level 1:colcon.colcon_core.package_identification:_identify(src/mascar_cartographer) by extension 'ignore_ament_install'
[0.231s] Level 1:colcon.colcon_core.package_identification:_identify(src/mascar_cartographer) by extensions ['colcon_pkg']
[0.231s] Level 1:colcon.colcon_core.package_identification:_identify(src/mascar_cartographer) by extension 'colcon_pkg'
[0.231s] Level 1:colcon.colcon_core.package_identification:_identify(src/mascar_cartographer) by extensions ['colcon_meta']
[0.231s] Level 1:colcon.colcon_core.package_identification:_identify(src/mascar_cartographer) by extension 'colcon_meta'
[0.231s] Level 1:colcon.colcon_core.package_identification:_identify(src/mascar_cartographer) by extensions ['ros']
[0.231s] Level 1:colcon.colcon_core.package_identification:_identify(src/mascar_cartographer) by extension 'ros'
[0.231s] DEBUG:colcon.colcon_core.package_identification:Package 'src/mascar_cartographer' with type 'ros.ament_cmake' and name 'mascar_cartographer'
[0.231s] Level 1:colcon.colcon_core.package_identification:_identify(src/mediapipe_ros2) by extensions ['ignore', 'ignore_ament_install']
[0.231s] Level 1:colcon.colcon_core.package_identification:_identify(src/mediapipe_ros2) by extension 'ignore'
[0.231s] Level 1:colcon.colcon_core.package_identification:_identify(src/mediapipe_ros2) by extension 'ignore_ament_install'
[0.231s] Level 1:colcon.colcon_core.package_identification:_identify(src/mediapipe_ros2) by extensions ['colcon_pkg']
[0.231s] Level 1:colcon.colcon_core.package_identification:_identify(src/mediapipe_ros2) by extension 'colcon_pkg'
[0.232s] Level 1:colcon.colcon_core.package_identification:_identify(src/mediapipe_ros2) by extensions ['colcon_meta']
[0.232s] Level 1:colcon.colcon_core.package_identification:_identify(src/mediapipe_ros2) by extension 'colcon_meta'
[0.232s] Level 1:colcon.colcon_core.package_identification:_identify(src/mediapipe_ros2) by extensions ['ros']
[0.232s] Level 1:colcon.colcon_core.package_identification:_identify(src/mediapipe_ros2) by extension 'ros'
[0.232s] DEBUG:colcon.colcon_core.package_identification:Package 'src/mediapipe_ros2' with type 'ros.ament_python' and name 'mediapipe_ros2'
[0.232s] Level 1:colcon.colcon_core.package_discovery:discover_packages(recursive) using defaults
[0.232s] Level 1:colcon.colcon_core.package_discovery:discover_packages(ignore) discover
[0.232s] Level 1:colcon.colcon_core.package_discovery:discover_packages(ignore) using defaults
[0.232s] Level 1:colcon.colcon_core.package_discovery:discover_packages(path) discover
[0.232s] Level 1:colcon.colcon_core.package_discovery:discover_packages(path) using defaults
[0.246s] INFO:colcon.colcon_core.package_selection:Skipping not selected package 'lio_sam' in 'src/LIO-SAM-ros2'
[0.246s] INFO:colcon.colcon_core.package_selection:Skipping not selected package 'marscar_navigation2' in 'src/marscar_navigation2'
[0.246s] INFO:colcon.colcon_core.package_selection:Skipping not selected package 'mascar_cartographer' in 'src/mascar_cartographer'
[0.246s] INFO:colcon.colcon_core.package_selection:Skipping not selected package 'orbslam3' in 'src/ORB_SLAM3_ROS2-humble'
[0.246s] Level 1:colcon.colcon_core.package_discovery:discover_packages(prefix_path) check parameters
[0.246s] Level 1:colcon.colcon_core.package_discovery:discover_packages(prefix_path) discover
[0.247s] WARNING:colcon.colcon_core.prefix_path.colcon:The path '/home/hp/mars_car_ws/install' in the environment variable COLCON_PREFIX_PATH doesn't exist
[0.247s] WARNING:colcon.colcon_ros.prefix_path.ament:The path '/home/hp/mars_car_ws/install/orbslam3' in the environment variable AMENT_PREFIX_PATH doesn't exist
[0.247s] WARNING:colcon.colcon_ros.prefix_path.ament:The path '/home/hp/mars_car_ws/install/mediapipe_ros2' in the environment variable AMENT_PREFIX_PATH doesn't exist
[0.247s] WARNING:colcon.colcon_ros.prefix_path.ament:The path '/home/hp/mars_car_ws/install/mascar_cartographer' in the environment variable AMENT_PREFIX_PATH doesn't exist
[0.247s] WARNING:colcon.colcon_ros.prefix_path.ament:The path '/home/hp/mars_car_ws/install/marscar_navigation2' in the environment variable AMENT_PREFIX_PATH doesn't exist
[0.247s] WARNING:colcon.colcon_ros.prefix_path.ament:The path '/home/hp/mars_car_ws/install/marscar_gazebo_ros2' in the environment variable AMENT_PREFIX_PATH doesn't exist
[0.247s] WARNING:colcon.colcon_ros.prefix_path.ament:The path '/home/hp/mars_car_ws/install/lio_sam' in the environment variable AMENT_PREFIX_PATH doesn't exist
[0.247s] WARNING:colcon.colcon_ros.prefix_path.ament:The path '/home/hp/mars_car_ws/install/gazebo_plugins_mode' in the environment variable AMENT_PREFIX_PATH doesn't exist
[0.247s] WARNING:colcon.colcon_ros.prefix_path.catkin:The path '/home/hp/mars_car_ws/install/orbslam3' in the environment variable CMAKE_PREFIX_PATH doesn't exist
[0.247s] WARNING:colcon.colcon_ros.prefix_path.catkin:The path '/home/hp/mars_car_ws/install/mascar_cartographer' in the environment variable CMAKE_PREFIX_PATH doesn't exist
[0.247s] WARNING:colcon.colcon_ros.prefix_path.catkin:The path '/home/hp/mars_car_ws/install/marscar_navigation2' in the environment variable CMAKE_PREFIX_PATH doesn't exist
[0.247s] WARNING:colcon.colcon_ros.prefix_path.catkin:The path '/home/hp/mars_car_ws/install/marscar_gazebo_ros2' in the environment variable CMAKE_PREFIX_PATH doesn't exist
[0.247s] WARNING:colcon.colcon_ros.prefix_path.catkin:The path '/home/hp/mars_car_ws/install/lio_sam' in the environment variable CMAKE_PREFIX_PATH doesn't exist
[0.247s] WARNING:colcon.colcon_ros.prefix_path.catkin:The path '/home/hp/mars_car_ws/install/gazebo_plugins_mode' in the environment variable CMAKE_PREFIX_PATH doesn't exist
[0.249s] DEBUG:colcon.colcon_installed_package_information.package_discovery:Found 387 installed packages in /opt/ros/humble
[0.250s] Level 1:colcon.colcon_core.package_discovery:discover_packages(prefix_path) using defaults
[0.294s] Level 5:colcon.colcon_core.verb:set package 'gazebo_plugins_mode' build argument 'cmake_args' from command line to 'None'
[0.294s] Level 5:colcon.colcon_core.verb:set package 'gazebo_plugins_mode' build argument 'cmake_target' from command line to 'None'
[0.294s] Level 5:colcon.colcon_core.verb:set package 'gazebo_plugins_mode' build argument 'cmake_target_skip_unavailable' from command line to 'False'
[0.294s] Level 5:colcon.colcon_core.verb:set package 'gazebo_plugins_mode' build argument 'cmake_clean_cache' from command line to 'False'
[0.294s] Level 5:colcon.colcon_core.verb:set package 'gazebo_plugins_mode' build argument 'cmake_clean_first' from command line to 'False'
[0.294s] Level 5:colcon.colcon_core.verb:set package 'gazebo_plugins_mode' build argument 'cmake_force_configure' from command line to 'False'
[0.294s] Level 5:colcon.colcon_core.verb:set package 'gazebo_plugins_mode' build argument 'ament_cmake_args' from command line to 'None'
[0.294s] Level 5:colcon.colcon_core.verb:set package 'gazebo_plugins_mode' build argument 'catkin_cmake_args' from command line to 'None'
[0.294s] Level 5:colcon.colcon_core.verb:set package 'gazebo_plugins_mode' build argument 'catkin_skip_building_tests' from command line to 'False'
[0.294s] DEBUG:colcon.colcon_core.verb:Building package 'gazebo_plugins_mode' with the following arguments: {'ament_cmake_args': None, 'build_base': '/home/hp/marscar_ws/build/gazebo_plugins_mode', 'catkin_cmake_args': None, 'catkin_skip_building_tests': False, 'cmake_args': None, 'cmake_clean_cache': False, 'cmake_clean_first': False, 'cmake_force_configure': False, 'cmake_target': None, 'cmake_target_skip_unavailable': False, 'install_base': '/home/hp/marscar_ws/install/gazebo_plugins_mode', 'merge_install': False, 'path': '/home/hp/marscar_ws/src/gazebo_plugins_mode', 'symlink_install': False, 'test_result_base': None}
[0.295s] Level 5:colcon.colcon_core.verb:set package 'marscar_gazebo_ros2' build argument 'cmake_args' from command line to 'None'
[0.295s] Level 5:colcon.colcon_core.verb:set package 'marscar_gazebo_ros2' build argument 'cmake_target' from command line to 'None'
[0.295s] Level 5:colcon.colcon_core.verb:set package 'marscar_gazebo_ros2' build argument 'cmake_target_skip_unavailable' from command line to 'False'
[0.295s] Level 5:colcon.colcon_core.verb:set package 'marscar_gazebo_ros2' build argument 'cmake_clean_cache' from command line to 'False'
[0.295s] Level 5:colcon.colcon_core.verb:set package 'marscar_gazebo_ros2' build argument 'cmake_clean_first' from command line to 'False'
[0.295s] Level 5:colcon.colcon_core.verb:set package 'marscar_gazebo_ros2' build argument 'cmake_force_configure' from command line to 'False'
[0.295s] Level 5:colcon.colcon_core.verb:set package 'marscar_gazebo_ros2' build argument 'ament_cmake_args' from command line to 'None'
[0.295s] Level 5:colcon.colcon_core.verb:set package 'marscar_gazebo_ros2' build argument 'catkin_cmake_args' from command line to 'None'
[0.295s] Level 5:colcon.colcon_core.verb:set package 'marscar_gazebo_ros2' build argument 'catkin_skip_building_tests' from command line to 'False'
[0.295s] DEBUG:colcon.colcon_core.verb:Building package 'marscar_gazebo_ros2' with the following arguments: {'ament_cmake_args': None, 'build_base': '/home/hp/marscar_ws/build/marscar_gazebo_ros2', 'catkin_cmake_args': None, 'catkin_skip_building_tests': False, 'cmake_args': None, 'cmake_clean_cache': False, 'cmake_clean_first': False, 'cmake_force_configure': False, 'cmake_target': None, 'cmake_target_skip_unavailable': False, 'install_base': '/home/hp/marscar_ws/install/marscar_gazebo_ros2', 'merge_install': False, 'path': '/home/hp/marscar_ws/src/marscar_gazebo_ros2', 'symlink_install': False, 'test_result_base': None}
[0.296s] Level 5:colcon.colcon_core.verb:set package 'mediapipe_ros2' build argument 'cmake_args' from command line to 'None'
[0.296s] Level 5:colcon.colcon_core.verb:set package 'mediapipe_ros2' build argument 'cmake_target' from command line to 'None'
[0.296s] Level 5:colcon.colcon_core.verb:set package 'mediapipe_ros2' build argument 'cmake_target_skip_unavailable' from command line to 'False'
[0.296s] Level 5:colcon.colcon_core.verb:set package 'mediapipe_ros2' build argument 'cmake_clean_cache' from command line to 'False'
[0.296s] Level 5:colcon.colcon_core.verb:set package 'mediapipe_ros2' build argument 'cmake_clean_first' from command line to 'False'
[0.296s] Level 5:colcon.colcon_core.verb:set package 'mediapipe_ros2' build argument 'cmake_force_configure' from command line to 'False'
[0.296s] Level 5:colcon.colcon_core.verb:set package 'mediapipe_ros2' build argument 'ament_cmake_args' from command line to 'None'
[0.296s] Level 5:colcon.colcon_core.verb:set package 'mediapipe_ros2' build argument 'catkin_cmake_args' from command line to 'None'
[0.296s] Level 5:colcon.colcon_core.verb:set package 'mediapipe_ros2' build argument 'catkin_skip_building_tests' from command line to 'False'
[0.296s] DEBUG:colcon.colcon_core.verb:Building package 'mediapipe_ros2' with the following arguments: {'ament_cmake_args': None, 'build_base': '/home/hp/marscar_ws/build/mediapipe_ros2', 'catkin_cmake_args': None, 'catkin_skip_building_tests': False, 'cmake_args': None, 'cmake_clean_cache': False, 'cmake_clean_first': False, 'cmake_force_configure': False, 'cmake_target': None, 'cmake_target_skip_unavailable': False, 'install_base': '/home/hp/marscar_ws/install/mediapipe_ros2', 'merge_install': False, 'path': '/home/hp/marscar_ws/src/mediapipe_ros2', 'symlink_install': False, 'test_result_base': None}
[0.296s] INFO:colcon.colcon_core.executor:Executing jobs using 'parallel' executor
[0.298s] DEBUG:colcon.colcon_parallel_executor.executor.parallel:run_until_complete
[0.298s] INFO:colcon.colcon_ros.task.ament_cmake.build:Building ROS package in '/home/hp/marscar_ws/src/gazebo_plugins_mode' with build type 'ament_cmake'
[0.298s] INFO:colcon.colcon_cmake.task.cmake.build:Building CMake package in '/home/hp/marscar_ws/src/gazebo_plugins_mode'
[0.301s] INFO:colcon.colcon_core.plugin_system:Skipping extension 'colcon_core.shell.bat': Not used on non-Windows systems
[0.301s] INFO:colcon.colcon_core.shell:Skip shell extension 'powershell' for command environment: Not usable outside of PowerShell
[0.301s] DEBUG:colcon.colcon_core.shell:Skip shell extension 'dsv' for command environment
[0.303s] INFO:colcon.colcon_ros.task.ament_cmake.build:Building ROS package in '/home/hp/marscar_ws/src/marscar_gazebo_ros2' with build type 'ament_cmake'
[0.304s] INFO:colcon.colcon_cmake.task.cmake.build:Building CMake package in '/home/hp/marscar_ws/src/marscar_gazebo_ros2'
[0.305s] INFO:colcon.colcon_core.shell:Skip shell extension 'powershell' for command environment: Not usable outside of PowerShell
[0.305s] DEBUG:colcon.colcon_core.shell:Skip shell extension 'dsv' for command environment
[0.307s] INFO:colcon.colcon_ros.task.ament_python.build:Building ROS package in '/home/hp/marscar_ws/src/mediapipe_ros2' with build type 'ament_python'
[0.307s] Level 1:colcon.colcon_core.shell:create_environment_hook('mediapipe_ros2', 'ament_prefix_path')
[0.308s] INFO:colcon.colcon_core.shell:Creating environment hook '/home/hp/marscar_ws/install/mediapipe_ros2/share/mediapipe_ros2/hook/ament_prefix_path.ps1'
[0.308s] INFO:colcon.colcon_core.shell:Creating environment descriptor '/home/hp/marscar_ws/install/mediapipe_ros2/share/mediapipe_ros2/hook/ament_prefix_path.dsv'
[0.309s] INFO:colcon.colcon_core.shell:Creating environment hook '/home/hp/marscar_ws/install/mediapipe_ros2/share/mediapipe_ros2/hook/ament_prefix_path.sh'
[0.310s] INFO:colcon.colcon_core.shell:Skip shell extension 'powershell' for command environment: Not usable outside of PowerShell
[0.310s] DEBUG:colcon.colcon_core.shell:Skip shell extension 'dsv' for command environment
[0.315s] DEBUG:colcon.colcon_core.event_handler.log_command:Invoking command in '/home/hp/marscar_ws/build/gazebo_plugins_mode': CMAKE_PREFIX_PATH=${CMAKE_PREFIX_PATH}:/home/hp/mars_car_ws/install/mediapipe_ros2:/opt/ros/humble /usr/bin/cmake /home/hp/marscar_ws/src/gazebo_plugins_mode -DCMAKE_INSTALL_PREFIX=/home/hp/marscar_ws/install/gazebo_plugins_mode
[0.316s] DEBUG:colcon.colcon_core.event_handler.log_command:Invoking command in '/home/hp/marscar_ws/build/marscar_gazebo_ros2': CMAKE_PREFIX_PATH=${CMAKE_PREFIX_PATH}:/home/hp/mars_car_ws/install/mediapipe_ros2:/opt/ros/humble /usr/bin/cmake /home/hp/marscar_ws/src/marscar_gazebo_ros2 -DCMAKE_INSTALL_PREFIX=/home/hp/marscar_ws/install/marscar_gazebo_ros2
[0.478s] WARNING:colcon.colcon_ros.task.ament_python.build:Package 'mediapipe_ros2' doesn't explicitly install a marker in the package index (colcon-ros currently does it implicitly but that fallback will be removed in the future)
[0.478s] INFO:colcon.colcon_core.task.python.build:Building Python package in '/home/hp/marscar_ws/src/mediapipe_ros2'
[0.479s] INFO:colcon.colcon_core.shell:Skip shell extension 'powershell' for command environment: Not usable outside of PowerShell
[0.479s] DEBUG:colcon.colcon_core.shell:Skip shell extension 'dsv' for command environment
[0.744s] DEBUG:colcon.colcon_core.event_handler.log_command:Invoking command in '/home/hp/marscar_ws/src/mediapipe_ros2': PYTHONPATH=/home/hp/marscar_ws/build/mediapipe_ros2/prefix_override:/home/hp/marscar_ws/install/mediapipe_ros2/lib/python3.10/site-packages:${PYTHONPATH} /usr/bin/python3 setup.py egg_info --egg-base ../../build/mediapipe_ros2 build --build-base /home/hp/marscar_ws/build/mediapipe_ros2/build install --record /home/hp/marscar_ws/build/mediapipe_ros2/install.log --install-scripts $base/lib/mediapipe_ros2 --single-version-externally-managed
[0.928s] DEBUG:colcon.colcon_core.event_handler.log_command:Invoked command in '/home/hp/marscar_ws/src/mediapipe_ros2' returned '0': PYTHONPATH=/home/hp/marscar_ws/build/mediapipe_ros2/prefix_override:/home/hp/marscar_ws/install/mediapipe_ros2/lib/python3.10/site-packages:${PYTHONPATH} /usr/bin/python3 setup.py egg_info --egg-base ../../build/mediapipe_ros2 build --build-base /home/hp/marscar_ws/build/mediapipe_ros2/build install --record /home/hp/marscar_ws/build/mediapipe_ros2/install.log --install-scripts $base/lib/mediapipe_ros2 --single-version-externally-managed
[0.930s] Level 1:colcon.colcon_core.environment:checking '/home/hp/marscar_ws/install/mediapipe_ros2' for CMake module files
[0.931s] Level 1:colcon.colcon_core.environment:checking '/home/hp/marscar_ws/install/mediapipe_ros2' for CMake config files
[0.931s] Level 1:colcon.colcon_core.environment:checking '/home/hp/marscar_ws/install/mediapipe_ros2/lib'
[0.931s] Level 1:colcon.colcon_core.environment:checking '/home/hp/marscar_ws/install/mediapipe_ros2/bin'
[0.932s] Level 1:colcon.colcon_core.environment:checking '/home/hp/marscar_ws/install/mediapipe_ros2/lib/pkgconfig/mediapipe_ros2.pc'
[0.932s] Level 1:colcon.colcon_core.environment:checking '/home/hp/marscar_ws/install/mediapipe_ros2/lib/python3.10/site-packages'
[0.932s] Level 1:colcon.colcon_core.shell:create_environment_hook('mediapipe_ros2', 'pythonpath')
[0.932s] INFO:colcon.colcon_core.shell:Creating environment hook '/home/hp/marscar_ws/install/mediapipe_ros2/share/mediapipe_ros2/hook/pythonpath.ps1'
[0.933s] INFO:colcon.colcon_core.shell:Creating environment descriptor '/home/hp/marscar_ws/install/mediapipe_ros2/share/mediapipe_ros2/hook/pythonpath.dsv'
[0.933s] INFO:colcon.colcon_core.shell:Creating environment hook '/home/hp/marscar_ws/install/mediapipe_ros2/share/mediapipe_ros2/hook/pythonpath.sh'
[0.933s] Level 1:colcon.colcon_core.environment:checking '/home/hp/marscar_ws/install/mediapipe_ros2/bin'
[0.933s] Level 1:colcon.colcon_core.environment:create_environment_scripts_only(mediapipe_ros2)
[0.934s] INFO:colcon.colcon_core.shell:Creating package script '/home/hp/marscar_ws/install/mediapipe_ros2/share/mediapipe_ros2/package.ps1'
[0.935s] INFO:colcon.colcon_core.shell:Creating package descriptor '/home/hp/marscar_ws/install/mediapipe_ros2/share/mediapipe_ros2/package.dsv'
[0.935s] INFO:colcon.colcon_core.shell:Creating package script '/home/hp/marscar_ws/install/mediapipe_ros2/share/mediapipe_ros2/package.sh'
[0.935s] INFO:colcon.colcon_core.shell:Creating package script '/home/hp/marscar_ws/install/mediapipe_ros2/share/mediapipe_ros2/package.bash'
[0.936s] INFO:colcon.colcon_core.shell:Creating package script '/home/hp/marscar_ws/install/mediapipe_ros2/share/mediapipe_ros2/package.zsh'
[0.936s] Level 1:colcon.colcon_core.environment:create_file_with_runtime_dependencies(/home/hp/marscar_ws/install/mediapipe_ros2/share/colcon-core/packages/mediapipe_ros2)
[2.559s] DEBUG:colcon.colcon_core.event_handler.log_command:Invoked command in '/home/hp/marscar_ws/build/gazebo_plugins_mode' returned '0': CMAKE_PREFIX_PATH=${CMAKE_PREFIX_PATH}:/home/hp/mars_car_ws/install/mediapipe_ros2:/opt/ros/humble /usr/bin/cmake /home/hp/marscar_ws/src/gazebo_plugins_mode -DCMAKE_INSTALL_PREFIX=/home/hp/marscar_ws/install/gazebo_plugins_mode
[2.560s] DEBUG:colcon.colcon_core.event_handler.log_command:Invoking command in '/home/hp/marscar_ws/build/gazebo_plugins_mode': CMAKE_PREFIX_PATH=${CMAKE_PREFIX_PATH}:/home/hp/mars_car_ws/install/mediapipe_ros2:/opt/ros/humble /usr/bin/cmake --build /home/hp/marscar_ws/build/gazebo_plugins_mode -- -j20 -l20
[5.129s] DEBUG:colcon.colcon_core.event_handler.log_command:Invoked command in '/home/hp/marscar_ws/build/marscar_gazebo_ros2' returned '0': CMAKE_PREFIX_PATH=${CMAKE_PREFIX_PATH}:/home/hp/mars_car_ws/install/mediapipe_ros2:/opt/ros/humble /usr/bin/cmake /home/hp/marscar_ws/src/marscar_gazebo_ros2 -DCMAKE_INSTALL_PREFIX=/home/hp/marscar_ws/install/marscar_gazebo_ros2
[5.129s] DEBUG:colcon.colcon_core.event_handler.log_command:Invoking command in '/home/hp/marscar_ws/build/marscar_gazebo_ros2': CMAKE_PREFIX_PATH=${CMAKE_PREFIX_PATH}:/home/hp/mars_car_ws/install/mediapipe_ros2:/opt/ros/humble /usr/bin/cmake --build /home/hp/marscar_ws/build/marscar_gazebo_ros2 -- -j20 -l20
[7.408s] DEBUG:colcon.colcon_core.event_handler.log_command:Invoked command in '/home/hp/marscar_ws/build/marscar_gazebo_ros2' returned '0': CMAKE_PREFIX_PATH=${CMAKE_PREFIX_PATH}:/home/hp/mars_car_ws/install/mediapipe_ros2:/opt/ros/humble /usr/bin/cmake --build /home/hp/marscar_ws/build/marscar_gazebo_ros2 -- -j20 -l20
[7.474s] DEBUG:colcon.colcon_core.event_handler.log_command:Invoking command in '/home/hp/marscar_ws/build/marscar_gazebo_ros2': CMAKE_PREFIX_PATH=${CMAKE_PREFIX_PATH}:/home/hp/mars_car_ws/install/mediapipe_ros2:/opt/ros/humble /usr/bin/cmake --install /home/hp/marscar_ws/build/marscar_gazebo_ros2
[7.555s] Level 1:colcon.colcon_core.environment:create_environment_scripts_only(marscar_gazebo_ros2)
[7.558s] Level 1:colcon.colcon_core.environment:checking '/home/hp/marscar_ws/install/marscar_gazebo_ros2' for CMake module files
[7.559s] DEBUG:colcon.colcon_core.event_handler.log_command:Invoked command in '/home/hp/marscar_ws/build/marscar_gazebo_ros2' returned '0': CMAKE_PREFIX_PATH=${CMAKE_PREFIX_PATH}:/home/hp/mars_car_ws/install/mediapipe_ros2:/opt/ros/humble /usr/bin/cmake --install /home/hp/marscar_ws/build/marscar_gazebo_ros2
[7.560s] Level 1:colcon.colcon_core.environment:checking '/home/hp/marscar_ws/install/marscar_gazebo_ros2' for CMake config files
[7.561s] Level 1:colcon.colcon_core.shell:create_environment_hook('marscar_gazebo_ros2', 'cmake_prefix_path')
[7.562s] INFO:colcon.colcon_core.shell:Creating environment hook '/home/hp/marscar_ws/install/marscar_gazebo_ros2/share/marscar_gazebo_ros2/hook/cmake_prefix_path.ps1'
[7.563s] INFO:colcon.colcon_core.shell:Creating environment descriptor '/home/hp/marscar_ws/install/marscar_gazebo_ros2/share/marscar_gazebo_ros2/hook/cmake_prefix_path.dsv'
[7.563s] INFO:colcon.colcon_core.shell:Creating environment hook '/home/hp/marscar_ws/install/marscar_gazebo_ros2/share/marscar_gazebo_ros2/hook/cmake_prefix_path.sh'
[7.564s] Level 1:colcon.colcon_core.environment:checking '/home/hp/marscar_ws/install/marscar_gazebo_ros2/lib'
[7.564s] Level 1:colcon.colcon_core.shell:create_environment_hook('marscar_gazebo_ros2', 'ld_library_path_lib')
[7.566s] INFO:colcon.colcon_core.shell:Creating environment hook '/home/hp/marscar_ws/install/marscar_gazebo_ros2/share/marscar_gazebo_ros2/hook/ld_library_path_lib.ps1'
[7.566s] INFO:colcon.colcon_core.shell:Creating environment descriptor '/home/hp/marscar_ws/install/marscar_gazebo_ros2/share/marscar_gazebo_ros2/hook/ld_library_path_lib.dsv'
[7.566s] INFO:colcon.colcon_core.shell:Creating environment hook '/home/hp/marscar_ws/install/marscar_gazebo_ros2/share/marscar_gazebo_ros2/hook/ld_library_path_lib.sh'
[7.567s] Level 1:colcon.colcon_core.environment:checking '/home/hp/marscar_ws/install/marscar_gazebo_ros2/bin'
[7.567s] Level 1:colcon.colcon_core.environment:checking '/home/hp/marscar_ws/install/marscar_gazebo_ros2/lib/pkgconfig/marscar_gazebo_ros2.pc'
[7.567s] Level 1:colcon.colcon_core.environment:checking '/home/hp/marscar_ws/install/marscar_gazebo_ros2/lib/python3.10/site-packages'
[7.567s] Level 1:colcon.colcon_core.environment:checking '/home/hp/marscar_ws/install/marscar_gazebo_ros2/bin'
[7.569s] INFO:colcon.colcon_core.shell:Creating package script '/home/hp/marscar_ws/install/marscar_gazebo_ros2/share/marscar_gazebo_ros2/package.ps1'
[7.570s] INFO:colcon.colcon_core.shell:Creating package descriptor '/home/hp/marscar_ws/install/marscar_gazebo_ros2/share/marscar_gazebo_ros2/package.dsv'
[7.570s] INFO:colcon.colcon_core.shell:Creating package script '/home/hp/marscar_ws/install/marscar_gazebo_ros2/share/marscar_gazebo_ros2/package.sh'
[7.571s] INFO:colcon.colcon_core.shell:Creating package script '/home/hp/marscar_ws/install/marscar_gazebo_ros2/share/marscar_gazebo_ros2/package.bash'
[7.571s] INFO:colcon.colcon_core.shell:Creating package script '/home/hp/marscar_ws/install/marscar_gazebo_ros2/share/marscar_gazebo_ros2/package.zsh'
[7.571s] Level 1:colcon.colcon_core.environment:create_file_with_runtime_dependencies(/home/hp/marscar_ws/install/marscar_gazebo_ros2/share/colcon-core/packages/marscar_gazebo_ros2)
[7.625s] Level 1:colcon.colcon_core.environment:create_environment_scripts_only(marscar_gazebo_ros2)
[7.628s] Level 1:colcon.colcon_core.environment:checking '/home/hp/marscar_ws/install/marscar_gazebo_ros2' for CMake module files
[7.629s] Level 1:colcon.colcon_core.environment:checking '/home/hp/marscar_ws/install/marscar_gazebo_ros2' for CMake config files
[7.630s] Level 1:colcon.colcon_core.shell:create_environment_hook('marscar_gazebo_ros2', 'cmake_prefix_path')
[7.632s] INFO:colcon.colcon_core.shell:Creating environment hook '/home/hp/marscar_ws/install/marscar_gazebo_ros2/share/marscar_gazebo_ros2/hook/cmake_prefix_path.ps1'
[7.632s] INFO:colcon.colcon_core.shell:Creating environment descriptor '/home/hp/marscar_ws/install/marscar_gazebo_ros2/share/marscar_gazebo_ros2/hook/cmake_prefix_path.dsv'
[7.633s] INFO:colcon.colcon_core.shell:Creating environment hook '/home/hp/marscar_ws/install/marscar_gazebo_ros2/share/marscar_gazebo_ros2/hook/cmake_prefix_path.sh'
[7.633s] Level 1:colcon.colcon_core.environment:checking '/home/hp/marscar_ws/install/marscar_gazebo_ros2/lib'
[7.634s] Level 1:colcon.colcon_core.shell:create_environment_hook('marscar_gazebo_ros2', 'ld_library_path_lib')
[7.635s] INFO:colcon.colcon_core.shell:Creating environment hook '/home/hp/marscar_ws/install/marscar_gazebo_ros2/share/marscar_gazebo_ros2/hook/ld_library_path_lib.ps1'
[7.636s] INFO:colcon.colcon_core.shell:Creating environment descriptor '/home/hp/marscar_ws/install/marscar_gazebo_ros2/share/marscar_gazebo_ros2/hook/ld_library_path_lib.dsv'
[7.636s] INFO:colcon.colcon_core.shell:Creating environment hook '/home/hp/marscar_ws/install/marscar_gazebo_ros2/share/marscar_gazebo_ros2/hook/ld_library_path_lib.sh'
[7.637s] Level 1:colcon.colcon_core.environment:checking '/home/hp/marscar_ws/install/marscar_gazebo_ros2/bin'
[7.637s] Level 1:colcon.colcon_core.environment:checking '/home/hp/marscar_ws/install/marscar_gazebo_ros2/lib/pkgconfig/marscar_gazebo_ros2.pc'
[7.637s] Level 1:colcon.colcon_core.environment:checking '/home/hp/marscar_ws/install/marscar_gazebo_ros2/lib/python3.10/site-packages'
[7.637s] Level 1:colcon.colcon_core.environment:checking '/home/hp/marscar_ws/install/marscar_gazebo_ros2/bin'
[7.639s] INFO:colcon.colcon_core.shell:Creating package script '/home/hp/marscar_ws/install/marscar_gazebo_ros2/share/marscar_gazebo_ros2/package.ps1'
[7.640s] INFO:colcon.colcon_core.shell:Creating package descriptor '/home/hp/marscar_ws/install/marscar_gazebo_ros2/share/marscar_gazebo_ros2/package.dsv'
[7.640s] INFO:colcon.colcon_core.shell:Creating package script '/home/hp/marscar_ws/install/marscar_gazebo_ros2/share/marscar_gazebo_ros2/package.sh'
[7.641s] INFO:colcon.colcon_core.shell:Creating package script '/home/hp/marscar_ws/install/marscar_gazebo_ros2/share/marscar_gazebo_ros2/package.bash'
[7.641s] INFO:colcon.colcon_core.shell:Creating package script '/home/hp/marscar_ws/install/marscar_gazebo_ros2/share/marscar_gazebo_ros2/package.zsh'
[7.642s] Level 1:colcon.colcon_core.environment:create_file_with_runtime_dependencies(/home/hp/marscar_ws/install/marscar_gazebo_ros2/share/colcon-core/packages/marscar_gazebo_ros2)
[17.378s] DEBUG:colcon.colcon_core.event_handler.log_command:Invoked command in '/home/hp/marscar_ws/build/gazebo_plugins_mode' returned '0': CMAKE_PREFIX_PATH=${CMAKE_PREFIX_PATH}:/home/hp/mars_car_ws/install/mediapipe_ros2:/opt/ros/humble /usr/bin/cmake --build /home/hp/marscar_ws/build/gazebo_plugins_mode -- -j20 -l20
[17.421s] DEBUG:colcon.colcon_core.event_handler.log_command:Invoking command in '/home/hp/marscar_ws/build/gazebo_plugins_mode': CMAKE_PREFIX_PATH=${CMAKE_PREFIX_PATH}:/home/hp/mars_car_ws/install/mediapipe_ros2:/opt/ros/humble /usr/bin/cmake --install /home/hp/marscar_ws/build/gazebo_plugins_mode
[17.456s] Level 1:colcon.colcon_core.environment:create_environment_scripts_only(gazebo_plugins_mode)
[17.458s] Level 1:colcon.colcon_core.environment:checking '/home/hp/marscar_ws/install/gazebo_plugins_mode' for CMake module files
[17.458s] DEBUG:colcon.colcon_core.event_handler.log_command:Invoked command in '/home/hp/marscar_ws/build/gazebo_plugins_mode' returned '0': CMAKE_PREFIX_PATH=${CMAKE_PREFIX_PATH}:/home/hp/mars_car_ws/install/mediapipe_ros2:/opt/ros/humble /usr/bin/cmake --install /home/hp/marscar_ws/build/gazebo_plugins_mode
[17.458s] Level 1:colcon.colcon_core.environment:checking '/home/hp/marscar_ws/install/gazebo_plugins_mode' for CMake config files
[17.458s] Level 1:colcon.colcon_core.shell:create_environment_hook('gazebo_plugins_mode', 'cmake_prefix_path')
[17.459s] INFO:colcon.colcon_core.shell:Creating environment hook '/home/hp/marscar_ws/install/gazebo_plugins_mode/share/gazebo_plugins_mode/hook/cmake_prefix_path.ps1'
[17.459s] INFO:colcon.colcon_core.shell:Creating environment descriptor '/home/hp/marscar_ws/install/gazebo_plugins_mode/share/gazebo_plugins_mode/hook/cmake_prefix_path.dsv'
[17.459s] INFO:colcon.colcon_core.shell:Creating environment hook '/home/hp/marscar_ws/install/gazebo_plugins_mode/share/gazebo_plugins_mode/hook/cmake_prefix_path.sh'
[17.459s] Level 1:colcon.colcon_core.environment:checking '/home/hp/marscar_ws/install/gazebo_plugins_mode/lib'
[17.459s] Level 1:colcon.colcon_core.shell:create_environment_hook('gazebo_plugins_mode', 'ld_library_path_lib')
[17.460s] INFO:colcon.colcon_core.shell:Creating environment hook '/home/hp/marscar_ws/install/gazebo_plugins_mode/share/gazebo_plugins_mode/hook/ld_library_path_lib.ps1'
[17.460s] INFO:colcon.colcon_core.shell:Creating environment descriptor '/home/hp/marscar_ws/install/gazebo_plugins_mode/share/gazebo_plugins_mode/hook/ld_library_path_lib.dsv'
[17.461s] INFO:colcon.colcon_core.shell:Creating environment hook '/home/hp/marscar_ws/install/gazebo_plugins_mode/share/gazebo_plugins_mode/hook/ld_library_path_lib.sh'
[17.461s] Level 1:colcon.colcon_core.environment:checking '/home/hp/marscar_ws/install/gazebo_plugins_mode/bin'
[17.461s] Level 1:colcon.colcon_core.environment:checking '/home/hp/marscar_ws/install/gazebo_plugins_mode/lib/pkgconfig/gazebo_plugins_mode.pc'
[17.461s] Level 1:colcon.colcon_core.environment:checking '/home/hp/marscar_ws/install/gazebo_plugins_mode/lib/python3.10/site-packages'
[17.461s] Level 1:colcon.colcon_core.environment:checking '/home/hp/marscar_ws/install/gazebo_plugins_mode/bin'
[17.462s] INFO:colcon.colcon_core.shell:Creating package script '/home/hp/marscar_ws/install/gazebo_plugins_mode/share/gazebo_plugins_mode/package.ps1'
[17.462s] INFO:colcon.colcon_core.shell:Creating package descriptor '/home/hp/marscar_ws/install/gazebo_plugins_mode/share/gazebo_plugins_mode/package.dsv'
[17.462s] INFO:colcon.colcon_core.shell:Creating package script '/home/hp/marscar_ws/install/gazebo_plugins_mode/share/gazebo_plugins_mode/package.sh'
[17.462s] INFO:colcon.colcon_core.shell:Creating package script '/home/hp/marscar_ws/install/gazebo_plugins_mode/share/gazebo_plugins_mode/package.bash'
[17.463s] INFO:colcon.colcon_core.shell:Creating package script '/home/hp/marscar_ws/install/gazebo_plugins_mode/share/gazebo_plugins_mode/package.zsh'
[17.463s] Level 1:colcon.colcon_core.environment:create_file_with_runtime_dependencies(/home/hp/marscar_ws/install/gazebo_plugins_mode/share/colcon-core/packages/gazebo_plugins_mode)
[17.500s] Level 1:colcon.colcon_core.environment:create_environment_scripts_only(gazebo_plugins_mode)
[17.503s] Level 1:colcon.colcon_core.environment:checking '/home/hp/marscar_ws/install/gazebo_plugins_mode' for CMake module files
[17.503s] Level 1:colcon.colcon_core.environment:checking '/home/hp/marscar_ws/install/gazebo_plugins_mode' for CMake config files
[17.503s] Level 1:colcon.colcon_core.shell:create_environment_hook('gazebo_plugins_mode', 'cmake_prefix_path')
[17.505s] INFO:colcon.colcon_core.shell:Creating environment hook '/home/hp/marscar_ws/install/gazebo_plugins_mode/share/gazebo_plugins_mode/hook/cmake_prefix_path.ps1'
[17.506s] INFO:colcon.colcon_core.shell:Creating environment descriptor '/home/hp/marscar_ws/install/gazebo_plugins_mode/share/gazebo_plugins_mode/hook/cmake_prefix_path.dsv'
[17.506s] INFO:colcon.colcon_core.shell:Creating environment hook '/home/hp/marscar_ws/install/gazebo_plugins_mode/share/gazebo_plugins_mode/hook/cmake_prefix_path.sh'
[17.507s] Level 1:colcon.colcon_core.environment:checking '/home/hp/marscar_ws/install/gazebo_plugins_mode/lib'
[17.507s] Level 1:colcon.colcon_core.shell:create_environment_hook('gazebo_plugins_mode', 'ld_library_path_lib')
[17.508s] INFO:colcon.colcon_core.shell:Creating environment hook '/home/hp/marscar_ws/install/gazebo_plugins_mode/share/gazebo_plugins_mode/hook/ld_library_path_lib.ps1'
[17.509s] INFO:colcon.colcon_core.shell:Creating environment descriptor '/home/hp/marscar_ws/install/gazebo_plugins_mode/share/gazebo_plugins_mode/hook/ld_library_path_lib.dsv'
[17.509s] INFO:colcon.colcon_core.shell:Creating environment hook '/home/hp/marscar_ws/install/gazebo_plugins_mode/share/gazebo_plugins_mode/hook/ld_library_path_lib.sh'
[17.509s] Level 1:colcon.colcon_core.environment:checking '/home/hp/marscar_ws/install/gazebo_plugins_mode/bin'
[17.509s] Level 1:colcon.colcon_core.environment:checking '/home/hp/marscar_ws/install/gazebo_plugins_mode/lib/pkgconfig/gazebo_plugins_mode.pc'
[17.510s] Level 1:colcon.colcon_core.environment:checking '/home/hp/marscar_ws/install/gazebo_plugins_mode/lib/python3.10/site-packages'
[17.510s] Level 1:colcon.colcon_core.environment:checking '/home/hp/marscar_ws/install/gazebo_plugins_mode/bin'
[17.511s] INFO:colcon.colcon_core.shell:Creating package script '/home/hp/marscar_ws/install/gazebo_plugins_mode/share/gazebo_plugins_mode/package.ps1'
[17.512s] INFO:colcon.colcon_core.shell:Creating package descriptor '/home/hp/marscar_ws/install/gazebo_plugins_mode/share/gazebo_plugins_mode/package.dsv'
[17.512s] INFO:colcon.colcon_core.shell:Creating package script '/home/hp/marscar_ws/install/gazebo_plugins_mode/share/gazebo_plugins_mode/package.sh'
[17.513s] INFO:colcon.colcon_core.shell:Creating package script '/home/hp/marscar_ws/install/gazebo_plugins_mode/share/gazebo_plugins_mode/package.bash'
[17.513s] INFO:colcon.colcon_core.shell:Creating package script '/home/hp/marscar_ws/install/gazebo_plugins_mode/share/gazebo_plugins_mode/package.zsh'
[17.513s] Level 1:colcon.colcon_core.environment:create_file_with_runtime_dependencies(/home/hp/marscar_ws/install/gazebo_plugins_mode/share/colcon-core/packages/gazebo_plugins_mode)
[17.513s] DEBUG:colcon.colcon_parallel_executor.executor.parallel:closing loop
[17.513s] DEBUG:colcon.colcon_parallel_executor.executor.parallel:loop closed
[17.513s] DEBUG:colcon.colcon_parallel_executor.executor.parallel:run_until_complete finished with '0'
[17.513s] DEBUG:colcon.colcon_core.event_reactor:joining thread
[17.519s] INFO:colcon.colcon_core.plugin_system:Skipping extension 'colcon_notification.desktop_notification.terminal_notifier': Not used on non-Darwin systems
[17.519s] INFO:colcon.colcon_core.plugin_system:Skipping extension 'colcon_notification.desktop_notification.win32': Not used on non-Windows systems
[17.519s] INFO:colcon.colcon_notification.desktop_notification:Sending desktop notification using 'notify2'
[17.534s] DEBUG:colcon.colcon_core.event_reactor:joined thread
[17.535s] INFO:colcon.colcon_core.shell:Creating prefix script '/home/hp/marscar_ws/install/local_setup.ps1'
[17.536s] INFO:colcon.colcon_core.shell:Creating prefix util module '/home/hp/marscar_ws/install/_local_setup_util_ps1.py'
[17.538s] INFO:colcon.colcon_core.shell:Creating prefix chain script '/home/hp/marscar_ws/install/setup.ps1'
[17.539s] INFO:colcon.colcon_core.shell:Creating prefix script '/home/hp/marscar_ws/install/local_setup.sh'
[17.540s] INFO:colcon.colcon_core.shell:Creating prefix util module '/home/hp/marscar_ws/install/_local_setup_util_sh.py'
[17.540s] INFO:colcon.colcon_core.shell:Creating prefix chain script '/home/hp/marscar_ws/install/setup.sh'
[17.542s] INFO:colcon.colcon_core.shell:Creating prefix script '/home/hp/marscar_ws/install/local_setup.bash'
[17.542s] INFO:colcon.colcon_core.shell:Creating prefix chain script '/home/hp/marscar_ws/install/setup.bash'
[17.543s] INFO:colcon.colcon_core.shell:Creating prefix script '/home/hp/marscar_ws/install/local_setup.zsh'
[17.544s] INFO:colcon.colcon_core.shell:Creating prefix chain script '/home/hp/marscar_ws/install/setup.zsh'
